<?xml version="1.0" encoding="UTF-8"?>
<TestRun id="509dc36b-1c69-4594-8fdd-1f27f0321487" name="chris.mankin@TLCINIR8FR0NY 2013-07-15 10:34:43" runUser="HQDOMAIN\chris.mankin" xmlns="http://microsoft.com/schemas/VisualStudio/TeamTest/2010">
  <TestSettings name="Local" id="70bce9e9-d360-4dd6-8af7-dd0eb2add29d">
    <Description>These are default test settings for a local test run.</Description>
    <Deployment enabled="false" runDeploymentRoot="chris.mankin_TLCINIR8FR0NY 2013-07-15 10_34_43">
      <DeploymentItem filename="C:\Users\chris.mankin\Documents\Visual Studio 2010\Projects\Development\Mercury Framework v2\Src\Mercury.Messaging.Core\bin\Release\Mercury.Messaging.Core.dll" />
      <DeploymentItem filename="C:\Users\chris.mankin\Documents\Visual Studio 2010\Projects\Development\Mercury Framework v2\Src\Mercury.Messaging.Behaviors\bin\Release\Mercury.Messaging.Behaviors.dll" />
      <DeploymentItem filename="C:\Users\chris.mankin\Documents\Visual Studio 2010\Projects\Development\Mercury Framework v2\Src\Mercury.Core\bin\Release\Mercury.Core.dll" />
    </Deployment>
    <Execution>
      <TestTypeSpecific />
      <AgentRule name="Execution Agents">
      </AgentRule>
    </Execution>
  </TestSettings>
  <Times creation="2013-07-15T10:34:43.7304312-05:00" queuing="2013-07-15T10:34:47.1305672-05:00" start="2013-07-15T10:34:47.2305712-05:00" finish="2013-07-15T10:36:05.0528434-05:00" />
  <ResultSummary outcome="Failed">
    <Counters total="43" executed="43" passed="42" error="0" failed="1" timeout="0" aborted="0" inconclusive="0" passedButRunAborted="0" notRunnable="0" notExecuted="0" disconnected="0" warning="0" completed="0" inProgress="0" pending="0" />
  </ResultSummary>
  <TestDefinitions>
    <UnitTest name="Exceed_max_resource_allocation" storage="c:\users\chris.mankin\documents\visual studio 2010\projects\development\mercury framework v2\src\mercury.messaging.test\bin\release\mercury.messaging.test.dll" id="3c15e855-5975-1e7a-9dc9-5cfcdae9e933">
      <Execution id="1f6a7655-4d0c-466a-ae44-7a67831d0328" />
      <TestMethod codeBase="C:/Users/chris.mankin/Documents/Visual Studio 2010/Projects/Development/Mercury Framework v2/Src/Mercury.Messaging.Test/bin/Release/Mercury.Messaging.Test.DLL" adapterTypeName="Microsoft.VisualStudio.TestTools.TestTypes.Unit.UnitTestAdapter, Microsoft.VisualStudio.QualityTools.Tips.UnitTest.Adapter, Version=10.0.0.0, Culture=neutral, PublicKeyToken=b03f5f7f11d50a3a" className="Mercury.Messaging.Test.ResourcePool_Specs, Mercury.Messaging.Test, Version=1.0.0.0, Culture=neutral, PublicKeyToken=b7c578f7c47ef72c" name="Exceed_max_resource_allocation" />
    </UnitTest>
    <UnitTest name="Stop_and_destroy_scheduler_before_scheduled_job_runs" storage="c:\users\chris.mankin\documents\visual studio 2010\projects\development\mercury framework v2\src\mercury.messaging.test\bin\release\mercury.messaging.test.dll" id="0852a28b-c48a-d69d-2818-eac8253f6042">
      <Execution id="2cfe3763-f4c9-4909-b85b-c9565a90cdf8" />
      <TestMethod codeBase="C:/Users/chris.mankin/Documents/Visual Studio 2010/Projects/Development/Mercury Framework v2/Src/Mercury.Messaging.Test/bin/Release/Mercury.Messaging.Test.DLL" adapterTypeName="Microsoft.VisualStudio.TestTools.TestTypes.Unit.UnitTestAdapter, Microsoft.VisualStudio.QualityTools.Tips.UnitTest.Adapter, Version=10.0.0.0, Culture=neutral, PublicKeyToken=b03f5f7f11d50a3a" className="Mercury.Messaging.Test.Runtime.Scheduler_specs, Mercury.Messaging.Test, Version=1.0.0.0, Culture=neutral, PublicKeyToken=b7c578f7c47ef72c" name="Stop_and_destroy_scheduler_before_scheduled_job_runs" />
    </UnitTest>
    <UnitTest name="Allocate_max_resources_and_delete" storage="c:\users\chris.mankin\documents\visual studio 2010\projects\development\mercury framework v2\src\mercury.messaging.test\bin\release\mercury.messaging.test.dll" id="4511653a-5877-cac3-986d-27e4088bfb8c">
      <Execution id="b1312a78-2792-4a0f-b58b-adf70bec53db" />
      <TestMethod codeBase="C:/Users/chris.mankin/Documents/Visual Studio 2010/Projects/Development/Mercury Framework v2/Src/Mercury.Messaging.Test/bin/Release/Mercury.Messaging.Test.DLL" adapterTypeName="Microsoft.VisualStudio.TestTools.TestTypes.Unit.UnitTestAdapter, Microsoft.VisualStudio.QualityTools.Tips.UnitTest.Adapter, Version=10.0.0.0, Culture=neutral, PublicKeyToken=b03f5f7f11d50a3a" className="Mercury.Messaging.Test.ResourcePool_Specs, Mercury.Messaging.Test, Version=1.0.0.0, Culture=neutral, PublicKeyToken=b7c578f7c47ef72c" name="Allocate_max_resources_and_delete" />
    </UnitTest>
    <UnitTest name="Get_remote_channel" storage="c:\users\chris.mankin\documents\visual studio 2010\projects\development\mercury framework v2\src\mercury.messaging.test\bin\release\mercury.messaging.test.dll" id="b483b428-b579-fd84-c8ac-7ed4a2b296b3">
      <Execution id="28420d42-1851-4685-b4bf-cdc36e699506" />
      <TestMethod codeBase="C:/Users/chris.mankin/Documents/Visual Studio 2010/Projects/Development/Mercury Framework v2/Src/Mercury.Messaging.Test/bin/Release/Mercury.Messaging.Test.DLL" adapterTypeName="Microsoft.VisualStudio.TestTools.TestTypes.Unit.UnitTestAdapter, Microsoft.VisualStudio.QualityTools.Tips.UnitTest.Adapter, Version=10.0.0.0, Culture=neutral, PublicKeyToken=b03f5f7f11d50a3a" className="Mercury.Messaging.Test.Routing.RoutingEngine_Specs, Mercury.Messaging.Test, Version=1.0.0.0, Culture=neutral, PublicKeyToken=b7c578f7c47ef72c" name="Get_remote_channel" />
    </UnitTest>
    <UnitTest name="Spawn_agent" storage="c:\users\chris.mankin\documents\visual studio 2010\projects\development\mercury framework v2\src\mercury.messaging.test\bin\release\mercury.messaging.test.dll" id="eca5a763-4adc-0657-74e3-0cad7d863649">
      <Execution id="bdeff7ec-0780-4bb1-8569-cf690bbb0812" />
      <TestMethod codeBase="C:/Users/chris.mankin/Documents/Visual Studio 2010/Projects/Development/Mercury Framework v2/Src/Mercury.Messaging.Test/bin/Release/Mercury.Messaging.Test.DLL" adapterTypeName="Microsoft.VisualStudio.TestTools.TestTypes.Unit.UnitTestAdapter, Microsoft.VisualStudio.QualityTools.Tips.UnitTest.Adapter, Version=10.0.0.0, Culture=neutral, PublicKeyToken=b03f5f7f11d50a3a" className="Mercury.Messaging.Test.Runtime.RuntimeEnvironment_Specs, Mercury.Messaging.Test, Version=1.0.0.0, Culture=neutral, PublicKeyToken=b7c578f7c47ef72c" name="Spawn_agent" />
    </UnitTest>
    <UnitTest name="Runtime_serializer_generic_serialize" storage="c:\users\chris.mankin\documents\visual studio 2010\projects\development\mercury framework v2\src\mercury.messaging.test\bin\release\mercury.messaging.test.dll" id="34a77162-7efa-6097-63fd-c23fe1962e36">
      <Execution id="d6acf29d-7963-403c-93c4-3e69f60d6c22" />
      <TestMethod codeBase="C:/Users/chris.mankin/Documents/Visual Studio 2010/Projects/Development/Mercury Framework v2/Src/Mercury.Messaging.Test/bin/Release/Mercury.Messaging.Test.DLL" adapterTypeName="Microsoft.VisualStudio.TestTools.TestTypes.Unit.UnitTestAdapter, Microsoft.VisualStudio.QualityTools.Tips.UnitTest.Adapter, Version=10.0.0.0, Culture=neutral, PublicKeyToken=b03f5f7f11d50a3a" className="Mercury.Messaging.Test.Serialization_specs, Mercury.Messaging.Test, Version=1.0.0.0, Culture=neutral, PublicKeyToken=b7c578f7c47ef72c" name="Runtime_serializer_generic_serialize" />
    </UnitTest>
    <UnitTest name="Link_two_agents_and_fail_two_way" storage="c:\users\chris.mankin\documents\visual studio 2010\projects\development\mercury framework v2\src\mercury.messaging.test\bin\release\mercury.messaging.test.dll" id="cef1a7d6-80b7-bb71-9d4e-6152d3266e0f">
      <Execution id="7b5cffac-6421-4d38-a4c5-43190a7de529" />
      <TestMethod codeBase="C:/Users/chris.mankin/Documents/Visual Studio 2010/Projects/Development/Mercury Framework v2/Src/Mercury.Messaging.Test/bin/Release/Mercury.Messaging.Test.DLL" adapterTypeName="Microsoft.VisualStudio.TestTools.TestTypes.Unit.UnitTestAdapter, Microsoft.VisualStudio.QualityTools.Tips.UnitTest.Adapter, Version=10.0.0.0, Culture=neutral, PublicKeyToken=b03f5f7f11d50a3a" className="Mercury.Messaging.Test.Agent_specs, Mercury.Messaging.Test, Version=1.0.0.0, Culture=neutral, PublicKeyToken=b7c578f7c47ef72c" name="Link_two_agents_and_fail_two_way" />
    </UnitTest>
    <UnitTest name="Delete_child_on_supervisor" storage="c:\users\chris.mankin\documents\visual studio 2010\projects\development\mercury framework v2\src\mercury.messaging.test\bin\release\mercury.messaging.test.dll" id="5881aa4a-28d3-5310-511a-93aab3cb48b4">
      <Execution id="e247e1ff-7963-4c01-8947-7c744e710d1a" />
      <TestMethod codeBase="C:/Users/chris.mankin/Documents/Visual Studio 2010/Projects/Development/Mercury Framework v2/Src/Mercury.Messaging.Test/bin/Release/Mercury.Messaging.Test.DLL" adapterTypeName="Microsoft.VisualStudio.TestTools.TestTypes.Unit.UnitTestAdapter, Microsoft.VisualStudio.QualityTools.Tips.UnitTest.Adapter, Version=10.0.0.0, Culture=neutral, PublicKeyToken=b03f5f7f11d50a3a" className="Mercury.Messaging.Test.Behaviors.IPC2_Behaviors_specs, Mercury.Messaging.Test, Version=1.0.0.0, Culture=neutral, PublicKeyToken=b7c578f7c47ef72c" name="Delete_child_on_supervisor" />
    </UnitTest>
    <UnitTest name="Server_restart_throws_objectdisposedexception" storage="c:\users\chris.mankin\documents\visual studio 2010\projects\development\mercury framework v2\src\mercury.messaging.test\bin\release\mercury.messaging.test.dll" id="d6a426cd-e03b-cb18-2c1b-241a23fec56b">
      <Execution id="00b811c1-41a3-4be8-8ffb-952f83d45f79" />
      <TestMethod codeBase="C:/Users/chris.mankin/Documents/Visual Studio 2010/Projects/Development/Mercury Framework v2/Src/Mercury.Messaging.Test/bin/Release/Mercury.Messaging.Test.DLL" adapterTypeName="Microsoft.VisualStudio.TestTools.TestTypes.Unit.UnitTestAdapter, Microsoft.VisualStudio.QualityTools.Tips.UnitTest.Adapter, Version=10.0.0.0, Culture=neutral, PublicKeyToken=b03f5f7f11d50a3a" className="Mercury.Messaging.Test.ServiceModel.ServiceModel_specs, Mercury.Messaging.Test, Version=1.0.0.0, Culture=neutral, PublicKeyToken=b7c578f7c47ef72c" name="Server_restart_throws_objectdisposedexception" />
    </UnitTest>
    <UnitTest name="Kill_agent" storage="c:\users\chris.mankin\documents\visual studio 2010\projects\development\mercury framework v2\src\mercury.messaging.test\bin\release\mercury.messaging.test.dll" id="d405f29a-7074-8e96-2504-ce8ecaf6c9fc">
      <Execution id="21e0d7ad-6b62-4204-b858-a5202629e77f" />
      <TestMethod codeBase="C:/Users/chris.mankin/Documents/Visual Studio 2010/Projects/Development/Mercury Framework v2/Src/Mercury.Messaging.Test/bin/Release/Mercury.Messaging.Test.DLL" adapterTypeName="Microsoft.VisualStudio.TestTools.TestTypes.Unit.UnitTestAdapter, Microsoft.VisualStudio.QualityTools.Tips.UnitTest.Adapter, Version=10.0.0.0, Culture=neutral, PublicKeyToken=b03f5f7f11d50a3a" className="Mercury.Messaging.Test.Runtime.RuntimeEnvironment_Specs, Mercury.Messaging.Test, Version=1.0.0.0, Culture=neutral, PublicKeyToken=b7c578f7c47ef72c" name="Kill_agent" />
    </UnitTest>
    <UnitTest name="Startup_a_single_agent" storage="c:\users\chris.mankin\documents\visual studio 2010\projects\development\mercury framework v2\src\mercury.messaging.test\bin\release\mercury.messaging.test.dll" id="c7697583-428e-eb99-b91b-aca547fa3134">
      <Execution id="f707e159-e09b-41cb-af9d-8183d4e1e4dd" />
      <TestMethod codeBase="C:/Users/chris.mankin/Documents/Visual Studio 2010/Projects/Development/Mercury Framework v2/Src/Mercury.Messaging.Test/bin/Release/Mercury.Messaging.Test.DLL" adapterTypeName="Microsoft.VisualStudio.TestTools.TestTypes.Unit.UnitTestAdapter, Microsoft.VisualStudio.QualityTools.Tips.UnitTest.Adapter, Version=10.0.0.0, Culture=neutral, PublicKeyToken=b03f5f7f11d50a3a" className="Mercury.Messaging.Test.Agent_specs, Mercury.Messaging.Test, Version=1.0.0.0, Culture=neutral, PublicKeyToken=b7c578f7c47ef72c" name="Startup_a_single_agent" />
    </UnitTest>
    <UnitTest name="Create_supervisor_with_static_children" storage="c:\users\chris.mankin\documents\visual studio 2010\projects\development\mercury framework v2\src\mercury.messaging.test\bin\release\mercury.messaging.test.dll" id="9a826ded-91e6-6c88-ea16-1cdcc918f3c2">
      <Execution id="815347e7-b82d-469f-9c27-aae87d2512b4" />
      <TestMethod codeBase="C:/Users/chris.mankin/Documents/Visual Studio 2010/Projects/Development/Mercury Framework v2/Src/Mercury.Messaging.Test/bin/Release/Mercury.Messaging.Test.DLL" adapterTypeName="Microsoft.VisualStudio.TestTools.TestTypes.Unit.UnitTestAdapter, Microsoft.VisualStudio.QualityTools.Tips.UnitTest.Adapter, Version=10.0.0.0, Culture=neutral, PublicKeyToken=b03f5f7f11d50a3a" className="Mercury.Messaging.Test.Behaviors.IPC2_Behaviors_specs, Mercury.Messaging.Test, Version=1.0.0.0, Culture=neutral, PublicKeyToken=b7c578f7c47ef72c" name="Create_supervisor_with_static_children" />
    </UnitTest>
    <UnitTest name="Add_to_resource_pool_and_get" storage="c:\users\chris.mankin\documents\visual studio 2010\projects\development\mercury framework v2\src\mercury.messaging.test\bin\release\mercury.messaging.test.dll" id="8c920792-1168-cefd-ff3e-fa6af75217a7">
      <Execution id="69f4708c-d76b-4d6a-9c15-ead31a08425c" />
      <TestMethod codeBase="C:/Users/chris.mankin/Documents/Visual Studio 2010/Projects/Development/Mercury Framework v2/Src/Mercury.Messaging.Test/bin/Release/Mercury.Messaging.Test.DLL" adapterTypeName="Microsoft.VisualStudio.TestTools.TestTypes.Unit.UnitTestAdapter, Microsoft.VisualStudio.QualityTools.Tips.UnitTest.Adapter, Version=10.0.0.0, Culture=neutral, PublicKeyToken=b03f5f7f11d50a3a" className="Mercury.Messaging.Test.ResourcePool_Specs, Mercury.Messaging.Test, Version=1.0.0.0, Culture=neutral, PublicKeyToken=b7c578f7c47ef72c" name="Add_to_resource_pool_and_get" />
    </UnitTest>
    <UnitTest name="Register_unregister_remote_node" storage="c:\users\chris.mankin\documents\visual studio 2010\projects\development\mercury framework v2\src\mercury.messaging.test\bin\release\mercury.messaging.test.dll" id="85920440-a20c-384e-9aff-95bf6a07bc09">
      <Execution id="07cbea7d-241c-4c0e-83ab-59070e840462" />
      <TestMethod codeBase="C:/Users/chris.mankin/Documents/Visual Studio 2010/Projects/Development/Mercury Framework v2/Src/Mercury.Messaging.Test/bin/Release/Mercury.Messaging.Test.DLL" adapterTypeName="Microsoft.VisualStudio.TestTools.TestTypes.Unit.UnitTestAdapter, Microsoft.VisualStudio.QualityTools.Tips.UnitTest.Adapter, Version=10.0.0.0, Culture=neutral, PublicKeyToken=b03f5f7f11d50a3a" className="Mercury.Messaging.Test.Routing.RoutingEngine_Specs, Mercury.Messaging.Test, Version=1.0.0.0, Culture=neutral, PublicKeyToken=b7c578f7c47ef72c" name="Register_unregister_remote_node" />
    </UnitTest>
    <UnitTest name="Dynamic_add_child_to_supervisor" storage="c:\users\chris.mankin\documents\visual studio 2010\projects\development\mercury framework v2\src\mercury.messaging.test\bin\release\mercury.messaging.test.dll" id="aadf6f3b-dfca-829f-ad7d-c8274fa9f43c">
      <Execution id="42ece18c-cc71-47e8-aa8c-dc35542b5f35" />
      <TestMethod codeBase="C:/Users/chris.mankin/Documents/Visual Studio 2010/Projects/Development/Mercury Framework v2/Src/Mercury.Messaging.Test/bin/Release/Mercury.Messaging.Test.DLL" adapterTypeName="Microsoft.VisualStudio.TestTools.TestTypes.Unit.UnitTestAdapter, Microsoft.VisualStudio.QualityTools.Tips.UnitTest.Adapter, Version=10.0.0.0, Culture=neutral, PublicKeyToken=b03f5f7f11d50a3a" className="Mercury.Messaging.Test.Behaviors.IPC2_Behaviors_specs, Mercury.Messaging.Test, Version=1.0.0.0, Culture=neutral, PublicKeyToken=b7c578f7c47ef72c" name="Dynamic_add_child_to_supervisor" />
    </UnitTest>
    <UnitTest name="Future_can_be_called_twice_without_consequences" storage="c:\users\chris.mankin\documents\visual studio 2010\projects\development\mercury framework v2\src\mercury.messaging.test\bin\release\mercury.messaging.test.dll" id="c9a7b42c-6ec9-069d-8c66-1db5d51e2f51">
      <Execution id="31a29afe-1afa-4951-b42a-45f89a96467f" />
      <TestMethod codeBase="C:/Users/chris.mankin/Documents/Visual Studio 2010/Projects/Development/Mercury Framework v2/Src/Mercury.Messaging.Test/bin/Release/Mercury.Messaging.Test.DLL" adapterTypeName="Microsoft.VisualStudio.TestTools.TestTypes.Unit.UnitTestAdapter, Microsoft.VisualStudio.QualityTools.Tips.UnitTest.Adapter, Version=10.0.0.0, Culture=neutral, PublicKeyToken=b03f5f7f11d50a3a" className="Mercury.Messaging.Test.Agent_specs, Mercury.Messaging.Test, Version=1.0.0.0, Culture=neutral, PublicKeyToken=b7c578f7c47ef72c" name="Future_can_be_called_twice_without_consequences" />
    </UnitTest>
    <UnitTest name="Agent_ordered_message_processing" storage="c:\users\chris.mankin\documents\visual studio 2010\projects\development\mercury framework v2\src\mercury.messaging.test\bin\release\mercury.messaging.test.dll" id="7de326f8-604a-2cdb-a0ba-49bd2a4fb803">
      <Execution id="ed58b0f4-977e-4adb-bbd0-dcb12612487c" />
      <TestMethod codeBase="C:/Users/chris.mankin/Documents/Visual Studio 2010/Projects/Development/Mercury Framework v2/Src/Mercury.Messaging.Test/bin/Release/Mercury.Messaging.Test.DLL" adapterTypeName="Microsoft.VisualStudio.TestTools.TestTypes.Unit.UnitTestAdapter, Microsoft.VisualStudio.QualityTools.Tips.UnitTest.Adapter, Version=10.0.0.0, Culture=neutral, PublicKeyToken=b03f5f7f11d50a3a" className="Mercury.Messaging.Test.Agent_specs, Mercury.Messaging.Test, Version=1.0.0.0, Culture=neutral, PublicKeyToken=b7c578f7c47ef72c" name="Agent_ordered_message_processing" />
    </UnitTest>
    <UnitTest name="Schedule_multiple_periodic_actions_with_timer" storage="c:\users\chris.mankin\documents\visual studio 2010\projects\development\mercury framework v2\src\mercury.messaging.test\bin\release\mercury.messaging.test.dll" id="db84d05c-ceef-752f-fc41-fcd28ba121e4">
      <Execution id="bd5f4cdb-5f90-43c6-8cf7-bb7b768d2a81" />
      <TestMethod codeBase="C:/Users/chris.mankin/Documents/Visual Studio 2010/Projects/Development/Mercury Framework v2/Src/Mercury.Messaging.Test/bin/Release/Mercury.Messaging.Test.DLL" adapterTypeName="Microsoft.VisualStudio.TestTools.TestTypes.Unit.UnitTestAdapter, Microsoft.VisualStudio.QualityTools.Tips.UnitTest.Adapter, Version=10.0.0.0, Culture=neutral, PublicKeyToken=b03f5f7f11d50a3a" className="Mercury.Messaging.Test.Runtime.Scheduler_specs, Mercury.Messaging.Test, Version=1.0.0.0, Culture=neutral, PublicKeyToken=b7c578f7c47ef72c" name="Schedule_multiple_periodic_actions_with_timer" />
    </UnitTest>
    <UnitTest name="Worker_restart_strategy_specs" storage="c:\users\chris.mankin\documents\visual studio 2010\projects\development\mercury framework v2\src\mercury.messaging.test\bin\release\mercury.messaging.test.dll" id="6c7d3701-bd1b-f377-360d-c15edf59f69a">
      <Execution id="373ae4db-8b89-44b7-bd5e-080272916894" />
      <TestMethod codeBase="C:/Users/chris.mankin/Documents/Visual Studio 2010/Projects/Development/Mercury Framework v2/Src/Mercury.Messaging.Test/bin/Release/Mercury.Messaging.Test.DLL" adapterTypeName="Microsoft.VisualStudio.TestTools.TestTypes.Unit.UnitTestAdapter, Microsoft.VisualStudio.QualityTools.Tips.UnitTest.Adapter, Version=10.0.0.0, Culture=neutral, PublicKeyToken=b03f5f7f11d50a3a" className="Mercury.Messaging.Test.Behaviors.IPC2_Behaviors_specs, Mercury.Messaging.Test, Version=1.0.0.0, Culture=neutral, PublicKeyToken=b7c578f7c47ef72c" name="Worker_restart_strategy_specs" />
    </UnitTest>
    <UnitTest name="Create_supervisor_with_static_and_dynamic_children" storage="c:\users\chris.mankin\documents\visual studio 2010\projects\development\mercury framework v2\src\mercury.messaging.test\bin\release\mercury.messaging.test.dll" id="91ace8bf-68d2-52b5-8710-87fbedc1d498">
      <Execution id="347daf1f-4ed3-4e56-8753-3ac07ae637b1" />
      <TestMethod codeBase="C:/Users/chris.mankin/Documents/Visual Studio 2010/Projects/Development/Mercury Framework v2/Src/Mercury.Messaging.Test/bin/Release/Mercury.Messaging.Test.DLL" adapterTypeName="Microsoft.VisualStudio.TestTools.TestTypes.Unit.UnitTestAdapter, Microsoft.VisualStudio.QualityTools.Tips.UnitTest.Adapter, Version=10.0.0.0, Culture=neutral, PublicKeyToken=b03f5f7f11d50a3a" className="Mercury.Messaging.Test.Behaviors.IPC2_Behaviors_specs, Mercury.Messaging.Test, Version=1.0.0.0, Culture=neutral, PublicKeyToken=b7c578f7c47ef72c" name="Create_supervisor_with_static_and_dynamic_children" />
    </UnitTest>
    <UnitTest name="Get_untyped_agent_channel" storage="c:\users\chris.mankin\documents\visual studio 2010\projects\development\mercury framework v2\src\mercury.messaging.test\bin\release\mercury.messaging.test.dll" id="31b4181d-ec7b-2ff6-24da-c465245fe315">
      <Execution id="cde2ec4c-d441-45c3-946e-71b746a92e66" />
      <TestMethod codeBase="C:/Users/chris.mankin/Documents/Visual Studio 2010/Projects/Development/Mercury Framework v2/Src/Mercury.Messaging.Test/bin/Release/Mercury.Messaging.Test.DLL" adapterTypeName="Microsoft.VisualStudio.TestTools.TestTypes.Unit.UnitTestAdapter, Microsoft.VisualStudio.QualityTools.Tips.UnitTest.Adapter, Version=10.0.0.0, Culture=neutral, PublicKeyToken=b03f5f7f11d50a3a" className="Mercury.Messaging.Test.Routing.RoutingEngine_Specs, Mercury.Messaging.Test, Version=1.0.0.0, Culture=neutral, PublicKeyToken=b7c578f7c47ef72c" name="Get_untyped_agent_channel" />
    </UnitTest>
    <UnitTest name="Interrupt_message_interleaves_current_messages" storage="c:\users\chris.mankin\documents\visual studio 2010\projects\development\mercury framework v2\src\mercury.messaging.test\bin\release\mercury.messaging.test.dll" id="1645d958-cc20-e5c9-2b5d-2cc410c694f5">
      <Execution id="f489db87-a5ea-4eb4-961e-c2e57e978753" />
      <TestMethod codeBase="C:/Users/chris.mankin/Documents/Visual Studio 2010/Projects/Development/Mercury Framework v2/Src/Mercury.Messaging.Test/bin/Release/Mercury.Messaging.Test.DLL" adapterTypeName="Microsoft.VisualStudio.TestTools.TestTypes.Unit.UnitTestAdapter, Microsoft.VisualStudio.QualityTools.Tips.UnitTest.Adapter, Version=10.0.0.0, Culture=neutral, PublicKeyToken=b03f5f7f11d50a3a" className="Mercury.Messaging.Test.Agent_specs, Mercury.Messaging.Test, Version=1.0.0.0, Culture=neutral, PublicKeyToken=b7c578f7c47ef72c" name="Interrupt_message_interleaves_current_messages" />
    </UnitTest>
    <UnitTest name="Serialize_serial_message_for_packet" storage="c:\users\chris.mankin\documents\visual studio 2010\projects\development\mercury framework v2\src\mercury.messaging.test\bin\release\mercury.messaging.test.dll" id="347a5637-8c65-f977-2901-0dfc2014e5a8">
      <Execution id="6d6ed06c-5031-4bae-9626-b770f33f0de9" />
      <TestMethod codeBase="C:/Users/chris.mankin/Documents/Visual Studio 2010/Projects/Development/Mercury Framework v2/Src/Mercury.Messaging.Test/bin/Release/Mercury.Messaging.Test.DLL" adapterTypeName="Microsoft.VisualStudio.TestTools.TestTypes.Unit.UnitTestAdapter, Microsoft.VisualStudio.QualityTools.Tips.UnitTest.Adapter, Version=10.0.0.0, Culture=neutral, PublicKeyToken=b03f5f7f11d50a3a" className="Mercury.Messaging.Test.Serialization_specs, Mercury.Messaging.Test, Version=1.0.0.0, Culture=neutral, PublicKeyToken=b7c578f7c47ef72c" name="Serialize_serial_message_for_packet" />
    </UnitTest>
    <UnitTest name="Server_hosting_startup_and_shutdown_specs" storage="c:\users\chris.mankin\documents\visual studio 2010\projects\development\mercury framework v2\src\mercury.messaging.test\bin\release\mercury.messaging.test.dll" id="26409843-b364-aa89-90ff-0161257bef80">
      <Execution id="510fbee8-921e-4978-953d-eba411987963" />
      <TestMethod codeBase="C:/Users/chris.mankin/Documents/Visual Studio 2010/Projects/Development/Mercury Framework v2/Src/Mercury.Messaging.Test/bin/Release/Mercury.Messaging.Test.DLL" adapterTypeName="Microsoft.VisualStudio.TestTools.TestTypes.Unit.UnitTestAdapter, Microsoft.VisualStudio.QualityTools.Tips.UnitTest.Adapter, Version=10.0.0.0, Culture=neutral, PublicKeyToken=b03f5f7f11d50a3a" className="Mercury.Messaging.Test.ServiceModel.ServiceModel_specs, Mercury.Messaging.Test, Version=1.0.0.0, Culture=neutral, PublicKeyToken=b7c578f7c47ef72c" name="Server_hosting_startup_and_shutdown_specs" />
    </UnitTest>
    <UnitTest name="Schedule_action_with_timer" storage="c:\users\chris.mankin\documents\visual studio 2010\projects\development\mercury framework v2\src\mercury.messaging.test\bin\release\mercury.messaging.test.dll" id="b79d2efb-1850-adbf-e8e5-b4aff9f2d0d8">
      <Execution id="1ff01696-3b20-463c-8ce5-e4ea8c76d3b7" />
      <TestMethod codeBase="C:/Users/chris.mankin/Documents/Visual Studio 2010/Projects/Development/Mercury Framework v2/Src/Mercury.Messaging.Test/bin/Release/Mercury.Messaging.Test.DLL" adapterTypeName="Microsoft.VisualStudio.TestTools.TestTypes.Unit.UnitTestAdapter, Microsoft.VisualStudio.QualityTools.Tips.UnitTest.Adapter, Version=10.0.0.0, Culture=neutral, PublicKeyToken=b03f5f7f11d50a3a" className="Mercury.Messaging.Test.Runtime.Scheduler_specs, Mercury.Messaging.Test, Version=1.0.0.0, Culture=neutral, PublicKeyToken=b7c578f7c47ef72c" name="Schedule_action_with_timer" />
    </UnitTest>
    <UnitTest name="Dispose_resources" storage="c:\users\chris.mankin\documents\visual studio 2010\projects\development\mercury framework v2\src\mercury.messaging.test\bin\release\mercury.messaging.test.dll" id="a5b09d0c-1248-df41-4aa5-858a99dbe688">
      <Execution id="dce394c0-85cd-4ef5-9932-6e52bb686d4e" />
      <TestMethod codeBase="C:/Users/chris.mankin/Documents/Visual Studio 2010/Projects/Development/Mercury Framework v2/Src/Mercury.Messaging.Test/bin/Release/Mercury.Messaging.Test.DLL" adapterTypeName="Microsoft.VisualStudio.TestTools.TestTypes.Unit.UnitTestAdapter, Microsoft.VisualStudio.QualityTools.Tips.UnitTest.Adapter, Version=10.0.0.0, Culture=neutral, PublicKeyToken=b03f5f7f11d50a3a" className="Mercury.Messaging.Test.ResourcePool_Specs, Mercury.Messaging.Test, Version=1.0.0.0, Culture=neutral, PublicKeyToken=b7c578f7c47ef72c" name="Dispose_resources" />
    </UnitTest>
    <UnitTest name="Create_generic_server_and_ping" storage="c:\users\chris.mankin\documents\visual studio 2010\projects\development\mercury framework v2\src\mercury.messaging.test\bin\release\mercury.messaging.test.dll" id="60142f42-a44a-6dc1-83cd-62d152f78edc">
      <Execution id="a0264b7e-f9a2-4d18-93f7-a5b0ebb8a710" />
      <TestMethod codeBase="C:/Users/chris.mankin/Documents/Visual Studio 2010/Projects/Development/Mercury Framework v2/Src/Mercury.Messaging.Test/bin/Release/Mercury.Messaging.Test.DLL" adapterTypeName="Microsoft.VisualStudio.TestTools.TestTypes.Unit.UnitTestAdapter, Microsoft.VisualStudio.QualityTools.Tips.UnitTest.Adapter, Version=10.0.0.0, Culture=neutral, PublicKeyToken=b03f5f7f11d50a3a" className="Mercury.Messaging.Test.Behaviors.IPC2_Behaviors_specs, Mercury.Messaging.Test, Version=1.0.0.0, Culture=neutral, PublicKeyToken=b7c578f7c47ef72c" name="Create_generic_server_and_ping" />
    </UnitTest>
    <UnitTest name="Custom_supervisor_agent_tests" storage="c:\users\chris.mankin\documents\visual studio 2010\projects\development\mercury framework v2\src\mercury.messaging.test\bin\release\mercury.messaging.test.dll" id="91c062f8-343b-a991-c293-c1e685a68b9a">
      <Execution id="05ab5ae9-2cde-4c98-8197-516a3d664970" />
      <TestMethod codeBase="C:/Users/chris.mankin/Documents/Visual Studio 2010/Projects/Development/Mercury Framework v2/Src/Mercury.Messaging.Test/bin/Release/Mercury.Messaging.Test.DLL" adapterTypeName="Microsoft.VisualStudio.TestTools.TestTypes.Unit.UnitTestAdapter, Microsoft.VisualStudio.QualityTools.Tips.UnitTest.Adapter, Version=10.0.0.0, Culture=neutral, PublicKeyToken=b03f5f7f11d50a3a" className="Mercury.Messaging.Test.Agent_specs, Mercury.Messaging.Test, Version=1.0.0.0, Culture=neutral, PublicKeyToken=b7c578f7c47ef72c" name="Custom_supervisor_agent_tests" />
    </UnitTest>
    <UnitTest name="Serialize_deserialize_request_and_response" storage="c:\users\chris.mankin\documents\visual studio 2010\projects\development\mercury framework v2\src\mercury.messaging.test\bin\release\mercury.messaging.test.dll" id="304e451a-ea36-277d-5e7d-fc0bff0cd3f6">
      <Execution id="2b9aba16-12f5-4cad-9e53-f7804e1ba8e4" />
      <TestMethod codeBase="C:/Users/chris.mankin/Documents/Visual Studio 2010/Projects/Development/Mercury Framework v2/Src/Mercury.Messaging.Test/bin/Release/Mercury.Messaging.Test.DLL" adapterTypeName="Microsoft.VisualStudio.TestTools.TestTypes.Unit.UnitTestAdapter, Microsoft.VisualStudio.QualityTools.Tips.UnitTest.Adapter, Version=10.0.0.0, Culture=neutral, PublicKeyToken=b03f5f7f11d50a3a" className="Mercury.Messaging.Test.Serialization_specs, Mercury.Messaging.Test, Version=1.0.0.0, Culture=neutral, PublicKeyToken=b7c578f7c47ef72c" name="Serialize_deserialize_request_and_response" />
    </UnitTest>
    <UnitTest name="Agent_futures" storage="c:\users\chris.mankin\documents\visual studio 2010\projects\development\mercury framework v2\src\mercury.messaging.test\bin\release\mercury.messaging.test.dll" id="867e3c33-e403-1cd7-16a2-17336a191186">
      <Execution id="f49ccd7b-bfd2-4d6a-b184-5748f429f573" />
      <TestMethod codeBase="C:/Users/chris.mankin/Documents/Visual Studio 2010/Projects/Development/Mercury Framework v2/Src/Mercury.Messaging.Test/bin/Release/Mercury.Messaging.Test.DLL" adapterTypeName="Microsoft.VisualStudio.TestTools.TestTypes.Unit.UnitTestAdapter, Microsoft.VisualStudio.QualityTools.Tips.UnitTest.Adapter, Version=10.0.0.0, Culture=neutral, PublicKeyToken=b03f5f7f11d50a3a" className="Mercury.Messaging.Test.Agent_specs, Mercury.Messaging.Test, Version=1.0.0.0, Culture=neutral, PublicKeyToken=b7c578f7c47ef72c" name="Agent_futures" />
    </UnitTest>
    <UnitTest name="Get_agent_by_type" storage="c:\users\chris.mankin\documents\visual studio 2010\projects\development\mercury framework v2\src\mercury.messaging.test\bin\release\mercury.messaging.test.dll" id="00bc8ce0-5bad-658a-8e6a-37d2519ca164">
      <Execution id="661d2f94-f6d6-4bb5-9dfc-f010f977815f" />
      <TestMethod codeBase="C:/Users/chris.mankin/Documents/Visual Studio 2010/Projects/Development/Mercury Framework v2/Src/Mercury.Messaging.Test/bin/Release/Mercury.Messaging.Test.DLL" adapterTypeName="Microsoft.VisualStudio.TestTools.TestTypes.Unit.UnitTestAdapter, Microsoft.VisualStudio.QualityTools.Tips.UnitTest.Adapter, Version=10.0.0.0, Culture=neutral, PublicKeyToken=b03f5f7f11d50a3a" className="Mercury.Messaging.Test.Routing.RoutingEngine_Specs, Mercury.Messaging.Test, Version=1.0.0.0, Culture=neutral, PublicKeyToken=b7c578f7c47ef72c" name="Get_agent_by_type" />
    </UnitTest>
    <UnitTest name="Agent_request_response" storage="c:\users\chris.mankin\documents\visual studio 2010\projects\development\mercury framework v2\src\mercury.messaging.test\bin\release\mercury.messaging.test.dll" id="ffb28761-b29a-8cc4-3039-e3c502756163">
      <Execution id="38af8559-a426-411e-8e5d-1fb891b2f482" />
      <TestMethod codeBase="C:/Users/chris.mankin/Documents/Visual Studio 2010/Projects/Development/Mercury Framework v2/Src/Mercury.Messaging.Test/bin/Release/Mercury.Messaging.Test.DLL" adapterTypeName="Microsoft.VisualStudio.TestTools.TestTypes.Unit.UnitTestAdapter, Microsoft.VisualStudio.QualityTools.Tips.UnitTest.Adapter, Version=10.0.0.0, Culture=neutral, PublicKeyToken=b03f5f7f11d50a3a" className="Mercury.Messaging.Test.Agent_specs, Mercury.Messaging.Test, Version=1.0.0.0, Culture=neutral, PublicKeyToken=b7c578f7c47ef72c" name="Agent_request_response" />
    </UnitTest>
    <UnitTest name="Cancel_scheduled_job" storage="c:\users\chris.mankin\documents\visual studio 2010\projects\development\mercury framework v2\src\mercury.messaging.test\bin\release\mercury.messaging.test.dll" id="db69da61-df53-cbd5-c428-1cbe1fdb5535">
      <Execution id="b2b37a34-5a53-47ea-b158-9e436c29fcb0" />
      <TestMethod codeBase="C:/Users/chris.mankin/Documents/Visual Studio 2010/Projects/Development/Mercury Framework v2/Src/Mercury.Messaging.Test/bin/Release/Mercury.Messaging.Test.DLL" adapterTypeName="Microsoft.VisualStudio.TestTools.TestTypes.Unit.UnitTestAdapter, Microsoft.VisualStudio.QualityTools.Tips.UnitTest.Adapter, Version=10.0.0.0, Culture=neutral, PublicKeyToken=b03f5f7f11d50a3a" className="Mercury.Messaging.Test.Runtime.Scheduler_specs, Mercury.Messaging.Test, Version=1.0.0.0, Culture=neutral, PublicKeyToken=b7c578f7c47ef72c" name="Cancel_scheduled_job" />
    </UnitTest>
    <UnitTest name="Stop_and_restart_child_on_supervisor" storage="c:\users\chris.mankin\documents\visual studio 2010\projects\development\mercury framework v2\src\mercury.messaging.test\bin\release\mercury.messaging.test.dll" id="30611ae3-90da-5892-737e-283036df56d2">
      <Execution id="8b0576f7-28fa-4b69-a7ab-95a96b91781e" />
      <TestMethod codeBase="C:/Users/chris.mankin/Documents/Visual Studio 2010/Projects/Development/Mercury Framework v2/Src/Mercury.Messaging.Test/bin/Release/Mercury.Messaging.Test.DLL" adapterTypeName="Microsoft.VisualStudio.TestTools.TestTypes.Unit.UnitTestAdapter, Microsoft.VisualStudio.QualityTools.Tips.UnitTest.Adapter, Version=10.0.0.0, Culture=neutral, PublicKeyToken=b03f5f7f11d50a3a" className="Mercury.Messaging.Test.Behaviors.IPC2_Behaviors_specs, Mercury.Messaging.Test, Version=1.0.0.0, Culture=neutral, PublicKeyToken=b7c578f7c47ef72c" name="Stop_and_restart_child_on_supervisor" />
    </UnitTest>
    <UnitTest name="Agent_ping_pong" storage="c:\users\chris.mankin\documents\visual studio 2010\projects\development\mercury framework v2\src\mercury.messaging.test\bin\release\mercury.messaging.test.dll" id="356d90d3-1349-08cc-10e5-9950436906ac">
      <Execution id="9a1dbd8a-ffca-45ef-acdb-c08a2fb25f51" />
      <TestMethod codeBase="C:/Users/chris.mankin/Documents/Visual Studio 2010/Projects/Development/Mercury Framework v2/Src/Mercury.Messaging.Test/bin/Release/Mercury.Messaging.Test.DLL" adapterTypeName="Microsoft.VisualStudio.TestTools.TestTypes.Unit.UnitTestAdapter, Microsoft.VisualStudio.QualityTools.Tips.UnitTest.Adapter, Version=10.0.0.0, Culture=neutral, PublicKeyToken=b03f5f7f11d50a3a" className="Mercury.Messaging.Test.Agent_specs, Mercury.Messaging.Test, Version=1.0.0.0, Culture=neutral, PublicKeyToken=b7c578f7c47ef72c" name="Agent_ping_pong" />
    </UnitTest>
    <UnitTest name="Delete_from_resource_pool" storage="c:\users\chris.mankin\documents\visual studio 2010\projects\development\mercury framework v2\src\mercury.messaging.test\bin\release\mercury.messaging.test.dll" id="26e53e01-20bc-7de3-aec4-525817ed286c">
      <Execution id="c14ca41f-b6ac-49af-bfa1-538c35395d5f" />
      <TestMethod codeBase="C:/Users/chris.mankin/Documents/Visual Studio 2010/Projects/Development/Mercury Framework v2/Src/Mercury.Messaging.Test/bin/Release/Mercury.Messaging.Test.DLL" adapterTypeName="Microsoft.VisualStudio.TestTools.TestTypes.Unit.UnitTestAdapter, Microsoft.VisualStudio.QualityTools.Tips.UnitTest.Adapter, Version=10.0.0.0, Culture=neutral, PublicKeyToken=b03f5f7f11d50a3a" className="Mercury.Messaging.Test.ResourcePool_Specs, Mercury.Messaging.Test, Version=1.0.0.0, Culture=neutral, PublicKeyToken=b7c578f7c47ef72c" name="Delete_from_resource_pool" />
    </UnitTest>
    <UnitTest name="Get_all_children_on_supervisor" storage="c:\users\chris.mankin\documents\visual studio 2010\projects\development\mercury framework v2\src\mercury.messaging.test\bin\release\mercury.messaging.test.dll" id="1b20e729-e5c5-ecb0-513d-a569a255ac22">
      <Execution id="074ce1a1-d7fa-413d-96b6-cff9ebe7f9c5" />
      <TestMethod codeBase="C:/Users/chris.mankin/Documents/Visual Studio 2010/Projects/Development/Mercury Framework v2/Src/Mercury.Messaging.Test/bin/Release/Mercury.Messaging.Test.DLL" adapterTypeName="Microsoft.VisualStudio.TestTools.TestTypes.Unit.UnitTestAdapter, Microsoft.VisualStudio.QualityTools.Tips.UnitTest.Adapter, Version=10.0.0.0, Culture=neutral, PublicKeyToken=b03f5f7f11d50a3a" className="Mercury.Messaging.Test.Behaviors.IPC2_Behaviors_specs, Mercury.Messaging.Test, Version=1.0.0.0, Culture=neutral, PublicKeyToken=b7c578f7c47ef72c" name="Get_all_children_on_supervisor" />
    </UnitTest>
    <UnitTest name="Send_message" storage="c:\users\chris.mankin\documents\visual studio 2010\projects\development\mercury framework v2\src\mercury.messaging.test\bin\release\mercury.messaging.test.dll" id="7d19b0d8-26c7-e13a-0918-b79afe07f6cb">
      <Execution id="a6f1dea0-c2a2-4b50-b7a3-ca2340ca64ce" />
      <TestMethod codeBase="C:/Users/chris.mankin/Documents/Visual Studio 2010/Projects/Development/Mercury Framework v2/Src/Mercury.Messaging.Test/bin/Release/Mercury.Messaging.Test.DLL" adapterTypeName="Microsoft.VisualStudio.TestTools.TestTypes.Unit.UnitTestAdapter, Microsoft.VisualStudio.QualityTools.Tips.UnitTest.Adapter, Version=10.0.0.0, Culture=neutral, PublicKeyToken=b03f5f7f11d50a3a" className="Mercury.Messaging.Test.Routing.RoutingEngine_Specs, Mercury.Messaging.Test, Version=1.0.0.0, Culture=neutral, PublicKeyToken=b7c578f7c47ef72c" name="Send_message" />
    </UnitTest>
    <UnitTest name="Resolve_remote_node" storage="c:\users\chris.mankin\documents\visual studio 2010\projects\development\mercury framework v2\src\mercury.messaging.test\bin\release\mercury.messaging.test.dll" id="bd673b3c-90ca-2748-44de-c6e4c3eca644">
      <Execution id="b4068307-dd87-4197-9d7f-44b26e605480" />
      <TestMethod codeBase="C:/Users/chris.mankin/Documents/Visual Studio 2010/Projects/Development/Mercury Framework v2/Src/Mercury.Messaging.Test/bin/Release/Mercury.Messaging.Test.DLL" adapterTypeName="Microsoft.VisualStudio.TestTools.TestTypes.Unit.UnitTestAdapter, Microsoft.VisualStudio.QualityTools.Tips.UnitTest.Adapter, Version=10.0.0.0, Culture=neutral, PublicKeyToken=b03f5f7f11d50a3a" className="Mercury.Messaging.Test.Routing.RoutingEngine_Specs, Mercury.Messaging.Test, Version=1.0.0.0, Culture=neutral, PublicKeyToken=b7c578f7c47ef72c" name="Resolve_remote_node" />
    </UnitTest>
    <UnitTest name="Run_simple_packet_protocol" storage="c:\users\chris.mankin\documents\visual studio 2010\projects\development\mercury framework v2\src\mercury.messaging.test\bin\release\mercury.messaging.test.dll" id="c0255a92-5f31-fe3c-9b4d-1b6503948ef8">
      <Execution id="eed005cd-76ff-40d8-aee9-7a2eb28a9a01" />
      <TestMethod codeBase="C:/Users/chris.mankin/Documents/Visual Studio 2010/Projects/Development/Mercury Framework v2/Src/Mercury.Messaging.Test/bin/Release/Mercury.Messaging.Test.DLL" adapterTypeName="Microsoft.VisualStudio.TestTools.TestTypes.Unit.UnitTestAdapter, Microsoft.VisualStudio.QualityTools.Tips.UnitTest.Adapter, Version=10.0.0.0, Culture=neutral, PublicKeyToken=b03f5f7f11d50a3a" className="Mercury.Messaging.Test.ServiceModel.ServiceModel_specs, Mercury.Messaging.Test, Version=1.0.0.0, Culture=neutral, PublicKeyToken=b7c578f7c47ef72c" name="Run_simple_packet_protocol" />
    </UnitTest>
    <UnitTest name="Future_accumulates_messages_while_waiting_for_result" storage="c:\users\chris.mankin\documents\visual studio 2010\projects\development\mercury framework v2\src\mercury.messaging.test\bin\release\mercury.messaging.test.dll" id="dee139b8-437d-98e4-8e02-68ce168542d2">
      <Execution id="6f3c1f76-5df3-4498-97b4-9780be91b473" />
      <TestMethod codeBase="C:/Users/chris.mankin/Documents/Visual Studio 2010/Projects/Development/Mercury Framework v2/Src/Mercury.Messaging.Test/bin/Release/Mercury.Messaging.Test.DLL" adapterTypeName="Microsoft.VisualStudio.TestTools.TestTypes.Unit.UnitTestAdapter, Microsoft.VisualStudio.QualityTools.Tips.UnitTest.Adapter, Version=10.0.0.0, Culture=neutral, PublicKeyToken=b03f5f7f11d50a3a" className="Mercury.Messaging.Test.Agent_specs, Mercury.Messaging.Test, Version=1.0.0.0, Culture=neutral, PublicKeyToken=b7c578f7c47ef72c" name="Future_accumulates_messages_while_waiting_for_result" />
    </UnitTest>
    <UnitTest name="Synchronous_message_blocks_until_complete" storage="c:\users\chris.mankin\documents\visual studio 2010\projects\development\mercury framework v2\src\mercury.messaging.test\bin\release\mercury.messaging.test.dll" id="fbf19baf-adef-42c8-f964-b6feea0d5ea2">
      <Execution id="6ebb1ece-b7ed-4f64-84a9-8258808e51b7" />
      <TestMethod codeBase="C:/Users/chris.mankin/Documents/Visual Studio 2010/Projects/Development/Mercury Framework v2/Src/Mercury.Messaging.Test/bin/Release/Mercury.Messaging.Test.DLL" adapterTypeName="Microsoft.VisualStudio.TestTools.TestTypes.Unit.UnitTestAdapter, Microsoft.VisualStudio.QualityTools.Tips.UnitTest.Adapter, Version=10.0.0.0, Culture=neutral, PublicKeyToken=b03f5f7f11d50a3a" className="Mercury.Messaging.Test.Agent_specs, Mercury.Messaging.Test, Version=1.0.0.0, Culture=neutral, PublicKeyToken=b7c578f7c47ef72c" name="Synchronous_message_blocks_until_complete" />
    </UnitTest>
    <UnitTest name="Implicit_get_registered_node_remote_channel" storage="c:\users\chris.mankin\documents\visual studio 2010\projects\development\mercury framework v2\src\mercury.messaging.test\bin\release\mercury.messaging.test.dll" id="266230a6-f9a8-fe8d-7a6c-bc635d651aff">
      <Execution id="47c9ce18-438c-4f4d-848e-12bdeff47b55" />
      <TestMethod codeBase="C:/Users/chris.mankin/Documents/Visual Studio 2010/Projects/Development/Mercury Framework v2/Src/Mercury.Messaging.Test/bin/Release/Mercury.Messaging.Test.DLL" adapterTypeName="Microsoft.VisualStudio.TestTools.TestTypes.Unit.UnitTestAdapter, Microsoft.VisualStudio.QualityTools.Tips.UnitTest.Adapter, Version=10.0.0.0, Culture=neutral, PublicKeyToken=b03f5f7f11d50a3a" className="Mercury.Messaging.Test.Routing.RoutingEngine_Specs, Mercury.Messaging.Test, Version=1.0.0.0, Culture=neutral, PublicKeyToken=b7c578f7c47ef72c" name="Implicit_get_registered_node_remote_channel" />
    </UnitTest>
  </TestDefinitions>
  <TestLists>
    <TestList name="Results Not in a List" id="8c84fa94-04c1-424b-9868-57a2d4851a1d" />
    <TestList name="All Loaded Results" id="19431567-8539-422a-85d7-44ee4e166bda" />
  </TestLists>
  <TestEntries>
    <TestEntry testId="8c920792-1168-cefd-ff3e-fa6af75217a7" executionId="69f4708c-d76b-4d6a-9c15-ead31a08425c" testListId="8c84fa94-04c1-424b-9868-57a2d4851a1d" />
    <TestEntry testId="26e53e01-20bc-7de3-aec4-525817ed286c" executionId="c14ca41f-b6ac-49af-bfa1-538c35395d5f" testListId="8c84fa94-04c1-424b-9868-57a2d4851a1d" />
    <TestEntry testId="4511653a-5877-cac3-986d-27e4088bfb8c" executionId="b1312a78-2792-4a0f-b58b-adf70bec53db" testListId="8c84fa94-04c1-424b-9868-57a2d4851a1d" />
    <TestEntry testId="3c15e855-5975-1e7a-9dc9-5cfcdae9e933" executionId="1f6a7655-4d0c-466a-ae44-7a67831d0328" testListId="8c84fa94-04c1-424b-9868-57a2d4851a1d" />
    <TestEntry testId="a5b09d0c-1248-df41-4aa5-858a99dbe688" executionId="dce394c0-85cd-4ef5-9932-6e52bb686d4e" testListId="8c84fa94-04c1-424b-9868-57a2d4851a1d" />
    <TestEntry testId="31b4181d-ec7b-2ff6-24da-c465245fe315" executionId="cde2ec4c-d441-45c3-946e-71b746a92e66" testListId="8c84fa94-04c1-424b-9868-57a2d4851a1d" />
    <TestEntry testId="7d19b0d8-26c7-e13a-0918-b79afe07f6cb" executionId="a6f1dea0-c2a2-4b50-b7a3-ca2340ca64ce" testListId="8c84fa94-04c1-424b-9868-57a2d4851a1d" />
    <TestEntry testId="85920440-a20c-384e-9aff-95bf6a07bc09" executionId="07cbea7d-241c-4c0e-83ab-59070e840462" testListId="8c84fa94-04c1-424b-9868-57a2d4851a1d" />
    <TestEntry testId="bd673b3c-90ca-2748-44de-c6e4c3eca644" executionId="b4068307-dd87-4197-9d7f-44b26e605480" testListId="8c84fa94-04c1-424b-9868-57a2d4851a1d" />
    <TestEntry testId="b483b428-b579-fd84-c8ac-7ed4a2b296b3" executionId="28420d42-1851-4685-b4bf-cdc36e699506" testListId="8c84fa94-04c1-424b-9868-57a2d4851a1d" />
    <TestEntry testId="266230a6-f9a8-fe8d-7a6c-bc635d651aff" executionId="47c9ce18-438c-4f4d-848e-12bdeff47b55" testListId="8c84fa94-04c1-424b-9868-57a2d4851a1d" />
    <TestEntry testId="00bc8ce0-5bad-658a-8e6a-37d2519ca164" executionId="661d2f94-f6d6-4bb5-9dfc-f010f977815f" testListId="8c84fa94-04c1-424b-9868-57a2d4851a1d" />
    <TestEntry testId="34a77162-7efa-6097-63fd-c23fe1962e36" executionId="d6acf29d-7963-403c-93c4-3e69f60d6c22" testListId="8c84fa94-04c1-424b-9868-57a2d4851a1d" />
    <TestEntry testId="304e451a-ea36-277d-5e7d-fc0bff0cd3f6" executionId="2b9aba16-12f5-4cad-9e53-f7804e1ba8e4" testListId="8c84fa94-04c1-424b-9868-57a2d4851a1d" />
    <TestEntry testId="347a5637-8c65-f977-2901-0dfc2014e5a8" executionId="6d6ed06c-5031-4bae-9626-b770f33f0de9" testListId="8c84fa94-04c1-424b-9868-57a2d4851a1d" />
    <TestEntry testId="c0255a92-5f31-fe3c-9b4d-1b6503948ef8" executionId="eed005cd-76ff-40d8-aee9-7a2eb28a9a01" testListId="8c84fa94-04c1-424b-9868-57a2d4851a1d" />
    <TestEntry testId="26409843-b364-aa89-90ff-0161257bef80" executionId="510fbee8-921e-4978-953d-eba411987963" testListId="8c84fa94-04c1-424b-9868-57a2d4851a1d" />
    <TestEntry testId="d6a426cd-e03b-cb18-2c1b-241a23fec56b" executionId="00b811c1-41a3-4be8-8ffb-952f83d45f79" testListId="8c84fa94-04c1-424b-9868-57a2d4851a1d" />
    <TestEntry testId="b79d2efb-1850-adbf-e8e5-b4aff9f2d0d8" executionId="1ff01696-3b20-463c-8ce5-e4ea8c76d3b7" testListId="8c84fa94-04c1-424b-9868-57a2d4851a1d" />
    <TestEntry testId="db84d05c-ceef-752f-fc41-fcd28ba121e4" executionId="bd5f4cdb-5f90-43c6-8cf7-bb7b768d2a81" testListId="8c84fa94-04c1-424b-9868-57a2d4851a1d" />
    <TestEntry testId="0852a28b-c48a-d69d-2818-eac8253f6042" executionId="2cfe3763-f4c9-4909-b85b-c9565a90cdf8" testListId="8c84fa94-04c1-424b-9868-57a2d4851a1d" />
    <TestEntry testId="db69da61-df53-cbd5-c428-1cbe1fdb5535" executionId="b2b37a34-5a53-47ea-b158-9e436c29fcb0" testListId="8c84fa94-04c1-424b-9868-57a2d4851a1d" />
    <TestEntry testId="eca5a763-4adc-0657-74e3-0cad7d863649" executionId="bdeff7ec-0780-4bb1-8569-cf690bbb0812" testListId="8c84fa94-04c1-424b-9868-57a2d4851a1d" />
    <TestEntry testId="d405f29a-7074-8e96-2504-ce8ecaf6c9fc" executionId="21e0d7ad-6b62-4204-b858-a5202629e77f" testListId="8c84fa94-04c1-424b-9868-57a2d4851a1d" />
    <TestEntry testId="60142f42-a44a-6dc1-83cd-62d152f78edc" executionId="a0264b7e-f9a2-4d18-93f7-a5b0ebb8a710" testListId="8c84fa94-04c1-424b-9868-57a2d4851a1d" />
    <TestEntry testId="9a826ded-91e6-6c88-ea16-1cdcc918f3c2" executionId="815347e7-b82d-469f-9c27-aae87d2512b4" testListId="8c84fa94-04c1-424b-9868-57a2d4851a1d" />
    <TestEntry testId="91ace8bf-68d2-52b5-8710-87fbedc1d498" executionId="347daf1f-4ed3-4e56-8753-3ac07ae637b1" testListId="8c84fa94-04c1-424b-9868-57a2d4851a1d" />
    <TestEntry testId="6c7d3701-bd1b-f377-360d-c15edf59f69a" executionId="373ae4db-8b89-44b7-bd5e-080272916894" testListId="8c84fa94-04c1-424b-9868-57a2d4851a1d" />
    <TestEntry testId="aadf6f3b-dfca-829f-ad7d-c8274fa9f43c" executionId="42ece18c-cc71-47e8-aa8c-dc35542b5f35" testListId="8c84fa94-04c1-424b-9868-57a2d4851a1d" />
    <TestEntry testId="5881aa4a-28d3-5310-511a-93aab3cb48b4" executionId="e247e1ff-7963-4c01-8947-7c744e710d1a" testListId="8c84fa94-04c1-424b-9868-57a2d4851a1d" />
    <TestEntry testId="30611ae3-90da-5892-737e-283036df56d2" executionId="8b0576f7-28fa-4b69-a7ab-95a96b91781e" testListId="8c84fa94-04c1-424b-9868-57a2d4851a1d" />
    <TestEntry testId="1b20e729-e5c5-ecb0-513d-a569a255ac22" executionId="074ce1a1-d7fa-413d-96b6-cff9ebe7f9c5" testListId="8c84fa94-04c1-424b-9868-57a2d4851a1d" />
    <TestEntry testId="c7697583-428e-eb99-b91b-aca547fa3134" executionId="f707e159-e09b-41cb-af9d-8183d4e1e4dd" testListId="8c84fa94-04c1-424b-9868-57a2d4851a1d" />
    <TestEntry testId="7de326f8-604a-2cdb-a0ba-49bd2a4fb803" executionId="ed58b0f4-977e-4adb-bbd0-dcb12612487c" testListId="8c84fa94-04c1-424b-9868-57a2d4851a1d" />
    <TestEntry testId="ffb28761-b29a-8cc4-3039-e3c502756163" executionId="38af8559-a426-411e-8e5d-1fb891b2f482" testListId="8c84fa94-04c1-424b-9868-57a2d4851a1d" />
    <TestEntry testId="356d90d3-1349-08cc-10e5-9950436906ac" executionId="9a1dbd8a-ffca-45ef-acdb-c08a2fb25f51" testListId="8c84fa94-04c1-424b-9868-57a2d4851a1d" />
    <TestEntry testId="867e3c33-e403-1cd7-16a2-17336a191186" executionId="f49ccd7b-bfd2-4d6a-b184-5748f429f573" testListId="8c84fa94-04c1-424b-9868-57a2d4851a1d" />
    <TestEntry testId="cef1a7d6-80b7-bb71-9d4e-6152d3266e0f" executionId="7b5cffac-6421-4d38-a4c5-43190a7de529" testListId="8c84fa94-04c1-424b-9868-57a2d4851a1d" />
    <TestEntry testId="91c062f8-343b-a991-c293-c1e685a68b9a" executionId="05ab5ae9-2cde-4c98-8197-516a3d664970" testListId="8c84fa94-04c1-424b-9868-57a2d4851a1d" />
    <TestEntry testId="fbf19baf-adef-42c8-f964-b6feea0d5ea2" executionId="6ebb1ece-b7ed-4f64-84a9-8258808e51b7" testListId="8c84fa94-04c1-424b-9868-57a2d4851a1d" />
    <TestEntry testId="1645d958-cc20-e5c9-2b5d-2cc410c694f5" executionId="f489db87-a5ea-4eb4-961e-c2e57e978753" testListId="8c84fa94-04c1-424b-9868-57a2d4851a1d" />
    <TestEntry testId="c9a7b42c-6ec9-069d-8c66-1db5d51e2f51" executionId="31a29afe-1afa-4951-b42a-45f89a96467f" testListId="8c84fa94-04c1-424b-9868-57a2d4851a1d" />
    <TestEntry testId="dee139b8-437d-98e4-8e02-68ce168542d2" executionId="6f3c1f76-5df3-4498-97b4-9780be91b473" testListId="8c84fa94-04c1-424b-9868-57a2d4851a1d" />
  </TestEntries>
  <Results>
    <UnitTestResult executionId="69f4708c-d76b-4d6a-9c15-ead31a08425c" testId="8c920792-1168-cefd-ff3e-fa6af75217a7" testName="Add_to_resource_pool_and_get" computerName="TLCINIR8FR0NY" duration="00:00:00.0249692" startTime="2013-07-15T10:34:47.3505760-05:00" endTime="2013-07-15T10:34:48.1106064-05:00" testType="13cdc9d9-ddb5-4fa4-a97d-d965ccfc6d4b" outcome="Passed" testListId="8c84fa94-04c1-424b-9868-57a2d4851a1d" relativeResultsDirectory="69f4708c-d76b-4d6a-9c15-ead31a08425c">
    </UnitTestResult>
    <UnitTestResult executionId="c14ca41f-b6ac-49af-bfa1-538c35395d5f" testId="26e53e01-20bc-7de3-aec4-525817ed286c" testName="Delete_from_resource_pool" computerName="TLCINIR8FR0NY" duration="00:00:00.0012656" startTime="2013-07-15T10:34:48.1406076-05:00" endTime="2013-07-15T10:34:48.1406076-05:00" testType="13cdc9d9-ddb5-4fa4-a97d-d965ccfc6d4b" outcome="Passed" testListId="8c84fa94-04c1-424b-9868-57a2d4851a1d" relativeResultsDirectory="c14ca41f-b6ac-49af-bfa1-538c35395d5f">
    </UnitTestResult>
    <UnitTestResult executionId="b1312a78-2792-4a0f-b58b-adf70bec53db" testId="4511653a-5877-cac3-986d-27e4088bfb8c" testName="Allocate_max_resources_and_delete" computerName="TLCINIR8FR0NY" duration="00:00:05.8358857" startTime="2013-07-15T10:34:48.1506080-05:00" endTime="2013-07-15T10:34:53.9968596-05:00" testType="13cdc9d9-ddb5-4fa4-a97d-d965ccfc6d4b" outcome="Passed" testListId="8c84fa94-04c1-424b-9868-57a2d4851a1d" relativeResultsDirectory="b1312a78-2792-4a0f-b58b-adf70bec53db">
    </UnitTestResult>
    <UnitTestResult executionId="1f6a7655-4d0c-466a-ae44-7a67831d0328" testId="3c15e855-5975-1e7a-9dc9-5cfcdae9e933" testName="Exceed_max_resource_allocation" computerName="TLCINIR8FR0NY" duration="00:00:04.1998065" startTime="2013-07-15T10:34:54.0068600-05:00" endTime="2013-07-15T10:34:58.2070490-05:00" testType="13cdc9d9-ddb5-4fa4-a97d-d965ccfc6d4b" outcome="Passed" testListId="8c84fa94-04c1-424b-9868-57a2d4851a1d" relativeResultsDirectory="1f6a7655-4d0c-466a-ae44-7a67831d0328">
    </UnitTestResult>
    <UnitTestResult executionId="dce394c0-85cd-4ef5-9932-6e52bb686d4e" testId="a5b09d0c-1248-df41-4aa5-858a99dbe688" testName="Dispose_resources" computerName="TLCINIR8FR0NY" duration="00:00:01.0627481" startTime="2013-07-15T10:34:58.2270498-05:00" endTime="2013-07-15T10:34:59.2931030-05:00" testType="13cdc9d9-ddb5-4fa4-a97d-d965ccfc6d4b" outcome="Passed" testListId="8c84fa94-04c1-424b-9868-57a2d4851a1d" relativeResultsDirectory="dce394c0-85cd-4ef5-9932-6e52bb686d4e">
    </UnitTestResult>
    <UnitTestResult executionId="cde2ec4c-d441-45c3-946e-71b746a92e66" testId="31b4181d-ec7b-2ff6-24da-c465245fe315" testName="Get_untyped_agent_channel" computerName="TLCINIR8FR0NY" duration="00:00:00.0794849" startTime="2013-07-15T10:34:59.3031034-05:00" endTime="2013-07-15T10:34:59.3831066-05:00" testType="13cdc9d9-ddb5-4fa4-a97d-d965ccfc6d4b" outcome="Passed" testListId="8c84fa94-04c1-424b-9868-57a2d4851a1d" relativeResultsDirectory="cde2ec4c-d441-45c3-946e-71b746a92e66">
    </UnitTestResult>
    <UnitTestResult executionId="a6f1dea0-c2a2-4b50-b7a3-ca2340ca64ce" testId="7d19b0d8-26c7-e13a-0918-b79afe07f6cb" testName="Send_message" computerName="TLCINIR8FR0NY" duration="00:00:00.0076230" startTime="2013-07-15T10:34:59.3931070-05:00" endTime="2013-07-15T10:34:59.4031074-05:00" testType="13cdc9d9-ddb5-4fa4-a97d-d965ccfc6d4b" outcome="Passed" testListId="8c84fa94-04c1-424b-9868-57a2d4851a1d" relativeResultsDirectory="a6f1dea0-c2a2-4b50-b7a3-ca2340ca64ce">
    </UnitTestResult>
    <UnitTestResult executionId="07cbea7d-241c-4c0e-83ab-59070e840462" testId="85920440-a20c-384e-9aff-95bf6a07bc09" testName="Register_unregister_remote_node" computerName="TLCINIR8FR0NY" duration="00:00:00.0075120" startTime="2013-07-15T10:34:59.4131078-05:00" endTime="2013-07-15T10:34:59.4231082-05:00" testType="13cdc9d9-ddb5-4fa4-a97d-d965ccfc6d4b" outcome="Passed" testListId="8c84fa94-04c1-424b-9868-57a2d4851a1d" relativeResultsDirectory="07cbea7d-241c-4c0e-83ab-59070e840462">
    </UnitTestResult>
    <UnitTestResult executionId="b4068307-dd87-4197-9d7f-44b26e605480" testId="bd673b3c-90ca-2748-44de-c6e4c3eca644" testName="Resolve_remote_node" computerName="TLCINIR8FR0NY" duration="00:00:00.0075679" startTime="2013-07-15T10:34:59.4231082-05:00" endTime="2013-07-15T10:34:59.4331086-05:00" testType="13cdc9d9-ddb5-4fa4-a97d-d965ccfc6d4b" outcome="Passed" testListId="8c84fa94-04c1-424b-9868-57a2d4851a1d" relativeResultsDirectory="b4068307-dd87-4197-9d7f-44b26e605480">
    </UnitTestResult>
    <UnitTestResult executionId="28420d42-1851-4685-b4bf-cdc36e699506" testId="b483b428-b579-fd84-c8ac-7ed4a2b296b3" testName="Get_remote_channel" computerName="TLCINIR8FR0NY" duration="00:00:00.0088520" startTime="2013-07-15T10:34:59.4431090-05:00" endTime="2013-07-15T10:34:59.4531094-05:00" testType="13cdc9d9-ddb5-4fa4-a97d-d965ccfc6d4b" outcome="Passed" testListId="8c84fa94-04c1-424b-9868-57a2d4851a1d" relativeResultsDirectory="28420d42-1851-4685-b4bf-cdc36e699506">
    </UnitTestResult>
    <UnitTestResult executionId="47c9ce18-438c-4f4d-848e-12bdeff47b55" testId="266230a6-f9a8-fe8d-7a6c-bc635d651aff" testName="Implicit_get_registered_node_remote_channel" computerName="TLCINIR8FR0NY" duration="00:00:00.0086577" startTime="2013-07-15T10:34:59.4631098-05:00" endTime="2013-07-15T10:34:59.4731102-05:00" testType="13cdc9d9-ddb5-4fa4-a97d-d965ccfc6d4b" outcome="Passed" testListId="8c84fa94-04c1-424b-9868-57a2d4851a1d" relativeResultsDirectory="47c9ce18-438c-4f4d-848e-12bdeff47b55">
    </UnitTestResult>
    <UnitTestResult executionId="661d2f94-f6d6-4bb5-9dfc-f010f977815f" testId="00bc8ce0-5bad-658a-8e6a-37d2519ca164" testName="Get_agent_by_type" computerName="TLCINIR8FR0NY" duration="00:00:00.0200751" startTime="2013-07-15T10:34:59.4831106-05:00" endTime="2013-07-15T10:34:59.5031114-05:00" testType="13cdc9d9-ddb5-4fa4-a97d-d965ccfc6d4b" outcome="Passed" testListId="8c84fa94-04c1-424b-9868-57a2d4851a1d" relativeResultsDirectory="661d2f94-f6d6-4bb5-9dfc-f010f977815f">
    </UnitTestResult>
    <UnitTestResult executionId="d6acf29d-7963-403c-93c4-3e69f60d6c22" testId="34a77162-7efa-6097-63fd-c23fe1962e36" testName="Runtime_serializer_generic_serialize" computerName="TLCINIR8FR0NY" duration="00:00:00.7776913" startTime="2013-07-15T10:34:59.5131118-05:00" endTime="2013-07-15T10:35:00.2931430-05:00" testType="13cdc9d9-ddb5-4fa4-a97d-d965ccfc6d4b" outcome="Passed" testListId="8c84fa94-04c1-424b-9868-57a2d4851a1d" relativeResultsDirectory="d6acf29d-7963-403c-93c4-3e69f60d6c22">
    </UnitTestResult>
    <UnitTestResult executionId="2b9aba16-12f5-4cad-9e53-f7804e1ba8e4" testId="304e451a-ea36-277d-5e7d-fc0bff0cd3f6" testName="Serialize_deserialize_request_and_response" computerName="TLCINIR8FR0NY" duration="00:00:00.5846149" startTime="2013-07-15T10:35:00.3031434-05:00" endTime="2013-07-15T10:35:00.9031674-05:00" testType="13cdc9d9-ddb5-4fa4-a97d-d965ccfc6d4b" outcome="Passed" testListId="8c84fa94-04c1-424b-9868-57a2d4851a1d" relativeResultsDirectory="2b9aba16-12f5-4cad-9e53-f7804e1ba8e4">
    </UnitTestResult>
    <UnitTestResult executionId="6d6ed06c-5031-4bae-9626-b770f33f0de9" testId="347a5637-8c65-f977-2901-0dfc2014e5a8" testName="Serialize_serial_message_for_packet" computerName="TLCINIR8FR0NY" duration="00:00:00.1563544" startTime="2013-07-15T10:35:00.9031674-05:00" endTime="2013-07-15T10:35:01.0631738-05:00" testType="13cdc9d9-ddb5-4fa4-a97d-d965ccfc6d4b" outcome="Passed" testListId="8c84fa94-04c1-424b-9868-57a2d4851a1d" relativeResultsDirectory="6d6ed06c-5031-4bae-9626-b770f33f0de9">
    </UnitTestResult>
    <UnitTestResult executionId="eed005cd-76ff-40d8-aee9-7a2eb28a9a01" testId="c0255a92-5f31-fe3c-9b4d-1b6503948ef8" testName="Run_simple_packet_protocol" computerName="TLCINIR8FR0NY" duration="00:00:00.0010141" startTime="2013-07-15T10:35:01.0731742-05:00" endTime="2013-07-15T10:35:01.0731742-05:00" testType="13cdc9d9-ddb5-4fa4-a97d-d965ccfc6d4b" outcome="Passed" testListId="8c84fa94-04c1-424b-9868-57a2d4851a1d" relativeResultsDirectory="eed005cd-76ff-40d8-aee9-7a2eb28a9a01">
    </UnitTestResult>
    <UnitTestResult executionId="510fbee8-921e-4978-953d-eba411987963" testId="26409843-b364-aa89-90ff-0161257bef80" testName="Server_hosting_startup_and_shutdown_specs" computerName="TLCINIR8FR0NY" duration="00:00:00.5336479" startTime="2013-07-15T10:35:01.0831746-05:00" endTime="2013-07-15T10:35:01.6231962-05:00" testType="13cdc9d9-ddb5-4fa4-a97d-d965ccfc6d4b" outcome="Passed" testListId="8c84fa94-04c1-424b-9868-57a2d4851a1d" relativeResultsDirectory="510fbee8-921e-4978-953d-eba411987963">
    </UnitTestResult>
    <UnitTestResult executionId="00b811c1-41a3-4be8-8ffb-952f83d45f79" testId="d6a426cd-e03b-cb18-2c1b-241a23fec56b" testName="Server_restart_throws_objectdisposedexception" computerName="TLCINIR8FR0NY" duration="00:00:00.5344352" startTime="2013-07-15T10:35:01.6331966-05:00" endTime="2013-07-15T10:35:02.1732182-05:00" testType="13cdc9d9-ddb5-4fa4-a97d-d965ccfc6d4b" outcome="Passed" testListId="8c84fa94-04c1-424b-9868-57a2d4851a1d" relativeResultsDirectory="00b811c1-41a3-4be8-8ffb-952f83d45f79">
    </UnitTestResult>
    <UnitTestResult executionId="1ff01696-3b20-463c-8ce5-e4ea8c76d3b7" testId="b79d2efb-1850-adbf-e8e5-b4aff9f2d0d8" testName="Schedule_action_with_timer" computerName="TLCINIR8FR0NY" duration="00:00:02.0105578" startTime="2013-07-15T10:35:02.1832186-05:00" endTime="2013-07-15T10:35:04.2032994-05:00" testType="13cdc9d9-ddb5-4fa4-a97d-d965ccfc6d4b" outcome="Passed" testListId="8c84fa94-04c1-424b-9868-57a2d4851a1d" relativeResultsDirectory="1ff01696-3b20-463c-8ce5-e4ea8c76d3b7">
    </UnitTestResult>
    <UnitTestResult executionId="bd5f4cdb-5f90-43c6-8cf7-bb7b768d2a81" testId="db84d05c-ceef-752f-fc41-fcd28ba121e4" testName="Schedule_multiple_periodic_actions_with_timer" computerName="TLCINIR8FR0NY" duration="00:00:03.0088405" startTime="2013-07-15T10:35:04.2132998-05:00" endTime="2013-07-15T10:35:07.2334206-05:00" testType="13cdc9d9-ddb5-4fa4-a97d-d965ccfc6d4b" outcome="Passed" testListId="8c84fa94-04c1-424b-9868-57a2d4851a1d" relativeResultsDirectory="bd5f4cdb-5f90-43c6-8cf7-bb7b768d2a81">
    </UnitTestResult>
    <UnitTestResult executionId="2cfe3763-f4c9-4909-b85b-c9565a90cdf8" testId="0852a28b-c48a-d69d-2818-eac8253f6042" testName="Stop_and_destroy_scheduler_before_scheduled_job_runs" computerName="TLCINIR8FR0NY" duration="00:00:02.0110870" startTime="2013-07-15T10:35:07.2434210-05:00" endTime="2013-07-15T10:35:09.2635018-05:00" testType="13cdc9d9-ddb5-4fa4-a97d-d965ccfc6d4b" outcome="Passed" testListId="8c84fa94-04c1-424b-9868-57a2d4851a1d" relativeResultsDirectory="2cfe3763-f4c9-4909-b85b-c9565a90cdf8">
    </UnitTestResult>
    <UnitTestResult executionId="b2b37a34-5a53-47ea-b158-9e436c29fcb0" testId="db69da61-df53-cbd5-c428-1cbe1fdb5535" testName="Cancel_scheduled_job" computerName="TLCINIR8FR0NY" duration="00:00:02.0096209" startTime="2013-07-15T10:35:09.2735022-05:00" endTime="2013-07-15T10:35:11.2935830-05:00" testType="13cdc9d9-ddb5-4fa4-a97d-d965ccfc6d4b" outcome="Passed" testListId="8c84fa94-04c1-424b-9868-57a2d4851a1d" relativeResultsDirectory="b2b37a34-5a53-47ea-b158-9e436c29fcb0">
    </UnitTestResult>
    <UnitTestResult executionId="bdeff7ec-0780-4bb1-8569-cf690bbb0812" testId="eca5a763-4adc-0657-74e3-0cad7d863649" testName="Spawn_agent" computerName="TLCINIR8FR0NY" duration="00:00:00.0113977" startTime="2013-07-15T10:35:11.3035834-05:00" endTime="2013-07-15T10:35:11.3235842-05:00" testType="13cdc9d9-ddb5-4fa4-a97d-d965ccfc6d4b" outcome="Passed" testListId="8c84fa94-04c1-424b-9868-57a2d4851a1d" relativeResultsDirectory="bdeff7ec-0780-4bb1-8569-cf690bbb0812">
    </UnitTestResult>
    <UnitTestResult executionId="21e0d7ad-6b62-4204-b858-a5202629e77f" testId="d405f29a-7074-8e96-2504-ce8ecaf6c9fc" testName="Kill_agent" computerName="TLCINIR8FR0NY" duration="00:00:00.0122298" startTime="2013-07-15T10:35:11.3335846-05:00" endTime="2013-07-15T10:35:11.3535854-05:00" testType="13cdc9d9-ddb5-4fa4-a97d-d965ccfc6d4b" outcome="Passed" testListId="8c84fa94-04c1-424b-9868-57a2d4851a1d" relativeResultsDirectory="21e0d7ad-6b62-4204-b858-a5202629e77f">
    </UnitTestResult>
    <UnitTestResult executionId="a0264b7e-f9a2-4d18-93f7-a5b0ebb8a710" testId="60142f42-a44a-6dc1-83cd-62d152f78edc" testName="Create_generic_server_and_ping" computerName="TLCINIR8FR0NY" duration="00:00:00.0239074" startTime="2013-07-15T10:35:11.3635858-05:00" endTime="2013-07-15T10:35:11.3935870-05:00" testType="13cdc9d9-ddb5-4fa4-a97d-d965ccfc6d4b" outcome="Passed" testListId="8c84fa94-04c1-424b-9868-57a2d4851a1d" relativeResultsDirectory="a0264b7e-f9a2-4d18-93f7-a5b0ebb8a710">
    </UnitTestResult>
    <UnitTestResult executionId="815347e7-b82d-469f-9c27-aae87d2512b4" testId="9a826ded-91e6-6c88-ea16-1cdcc918f3c2" testName="Create_supervisor_with_static_children" computerName="TLCINIR8FR0NY" duration="00:00:00.0172878" startTime="2013-07-15T10:35:11.4035874-05:00" endTime="2013-07-15T10:35:11.4235882-05:00" testType="13cdc9d9-ddb5-4fa4-a97d-d965ccfc6d4b" outcome="Passed" testListId="8c84fa94-04c1-424b-9868-57a2d4851a1d" relativeResultsDirectory="815347e7-b82d-469f-9c27-aae87d2512b4">
    </UnitTestResult>
    <UnitTestResult executionId="347daf1f-4ed3-4e56-8753-3ac07ae637b1" testId="91ace8bf-68d2-52b5-8710-87fbedc1d498" testName="Create_supervisor_with_static_and_dynamic_children" computerName="TLCINIR8FR0NY" duration="00:00:00.0168186" startTime="2013-07-15T10:35:11.4335886-05:00" endTime="2013-07-15T10:35:11.4535894-05:00" testType="13cdc9d9-ddb5-4fa4-a97d-d965ccfc6d4b" outcome="Passed" testListId="8c84fa94-04c1-424b-9868-57a2d4851a1d" relativeResultsDirectory="347daf1f-4ed3-4e56-8753-3ac07ae637b1">
    </UnitTestResult>
    <UnitTestResult executionId="373ae4db-8b89-44b7-bd5e-080272916894" testId="6c7d3701-bd1b-f377-360d-c15edf59f69a" testName="Worker_restart_strategy_specs" computerName="TLCINIR8FR0NY" duration="00:00:10.0137165" startTime="2013-07-15T10:35:11.4635898-05:00" endTime="2013-07-15T10:35:21.4839482-05:00" testType="13cdc9d9-ddb5-4fa4-a97d-d965ccfc6d4b" outcome="Passed" testListId="8c84fa94-04c1-424b-9868-57a2d4851a1d" relativeResultsDirectory="373ae4db-8b89-44b7-bd5e-080272916894">
    </UnitTestResult>
    <UnitTestResult executionId="42ece18c-cc71-47e8-aa8c-dc35542b5f35" testId="aadf6f3b-dfca-829f-ad7d-c8274fa9f43c" testName="Dynamic_add_child_to_supervisor" computerName="TLCINIR8FR0NY" duration="00:00:00.0200595" startTime="2013-07-15T10:35:21.4939484-05:00" endTime="2013-07-15T10:35:21.5139488-05:00" testType="13cdc9d9-ddb5-4fa4-a97d-d965ccfc6d4b" outcome="Passed" testListId="8c84fa94-04c1-424b-9868-57a2d4851a1d" relativeResultsDirectory="42ece18c-cc71-47e8-aa8c-dc35542b5f35">
    </UnitTestResult>
    <UnitTestResult executionId="e247e1ff-7963-4c01-8947-7c744e710d1a" testId="5881aa4a-28d3-5310-511a-93aab3cb48b4" testName="Delete_child_on_supervisor" computerName="TLCINIR8FR0NY" duration="00:00:00.0235227" startTime="2013-07-15T10:35:21.5339492-05:00" endTime="2013-07-15T10:35:21.5739500-05:00" testType="13cdc9d9-ddb5-4fa4-a97d-d965ccfc6d4b" outcome="Passed" testListId="8c84fa94-04c1-424b-9868-57a2d4851a1d" relativeResultsDirectory="e247e1ff-7963-4c01-8947-7c744e710d1a">
    </UnitTestResult>
    <UnitTestResult executionId="8b0576f7-28fa-4b69-a7ab-95a96b91781e" testId="30611ae3-90da-5892-737e-283036df56d2" testName="Stop_and_restart_child_on_supervisor" computerName="TLCINIR8FR0NY" duration="00:00:00.0138221" startTime="2013-07-15T10:35:21.5839502-05:00" endTime="2013-07-15T10:35:21.6039506-05:00" testType="13cdc9d9-ddb5-4fa4-a97d-d965ccfc6d4b" outcome="Passed" testListId="8c84fa94-04c1-424b-9868-57a2d4851a1d" relativeResultsDirectory="8b0576f7-28fa-4b69-a7ab-95a96b91781e">
    </UnitTestResult>
    <UnitTestResult executionId="074ce1a1-d7fa-413d-96b6-cff9ebe7f9c5" testId="1b20e729-e5c5-ecb0-513d-a569a255ac22" testName="Get_all_children_on_supervisor" computerName="TLCINIR8FR0NY" duration="00:00:00.0160953" startTime="2013-07-15T10:35:21.6139508-05:00" endTime="2013-07-15T10:35:21.6339512-05:00" testType="13cdc9d9-ddb5-4fa4-a97d-d965ccfc6d4b" outcome="Passed" testListId="8c84fa94-04c1-424b-9868-57a2d4851a1d" relativeResultsDirectory="074ce1a1-d7fa-413d-96b6-cff9ebe7f9c5">
    </UnitTestResult>
    <UnitTestResult executionId="f707e159-e09b-41cb-af9d-8183d4e1e4dd" testId="c7697583-428e-eb99-b91b-aca547fa3134" testName="Startup_a_single_agent" computerName="TLCINIR8FR0NY" duration="00:00:05.0078769" startTime="2013-07-15T10:35:21.6439514-05:00" endTime="2013-07-15T10:35:26.6640518-05:00" testType="13cdc9d9-ddb5-4fa4-a97d-d965ccfc6d4b" outcome="Passed" testListId="8c84fa94-04c1-424b-9868-57a2d4851a1d" relativeResultsDirectory="f707e159-e09b-41cb-af9d-8183d4e1e4dd">
    </UnitTestResult>
    <UnitTestResult executionId="ed58b0f4-977e-4adb-bbd0-dcb12612487c" testId="7de326f8-604a-2cdb-a0ba-49bd2a4fb803" testName="Agent_ordered_message_processing" computerName="TLCINIR8FR0NY" duration="00:00:02.0080474" startTime="2013-07-15T10:35:26.6740520-05:00" endTime="2013-07-15T10:35:28.6940924-05:00" testType="13cdc9d9-ddb5-4fa4-a97d-d965ccfc6d4b" outcome="Passed" testListId="8c84fa94-04c1-424b-9868-57a2d4851a1d" relativeResultsDirectory="ed58b0f4-977e-4adb-bbd0-dcb12612487c">
    </UnitTestResult>
    <UnitTestResult executionId="38af8559-a426-411e-8e5d-1fb891b2f482" testId="ffb28761-b29a-8cc4-3039-e3c502756163" testName="Agent_request_response" computerName="TLCINIR8FR0NY" duration="00:00:10.0081867" startTime="2013-07-15T10:35:28.7040926-05:00" endTime="2013-07-15T10:35:38.7242930-05:00" testType="13cdc9d9-ddb5-4fa4-a97d-d965ccfc6d4b" outcome="Passed" testListId="8c84fa94-04c1-424b-9868-57a2d4851a1d" relativeResultsDirectory="38af8559-a426-411e-8e5d-1fb891b2f482">
    </UnitTestResult>
    <UnitTestResult executionId="9a1dbd8a-ffca-45ef-acdb-c08a2fb25f51" testId="356d90d3-1349-08cc-10e5-9950436906ac" testName="Agent_ping_pong" computerName="TLCINIR8FR0NY" duration="00:00:05.0090115" startTime="2013-07-15T10:35:38.7342932-05:00" endTime="2013-07-15T10:35:43.7543936-05:00" testType="13cdc9d9-ddb5-4fa4-a97d-d965ccfc6d4b" outcome="Passed" testListId="8c84fa94-04c1-424b-9868-57a2d4851a1d" relativeResultsDirectory="9a1dbd8a-ffca-45ef-acdb-c08a2fb25f51">
    </UnitTestResult>
    <UnitTestResult executionId="f49ccd7b-bfd2-4d6a-b184-5748f429f573" testId="867e3c33-e403-1cd7-16a2-17336a191186" testName="Agent_futures" computerName="TLCINIR8FR0NY" duration="00:00:00.0180427" startTime="2013-07-15T10:35:43.7643938-05:00" endTime="2013-07-15T10:35:43.7843942-05:00" testType="13cdc9d9-ddb5-4fa4-a97d-d965ccfc6d4b" outcome="Passed" testListId="8c84fa94-04c1-424b-9868-57a2d4851a1d" relativeResultsDirectory="f49ccd7b-bfd2-4d6a-b184-5748f429f573">
    </UnitTestResult>
    <UnitTestResult executionId="7b5cffac-6421-4d38-a4c5-43190a7de529" testId="cef1a7d6-80b7-bb71-9d4e-6152d3266e0f" testName="Link_two_agents_and_fail_two_way" computerName="TLCINIR8FR0NY" duration="00:00:04.0121390" startTime="2013-07-15T10:35:43.8043946-05:00" endTime="2013-07-15T10:35:47.8244750-05:00" testType="13cdc9d9-ddb5-4fa4-a97d-d965ccfc6d4b" outcome="Passed" testListId="8c84fa94-04c1-424b-9868-57a2d4851a1d" relativeResultsDirectory="7b5cffac-6421-4d38-a4c5-43190a7de529">
    </UnitTestResult>
    <UnitTestResult executionId="05ab5ae9-2cde-4c98-8197-516a3d664970" testId="91c062f8-343b-a991-c293-c1e685a68b9a" testName="Custom_supervisor_agent_tests" computerName="TLCINIR8FR0NY" duration="00:00:04.0184812" startTime="2013-07-15T10:35:47.8344752-05:00" endTime="2013-07-15T10:35:51.8645558-05:00" testType="13cdc9d9-ddb5-4fa4-a97d-d965ccfc6d4b" outcome="Passed" testListId="8c84fa94-04c1-424b-9868-57a2d4851a1d" relativeResultsDirectory="05ab5ae9-2cde-4c98-8197-516a3d664970">
    </UnitTestResult>
    <UnitTestResult executionId="6ebb1ece-b7ed-4f64-84a9-8258808e51b7" testId="fbf19baf-adef-42c8-f964-b6feea0d5ea2" testName="Synchronous_message_blocks_until_complete" computerName="TLCINIR8FR0NY" duration="00:00:02.3542666" startTime="2013-07-15T10:35:51.8745560-05:00" endTime="2013-07-15T10:35:54.2346032-05:00" testType="13cdc9d9-ddb5-4fa4-a97d-d965ccfc6d4b" outcome="Failed" testListId="8c84fa94-04c1-424b-9868-57a2d4851a1d" relativeResultsDirectory="6ebb1ece-b7ed-4f64-84a9-8258808e51b7">
      <Output>
        <ErrorInfo>
          <Message>Test method Mercury.Messaging.Test.Agent_specs.Synchronous_message_blocks_until_complete threw exception: 
System.ObjectDisposedException: Safe handle has been closed</Message>
          <StackTrace>    at System.Threading.WaitHandle.WaitOneNative(SafeHandle waitableSafeHandle, UInt32 millisecondsTimeout, Boolean hasThreadAffinity, Boolean exitContext)
   at System.Threading.WaitHandle.InternalWaitOne(SafeHandle waitableSafeHandle, Int64 millisecondsTimeout, Boolean hasThreadAffinity, Boolean exitContext)
   at System.Threading.WaitHandle.WaitOne(TimeSpan timeout, Boolean exitContext)
   at System.Threading.WaitHandle.WaitOne(TimeSpan timeout)
   at Mercury.Messaging.Channels.FutureChannel`1.WaitUntilCompleted(TimeSpan timeout) in C:\Users\chris.mankin\Documents\Visual Studio 2010\Projects\Development\Mercury Framework v2\Src\Mercury.Messaging.Core\Channels\FutureChannel.cs:line 223
   at Mercury.Messaging.Channels.FutureChannel`1.TryFirstResult() in C:\Users\chris.mankin\Documents\Visual Studio 2010\Projects\Development\Mercury Framework v2\Src\Mercury.Messaging.Core\Channels\FutureChannel.cs:line 199
   at Mercury.Messaging.Channels.FutureChannel`1.get_Get() in C:\Users\chris.mankin\Documents\Visual Studio 2010\Projects\Development\Mercury Framework v2\Src\Mercury.Messaging.Core\Channels\FutureChannel.cs:line 182
   at Mercury.Messaging.Test.Agent_specs.Synchronous_message_blocks_until_complete() in C:\Users\chris.mankin\Documents\Visual Studio 2010\Projects\Development\Mercury Framework v2\Src\Mercury.Messaging.Test\Agents\Agent_specs.cs:line 330
</StackTrace>
        </ErrorInfo>
      </Output>
    </UnitTestResult>
    <UnitTestResult executionId="f489db87-a5ea-4eb4-961e-c2e57e978753" testId="1645d958-cc20-e5c9-2b5d-2cc410c694f5" testName="Interrupt_message_interleaves_current_messages" computerName="TLCINIR8FR0NY" duration="00:00:02.2593260" startTime="2013-07-15T10:35:54.2446034-05:00" endTime="2013-07-15T10:35:56.5146488-05:00" testType="13cdc9d9-ddb5-4fa4-a97d-d965ccfc6d4b" outcome="Passed" testListId="8c84fa94-04c1-424b-9868-57a2d4851a1d" relativeResultsDirectory="f489db87-a5ea-4eb4-961e-c2e57e978753">
    </UnitTestResult>
    <UnitTestResult executionId="31a29afe-1afa-4951-b42a-45f89a96467f" testId="c9a7b42c-6ec9-069d-8c66-1db5d51e2f51" testName="Future_can_be_called_twice_without_consequences" computerName="TLCINIR8FR0NY" duration="00:00:02.2587450" startTime="2013-07-15T10:35:56.5346492-05:00" endTime="2013-07-15T10:35:58.8046946-05:00" testType="13cdc9d9-ddb5-4fa4-a97d-d965ccfc6d4b" outcome="Passed" testListId="8c84fa94-04c1-424b-9868-57a2d4851a1d" relativeResultsDirectory="31a29afe-1afa-4951-b42a-45f89a96467f">
    </UnitTestResult>
    <UnitTestResult executionId="6f3c1f76-5df3-4498-97b4-9780be91b473" testId="dee139b8-437d-98e4-8e02-68ce168542d2" testName="Future_accumulates_messages_while_waiting_for_result" computerName="TLCINIR8FR0NY" duration="00:00:04.0153976" startTime="2013-07-15T10:35:58.8146948-05:00" endTime="2013-07-15T10:36:02.8447754-05:00" testType="13cdc9d9-ddb5-4fa4-a97d-d965ccfc6d4b" outcome="Passed" testListId="8c84fa94-04c1-424b-9868-57a2d4851a1d" relativeResultsDirectory="6f3c1f76-5df3-4498-97b4-9780be91b473">
    </UnitTestResult>
  </Results>
</TestRun>