<?xml version="1.0" encoding="UTF-8"?>
<TestRun id="475e96db-36a8-4085-9efa-a7ed2ca039fb" name="chris.mankin@TLCINIR8FR0NY 2013-07-16 14:14:02" runUser="HQDOMAIN\chris.mankin" xmlns="http://microsoft.com/schemas/VisualStudio/TeamTest/2010">
  <TestSettings name="Local" id="70bce9e9-d360-4dd6-8af7-dd0eb2add29d">
    <Description>These are default test settings for a local test run.</Description>
    <Deployment enabled="false" runDeploymentRoot="chris.mankin_TLCINIR8FR0NY 2013-07-16 14_14_02">
      <DeploymentItem filename="C:\Users\chris.mankin\Documents\Visual Studio 2010\Projects\Development\Mercury Framework v2\Src\Mercury.Messaging.Core\bin\Release\Mercury.Messaging.Core.dll" />
      <DeploymentItem filename="C:\Users\chris.mankin\Documents\Visual Studio 2010\Projects\Development\Mercury Framework v2\Src\Mercury.Messaging.Behaviors\bin\Release\Mercury.Messaging.Behaviors.dll" />
      <DeploymentItem filename="C:\Users\chris.mankin\Documents\Visual Studio 2010\Projects\Development\Mercury Framework v2\Src\Mercury.Core\bin\Release\Mercury.Core.dll" />
    </Deployment>
    <Execution>
      <TestTypeSpecific />
      <AgentRule name="Execution Agents">
      </AgentRule>
    </Execution>
  </TestSettings>
  <Times creation="2013-07-16T14:14:02.1543390-05:00" queuing="2013-07-16T14:14:04.0943390-05:00" start="2013-07-16T14:14:04.1543390-05:00" finish="2013-07-16T14:14:07.5543390-05:00" />
  <ResultSummary outcome="Completed">
    <Counters total="1" executed="1" passed="1" error="0" failed="0" timeout="0" aborted="0" inconclusive="0" passedButRunAborted="0" notRunnable="0" notExecuted="0" disconnected="0" warning="0" completed="0" inProgress="0" pending="0" />
  </ResultSummary>
  <TestDefinitions>
    <UnitTest name="Interrupt_message_interleaves_current_messages" storage="c:\users\chris.mankin\documents\visual studio 2010\projects\development\mercury framework v2\src\mercury.messaging.test\bin\release\mercury.messaging.test.dll" id="1645d958-cc20-e5c9-2b5d-2cc410c694f5">
      <Execution id="8f2ae44b-517d-4297-b307-8bdeaa049ee6" />
      <TestMethod codeBase="C:/Users/chris.mankin/Documents/Visual Studio 2010/Projects/Development/Mercury Framework v2/Src/Mercury.Messaging.Test/bin/Release/Mercury.Messaging.Test.DLL" adapterTypeName="Microsoft.VisualStudio.TestTools.TestTypes.Unit.UnitTestAdapter, Microsoft.VisualStudio.QualityTools.Tips.UnitTest.Adapter, Version=10.0.0.0, Culture=neutral, PublicKeyToken=b03f5f7f11d50a3a" className="Mercury.Messaging.Test.Agent_specs, Mercury.Messaging.Test, Version=1.0.0.0, Culture=neutral, PublicKeyToken=b7c578f7c47ef72c" name="Interrupt_message_interleaves_current_messages" />
    </UnitTest>
  </TestDefinitions>
  <TestLists>
    <TestList name="Results Not in a List" id="8c84fa94-04c1-424b-9868-57a2d4851a1d" />
    <TestList name="All Loaded Results" id="19431567-8539-422a-85d7-44ee4e166bda" />
  </TestLists>
  <TestEntries>
    <TestEntry testId="1645d958-cc20-e5c9-2b5d-2cc410c694f5" executionId="8f2ae44b-517d-4297-b307-8bdeaa049ee6" testListId="8c84fa94-04c1-424b-9868-57a2d4851a1d" />
  </TestEntries>
  <Results>
    <UnitTestResult executionId="8f2ae44b-517d-4297-b307-8bdeaa049ee6" testId="1645d958-cc20-e5c9-2b5d-2cc410c694f5" testName="Interrupt_message_interleaves_current_messages" computerName="TLCINIR8FR0NY" duration="00:00:02.3695936" startTime="2013-07-16T14:14:04.1843390-05:00" endTime="2013-07-16T14:14:07.3743390-05:00" testType="13cdc9d9-ddb5-4fa4-a97d-d965ccfc6d4b" outcome="Passed" testListId="8c84fa94-04c1-424b-9868-57a2d4851a1d" relativeResultsDirectory="8f2ae44b-517d-4297-b307-8bdeaa049ee6">
    </UnitTestResult>
  </Results>
</TestRun>