<?xml version="1.0" encoding="UTF-8"?>
<TestRun id="24c03e17-deb3-40fe-ab9b-4df3043be1ed" name="chris.mankin@TLCINIR8FR0NY 2013-07-03 15:11:56" runUser="HQDOMAIN\chris.mankin" xmlns="http://microsoft.com/schemas/VisualStudio/TeamTest/2010">
  <TestSettings name="Local" id="70bce9e9-d360-4dd6-8af7-dd0eb2add29d">
    <Description>These are default test settings for a local test run.</Description>
    <Deployment enabled="false" runDeploymentRoot="chris.mankin_TLCINIR8FR0NY 2013-07-03 15_11_56">
      <DeploymentItem filename="C:\Users\chris.mankin\Documents\Visual Studio 2010\Projects\Development\Mercury Framework v2\Src\Mercury.Messaging.Core\bin\Release\Mercury.Messaging.Core.dll" />
      <DeploymentItem filename="C:\Users\chris.mankin\Documents\Visual Studio 2010\Projects\Development\Mercury Framework v2\Src\Mercury.Messaging.Behaviors\bin\Release\Mercury.Messaging.Behaviors.dll" />
      <DeploymentItem filename="C:\Users\chris.mankin\Documents\Visual Studio 2010\Projects\Development\Mercury Framework v2\Src\Mercury.Core\bin\Release\Mercury.Core.dll" />
    </Deployment>
    <Execution>
      <TestTypeSpecific />
      <AgentRule name="Execution Agents">
      </AgentRule>
    </Execution>
  </TestSettings>
  <Times creation="2013-07-03T15:11:56.5476023-05:00" queuing="2013-07-03T15:11:58.9032325-05:00" start="2013-07-03T15:11:58.9656333-05:00" finish="2013-07-03T15:13:17.0593296-05:00" />
  <ResultSummary outcome="Completed">
    <Counters total="43" executed="43" passed="43" error="0" failed="0" timeout="0" aborted="0" inconclusive="0" passedButRunAborted="0" notRunnable="0" notExecuted="0" disconnected="0" warning="0" completed="0" inProgress="0" pending="0" />
  </ResultSummary>
  <TestDefinitions>
    <UnitTest name="Exceed_max_resource_allocation" storage="c:\users\chris.mankin\documents\visual studio 2010\projects\development\mercury framework v2\src\mercury.messaging.test\bin\release\mercury.messaging.test.dll" id="3c15e855-5975-1e7a-9dc9-5cfcdae9e933">
      <Execution id="cf81a9f8-2fda-42f9-b760-4624a940ec00" />
      <TestMethod codeBase="C:/Users/chris.mankin/Documents/Visual Studio 2010/Projects/Development/Mercury Framework v2/Src/Mercury.Messaging.Test/bin/Release/Mercury.Messaging.Test.DLL" adapterTypeName="Microsoft.VisualStudio.TestTools.TestTypes.Unit.UnitTestAdapter, Microsoft.VisualStudio.QualityTools.Tips.UnitTest.Adapter, Version=10.0.0.0, Culture=neutral, PublicKeyToken=b03f5f7f11d50a3a" className="Mercury.Messaging.Test.ResourcePool_Specs, Mercury.Messaging.Test, Version=1.0.0.0, Culture=neutral, PublicKeyToken=b7c578f7c47ef72c" name="Exceed_max_resource_allocation" />
    </UnitTest>
    <UnitTest name="Stop_and_destroy_scheduler_before_scheduled_job_runs" storage="c:\users\chris.mankin\documents\visual studio 2010\projects\development\mercury framework v2\src\mercury.messaging.test\bin\release\mercury.messaging.test.dll" id="0852a28b-c48a-d69d-2818-eac8253f6042">
      <Execution id="35095fec-9ab8-4f47-a4d3-65b509a897a5" />
      <TestMethod codeBase="C:/Users/chris.mankin/Documents/Visual Studio 2010/Projects/Development/Mercury Framework v2/Src/Mercury.Messaging.Test/bin/Release/Mercury.Messaging.Test.DLL" adapterTypeName="Microsoft.VisualStudio.TestTools.TestTypes.Unit.UnitTestAdapter, Microsoft.VisualStudio.QualityTools.Tips.UnitTest.Adapter, Version=10.0.0.0, Culture=neutral, PublicKeyToken=b03f5f7f11d50a3a" className="Mercury.Messaging.Test.Runtime.Scheduler_specs, Mercury.Messaging.Test, Version=1.0.0.0, Culture=neutral, PublicKeyToken=b7c578f7c47ef72c" name="Stop_and_destroy_scheduler_before_scheduled_job_runs" />
    </UnitTest>
    <UnitTest name="Allocate_max_resources_and_delete" storage="c:\users\chris.mankin\documents\visual studio 2010\projects\development\mercury framework v2\src\mercury.messaging.test\bin\release\mercury.messaging.test.dll" id="4511653a-5877-cac3-986d-27e4088bfb8c">
      <Execution id="57be0541-c5e8-459d-853f-44c853286790" />
      <TestMethod codeBase="C:/Users/chris.mankin/Documents/Visual Studio 2010/Projects/Development/Mercury Framework v2/Src/Mercury.Messaging.Test/bin/Release/Mercury.Messaging.Test.DLL" adapterTypeName="Microsoft.VisualStudio.TestTools.TestTypes.Unit.UnitTestAdapter, Microsoft.VisualStudio.QualityTools.Tips.UnitTest.Adapter, Version=10.0.0.0, Culture=neutral, PublicKeyToken=b03f5f7f11d50a3a" className="Mercury.Messaging.Test.ResourcePool_Specs, Mercury.Messaging.Test, Version=1.0.0.0, Culture=neutral, PublicKeyToken=b7c578f7c47ef72c" name="Allocate_max_resources_and_delete" />
    </UnitTest>
    <UnitTest name="Get_remote_channel" storage="c:\users\chris.mankin\documents\visual studio 2010\projects\development\mercury framework v2\src\mercury.messaging.test\bin\release\mercury.messaging.test.dll" id="b483b428-b579-fd84-c8ac-7ed4a2b296b3">
      <Execution id="be741f28-0264-416f-bd6a-9dec1665faf1" />
      <TestMethod codeBase="C:/Users/chris.mankin/Documents/Visual Studio 2010/Projects/Development/Mercury Framework v2/Src/Mercury.Messaging.Test/bin/Release/Mercury.Messaging.Test.DLL" adapterTypeName="Microsoft.VisualStudio.TestTools.TestTypes.Unit.UnitTestAdapter, Microsoft.VisualStudio.QualityTools.Tips.UnitTest.Adapter, Version=10.0.0.0, Culture=neutral, PublicKeyToken=b03f5f7f11d50a3a" className="Mercury.Messaging.Test.Routing.RoutingEngine_Specs, Mercury.Messaging.Test, Version=1.0.0.0, Culture=neutral, PublicKeyToken=b7c578f7c47ef72c" name="Get_remote_channel" />
    </UnitTest>
    <UnitTest name="Spawn_agent" storage="c:\users\chris.mankin\documents\visual studio 2010\projects\development\mercury framework v2\src\mercury.messaging.test\bin\release\mercury.messaging.test.dll" id="eca5a763-4adc-0657-74e3-0cad7d863649">
      <Execution id="b45ea9eb-4149-4b37-9d83-23965e7785f5" />
      <TestMethod codeBase="C:/Users/chris.mankin/Documents/Visual Studio 2010/Projects/Development/Mercury Framework v2/Src/Mercury.Messaging.Test/bin/Release/Mercury.Messaging.Test.DLL" adapterTypeName="Microsoft.VisualStudio.TestTools.TestTypes.Unit.UnitTestAdapter, Microsoft.VisualStudio.QualityTools.Tips.UnitTest.Adapter, Version=10.0.0.0, Culture=neutral, PublicKeyToken=b03f5f7f11d50a3a" className="Mercury.Messaging.Test.Runtime.RuntimeEnvironment_Specs, Mercury.Messaging.Test, Version=1.0.0.0, Culture=neutral, PublicKeyToken=b7c578f7c47ef72c" name="Spawn_agent" />
    </UnitTest>
    <UnitTest name="Runtime_serializer_generic_serialize" storage="c:\users\chris.mankin\documents\visual studio 2010\projects\development\mercury framework v2\src\mercury.messaging.test\bin\release\mercury.messaging.test.dll" id="34a77162-7efa-6097-63fd-c23fe1962e36">
      <Execution id="d73b04aa-aeeb-40de-9ffa-6559ee0bc083" />
      <TestMethod codeBase="C:/Users/chris.mankin/Documents/Visual Studio 2010/Projects/Development/Mercury Framework v2/Src/Mercury.Messaging.Test/bin/Release/Mercury.Messaging.Test.DLL" adapterTypeName="Microsoft.VisualStudio.TestTools.TestTypes.Unit.UnitTestAdapter, Microsoft.VisualStudio.QualityTools.Tips.UnitTest.Adapter, Version=10.0.0.0, Culture=neutral, PublicKeyToken=b03f5f7f11d50a3a" className="Mercury.Messaging.Test.Serialization_specs, Mercury.Messaging.Test, Version=1.0.0.0, Culture=neutral, PublicKeyToken=b7c578f7c47ef72c" name="Runtime_serializer_generic_serialize" />
    </UnitTest>
    <UnitTest name="Link_two_agents_and_fail_two_way" storage="c:\users\chris.mankin\documents\visual studio 2010\projects\development\mercury framework v2\src\mercury.messaging.test\bin\release\mercury.messaging.test.dll" id="cef1a7d6-80b7-bb71-9d4e-6152d3266e0f">
      <Execution id="00931cc3-f0ec-4d89-84bf-19b10966b0c8" />
      <TestMethod codeBase="C:/Users/chris.mankin/Documents/Visual Studio 2010/Projects/Development/Mercury Framework v2/Src/Mercury.Messaging.Test/bin/Release/Mercury.Messaging.Test.DLL" adapterTypeName="Microsoft.VisualStudio.TestTools.TestTypes.Unit.UnitTestAdapter, Microsoft.VisualStudio.QualityTools.Tips.UnitTest.Adapter, Version=10.0.0.0, Culture=neutral, PublicKeyToken=b03f5f7f11d50a3a" className="Mercury.Messaging.Test.Agent_specs, Mercury.Messaging.Test, Version=1.0.0.0, Culture=neutral, PublicKeyToken=b7c578f7c47ef72c" name="Link_two_agents_and_fail_two_way" />
    </UnitTest>
    <UnitTest name="Delete_child_on_supervisor" storage="c:\users\chris.mankin\documents\visual studio 2010\projects\development\mercury framework v2\src\mercury.messaging.test\bin\release\mercury.messaging.test.dll" id="5881aa4a-28d3-5310-511a-93aab3cb48b4">
      <Execution id="eeaf5178-ce2f-423c-8367-d62e59bf0424" />
      <TestMethod codeBase="C:/Users/chris.mankin/Documents/Visual Studio 2010/Projects/Development/Mercury Framework v2/Src/Mercury.Messaging.Test/bin/Release/Mercury.Messaging.Test.DLL" adapterTypeName="Microsoft.VisualStudio.TestTools.TestTypes.Unit.UnitTestAdapter, Microsoft.VisualStudio.QualityTools.Tips.UnitTest.Adapter, Version=10.0.0.0, Culture=neutral, PublicKeyToken=b03f5f7f11d50a3a" className="Mercury.Messaging.Test.Behaviors.IPC2_Behaviors_specs, Mercury.Messaging.Test, Version=1.0.0.0, Culture=neutral, PublicKeyToken=b7c578f7c47ef72c" name="Delete_child_on_supervisor" />
    </UnitTest>
    <UnitTest name="Server_restart_throws_objectdisposedexception" storage="c:\users\chris.mankin\documents\visual studio 2010\projects\development\mercury framework v2\src\mercury.messaging.test\bin\release\mercury.messaging.test.dll" id="d6a426cd-e03b-cb18-2c1b-241a23fec56b">
      <Execution id="6eb7e540-f4d5-4c1b-b8ff-51891eb67161" />
      <TestMethod codeBase="C:/Users/chris.mankin/Documents/Visual Studio 2010/Projects/Development/Mercury Framework v2/Src/Mercury.Messaging.Test/bin/Release/Mercury.Messaging.Test.DLL" adapterTypeName="Microsoft.VisualStudio.TestTools.TestTypes.Unit.UnitTestAdapter, Microsoft.VisualStudio.QualityTools.Tips.UnitTest.Adapter, Version=10.0.0.0, Culture=neutral, PublicKeyToken=b03f5f7f11d50a3a" className="Mercury.Messaging.Test.ServiceModel.ServiceModel_specs, Mercury.Messaging.Test, Version=1.0.0.0, Culture=neutral, PublicKeyToken=b7c578f7c47ef72c" name="Server_restart_throws_objectdisposedexception" />
    </UnitTest>
    <UnitTest name="Kill_agent" storage="c:\users\chris.mankin\documents\visual studio 2010\projects\development\mercury framework v2\src\mercury.messaging.test\bin\release\mercury.messaging.test.dll" id="d405f29a-7074-8e96-2504-ce8ecaf6c9fc">
      <Execution id="7d196c81-28b4-415b-82e9-f09df24db85d" />
      <TestMethod codeBase="C:/Users/chris.mankin/Documents/Visual Studio 2010/Projects/Development/Mercury Framework v2/Src/Mercury.Messaging.Test/bin/Release/Mercury.Messaging.Test.DLL" adapterTypeName="Microsoft.VisualStudio.TestTools.TestTypes.Unit.UnitTestAdapter, Microsoft.VisualStudio.QualityTools.Tips.UnitTest.Adapter, Version=10.0.0.0, Culture=neutral, PublicKeyToken=b03f5f7f11d50a3a" className="Mercury.Messaging.Test.Runtime.RuntimeEnvironment_Specs, Mercury.Messaging.Test, Version=1.0.0.0, Culture=neutral, PublicKeyToken=b7c578f7c47ef72c" name="Kill_agent" />
    </UnitTest>
    <UnitTest name="Startup_a_single_agent" storage="c:\users\chris.mankin\documents\visual studio 2010\projects\development\mercury framework v2\src\mercury.messaging.test\bin\release\mercury.messaging.test.dll" id="c7697583-428e-eb99-b91b-aca547fa3134">
      <Execution id="f296ade4-8dbb-4d0c-9c17-dee588a32420" />
      <TestMethod codeBase="C:/Users/chris.mankin/Documents/Visual Studio 2010/Projects/Development/Mercury Framework v2/Src/Mercury.Messaging.Test/bin/Release/Mercury.Messaging.Test.DLL" adapterTypeName="Microsoft.VisualStudio.TestTools.TestTypes.Unit.UnitTestAdapter, Microsoft.VisualStudio.QualityTools.Tips.UnitTest.Adapter, Version=10.0.0.0, Culture=neutral, PublicKeyToken=b03f5f7f11d50a3a" className="Mercury.Messaging.Test.Agent_specs, Mercury.Messaging.Test, Version=1.0.0.0, Culture=neutral, PublicKeyToken=b7c578f7c47ef72c" name="Startup_a_single_agent" />
    </UnitTest>
    <UnitTest name="Create_supervisor_with_static_children" storage="c:\users\chris.mankin\documents\visual studio 2010\projects\development\mercury framework v2\src\mercury.messaging.test\bin\release\mercury.messaging.test.dll" id="9a826ded-91e6-6c88-ea16-1cdcc918f3c2">
      <Execution id="5efaedcb-b448-4b2b-81cc-6d8961fc7aac" />
      <TestMethod codeBase="C:/Users/chris.mankin/Documents/Visual Studio 2010/Projects/Development/Mercury Framework v2/Src/Mercury.Messaging.Test/bin/Release/Mercury.Messaging.Test.DLL" adapterTypeName="Microsoft.VisualStudio.TestTools.TestTypes.Unit.UnitTestAdapter, Microsoft.VisualStudio.QualityTools.Tips.UnitTest.Adapter, Version=10.0.0.0, Culture=neutral, PublicKeyToken=b03f5f7f11d50a3a" className="Mercury.Messaging.Test.Behaviors.IPC2_Behaviors_specs, Mercury.Messaging.Test, Version=1.0.0.0, Culture=neutral, PublicKeyToken=b7c578f7c47ef72c" name="Create_supervisor_with_static_children" />
    </UnitTest>
    <UnitTest name="Add_to_resource_pool_and_get" storage="c:\users\chris.mankin\documents\visual studio 2010\projects\development\mercury framework v2\src\mercury.messaging.test\bin\release\mercury.messaging.test.dll" id="8c920792-1168-cefd-ff3e-fa6af75217a7">
      <Execution id="a5dfdf59-1d82-4573-8f4f-8c6b720e349c" />
      <TestMethod codeBase="C:/Users/chris.mankin/Documents/Visual Studio 2010/Projects/Development/Mercury Framework v2/Src/Mercury.Messaging.Test/bin/Release/Mercury.Messaging.Test.DLL" adapterTypeName="Microsoft.VisualStudio.TestTools.TestTypes.Unit.UnitTestAdapter, Microsoft.VisualStudio.QualityTools.Tips.UnitTest.Adapter, Version=10.0.0.0, Culture=neutral, PublicKeyToken=b03f5f7f11d50a3a" className="Mercury.Messaging.Test.ResourcePool_Specs, Mercury.Messaging.Test, Version=1.0.0.0, Culture=neutral, PublicKeyToken=b7c578f7c47ef72c" name="Add_to_resource_pool_and_get" />
    </UnitTest>
    <UnitTest name="Register_unregister_remote_node" storage="c:\users\chris.mankin\documents\visual studio 2010\projects\development\mercury framework v2\src\mercury.messaging.test\bin\release\mercury.messaging.test.dll" id="85920440-a20c-384e-9aff-95bf6a07bc09">
      <Execution id="d1a2c4b0-151d-4a3c-bb54-cf78ead50ce1" />
      <TestMethod codeBase="C:/Users/chris.mankin/Documents/Visual Studio 2010/Projects/Development/Mercury Framework v2/Src/Mercury.Messaging.Test/bin/Release/Mercury.Messaging.Test.DLL" adapterTypeName="Microsoft.VisualStudio.TestTools.TestTypes.Unit.UnitTestAdapter, Microsoft.VisualStudio.QualityTools.Tips.UnitTest.Adapter, Version=10.0.0.0, Culture=neutral, PublicKeyToken=b03f5f7f11d50a3a" className="Mercury.Messaging.Test.Routing.RoutingEngine_Specs, Mercury.Messaging.Test, Version=1.0.0.0, Culture=neutral, PublicKeyToken=b7c578f7c47ef72c" name="Register_unregister_remote_node" />
    </UnitTest>
    <UnitTest name="Dynamic_add_child_to_supervisor" storage="c:\users\chris.mankin\documents\visual studio 2010\projects\development\mercury framework v2\src\mercury.messaging.test\bin\release\mercury.messaging.test.dll" id="aadf6f3b-dfca-829f-ad7d-c8274fa9f43c">
      <Execution id="4d8216d7-7c66-429e-a7b8-d2c653a1a14b" />
      <TestMethod codeBase="C:/Users/chris.mankin/Documents/Visual Studio 2010/Projects/Development/Mercury Framework v2/Src/Mercury.Messaging.Test/bin/Release/Mercury.Messaging.Test.DLL" adapterTypeName="Microsoft.VisualStudio.TestTools.TestTypes.Unit.UnitTestAdapter, Microsoft.VisualStudio.QualityTools.Tips.UnitTest.Adapter, Version=10.0.0.0, Culture=neutral, PublicKeyToken=b03f5f7f11d50a3a" className="Mercury.Messaging.Test.Behaviors.IPC2_Behaviors_specs, Mercury.Messaging.Test, Version=1.0.0.0, Culture=neutral, PublicKeyToken=b7c578f7c47ef72c" name="Dynamic_add_child_to_supervisor" />
    </UnitTest>
    <UnitTest name="Future_can_be_called_twice_without_consequences" storage="c:\users\chris.mankin\documents\visual studio 2010\projects\development\mercury framework v2\src\mercury.messaging.test\bin\release\mercury.messaging.test.dll" id="c9a7b42c-6ec9-069d-8c66-1db5d51e2f51">
      <Execution id="6a0a50b4-e6f0-4f65-addf-ecaf435bce8c" />
      <TestMethod codeBase="C:/Users/chris.mankin/Documents/Visual Studio 2010/Projects/Development/Mercury Framework v2/Src/Mercury.Messaging.Test/bin/Release/Mercury.Messaging.Test.DLL" adapterTypeName="Microsoft.VisualStudio.TestTools.TestTypes.Unit.UnitTestAdapter, Microsoft.VisualStudio.QualityTools.Tips.UnitTest.Adapter, Version=10.0.0.0, Culture=neutral, PublicKeyToken=b03f5f7f11d50a3a" className="Mercury.Messaging.Test.Agent_specs, Mercury.Messaging.Test, Version=1.0.0.0, Culture=neutral, PublicKeyToken=b7c578f7c47ef72c" name="Future_can_be_called_twice_without_consequences" />
    </UnitTest>
    <UnitTest name="Agent_ordered_message_processing" storage="c:\users\chris.mankin\documents\visual studio 2010\projects\development\mercury framework v2\src\mercury.messaging.test\bin\release\mercury.messaging.test.dll" id="7de326f8-604a-2cdb-a0ba-49bd2a4fb803">
      <Execution id="6517c1d4-2747-4042-8b82-d4097faff32c" />
      <TestMethod codeBase="C:/Users/chris.mankin/Documents/Visual Studio 2010/Projects/Development/Mercury Framework v2/Src/Mercury.Messaging.Test/bin/Release/Mercury.Messaging.Test.DLL" adapterTypeName="Microsoft.VisualStudio.TestTools.TestTypes.Unit.UnitTestAdapter, Microsoft.VisualStudio.QualityTools.Tips.UnitTest.Adapter, Version=10.0.0.0, Culture=neutral, PublicKeyToken=b03f5f7f11d50a3a" className="Mercury.Messaging.Test.Agent_specs, Mercury.Messaging.Test, Version=1.0.0.0, Culture=neutral, PublicKeyToken=b7c578f7c47ef72c" name="Agent_ordered_message_processing" />
    </UnitTest>
    <UnitTest name="Schedule_multiple_periodic_actions_with_timer" storage="c:\users\chris.mankin\documents\visual studio 2010\projects\development\mercury framework v2\src\mercury.messaging.test\bin\release\mercury.messaging.test.dll" id="db84d05c-ceef-752f-fc41-fcd28ba121e4">
      <Execution id="e4254c94-530a-4fa1-89d8-d3c0a299fda9" />
      <TestMethod codeBase="C:/Users/chris.mankin/Documents/Visual Studio 2010/Projects/Development/Mercury Framework v2/Src/Mercury.Messaging.Test/bin/Release/Mercury.Messaging.Test.DLL" adapterTypeName="Microsoft.VisualStudio.TestTools.TestTypes.Unit.UnitTestAdapter, Microsoft.VisualStudio.QualityTools.Tips.UnitTest.Adapter, Version=10.0.0.0, Culture=neutral, PublicKeyToken=b03f5f7f11d50a3a" className="Mercury.Messaging.Test.Runtime.Scheduler_specs, Mercury.Messaging.Test, Version=1.0.0.0, Culture=neutral, PublicKeyToken=b7c578f7c47ef72c" name="Schedule_multiple_periodic_actions_with_timer" />
    </UnitTest>
    <UnitTest name="Worker_restart_strategy_specs" storage="c:\users\chris.mankin\documents\visual studio 2010\projects\development\mercury framework v2\src\mercury.messaging.test\bin\release\mercury.messaging.test.dll" id="6c7d3701-bd1b-f377-360d-c15edf59f69a">
      <Execution id="9112accc-b707-4d01-ab1e-705694a4aaba" />
      <TestMethod codeBase="C:/Users/chris.mankin/Documents/Visual Studio 2010/Projects/Development/Mercury Framework v2/Src/Mercury.Messaging.Test/bin/Release/Mercury.Messaging.Test.DLL" adapterTypeName="Microsoft.VisualStudio.TestTools.TestTypes.Unit.UnitTestAdapter, Microsoft.VisualStudio.QualityTools.Tips.UnitTest.Adapter, Version=10.0.0.0, Culture=neutral, PublicKeyToken=b03f5f7f11d50a3a" className="Mercury.Messaging.Test.Behaviors.IPC2_Behaviors_specs, Mercury.Messaging.Test, Version=1.0.0.0, Culture=neutral, PublicKeyToken=b7c578f7c47ef72c" name="Worker_restart_strategy_specs" />
    </UnitTest>
    <UnitTest name="Create_supervisor_with_static_and_dynamic_children" storage="c:\users\chris.mankin\documents\visual studio 2010\projects\development\mercury framework v2\src\mercury.messaging.test\bin\release\mercury.messaging.test.dll" id="91ace8bf-68d2-52b5-8710-87fbedc1d498">
      <Execution id="fccbde2e-30d0-430a-a498-73f7f3ce6834" />
      <TestMethod codeBase="C:/Users/chris.mankin/Documents/Visual Studio 2010/Projects/Development/Mercury Framework v2/Src/Mercury.Messaging.Test/bin/Release/Mercury.Messaging.Test.DLL" adapterTypeName="Microsoft.VisualStudio.TestTools.TestTypes.Unit.UnitTestAdapter, Microsoft.VisualStudio.QualityTools.Tips.UnitTest.Adapter, Version=10.0.0.0, Culture=neutral, PublicKeyToken=b03f5f7f11d50a3a" className="Mercury.Messaging.Test.Behaviors.IPC2_Behaviors_specs, Mercury.Messaging.Test, Version=1.0.0.0, Culture=neutral, PublicKeyToken=b7c578f7c47ef72c" name="Create_supervisor_with_static_and_dynamic_children" />
    </UnitTest>
    <UnitTest name="Get_untyped_agent_channel" storage="c:\users\chris.mankin\documents\visual studio 2010\projects\development\mercury framework v2\src\mercury.messaging.test\bin\release\mercury.messaging.test.dll" id="31b4181d-ec7b-2ff6-24da-c465245fe315">
      <Execution id="90043f3b-e4ec-40bf-9d64-0117d4c5947b" />
      <TestMethod codeBase="C:/Users/chris.mankin/Documents/Visual Studio 2010/Projects/Development/Mercury Framework v2/Src/Mercury.Messaging.Test/bin/Release/Mercury.Messaging.Test.DLL" adapterTypeName="Microsoft.VisualStudio.TestTools.TestTypes.Unit.UnitTestAdapter, Microsoft.VisualStudio.QualityTools.Tips.UnitTest.Adapter, Version=10.0.0.0, Culture=neutral, PublicKeyToken=b03f5f7f11d50a3a" className="Mercury.Messaging.Test.Routing.RoutingEngine_Specs, Mercury.Messaging.Test, Version=1.0.0.0, Culture=neutral, PublicKeyToken=b7c578f7c47ef72c" name="Get_untyped_agent_channel" />
    </UnitTest>
    <UnitTest name="Interrupt_message_interleaves_current_messages" storage="c:\users\chris.mankin\documents\visual studio 2010\projects\development\mercury framework v2\src\mercury.messaging.test\bin\release\mercury.messaging.test.dll" id="1645d958-cc20-e5c9-2b5d-2cc410c694f5">
      <Execution id="affa992b-aea0-4000-9278-9de3455a9427" />
      <TestMethod codeBase="C:/Users/chris.mankin/Documents/Visual Studio 2010/Projects/Development/Mercury Framework v2/Src/Mercury.Messaging.Test/bin/Release/Mercury.Messaging.Test.DLL" adapterTypeName="Microsoft.VisualStudio.TestTools.TestTypes.Unit.UnitTestAdapter, Microsoft.VisualStudio.QualityTools.Tips.UnitTest.Adapter, Version=10.0.0.0, Culture=neutral, PublicKeyToken=b03f5f7f11d50a3a" className="Mercury.Messaging.Test.Agent_specs, Mercury.Messaging.Test, Version=1.0.0.0, Culture=neutral, PublicKeyToken=b7c578f7c47ef72c" name="Interrupt_message_interleaves_current_messages" />
    </UnitTest>
    <UnitTest name="Serialize_serial_message_for_packet" storage="c:\users\chris.mankin\documents\visual studio 2010\projects\development\mercury framework v2\src\mercury.messaging.test\bin\release\mercury.messaging.test.dll" id="347a5637-8c65-f977-2901-0dfc2014e5a8">
      <Execution id="bb3e5c0c-f157-40c8-b872-9ee3c5ec00e1" />
      <TestMethod codeBase="C:/Users/chris.mankin/Documents/Visual Studio 2010/Projects/Development/Mercury Framework v2/Src/Mercury.Messaging.Test/bin/Release/Mercury.Messaging.Test.DLL" adapterTypeName="Microsoft.VisualStudio.TestTools.TestTypes.Unit.UnitTestAdapter, Microsoft.VisualStudio.QualityTools.Tips.UnitTest.Adapter, Version=10.0.0.0, Culture=neutral, PublicKeyToken=b03f5f7f11d50a3a" className="Mercury.Messaging.Test.Serialization_specs, Mercury.Messaging.Test, Version=1.0.0.0, Culture=neutral, PublicKeyToken=b7c578f7c47ef72c" name="Serialize_serial_message_for_packet" />
    </UnitTest>
    <UnitTest name="Server_hosting_startup_and_shutdown_specs" storage="c:\users\chris.mankin\documents\visual studio 2010\projects\development\mercury framework v2\src\mercury.messaging.test\bin\release\mercury.messaging.test.dll" id="26409843-b364-aa89-90ff-0161257bef80">
      <Execution id="1d165cd2-f48a-4fa6-83dc-300ae4dd6058" />
      <TestMethod codeBase="C:/Users/chris.mankin/Documents/Visual Studio 2010/Projects/Development/Mercury Framework v2/Src/Mercury.Messaging.Test/bin/Release/Mercury.Messaging.Test.DLL" adapterTypeName="Microsoft.VisualStudio.TestTools.TestTypes.Unit.UnitTestAdapter, Microsoft.VisualStudio.QualityTools.Tips.UnitTest.Adapter, Version=10.0.0.0, Culture=neutral, PublicKeyToken=b03f5f7f11d50a3a" className="Mercury.Messaging.Test.ServiceModel.ServiceModel_specs, Mercury.Messaging.Test, Version=1.0.0.0, Culture=neutral, PublicKeyToken=b7c578f7c47ef72c" name="Server_hosting_startup_and_shutdown_specs" />
    </UnitTest>
    <UnitTest name="Schedule_action_with_timer" storage="c:\users\chris.mankin\documents\visual studio 2010\projects\development\mercury framework v2\src\mercury.messaging.test\bin\release\mercury.messaging.test.dll" id="b79d2efb-1850-adbf-e8e5-b4aff9f2d0d8">
      <Execution id="992f5cfb-1396-42a4-8522-17807ca410a5" />
      <TestMethod codeBase="C:/Users/chris.mankin/Documents/Visual Studio 2010/Projects/Development/Mercury Framework v2/Src/Mercury.Messaging.Test/bin/Release/Mercury.Messaging.Test.DLL" adapterTypeName="Microsoft.VisualStudio.TestTools.TestTypes.Unit.UnitTestAdapter, Microsoft.VisualStudio.QualityTools.Tips.UnitTest.Adapter, Version=10.0.0.0, Culture=neutral, PublicKeyToken=b03f5f7f11d50a3a" className="Mercury.Messaging.Test.Runtime.Scheduler_specs, Mercury.Messaging.Test, Version=1.0.0.0, Culture=neutral, PublicKeyToken=b7c578f7c47ef72c" name="Schedule_action_with_timer" />
    </UnitTest>
    <UnitTest name="Dispose_resources" storage="c:\users\chris.mankin\documents\visual studio 2010\projects\development\mercury framework v2\src\mercury.messaging.test\bin\release\mercury.messaging.test.dll" id="a5b09d0c-1248-df41-4aa5-858a99dbe688">
      <Execution id="d9cbdea9-4a34-4ecb-bf2e-e2151a6351c1" />
      <TestMethod codeBase="C:/Users/chris.mankin/Documents/Visual Studio 2010/Projects/Development/Mercury Framework v2/Src/Mercury.Messaging.Test/bin/Release/Mercury.Messaging.Test.DLL" adapterTypeName="Microsoft.VisualStudio.TestTools.TestTypes.Unit.UnitTestAdapter, Microsoft.VisualStudio.QualityTools.Tips.UnitTest.Adapter, Version=10.0.0.0, Culture=neutral, PublicKeyToken=b03f5f7f11d50a3a" className="Mercury.Messaging.Test.ResourcePool_Specs, Mercury.Messaging.Test, Version=1.0.0.0, Culture=neutral, PublicKeyToken=b7c578f7c47ef72c" name="Dispose_resources" />
    </UnitTest>
    <UnitTest name="Create_generic_server_and_ping" storage="c:\users\chris.mankin\documents\visual studio 2010\projects\development\mercury framework v2\src\mercury.messaging.test\bin\release\mercury.messaging.test.dll" id="60142f42-a44a-6dc1-83cd-62d152f78edc">
      <Execution id="bdd5f1ee-1ceb-4143-aa18-be750351842d" />
      <TestMethod codeBase="C:/Users/chris.mankin/Documents/Visual Studio 2010/Projects/Development/Mercury Framework v2/Src/Mercury.Messaging.Test/bin/Release/Mercury.Messaging.Test.DLL" adapterTypeName="Microsoft.VisualStudio.TestTools.TestTypes.Unit.UnitTestAdapter, Microsoft.VisualStudio.QualityTools.Tips.UnitTest.Adapter, Version=10.0.0.0, Culture=neutral, PublicKeyToken=b03f5f7f11d50a3a" className="Mercury.Messaging.Test.Behaviors.IPC2_Behaviors_specs, Mercury.Messaging.Test, Version=1.0.0.0, Culture=neutral, PublicKeyToken=b7c578f7c47ef72c" name="Create_generic_server_and_ping" />
    </UnitTest>
    <UnitTest name="Custom_supervisor_agent_tests" storage="c:\users\chris.mankin\documents\visual studio 2010\projects\development\mercury framework v2\src\mercury.messaging.test\bin\release\mercury.messaging.test.dll" id="91c062f8-343b-a991-c293-c1e685a68b9a">
      <Execution id="e2706e71-252c-416b-be91-57fa08224821" />
      <TestMethod codeBase="C:/Users/chris.mankin/Documents/Visual Studio 2010/Projects/Development/Mercury Framework v2/Src/Mercury.Messaging.Test/bin/Release/Mercury.Messaging.Test.DLL" adapterTypeName="Microsoft.VisualStudio.TestTools.TestTypes.Unit.UnitTestAdapter, Microsoft.VisualStudio.QualityTools.Tips.UnitTest.Adapter, Version=10.0.0.0, Culture=neutral, PublicKeyToken=b03f5f7f11d50a3a" className="Mercury.Messaging.Test.Agent_specs, Mercury.Messaging.Test, Version=1.0.0.0, Culture=neutral, PublicKeyToken=b7c578f7c47ef72c" name="Custom_supervisor_agent_tests" />
    </UnitTest>
    <UnitTest name="Serialize_deserialize_request_and_response" storage="c:\users\chris.mankin\documents\visual studio 2010\projects\development\mercury framework v2\src\mercury.messaging.test\bin\release\mercury.messaging.test.dll" id="304e451a-ea36-277d-5e7d-fc0bff0cd3f6">
      <Execution id="a1f109e7-dfbb-47ed-8ab0-aead8759a0d5" />
      <TestMethod codeBase="C:/Users/chris.mankin/Documents/Visual Studio 2010/Projects/Development/Mercury Framework v2/Src/Mercury.Messaging.Test/bin/Release/Mercury.Messaging.Test.DLL" adapterTypeName="Microsoft.VisualStudio.TestTools.TestTypes.Unit.UnitTestAdapter, Microsoft.VisualStudio.QualityTools.Tips.UnitTest.Adapter, Version=10.0.0.0, Culture=neutral, PublicKeyToken=b03f5f7f11d50a3a" className="Mercury.Messaging.Test.Serialization_specs, Mercury.Messaging.Test, Version=1.0.0.0, Culture=neutral, PublicKeyToken=b7c578f7c47ef72c" name="Serialize_deserialize_request_and_response" />
    </UnitTest>
    <UnitTest name="Agent_futures" storage="c:\users\chris.mankin\documents\visual studio 2010\projects\development\mercury framework v2\src\mercury.messaging.test\bin\release\mercury.messaging.test.dll" id="867e3c33-e403-1cd7-16a2-17336a191186">
      <Execution id="69f3e5d4-e21e-480b-8363-abf77ce14fe3" />
      <TestMethod codeBase="C:/Users/chris.mankin/Documents/Visual Studio 2010/Projects/Development/Mercury Framework v2/Src/Mercury.Messaging.Test/bin/Release/Mercury.Messaging.Test.DLL" adapterTypeName="Microsoft.VisualStudio.TestTools.TestTypes.Unit.UnitTestAdapter, Microsoft.VisualStudio.QualityTools.Tips.UnitTest.Adapter, Version=10.0.0.0, Culture=neutral, PublicKeyToken=b03f5f7f11d50a3a" className="Mercury.Messaging.Test.Agent_specs, Mercury.Messaging.Test, Version=1.0.0.0, Culture=neutral, PublicKeyToken=b7c578f7c47ef72c" name="Agent_futures" />
    </UnitTest>
    <UnitTest name="Get_agent_by_type" storage="c:\users\chris.mankin\documents\visual studio 2010\projects\development\mercury framework v2\src\mercury.messaging.test\bin\release\mercury.messaging.test.dll" id="00bc8ce0-5bad-658a-8e6a-37d2519ca164">
      <Execution id="ccd1dff2-51d7-4c07-97d2-24aa055eddbb" />
      <TestMethod codeBase="C:/Users/chris.mankin/Documents/Visual Studio 2010/Projects/Development/Mercury Framework v2/Src/Mercury.Messaging.Test/bin/Release/Mercury.Messaging.Test.DLL" adapterTypeName="Microsoft.VisualStudio.TestTools.TestTypes.Unit.UnitTestAdapter, Microsoft.VisualStudio.QualityTools.Tips.UnitTest.Adapter, Version=10.0.0.0, Culture=neutral, PublicKeyToken=b03f5f7f11d50a3a" className="Mercury.Messaging.Test.Routing.RoutingEngine_Specs, Mercury.Messaging.Test, Version=1.0.0.0, Culture=neutral, PublicKeyToken=b7c578f7c47ef72c" name="Get_agent_by_type" />
    </UnitTest>
    <UnitTest name="Agent_request_response" storage="c:\users\chris.mankin\documents\visual studio 2010\projects\development\mercury framework v2\src\mercury.messaging.test\bin\release\mercury.messaging.test.dll" id="ffb28761-b29a-8cc4-3039-e3c502756163">
      <Execution id="9329e0f1-649b-4b2e-a5f2-90130138ac38" />
      <TestMethod codeBase="C:/Users/chris.mankin/Documents/Visual Studio 2010/Projects/Development/Mercury Framework v2/Src/Mercury.Messaging.Test/bin/Release/Mercury.Messaging.Test.DLL" adapterTypeName="Microsoft.VisualStudio.TestTools.TestTypes.Unit.UnitTestAdapter, Microsoft.VisualStudio.QualityTools.Tips.UnitTest.Adapter, Version=10.0.0.0, Culture=neutral, PublicKeyToken=b03f5f7f11d50a3a" className="Mercury.Messaging.Test.Agent_specs, Mercury.Messaging.Test, Version=1.0.0.0, Culture=neutral, PublicKeyToken=b7c578f7c47ef72c" name="Agent_request_response" />
    </UnitTest>
    <UnitTest name="Cancel_scheduled_job" storage="c:\users\chris.mankin\documents\visual studio 2010\projects\development\mercury framework v2\src\mercury.messaging.test\bin\release\mercury.messaging.test.dll" id="db69da61-df53-cbd5-c428-1cbe1fdb5535">
      <Execution id="8a4adcbb-7041-4234-9dd6-6f931f3d13aa" />
      <TestMethod codeBase="C:/Users/chris.mankin/Documents/Visual Studio 2010/Projects/Development/Mercury Framework v2/Src/Mercury.Messaging.Test/bin/Release/Mercury.Messaging.Test.DLL" adapterTypeName="Microsoft.VisualStudio.TestTools.TestTypes.Unit.UnitTestAdapter, Microsoft.VisualStudio.QualityTools.Tips.UnitTest.Adapter, Version=10.0.0.0, Culture=neutral, PublicKeyToken=b03f5f7f11d50a3a" className="Mercury.Messaging.Test.Runtime.Scheduler_specs, Mercury.Messaging.Test, Version=1.0.0.0, Culture=neutral, PublicKeyToken=b7c578f7c47ef72c" name="Cancel_scheduled_job" />
    </UnitTest>
    <UnitTest name="Stop_and_restart_child_on_supervisor" storage="c:\users\chris.mankin\documents\visual studio 2010\projects\development\mercury framework v2\src\mercury.messaging.test\bin\release\mercury.messaging.test.dll" id="30611ae3-90da-5892-737e-283036df56d2">
      <Execution id="f3302c78-78e6-4906-b7f0-94686672f6a5" />
      <TestMethod codeBase="C:/Users/chris.mankin/Documents/Visual Studio 2010/Projects/Development/Mercury Framework v2/Src/Mercury.Messaging.Test/bin/Release/Mercury.Messaging.Test.DLL" adapterTypeName="Microsoft.VisualStudio.TestTools.TestTypes.Unit.UnitTestAdapter, Microsoft.VisualStudio.QualityTools.Tips.UnitTest.Adapter, Version=10.0.0.0, Culture=neutral, PublicKeyToken=b03f5f7f11d50a3a" className="Mercury.Messaging.Test.Behaviors.IPC2_Behaviors_specs, Mercury.Messaging.Test, Version=1.0.0.0, Culture=neutral, PublicKeyToken=b7c578f7c47ef72c" name="Stop_and_restart_child_on_supervisor" />
    </UnitTest>
    <UnitTest name="Agent_ping_pong" storage="c:\users\chris.mankin\documents\visual studio 2010\projects\development\mercury framework v2\src\mercury.messaging.test\bin\release\mercury.messaging.test.dll" id="356d90d3-1349-08cc-10e5-9950436906ac">
      <Execution id="0ba83ced-d3b3-44f4-817b-fadca6dd0c8b" />
      <TestMethod codeBase="C:/Users/chris.mankin/Documents/Visual Studio 2010/Projects/Development/Mercury Framework v2/Src/Mercury.Messaging.Test/bin/Release/Mercury.Messaging.Test.DLL" adapterTypeName="Microsoft.VisualStudio.TestTools.TestTypes.Unit.UnitTestAdapter, Microsoft.VisualStudio.QualityTools.Tips.UnitTest.Adapter, Version=10.0.0.0, Culture=neutral, PublicKeyToken=b03f5f7f11d50a3a" className="Mercury.Messaging.Test.Agent_specs, Mercury.Messaging.Test, Version=1.0.0.0, Culture=neutral, PublicKeyToken=b7c578f7c47ef72c" name="Agent_ping_pong" />
    </UnitTest>
    <UnitTest name="Delete_from_resource_pool" storage="c:\users\chris.mankin\documents\visual studio 2010\projects\development\mercury framework v2\src\mercury.messaging.test\bin\release\mercury.messaging.test.dll" id="26e53e01-20bc-7de3-aec4-525817ed286c">
      <Execution id="0850de9b-e7f3-49a7-802d-acc879a04f52" />
      <TestMethod codeBase="C:/Users/chris.mankin/Documents/Visual Studio 2010/Projects/Development/Mercury Framework v2/Src/Mercury.Messaging.Test/bin/Release/Mercury.Messaging.Test.DLL" adapterTypeName="Microsoft.VisualStudio.TestTools.TestTypes.Unit.UnitTestAdapter, Microsoft.VisualStudio.QualityTools.Tips.UnitTest.Adapter, Version=10.0.0.0, Culture=neutral, PublicKeyToken=b03f5f7f11d50a3a" className="Mercury.Messaging.Test.ResourcePool_Specs, Mercury.Messaging.Test, Version=1.0.0.0, Culture=neutral, PublicKeyToken=b7c578f7c47ef72c" name="Delete_from_resource_pool" />
    </UnitTest>
    <UnitTest name="Get_all_children_on_supervisor" storage="c:\users\chris.mankin\documents\visual studio 2010\projects\development\mercury framework v2\src\mercury.messaging.test\bin\release\mercury.messaging.test.dll" id="1b20e729-e5c5-ecb0-513d-a569a255ac22">
      <Execution id="32bff92d-dd84-4829-830b-e3159e4c7d59" />
      <TestMethod codeBase="C:/Users/chris.mankin/Documents/Visual Studio 2010/Projects/Development/Mercury Framework v2/Src/Mercury.Messaging.Test/bin/Release/Mercury.Messaging.Test.DLL" adapterTypeName="Microsoft.VisualStudio.TestTools.TestTypes.Unit.UnitTestAdapter, Microsoft.VisualStudio.QualityTools.Tips.UnitTest.Adapter, Version=10.0.0.0, Culture=neutral, PublicKeyToken=b03f5f7f11d50a3a" className="Mercury.Messaging.Test.Behaviors.IPC2_Behaviors_specs, Mercury.Messaging.Test, Version=1.0.0.0, Culture=neutral, PublicKeyToken=b7c578f7c47ef72c" name="Get_all_children_on_supervisor" />
    </UnitTest>
    <UnitTest name="Send_message" storage="c:\users\chris.mankin\documents\visual studio 2010\projects\development\mercury framework v2\src\mercury.messaging.test\bin\release\mercury.messaging.test.dll" id="7d19b0d8-26c7-e13a-0918-b79afe07f6cb">
      <Execution id="3678f72e-1b3e-4007-887b-d39f2a708a84" />
      <TestMethod codeBase="C:/Users/chris.mankin/Documents/Visual Studio 2010/Projects/Development/Mercury Framework v2/Src/Mercury.Messaging.Test/bin/Release/Mercury.Messaging.Test.DLL" adapterTypeName="Microsoft.VisualStudio.TestTools.TestTypes.Unit.UnitTestAdapter, Microsoft.VisualStudio.QualityTools.Tips.UnitTest.Adapter, Version=10.0.0.0, Culture=neutral, PublicKeyToken=b03f5f7f11d50a3a" className="Mercury.Messaging.Test.Routing.RoutingEngine_Specs, Mercury.Messaging.Test, Version=1.0.0.0, Culture=neutral, PublicKeyToken=b7c578f7c47ef72c" name="Send_message" />
    </UnitTest>
    <UnitTest name="Resolve_remote_node" storage="c:\users\chris.mankin\documents\visual studio 2010\projects\development\mercury framework v2\src\mercury.messaging.test\bin\release\mercury.messaging.test.dll" id="bd673b3c-90ca-2748-44de-c6e4c3eca644">
      <Execution id="29fcf61b-25af-4883-8005-b3f851896e0b" />
      <TestMethod codeBase="C:/Users/chris.mankin/Documents/Visual Studio 2010/Projects/Development/Mercury Framework v2/Src/Mercury.Messaging.Test/bin/Release/Mercury.Messaging.Test.DLL" adapterTypeName="Microsoft.VisualStudio.TestTools.TestTypes.Unit.UnitTestAdapter, Microsoft.VisualStudio.QualityTools.Tips.UnitTest.Adapter, Version=10.0.0.0, Culture=neutral, PublicKeyToken=b03f5f7f11d50a3a" className="Mercury.Messaging.Test.Routing.RoutingEngine_Specs, Mercury.Messaging.Test, Version=1.0.0.0, Culture=neutral, PublicKeyToken=b7c578f7c47ef72c" name="Resolve_remote_node" />
    </UnitTest>
    <UnitTest name="Run_simple_packet_protocol" storage="c:\users\chris.mankin\documents\visual studio 2010\projects\development\mercury framework v2\src\mercury.messaging.test\bin\release\mercury.messaging.test.dll" id="c0255a92-5f31-fe3c-9b4d-1b6503948ef8">
      <Execution id="14f252be-d47a-4809-8fb2-5c0c2e8b33e8" />
      <TestMethod codeBase="C:/Users/chris.mankin/Documents/Visual Studio 2010/Projects/Development/Mercury Framework v2/Src/Mercury.Messaging.Test/bin/Release/Mercury.Messaging.Test.DLL" adapterTypeName="Microsoft.VisualStudio.TestTools.TestTypes.Unit.UnitTestAdapter, Microsoft.VisualStudio.QualityTools.Tips.UnitTest.Adapter, Version=10.0.0.0, Culture=neutral, PublicKeyToken=b03f5f7f11d50a3a" className="Mercury.Messaging.Test.ServiceModel.ServiceModel_specs, Mercury.Messaging.Test, Version=1.0.0.0, Culture=neutral, PublicKeyToken=b7c578f7c47ef72c" name="Run_simple_packet_protocol" />
    </UnitTest>
    <UnitTest name="Future_accumulates_messages_while_waiting_for_result" storage="c:\users\chris.mankin\documents\visual studio 2010\projects\development\mercury framework v2\src\mercury.messaging.test\bin\release\mercury.messaging.test.dll" id="dee139b8-437d-98e4-8e02-68ce168542d2">
      <Execution id="88126b42-db78-4820-b29b-5b4dc81bfe2c" />
      <TestMethod codeBase="C:/Users/chris.mankin/Documents/Visual Studio 2010/Projects/Development/Mercury Framework v2/Src/Mercury.Messaging.Test/bin/Release/Mercury.Messaging.Test.DLL" adapterTypeName="Microsoft.VisualStudio.TestTools.TestTypes.Unit.UnitTestAdapter, Microsoft.VisualStudio.QualityTools.Tips.UnitTest.Adapter, Version=10.0.0.0, Culture=neutral, PublicKeyToken=b03f5f7f11d50a3a" className="Mercury.Messaging.Test.Agent_specs, Mercury.Messaging.Test, Version=1.0.0.0, Culture=neutral, PublicKeyToken=b7c578f7c47ef72c" name="Future_accumulates_messages_while_waiting_for_result" />
    </UnitTest>
    <UnitTest name="Synchronous_message_blocks_until_complete" storage="c:\users\chris.mankin\documents\visual studio 2010\projects\development\mercury framework v2\src\mercury.messaging.test\bin\release\mercury.messaging.test.dll" id="fbf19baf-adef-42c8-f964-b6feea0d5ea2">
      <Execution id="a2d6324c-1a81-44bb-b6bd-a41314a797f8" />
      <TestMethod codeBase="C:/Users/chris.mankin/Documents/Visual Studio 2010/Projects/Development/Mercury Framework v2/Src/Mercury.Messaging.Test/bin/Release/Mercury.Messaging.Test.DLL" adapterTypeName="Microsoft.VisualStudio.TestTools.TestTypes.Unit.UnitTestAdapter, Microsoft.VisualStudio.QualityTools.Tips.UnitTest.Adapter, Version=10.0.0.0, Culture=neutral, PublicKeyToken=b03f5f7f11d50a3a" className="Mercury.Messaging.Test.Agent_specs, Mercury.Messaging.Test, Version=1.0.0.0, Culture=neutral, PublicKeyToken=b7c578f7c47ef72c" name="Synchronous_message_blocks_until_complete" />
    </UnitTest>
    <UnitTest name="Implicit_get_registered_node_remote_channel" storage="c:\users\chris.mankin\documents\visual studio 2010\projects\development\mercury framework v2\src\mercury.messaging.test\bin\release\mercury.messaging.test.dll" id="266230a6-f9a8-fe8d-7a6c-bc635d651aff">
      <Execution id="ca4c9a2d-9e12-44f9-a67c-322c9dee65c4" />
      <TestMethod codeBase="C:/Users/chris.mankin/Documents/Visual Studio 2010/Projects/Development/Mercury Framework v2/Src/Mercury.Messaging.Test/bin/Release/Mercury.Messaging.Test.DLL" adapterTypeName="Microsoft.VisualStudio.TestTools.TestTypes.Unit.UnitTestAdapter, Microsoft.VisualStudio.QualityTools.Tips.UnitTest.Adapter, Version=10.0.0.0, Culture=neutral, PublicKeyToken=b03f5f7f11d50a3a" className="Mercury.Messaging.Test.Routing.RoutingEngine_Specs, Mercury.Messaging.Test, Version=1.0.0.0, Culture=neutral, PublicKeyToken=b7c578f7c47ef72c" name="Implicit_get_registered_node_remote_channel" />
    </UnitTest>
  </TestDefinitions>
  <TestLists>
    <TestList name="Results Not in a List" id="8c84fa94-04c1-424b-9868-57a2d4851a1d" />
    <TestList name="All Loaded Results" id="19431567-8539-422a-85d7-44ee4e166bda" />
  </TestLists>
  <TestEntries>
    <TestEntry testId="8c920792-1168-cefd-ff3e-fa6af75217a7" executionId="a5dfdf59-1d82-4573-8f4f-8c6b720e349c" testListId="8c84fa94-04c1-424b-9868-57a2d4851a1d" />
    <TestEntry testId="26e53e01-20bc-7de3-aec4-525817ed286c" executionId="0850de9b-e7f3-49a7-802d-acc879a04f52" testListId="8c84fa94-04c1-424b-9868-57a2d4851a1d" />
    <TestEntry testId="4511653a-5877-cac3-986d-27e4088bfb8c" executionId="57be0541-c5e8-459d-853f-44c853286790" testListId="8c84fa94-04c1-424b-9868-57a2d4851a1d" />
    <TestEntry testId="3c15e855-5975-1e7a-9dc9-5cfcdae9e933" executionId="cf81a9f8-2fda-42f9-b760-4624a940ec00" testListId="8c84fa94-04c1-424b-9868-57a2d4851a1d" />
    <TestEntry testId="a5b09d0c-1248-df41-4aa5-858a99dbe688" executionId="d9cbdea9-4a34-4ecb-bf2e-e2151a6351c1" testListId="8c84fa94-04c1-424b-9868-57a2d4851a1d" />
    <TestEntry testId="31b4181d-ec7b-2ff6-24da-c465245fe315" executionId="90043f3b-e4ec-40bf-9d64-0117d4c5947b" testListId="8c84fa94-04c1-424b-9868-57a2d4851a1d" />
    <TestEntry testId="7d19b0d8-26c7-e13a-0918-b79afe07f6cb" executionId="3678f72e-1b3e-4007-887b-d39f2a708a84" testListId="8c84fa94-04c1-424b-9868-57a2d4851a1d" />
    <TestEntry testId="85920440-a20c-384e-9aff-95bf6a07bc09" executionId="d1a2c4b0-151d-4a3c-bb54-cf78ead50ce1" testListId="8c84fa94-04c1-424b-9868-57a2d4851a1d" />
    <TestEntry testId="bd673b3c-90ca-2748-44de-c6e4c3eca644" executionId="29fcf61b-25af-4883-8005-b3f851896e0b" testListId="8c84fa94-04c1-424b-9868-57a2d4851a1d" />
    <TestEntry testId="b483b428-b579-fd84-c8ac-7ed4a2b296b3" executionId="be741f28-0264-416f-bd6a-9dec1665faf1" testListId="8c84fa94-04c1-424b-9868-57a2d4851a1d" />
    <TestEntry testId="266230a6-f9a8-fe8d-7a6c-bc635d651aff" executionId="ca4c9a2d-9e12-44f9-a67c-322c9dee65c4" testListId="8c84fa94-04c1-424b-9868-57a2d4851a1d" />
    <TestEntry testId="00bc8ce0-5bad-658a-8e6a-37d2519ca164" executionId="ccd1dff2-51d7-4c07-97d2-24aa055eddbb" testListId="8c84fa94-04c1-424b-9868-57a2d4851a1d" />
    <TestEntry testId="34a77162-7efa-6097-63fd-c23fe1962e36" executionId="d73b04aa-aeeb-40de-9ffa-6559ee0bc083" testListId="8c84fa94-04c1-424b-9868-57a2d4851a1d" />
    <TestEntry testId="304e451a-ea36-277d-5e7d-fc0bff0cd3f6" executionId="a1f109e7-dfbb-47ed-8ab0-aead8759a0d5" testListId="8c84fa94-04c1-424b-9868-57a2d4851a1d" />
    <TestEntry testId="347a5637-8c65-f977-2901-0dfc2014e5a8" executionId="bb3e5c0c-f157-40c8-b872-9ee3c5ec00e1" testListId="8c84fa94-04c1-424b-9868-57a2d4851a1d" />
    <TestEntry testId="c0255a92-5f31-fe3c-9b4d-1b6503948ef8" executionId="14f252be-d47a-4809-8fb2-5c0c2e8b33e8" testListId="8c84fa94-04c1-424b-9868-57a2d4851a1d" />
    <TestEntry testId="26409843-b364-aa89-90ff-0161257bef80" executionId="1d165cd2-f48a-4fa6-83dc-300ae4dd6058" testListId="8c84fa94-04c1-424b-9868-57a2d4851a1d" />
    <TestEntry testId="d6a426cd-e03b-cb18-2c1b-241a23fec56b" executionId="6eb7e540-f4d5-4c1b-b8ff-51891eb67161" testListId="8c84fa94-04c1-424b-9868-57a2d4851a1d" />
    <TestEntry testId="b79d2efb-1850-adbf-e8e5-b4aff9f2d0d8" executionId="992f5cfb-1396-42a4-8522-17807ca410a5" testListId="8c84fa94-04c1-424b-9868-57a2d4851a1d" />
    <TestEntry testId="db84d05c-ceef-752f-fc41-fcd28ba121e4" executionId="e4254c94-530a-4fa1-89d8-d3c0a299fda9" testListId="8c84fa94-04c1-424b-9868-57a2d4851a1d" />
    <TestEntry testId="0852a28b-c48a-d69d-2818-eac8253f6042" executionId="35095fec-9ab8-4f47-a4d3-65b509a897a5" testListId="8c84fa94-04c1-424b-9868-57a2d4851a1d" />
    <TestEntry testId="db69da61-df53-cbd5-c428-1cbe1fdb5535" executionId="8a4adcbb-7041-4234-9dd6-6f931f3d13aa" testListId="8c84fa94-04c1-424b-9868-57a2d4851a1d" />
    <TestEntry testId="eca5a763-4adc-0657-74e3-0cad7d863649" executionId="b45ea9eb-4149-4b37-9d83-23965e7785f5" testListId="8c84fa94-04c1-424b-9868-57a2d4851a1d" />
    <TestEntry testId="d405f29a-7074-8e96-2504-ce8ecaf6c9fc" executionId="7d196c81-28b4-415b-82e9-f09df24db85d" testListId="8c84fa94-04c1-424b-9868-57a2d4851a1d" />
    <TestEntry testId="60142f42-a44a-6dc1-83cd-62d152f78edc" executionId="bdd5f1ee-1ceb-4143-aa18-be750351842d" testListId="8c84fa94-04c1-424b-9868-57a2d4851a1d" />
    <TestEntry testId="9a826ded-91e6-6c88-ea16-1cdcc918f3c2" executionId="5efaedcb-b448-4b2b-81cc-6d8961fc7aac" testListId="8c84fa94-04c1-424b-9868-57a2d4851a1d" />
    <TestEntry testId="91ace8bf-68d2-52b5-8710-87fbedc1d498" executionId="fccbde2e-30d0-430a-a498-73f7f3ce6834" testListId="8c84fa94-04c1-424b-9868-57a2d4851a1d" />
    <TestEntry testId="6c7d3701-bd1b-f377-360d-c15edf59f69a" executionId="9112accc-b707-4d01-ab1e-705694a4aaba" testListId="8c84fa94-04c1-424b-9868-57a2d4851a1d" />
    <TestEntry testId="aadf6f3b-dfca-829f-ad7d-c8274fa9f43c" executionId="4d8216d7-7c66-429e-a7b8-d2c653a1a14b" testListId="8c84fa94-04c1-424b-9868-57a2d4851a1d" />
    <TestEntry testId="5881aa4a-28d3-5310-511a-93aab3cb48b4" executionId="eeaf5178-ce2f-423c-8367-d62e59bf0424" testListId="8c84fa94-04c1-424b-9868-57a2d4851a1d" />
    <TestEntry testId="30611ae3-90da-5892-737e-283036df56d2" executionId="f3302c78-78e6-4906-b7f0-94686672f6a5" testListId="8c84fa94-04c1-424b-9868-57a2d4851a1d" />
    <TestEntry testId="1b20e729-e5c5-ecb0-513d-a569a255ac22" executionId="32bff92d-dd84-4829-830b-e3159e4c7d59" testListId="8c84fa94-04c1-424b-9868-57a2d4851a1d" />
    <TestEntry testId="c7697583-428e-eb99-b91b-aca547fa3134" executionId="f296ade4-8dbb-4d0c-9c17-dee588a32420" testListId="8c84fa94-04c1-424b-9868-57a2d4851a1d" />
    <TestEntry testId="7de326f8-604a-2cdb-a0ba-49bd2a4fb803" executionId="6517c1d4-2747-4042-8b82-d4097faff32c" testListId="8c84fa94-04c1-424b-9868-57a2d4851a1d" />
    <TestEntry testId="ffb28761-b29a-8cc4-3039-e3c502756163" executionId="9329e0f1-649b-4b2e-a5f2-90130138ac38" testListId="8c84fa94-04c1-424b-9868-57a2d4851a1d" />
    <TestEntry testId="356d90d3-1349-08cc-10e5-9950436906ac" executionId="0ba83ced-d3b3-44f4-817b-fadca6dd0c8b" testListId="8c84fa94-04c1-424b-9868-57a2d4851a1d" />
    <TestEntry testId="867e3c33-e403-1cd7-16a2-17336a191186" executionId="69f3e5d4-e21e-480b-8363-abf77ce14fe3" testListId="8c84fa94-04c1-424b-9868-57a2d4851a1d" />
    <TestEntry testId="cef1a7d6-80b7-bb71-9d4e-6152d3266e0f" executionId="00931cc3-f0ec-4d89-84bf-19b10966b0c8" testListId="8c84fa94-04c1-424b-9868-57a2d4851a1d" />
    <TestEntry testId="91c062f8-343b-a991-c293-c1e685a68b9a" executionId="e2706e71-252c-416b-be91-57fa08224821" testListId="8c84fa94-04c1-424b-9868-57a2d4851a1d" />
    <TestEntry testId="fbf19baf-adef-42c8-f964-b6feea0d5ea2" executionId="a2d6324c-1a81-44bb-b6bd-a41314a797f8" testListId="8c84fa94-04c1-424b-9868-57a2d4851a1d" />
    <TestEntry testId="1645d958-cc20-e5c9-2b5d-2cc410c694f5" executionId="affa992b-aea0-4000-9278-9de3455a9427" testListId="8c84fa94-04c1-424b-9868-57a2d4851a1d" />
    <TestEntry testId="c9a7b42c-6ec9-069d-8c66-1db5d51e2f51" executionId="6a0a50b4-e6f0-4f65-addf-ecaf435bce8c" testListId="8c84fa94-04c1-424b-9868-57a2d4851a1d" />
    <TestEntry testId="dee139b8-437d-98e4-8e02-68ce168542d2" executionId="88126b42-db78-4820-b29b-5b4dc81bfe2c" testListId="8c84fa94-04c1-424b-9868-57a2d4851a1d" />
  </TestEntries>
  <Results>
    <UnitTestResult executionId="a5dfdf59-1d82-4573-8f4f-8c6b720e349c" testId="8c920792-1168-cefd-ff3e-fa6af75217a7" testName="Add_to_resource_pool_and_get" computerName="TLCINIR8FR0NY" duration="00:00:00.0220991" startTime="2013-07-03T15:11:58.9968337-05:00" endTime="2013-07-03T15:11:59.6676423-05:00" testType="13cdc9d9-ddb5-4fa4-a97d-d965ccfc6d4b" outcome="Passed" testListId="8c84fa94-04c1-424b-9868-57a2d4851a1d" relativeResultsDirectory="a5dfdf59-1d82-4573-8f4f-8c6b720e349c">
    </UnitTestResult>
    <UnitTestResult executionId="0850de9b-e7f3-49a7-802d-acc879a04f52" testId="26e53e01-20bc-7de3-aec4-525817ed286c" testName="Delete_from_resource_pool" computerName="TLCINIR8FR0NY" duration="00:00:00.0014772" startTime="2013-07-03T15:11:59.6832425-05:00" endTime="2013-07-03T15:11:59.6832425-05:00" testType="13cdc9d9-ddb5-4fa4-a97d-d965ccfc6d4b" outcome="Passed" testListId="8c84fa94-04c1-424b-9868-57a2d4851a1d" relativeResultsDirectory="0850de9b-e7f3-49a7-802d-acc879a04f52">
    </UnitTestResult>
    <UnitTestResult executionId="57be0541-c5e8-459d-853f-44c853286790" testId="4511653a-5877-cac3-986d-27e4088bfb8c" testName="Allocate_max_resources_and_delete" computerName="TLCINIR8FR0NY" duration="00:00:05.1433889" startTime="2013-07-03T15:11:59.6988427-05:00" endTime="2013-07-03T15:12:04.8625089-05:00" testType="13cdc9d9-ddb5-4fa4-a97d-d965ccfc6d4b" outcome="Passed" testListId="8c84fa94-04c1-424b-9868-57a2d4851a1d" relativeResultsDirectory="57be0541-c5e8-459d-853f-44c853286790">
    </UnitTestResult>
    <UnitTestResult executionId="cf81a9f8-2fda-42f9-b760-4624a940ec00" testId="3c15e855-5975-1e7a-9dc9-5cfcdae9e933" testName="Exceed_max_resource_allocation" computerName="TLCINIR8FR0NY" duration="00:00:03.7754386" startTime="2013-07-03T15:12:04.8625089-05:00" endTime="2013-07-03T15:12:08.6533575-05:00" testType="13cdc9d9-ddb5-4fa4-a97d-d965ccfc6d4b" outcome="Passed" testListId="8c84fa94-04c1-424b-9868-57a2d4851a1d" relativeResultsDirectory="cf81a9f8-2fda-42f9-b760-4624a940ec00">
    </UnitTestResult>
    <UnitTestResult executionId="d9cbdea9-4a34-4ecb-bf2e-e2151a6351c1" testId="a5b09d0c-1248-df41-4aa5-858a99dbe688" testName="Dispose_resources" computerName="TLCINIR8FR0NY" duration="00:00:00.8360944" startTime="2013-07-03T15:12:08.6689577-05:00" endTime="2013-07-03T15:12:09.5113685-05:00" testType="13cdc9d9-ddb5-4fa4-a97d-d965ccfc6d4b" outcome="Passed" testListId="8c84fa94-04c1-424b-9868-57a2d4851a1d" relativeResultsDirectory="d9cbdea9-4a34-4ecb-bf2e-e2151a6351c1">
    </UnitTestResult>
    <UnitTestResult executionId="90043f3b-e4ec-40bf-9d64-0117d4c5947b" testId="31b4181d-ec7b-2ff6-24da-c465245fe315" testName="Get_untyped_agent_channel" computerName="TLCINIR8FR0NY" duration="00:00:00.0797144" startTime="2013-07-03T15:12:09.5113685-05:00" endTime="2013-07-03T15:12:09.6049697-05:00" testType="13cdc9d9-ddb5-4fa4-a97d-d965ccfc6d4b" outcome="Passed" testListId="8c84fa94-04c1-424b-9868-57a2d4851a1d" relativeResultsDirectory="90043f3b-e4ec-40bf-9d64-0117d4c5947b">
    </UnitTestResult>
    <UnitTestResult executionId="3678f72e-1b3e-4007-887b-d39f2a708a84" testId="7d19b0d8-26c7-e13a-0918-b79afe07f6cb" testName="Send_message" computerName="TLCINIR8FR0NY" duration="00:00:00.0075051" startTime="2013-07-03T15:12:09.6049697-05:00" endTime="2013-07-03T15:12:09.6205699-05:00" testType="13cdc9d9-ddb5-4fa4-a97d-d965ccfc6d4b" outcome="Passed" testListId="8c84fa94-04c1-424b-9868-57a2d4851a1d" relativeResultsDirectory="3678f72e-1b3e-4007-887b-d39f2a708a84">
    </UnitTestResult>
    <UnitTestResult executionId="d1a2c4b0-151d-4a3c-bb54-cf78ead50ce1" testId="85920440-a20c-384e-9aff-95bf6a07bc09" testName="Register_unregister_remote_node" computerName="TLCINIR8FR0NY" duration="00:00:00.0072877" startTime="2013-07-03T15:12:09.6205699-05:00" endTime="2013-07-03T15:12:09.6361701-05:00" testType="13cdc9d9-ddb5-4fa4-a97d-d965ccfc6d4b" outcome="Passed" testListId="8c84fa94-04c1-424b-9868-57a2d4851a1d" relativeResultsDirectory="d1a2c4b0-151d-4a3c-bb54-cf78ead50ce1">
    </UnitTestResult>
    <UnitTestResult executionId="29fcf61b-25af-4883-8005-b3f851896e0b" testId="bd673b3c-90ca-2748-44de-c6e4c3eca644" testName="Resolve_remote_node" computerName="TLCINIR8FR0NY" duration="00:00:00.0075519" startTime="2013-07-03T15:12:09.6361701-05:00" endTime="2013-07-03T15:12:09.6517703-05:00" testType="13cdc9d9-ddb5-4fa4-a97d-d965ccfc6d4b" outcome="Passed" testListId="8c84fa94-04c1-424b-9868-57a2d4851a1d" relativeResultsDirectory="29fcf61b-25af-4883-8005-b3f851896e0b">
    </UnitTestResult>
    <UnitTestResult executionId="be741f28-0264-416f-bd6a-9dec1665faf1" testId="b483b428-b579-fd84-c8ac-7ed4a2b296b3" testName="Get_remote_channel" computerName="TLCINIR8FR0NY" duration="00:00:00.0086696" startTime="2013-07-03T15:12:09.6673705-05:00" endTime="2013-07-03T15:12:09.6673705-05:00" testType="13cdc9d9-ddb5-4fa4-a97d-d965ccfc6d4b" outcome="Passed" testListId="8c84fa94-04c1-424b-9868-57a2d4851a1d" relativeResultsDirectory="be741f28-0264-416f-bd6a-9dec1665faf1">
    </UnitTestResult>
    <UnitTestResult executionId="ca4c9a2d-9e12-44f9-a67c-322c9dee65c4" testId="266230a6-f9a8-fe8d-7a6c-bc635d651aff" testName="Implicit_get_registered_node_remote_channel" computerName="TLCINIR8FR0NY" duration="00:00:00.0077792" startTime="2013-07-03T15:12:09.6829707-05:00" endTime="2013-07-03T15:12:09.6985709-05:00" testType="13cdc9d9-ddb5-4fa4-a97d-d965ccfc6d4b" outcome="Passed" testListId="8c84fa94-04c1-424b-9868-57a2d4851a1d" relativeResultsDirectory="ca4c9a2d-9e12-44f9-a67c-322c9dee65c4">
    </UnitTestResult>
    <UnitTestResult executionId="ccd1dff2-51d7-4c07-97d2-24aa055eddbb" testId="00bc8ce0-5bad-658a-8e6a-37d2519ca164" testName="Get_agent_by_type" computerName="TLCINIR8FR0NY" duration="00:00:00.0185746" startTime="2013-07-03T15:12:09.6985709-05:00" endTime="2013-07-03T15:12:09.7141711-05:00" testType="13cdc9d9-ddb5-4fa4-a97d-d965ccfc6d4b" outcome="Passed" testListId="8c84fa94-04c1-424b-9868-57a2d4851a1d" relativeResultsDirectory="ccd1dff2-51d7-4c07-97d2-24aa055eddbb">
    </UnitTestResult>
    <UnitTestResult executionId="d73b04aa-aeeb-40de-9ffa-6559ee0bc083" testId="34a77162-7efa-6097-63fd-c23fe1962e36" testName="Runtime_serializer_generic_serialize" computerName="TLCINIR8FR0NY" duration="00:00:00.7497138" startTime="2013-07-03T15:12:09.7297713-05:00" endTime="2013-07-03T15:12:10.4785809-05:00" testType="13cdc9d9-ddb5-4fa4-a97d-d965ccfc6d4b" outcome="Passed" testListId="8c84fa94-04c1-424b-9868-57a2d4851a1d" relativeResultsDirectory="d73b04aa-aeeb-40de-9ffa-6559ee0bc083">
    </UnitTestResult>
    <UnitTestResult executionId="a1f109e7-dfbb-47ed-8ab0-aead8759a0d5" testId="304e451a-ea36-277d-5e7d-fc0bff0cd3f6" testName="Serialize_deserialize_request_and_response" computerName="TLCINIR8FR0NY" duration="00:00:00.5744499" startTime="2013-07-03T15:12:10.4941811-05:00" endTime="2013-07-03T15:12:11.0713885-05:00" testType="13cdc9d9-ddb5-4fa4-a97d-d965ccfc6d4b" outcome="Passed" testListId="8c84fa94-04c1-424b-9868-57a2d4851a1d" relativeResultsDirectory="a1f109e7-dfbb-47ed-8ab0-aead8759a0d5">
    </UnitTestResult>
    <UnitTestResult executionId="bb3e5c0c-f157-40c8-b872-9ee3c5ec00e1" testId="347a5637-8c65-f977-2901-0dfc2014e5a8" testName="Serialize_serial_message_for_packet" computerName="TLCINIR8FR0NY" duration="00:00:00.1439412" startTime="2013-07-03T15:12:11.0713885-05:00" endTime="2013-07-03T15:12:11.2273905-05:00" testType="13cdc9d9-ddb5-4fa4-a97d-d965ccfc6d4b" outcome="Passed" testListId="8c84fa94-04c1-424b-9868-57a2d4851a1d" relativeResultsDirectory="bb3e5c0c-f157-40c8-b872-9ee3c5ec00e1">
    </UnitTestResult>
    <UnitTestResult executionId="14f252be-d47a-4809-8fb2-5c0c2e8b33e8" testId="c0255a92-5f31-fe3c-9b4d-1b6503948ef8" testName="Run_simple_packet_protocol" computerName="TLCINIR8FR0NY" duration="00:00:00.0011226" startTime="2013-07-03T15:12:11.2273905-05:00" endTime="2013-07-03T15:12:11.2429907-05:00" testType="13cdc9d9-ddb5-4fa4-a97d-d965ccfc6d4b" outcome="Passed" testListId="8c84fa94-04c1-424b-9868-57a2d4851a1d" relativeResultsDirectory="14f252be-d47a-4809-8fb2-5c0c2e8b33e8">
    </UnitTestResult>
    <UnitTestResult executionId="1d165cd2-f48a-4fa6-83dc-300ae4dd6058" testId="26409843-b364-aa89-90ff-0161257bef80" testName="Server_hosting_startup_and_shutdown_specs" computerName="TLCINIR8FR0NY" duration="00:00:00.5389398" startTime="2013-07-03T15:12:11.2429907-05:00" endTime="2013-07-03T15:12:11.7889977-05:00" testType="13cdc9d9-ddb5-4fa4-a97d-d965ccfc6d4b" outcome="Passed" testListId="8c84fa94-04c1-424b-9868-57a2d4851a1d" relativeResultsDirectory="1d165cd2-f48a-4fa6-83dc-300ae4dd6058">
    </UnitTestResult>
    <UnitTestResult executionId="6eb7e540-f4d5-4c1b-b8ff-51891eb67161" testId="d6a426cd-e03b-cb18-2c1b-241a23fec56b" testName="Server_restart_throws_objectdisposedexception" computerName="TLCINIR8FR0NY" duration="00:00:00.5382955" startTime="2013-07-03T15:12:11.7889977-05:00" endTime="2013-07-03T15:12:12.3350047-05:00" testType="13cdc9d9-ddb5-4fa4-a97d-d965ccfc6d4b" outcome="Passed" testListId="8c84fa94-04c1-424b-9868-57a2d4851a1d" relativeResultsDirectory="6eb7e540-f4d5-4c1b-b8ff-51891eb67161">
    </UnitTestResult>
    <UnitTestResult executionId="992f5cfb-1396-42a4-8522-17807ca410a5" testId="b79d2efb-1850-adbf-e8e5-b4aff9f2d0d8" testName="Schedule_action_with_timer" computerName="TLCINIR8FR0NY" duration="00:00:02.0343364" startTime="2013-07-03T15:12:12.3506049-05:00" endTime="2013-07-03T15:12:14.3942311-05:00" testType="13cdc9d9-ddb5-4fa4-a97d-d965ccfc6d4b" outcome="Passed" testListId="8c84fa94-04c1-424b-9868-57a2d4851a1d" relativeResultsDirectory="992f5cfb-1396-42a4-8522-17807ca410a5">
    </UnitTestResult>
    <UnitTestResult executionId="e4254c94-530a-4fa1-89d8-d3c0a299fda9" testId="db84d05c-ceef-752f-fc41-fcd28ba121e4" testName="Schedule_multiple_periodic_actions_with_timer" computerName="TLCINIR8FR0NY" duration="00:00:03.0516853" startTime="2013-07-03T15:12:14.4098313-05:00" endTime="2013-07-03T15:12:17.4674705-05:00" testType="13cdc9d9-ddb5-4fa4-a97d-d965ccfc6d4b" outcome="Passed" testListId="8c84fa94-04c1-424b-9868-57a2d4851a1d" relativeResultsDirectory="e4254c94-530a-4fa1-89d8-d3c0a299fda9">
    </UnitTestResult>
    <UnitTestResult executionId="35095fec-9ab8-4f47-a4d3-65b509a897a5" testId="0852a28b-c48a-d69d-2818-eac8253f6042" testName="Stop_and_destroy_scheduler_before_scheduled_job_runs" computerName="TLCINIR8FR0NY" duration="00:00:02.0082616" startTime="2013-07-03T15:12:17.4674705-05:00" endTime="2013-07-03T15:12:19.4954965-05:00" testType="13cdc9d9-ddb5-4fa4-a97d-d965ccfc6d4b" outcome="Passed" testListId="8c84fa94-04c1-424b-9868-57a2d4851a1d" relativeResultsDirectory="35095fec-9ab8-4f47-a4d3-65b509a897a5">
    </UnitTestResult>
    <UnitTestResult executionId="8a4adcbb-7041-4234-9dd6-6f931f3d13aa" testId="db69da61-df53-cbd5-c428-1cbe1fdb5535" testName="Cancel_scheduled_job" computerName="TLCINIR8FR0NY" duration="00:00:02.0190603" startTime="2013-07-03T15:12:19.5110967-05:00" endTime="2013-07-03T15:12:21.5391227-05:00" testType="13cdc9d9-ddb5-4fa4-a97d-d965ccfc6d4b" outcome="Passed" testListId="8c84fa94-04c1-424b-9868-57a2d4851a1d" relativeResultsDirectory="8a4adcbb-7041-4234-9dd6-6f931f3d13aa">
    </UnitTestResult>
    <UnitTestResult executionId="b45ea9eb-4149-4b37-9d83-23965e7785f5" testId="eca5a763-4adc-0657-74e3-0cad7d863649" testName="Spawn_agent" computerName="TLCINIR8FR0NY" duration="00:00:00.0101042" startTime="2013-07-03T15:12:21.5547229-05:00" endTime="2013-07-03T15:12:21.5703231-05:00" testType="13cdc9d9-ddb5-4fa4-a97d-d965ccfc6d4b" outcome="Passed" testListId="8c84fa94-04c1-424b-9868-57a2d4851a1d" relativeResultsDirectory="b45ea9eb-4149-4b37-9d83-23965e7785f5">
    </UnitTestResult>
    <UnitTestResult executionId="7d196c81-28b4-415b-82e9-f09df24db85d" testId="d405f29a-7074-8e96-2504-ce8ecaf6c9fc" testName="Kill_agent" computerName="TLCINIR8FR0NY" duration="00:00:00.0091344" startTime="2013-07-03T15:12:21.5859233-05:00" endTime="2013-07-03T15:12:21.5859233-05:00" testType="13cdc9d9-ddb5-4fa4-a97d-d965ccfc6d4b" outcome="Passed" testListId="8c84fa94-04c1-424b-9868-57a2d4851a1d" relativeResultsDirectory="7d196c81-28b4-415b-82e9-f09df24db85d">
    </UnitTestResult>
    <UnitTestResult executionId="bdd5f1ee-1ceb-4143-aa18-be750351842d" testId="60142f42-a44a-6dc1-83cd-62d152f78edc" testName="Create_generic_server_and_ping" computerName="TLCINIR8FR0NY" duration="00:00:00.3171135" startTime="2013-07-03T15:12:21.6015235-05:00" endTime="2013-07-03T15:12:21.9291277-05:00" testType="13cdc9d9-ddb5-4fa4-a97d-d965ccfc6d4b" outcome="Passed" testListId="8c84fa94-04c1-424b-9868-57a2d4851a1d" relativeResultsDirectory="bdd5f1ee-1ceb-4143-aa18-be750351842d">
    </UnitTestResult>
    <UnitTestResult executionId="5efaedcb-b448-4b2b-81cc-6d8961fc7aac" testId="9a826ded-91e6-6c88-ea16-1cdcc918f3c2" testName="Create_supervisor_with_static_children" computerName="TLCINIR8FR0NY" duration="00:00:00.0255632" startTime="2013-07-03T15:12:21.9447279-05:00" endTime="2013-07-03T15:12:21.9759283-05:00" testType="13cdc9d9-ddb5-4fa4-a97d-d965ccfc6d4b" outcome="Passed" testListId="8c84fa94-04c1-424b-9868-57a2d4851a1d" relativeResultsDirectory="5efaedcb-b448-4b2b-81cc-6d8961fc7aac">
    </UnitTestResult>
    <UnitTestResult executionId="fccbde2e-30d0-430a-a498-73f7f3ce6834" testId="91ace8bf-68d2-52b5-8710-87fbedc1d498" testName="Create_supervisor_with_static_and_dynamic_children" computerName="TLCINIR8FR0NY" duration="00:00:00.0156529" startTime="2013-07-03T15:12:21.9759283-05:00" endTime="2013-07-03T15:12:22.0071287-05:00" testType="13cdc9d9-ddb5-4fa4-a97d-d965ccfc6d4b" outcome="Passed" testListId="8c84fa94-04c1-424b-9868-57a2d4851a1d" relativeResultsDirectory="fccbde2e-30d0-430a-a498-73f7f3ce6834">
    </UnitTestResult>
    <UnitTestResult executionId="9112accc-b707-4d01-ab1e-705694a4aaba" testId="6c7d3701-bd1b-f377-360d-c15edf59f69a" testName="Worker_restart_strategy_specs" computerName="TLCINIR8FR0NY" duration="00:00:10.3699770" startTime="2013-07-03T15:12:22.0071287-05:00" endTime="2013-07-03T15:12:32.3978620-05:00" testType="13cdc9d9-ddb5-4fa4-a97d-d965ccfc6d4b" outcome="Passed" testListId="8c84fa94-04c1-424b-9868-57a2d4851a1d" relativeResultsDirectory="9112accc-b707-4d01-ab1e-705694a4aaba">
    </UnitTestResult>
    <UnitTestResult executionId="4d8216d7-7c66-429e-a7b8-d2c653a1a14b" testId="aadf6f3b-dfca-829f-ad7d-c8274fa9f43c" testName="Dynamic_add_child_to_supervisor" computerName="TLCINIR8FR0NY" duration="00:00:00.0110600" startTime="2013-07-03T15:12:32.4134622-05:00" endTime="2013-07-03T15:12:32.4290624-05:00" testType="13cdc9d9-ddb5-4fa4-a97d-d965ccfc6d4b" outcome="Passed" testListId="8c84fa94-04c1-424b-9868-57a2d4851a1d" relativeResultsDirectory="4d8216d7-7c66-429e-a7b8-d2c653a1a14b">
    </UnitTestResult>
    <UnitTestResult executionId="eeaf5178-ce2f-423c-8367-d62e59bf0424" testId="5881aa4a-28d3-5310-511a-93aab3cb48b4" testName="Delete_child_on_supervisor" computerName="TLCINIR8FR0NY" duration="00:00:00.0139521" startTime="2013-07-03T15:12:32.9594692-05:00" endTime="2013-07-03T15:12:32.9750694-05:00" testType="13cdc9d9-ddb5-4fa4-a97d-d965ccfc6d4b" outcome="Passed" testListId="8c84fa94-04c1-424b-9868-57a2d4851a1d" relativeResultsDirectory="eeaf5178-ce2f-423c-8367-d62e59bf0424">
    </UnitTestResult>
    <UnitTestResult executionId="f3302c78-78e6-4906-b7f0-94686672f6a5" testId="30611ae3-90da-5892-737e-283036df56d2" testName="Stop_and_restart_child_on_supervisor" computerName="TLCINIR8FR0NY" duration="00:00:00.0129646" startTime="2013-07-03T15:12:32.9906696-05:00" endTime="2013-07-03T15:12:33.0062698-05:00" testType="13cdc9d9-ddb5-4fa4-a97d-d965ccfc6d4b" outcome="Passed" testListId="8c84fa94-04c1-424b-9868-57a2d4851a1d" relativeResultsDirectory="f3302c78-78e6-4906-b7f0-94686672f6a5">
    </UnitTestResult>
    <UnitTestResult executionId="32bff92d-dd84-4829-830b-e3159e4c7d59" testId="1b20e729-e5c5-ecb0-513d-a569a255ac22" testName="Get_all_children_on_supervisor" computerName="TLCINIR8FR0NY" duration="00:00:00.1630652" startTime="2013-07-03T15:12:33.0062698-05:00" endTime="2013-07-03T15:12:33.1778720-05:00" testType="13cdc9d9-ddb5-4fa4-a97d-d965ccfc6d4b" outcome="Passed" testListId="8c84fa94-04c1-424b-9868-57a2d4851a1d" relativeResultsDirectory="32bff92d-dd84-4829-830b-e3159e4c7d59">
    </UnitTestResult>
    <UnitTestResult executionId="f296ade4-8dbb-4d0c-9c17-dee588a32420" testId="c7697583-428e-eb99-b91b-aca547fa3134" testName="Startup_a_single_agent" computerName="TLCINIR8FR0NY" duration="00:00:05.0164521" startTime="2013-07-03T15:12:33.1934722-05:00" endTime="2013-07-03T15:12:38.2167366-05:00" testType="13cdc9d9-ddb5-4fa4-a97d-d965ccfc6d4b" outcome="Passed" testListId="8c84fa94-04c1-424b-9868-57a2d4851a1d" relativeResultsDirectory="f296ade4-8dbb-4d0c-9c17-dee588a32420">
    </UnitTestResult>
    <UnitTestResult executionId="6517c1d4-2747-4042-8b82-d4097faff32c" testId="7de326f8-604a-2cdb-a0ba-49bd2a4fb803" testName="Agent_ordered_message_processing" computerName="TLCINIR8FR0NY" duration="00:00:02.0345649" startTime="2013-07-03T15:12:38.2323368-05:00" endTime="2013-07-03T15:12:40.2759630-05:00" testType="13cdc9d9-ddb5-4fa4-a97d-d965ccfc6d4b" outcome="Passed" testListId="8c84fa94-04c1-424b-9868-57a2d4851a1d" relativeResultsDirectory="6517c1d4-2747-4042-8b82-d4097faff32c">
    </UnitTestResult>
    <UnitTestResult executionId="9329e0f1-649b-4b2e-a5f2-90130138ac38" testId="ffb28761-b29a-8cc4-3039-e3c502756163" testName="Agent_request_response" computerName="TLCINIR8FR0NY" duration="00:00:10.1653746" startTime="2013-07-03T15:12:40.2759630-05:00" endTime="2013-07-03T15:12:50.4628936-05:00" testType="13cdc9d9-ddb5-4fa4-a97d-d965ccfc6d4b" outcome="Passed" testListId="8c84fa94-04c1-424b-9868-57a2d4851a1d" relativeResultsDirectory="9329e0f1-649b-4b2e-a5f2-90130138ac38">
    </UnitTestResult>
    <UnitTestResult executionId="0ba83ced-d3b3-44f4-817b-fadca6dd0c8b" testId="356d90d3-1349-08cc-10e5-9950436906ac" testName="Agent_ping_pong" computerName="TLCINIR8FR0NY" duration="00:00:05.0123540" startTime="2013-07-03T15:12:50.4628936-05:00" endTime="2013-07-03T15:12:55.4949820-05:00" testType="13cdc9d9-ddb5-4fa4-a97d-d965ccfc6d4b" outcome="Passed" testListId="8c84fa94-04c1-424b-9868-57a2d4851a1d" relativeResultsDirectory="0ba83ced-d3b3-44f4-817b-fadca6dd0c8b">
    </UnitTestResult>
    <UnitTestResult executionId="69f3e5d4-e21e-480b-8363-abf77ce14fe3" testId="867e3c33-e403-1cd7-16a2-17336a191186" testName="Agent_futures" computerName="TLCINIR8FR0NY" duration="00:00:00.1793945" startTime="2013-07-03T15:12:55.5105822-05:00" endTime="2013-07-03T15:12:55.6699927-05:00" testType="13cdc9d9-ddb5-4fa4-a97d-d965ccfc6d4b" outcome="Passed" testListId="8c84fa94-04c1-424b-9868-57a2d4851a1d" relativeResultsDirectory="69f3e5d4-e21e-480b-8363-abf77ce14fe3">
    </UnitTestResult>
    <UnitTestResult executionId="00931cc3-f0ec-4d89-84bf-19b10966b0c8" testId="cef1a7d6-80b7-bb71-9d4e-6152d3266e0f" testName="Link_two_agents_and_fail_two_way" computerName="TLCINIR8FR0NY" duration="00:00:04.0358178" startTime="2013-07-03T15:12:55.6809938-05:00" endTime="2013-07-03T15:12:59.7516527-05:00" testType="13cdc9d9-ddb5-4fa4-a97d-d965ccfc6d4b" outcome="Passed" testListId="8c84fa94-04c1-424b-9868-57a2d4851a1d" relativeResultsDirectory="00931cc3-f0ec-4d89-84bf-19b10966b0c8">
    </UnitTestResult>
    <UnitTestResult executionId="e2706e71-252c-416b-be91-57fa08224821" testId="91c062f8-343b-a991-c293-c1e685a68b9a" testName="Custom_supervisor_agent_tests" computerName="TLCINIR8FR0NY" duration="00:00:04.3380399" startTime="2013-07-03T15:12:59.7672529-05:00" endTime="2013-07-03T15:13:04.1197087-05:00" testType="13cdc9d9-ddb5-4fa4-a97d-d965ccfc6d4b" outcome="Passed" testListId="8c84fa94-04c1-424b-9868-57a2d4851a1d" relativeResultsDirectory="e2706e71-252c-416b-be91-57fa08224821">
    </UnitTestResult>
    <UnitTestResult executionId="a2d6324c-1a81-44bb-b6bd-a41314a797f8" testId="fbf19baf-adef-42c8-f964-b6feea0d5ea2" testName="Synchronous_message_blocks_until_complete" computerName="TLCINIR8FR0NY" duration="00:00:02.2872077" startTime="2013-07-03T15:13:04.1353089-05:00" endTime="2013-07-03T15:13:06.4377637-05:00" testType="13cdc9d9-ddb5-4fa4-a97d-d965ccfc6d4b" outcome="Passed" testListId="8c84fa94-04c1-424b-9868-57a2d4851a1d" relativeResultsDirectory="a2d6324c-1a81-44bb-b6bd-a41314a797f8">
    </UnitTestResult>
    <UnitTestResult executionId="affa992b-aea0-4000-9278-9de3455a9427" testId="1645d958-cc20-e5c9-2b5d-2cc410c694f5" testName="Interrupt_message_interleaves_current_messages" computerName="TLCINIR8FR0NY" duration="00:00:02.2657713" startTime="2013-07-03T15:13:06.4533639-05:00" endTime="2013-07-03T15:13:08.7309931-05:00" testType="13cdc9d9-ddb5-4fa4-a97d-d965ccfc6d4b" outcome="Passed" testListId="8c84fa94-04c1-424b-9868-57a2d4851a1d" relativeResultsDirectory="affa992b-aea0-4000-9278-9de3455a9427">
    </UnitTestResult>
    <UnitTestResult executionId="6a0a50b4-e6f0-4f65-addf-ecaf435bce8c" testId="c9a7b42c-6ec9-069d-8c66-1db5d51e2f51" testName="Future_can_be_called_twice_without_consequences" computerName="TLCINIR8FR0NY" duration="00:00:02.3018312" startTime="2013-07-03T15:13:08.7465933-05:00" endTime="2013-07-03T15:13:11.0554229-05:00" testType="13cdc9d9-ddb5-4fa4-a97d-d965ccfc6d4b" outcome="Passed" testListId="8c84fa94-04c1-424b-9868-57a2d4851a1d" relativeResultsDirectory="6a0a50b4-e6f0-4f65-addf-ecaf435bce8c">
    </UnitTestResult>
    <UnitTestResult executionId="88126b42-db78-4820-b29b-5b4dc81bfe2c" testId="dee139b8-437d-98e4-8e02-68ce168542d2" testName="Future_accumulates_messages_while_waiting_for_result" computerName="TLCINIR8FR0NY" duration="00:00:04.0310507" startTime="2013-07-03T15:13:11.0710231-05:00" endTime="2013-07-03T15:13:15.1093046-05:00" testType="13cdc9d9-ddb5-4fa4-a97d-d965ccfc6d4b" outcome="Passed" testListId="8c84fa94-04c1-424b-9868-57a2d4851a1d" relativeResultsDirectory="88126b42-db78-4820-b29b-5b4dc81bfe2c">
    </UnitTestResult>
  </Results>
</TestRun>