<?xml version="1.0" encoding="UTF-8"?>
<TestRun id="83e82013-e880-4fa7-836e-c46a41cd107b" name="chris.mankin@TLCINIR8FR0NY 2013-07-03 15:00:31" runUser="HQDOMAIN\chris.mankin" xmlns="http://microsoft.com/schemas/VisualStudio/TeamTest/2010">
  <TestSettings name="Local" id="70bce9e9-d360-4dd6-8af7-dd0eb2add29d">
    <Description>These are default test settings for a local test run.</Description>
    <Deployment enabled="false" runDeploymentRoot="chris.mankin_TLCINIR8FR0NY 2013-07-03 15_00_31">
      <DeploymentItem filename="C:\Users\chris.mankin\Documents\Visual Studio 2010\Projects\Development\Mercury Framework v2\Src\Mercury.Messaging.Core\bin\Release\Mercury.Messaging.Core.dll" />
      <DeploymentItem filename="C:\Users\chris.mankin\Documents\Visual Studio 2010\Projects\Development\Mercury Framework v2\Src\Mercury.Messaging.Behaviors\bin\Release\Mercury.Messaging.Behaviors.dll" />
      <DeploymentItem filename="C:\Users\chris.mankin\Documents\Visual Studio 2010\Projects\Development\Mercury Framework v2\Src\Mercury.Core\bin\Release\Mercury.Core.dll" />
    </Deployment>
    <Execution>
      <TestTypeSpecific />
      <AgentRule name="Execution Agents">
      </AgentRule>
    </Execution>
  </TestSettings>
  <Times creation="2013-07-03T15:00:31.2142168-05:00" queuing="2013-07-03T15:00:33.3670444-05:00" start="2013-07-03T15:00:33.4918460-05:00" finish="2013-07-03T15:04:16.0847180-05:00" />
  <ResultSummary outcome="Error">
    <Counters total="43" executed="37" passed="35" error="0" failed="1" timeout="0" aborted="1" inconclusive="0" passedButRunAborted="0" notRunnable="0" notExecuted="6" disconnected="0" warning="0" completed="0" inProgress="0" pending="0" />
    <RunInfos>
      <RunInfo computerName="TLCINIR8FR0NY" outcome="Error" timestamp="2013-07-03T15:04:16.0827178-05:00">
        <Text>Test host process exited unexpectedly.</Text>
      </RunInfo>
    </RunInfos>
  </ResultSummary>
  <TestDefinitions>
    <UnitTest name="Exceed_max_resource_allocation" storage="c:\users\chris.mankin\documents\visual studio 2010\projects\development\mercury framework v2\src\mercury.messaging.test\bin\release\mercury.messaging.test.dll" id="3c15e855-5975-1e7a-9dc9-5cfcdae9e933">
      <Execution id="5a1bd83c-228b-4111-9ac5-9fe1f72bbcb6" />
      <TestMethod codeBase="C:/Users/chris.mankin/Documents/Visual Studio 2010/Projects/Development/Mercury Framework v2/Src/Mercury.Messaging.Test/bin/Release/Mercury.Messaging.Test.DLL" adapterTypeName="Microsoft.VisualStudio.TestTools.TestTypes.Unit.UnitTestAdapter, Microsoft.VisualStudio.QualityTools.Tips.UnitTest.Adapter, Version=10.0.0.0, Culture=neutral, PublicKeyToken=b03f5f7f11d50a3a" className="Mercury.Messaging.Test.ResourcePool_Specs, Mercury.Messaging.Test, Version=1.0.0.0, Culture=neutral, PublicKeyToken=b7c578f7c47ef72c" name="Exceed_max_resource_allocation" />
    </UnitTest>
    <UnitTest name="Stop_and_destroy_scheduler_before_scheduled_job_runs" storage="c:\users\chris.mankin\documents\visual studio 2010\projects\development\mercury framework v2\src\mercury.messaging.test\bin\release\mercury.messaging.test.dll" id="0852a28b-c48a-d69d-2818-eac8253f6042">
      <Execution id="d34a7a44-ec2c-4132-958a-de8e1b619154" />
      <TestMethod codeBase="C:/Users/chris.mankin/Documents/Visual Studio 2010/Projects/Development/Mercury Framework v2/Src/Mercury.Messaging.Test/bin/Release/Mercury.Messaging.Test.DLL" adapterTypeName="Microsoft.VisualStudio.TestTools.TestTypes.Unit.UnitTestAdapter, Microsoft.VisualStudio.QualityTools.Tips.UnitTest.Adapter, Version=10.0.0.0, Culture=neutral, PublicKeyToken=b03f5f7f11d50a3a" className="Mercury.Messaging.Test.Runtime.Scheduler_specs, Mercury.Messaging.Test, Version=1.0.0.0, Culture=neutral, PublicKeyToken=b7c578f7c47ef72c" name="Stop_and_destroy_scheduler_before_scheduled_job_runs" />
    </UnitTest>
    <UnitTest name="Allocate_max_resources_and_delete" storage="c:\users\chris.mankin\documents\visual studio 2010\projects\development\mercury framework v2\src\mercury.messaging.test\bin\release\mercury.messaging.test.dll" id="4511653a-5877-cac3-986d-27e4088bfb8c">
      <Execution id="ca326ec7-b2f7-4ca9-b553-7ca588bda5cd" />
      <TestMethod codeBase="C:/Users/chris.mankin/Documents/Visual Studio 2010/Projects/Development/Mercury Framework v2/Src/Mercury.Messaging.Test/bin/Release/Mercury.Messaging.Test.DLL" adapterTypeName="Microsoft.VisualStudio.TestTools.TestTypes.Unit.UnitTestAdapter, Microsoft.VisualStudio.QualityTools.Tips.UnitTest.Adapter, Version=10.0.0.0, Culture=neutral, PublicKeyToken=b03f5f7f11d50a3a" className="Mercury.Messaging.Test.ResourcePool_Specs, Mercury.Messaging.Test, Version=1.0.0.0, Culture=neutral, PublicKeyToken=b7c578f7c47ef72c" name="Allocate_max_resources_and_delete" />
    </UnitTest>
    <UnitTest name="Get_remote_channel" storage="c:\users\chris.mankin\documents\visual studio 2010\projects\development\mercury framework v2\src\mercury.messaging.test\bin\release\mercury.messaging.test.dll" id="b483b428-b579-fd84-c8ac-7ed4a2b296b3">
      <Execution id="41472ca0-92b9-44a6-9ccb-76ca65b4b9d6" />
      <TestMethod codeBase="C:/Users/chris.mankin/Documents/Visual Studio 2010/Projects/Development/Mercury Framework v2/Src/Mercury.Messaging.Test/bin/Release/Mercury.Messaging.Test.DLL" adapterTypeName="Microsoft.VisualStudio.TestTools.TestTypes.Unit.UnitTestAdapter, Microsoft.VisualStudio.QualityTools.Tips.UnitTest.Adapter, Version=10.0.0.0, Culture=neutral, PublicKeyToken=b03f5f7f11d50a3a" className="Mercury.Messaging.Test.Routing.RoutingEngine_Specs, Mercury.Messaging.Test, Version=1.0.0.0, Culture=neutral, PublicKeyToken=b7c578f7c47ef72c" name="Get_remote_channel" />
    </UnitTest>
    <UnitTest name="Spawn_agent" storage="c:\users\chris.mankin\documents\visual studio 2010\projects\development\mercury framework v2\src\mercury.messaging.test\bin\release\mercury.messaging.test.dll" id="eca5a763-4adc-0657-74e3-0cad7d863649">
      <Execution id="615ac1ed-b4d3-4987-aa07-1a28629c20d0" />
      <TestMethod codeBase="C:/Users/chris.mankin/Documents/Visual Studio 2010/Projects/Development/Mercury Framework v2/Src/Mercury.Messaging.Test/bin/Release/Mercury.Messaging.Test.DLL" adapterTypeName="Microsoft.VisualStudio.TestTools.TestTypes.Unit.UnitTestAdapter, Microsoft.VisualStudio.QualityTools.Tips.UnitTest.Adapter, Version=10.0.0.0, Culture=neutral, PublicKeyToken=b03f5f7f11d50a3a" className="Mercury.Messaging.Test.Runtime.RuntimeEnvironment_Specs, Mercury.Messaging.Test, Version=1.0.0.0, Culture=neutral, PublicKeyToken=b7c578f7c47ef72c" name="Spawn_agent" />
    </UnitTest>
    <UnitTest name="Runtime_serializer_generic_serialize" storage="c:\users\chris.mankin\documents\visual studio 2010\projects\development\mercury framework v2\src\mercury.messaging.test\bin\release\mercury.messaging.test.dll" id="34a77162-7efa-6097-63fd-c23fe1962e36">
      <Execution id="1bc24ca5-180c-4817-b1da-9d5557a32313" />
      <TestMethod codeBase="C:/Users/chris.mankin/Documents/Visual Studio 2010/Projects/Development/Mercury Framework v2/Src/Mercury.Messaging.Test/bin/Release/Mercury.Messaging.Test.DLL" adapterTypeName="Microsoft.VisualStudio.TestTools.TestTypes.Unit.UnitTestAdapter, Microsoft.VisualStudio.QualityTools.Tips.UnitTest.Adapter, Version=10.0.0.0, Culture=neutral, PublicKeyToken=b03f5f7f11d50a3a" className="Mercury.Messaging.Test.Serialization_specs, Mercury.Messaging.Test, Version=1.0.0.0, Culture=neutral, PublicKeyToken=b7c578f7c47ef72c" name="Runtime_serializer_generic_serialize" />
    </UnitTest>
    <UnitTest name="Link_two_agents_and_fail_two_way" storage="c:\users\chris.mankin\documents\visual studio 2010\projects\development\mercury framework v2\src\mercury.messaging.test\bin\release\mercury.messaging.test.dll" id="cef1a7d6-80b7-bb71-9d4e-6152d3266e0f">
      <Execution id="aeb3ecb8-90c2-4c47-ba67-d22f346871a8" />
      <TestMethod codeBase="C:/Users/chris.mankin/Documents/Visual Studio 2010/Projects/Development/Mercury Framework v2/Src/Mercury.Messaging.Test/bin/Release/Mercury.Messaging.Test.DLL" adapterTypeName="Microsoft.VisualStudio.TestTools.TestTypes.Unit.UnitTestAdapter, Microsoft.VisualStudio.QualityTools.Tips.UnitTest.Adapter, Version=10.0.0.0, Culture=neutral, PublicKeyToken=b03f5f7f11d50a3a" className="Mercury.Messaging.Test.Agent_specs, Mercury.Messaging.Test, Version=1.0.0.0, Culture=neutral, PublicKeyToken=b7c578f7c47ef72c" name="Link_two_agents_and_fail_two_way" />
    </UnitTest>
    <UnitTest name="Delete_child_on_supervisor" storage="c:\users\chris.mankin\documents\visual studio 2010\projects\development\mercury framework v2\src\mercury.messaging.test\bin\release\mercury.messaging.test.dll" id="5881aa4a-28d3-5310-511a-93aab3cb48b4">
      <Execution id="a9df7d75-c32f-468d-8a21-8b8f30d10d31" />
      <TestMethod codeBase="C:/Users/chris.mankin/Documents/Visual Studio 2010/Projects/Development/Mercury Framework v2/Src/Mercury.Messaging.Test/bin/Release/Mercury.Messaging.Test.DLL" adapterTypeName="Microsoft.VisualStudio.TestTools.TestTypes.Unit.UnitTestAdapter, Microsoft.VisualStudio.QualityTools.Tips.UnitTest.Adapter, Version=10.0.0.0, Culture=neutral, PublicKeyToken=b03f5f7f11d50a3a" className="Mercury.Messaging.Test.Behaviors.IPC2_Behaviors_specs, Mercury.Messaging.Test, Version=1.0.0.0, Culture=neutral, PublicKeyToken=b7c578f7c47ef72c" name="Delete_child_on_supervisor" />
    </UnitTest>
    <UnitTest name="Server_restart_throws_objectdisposedexception" storage="c:\users\chris.mankin\documents\visual studio 2010\projects\development\mercury framework v2\src\mercury.messaging.test\bin\release\mercury.messaging.test.dll" id="d6a426cd-e03b-cb18-2c1b-241a23fec56b">
      <Execution id="8fda0603-4f70-4a59-82f7-38fc26b5d5bb" />
      <TestMethod codeBase="C:/Users/chris.mankin/Documents/Visual Studio 2010/Projects/Development/Mercury Framework v2/Src/Mercury.Messaging.Test/bin/Release/Mercury.Messaging.Test.DLL" adapterTypeName="Microsoft.VisualStudio.TestTools.TestTypes.Unit.UnitTestAdapter, Microsoft.VisualStudio.QualityTools.Tips.UnitTest.Adapter, Version=10.0.0.0, Culture=neutral, PublicKeyToken=b03f5f7f11d50a3a" className="Mercury.Messaging.Test.ServiceModel.ServiceModel_specs, Mercury.Messaging.Test, Version=1.0.0.0, Culture=neutral, PublicKeyToken=b7c578f7c47ef72c" name="Server_restart_throws_objectdisposedexception" />
    </UnitTest>
    <UnitTest name="Kill_agent" storage="c:\users\chris.mankin\documents\visual studio 2010\projects\development\mercury framework v2\src\mercury.messaging.test\bin\release\mercury.messaging.test.dll" id="d405f29a-7074-8e96-2504-ce8ecaf6c9fc">
      <Execution id="f6371861-63b7-4a0f-9a8b-783c677b6885" />
      <TestMethod codeBase="C:/Users/chris.mankin/Documents/Visual Studio 2010/Projects/Development/Mercury Framework v2/Src/Mercury.Messaging.Test/bin/Release/Mercury.Messaging.Test.DLL" adapterTypeName="Microsoft.VisualStudio.TestTools.TestTypes.Unit.UnitTestAdapter, Microsoft.VisualStudio.QualityTools.Tips.UnitTest.Adapter, Version=10.0.0.0, Culture=neutral, PublicKeyToken=b03f5f7f11d50a3a" className="Mercury.Messaging.Test.Runtime.RuntimeEnvironment_Specs, Mercury.Messaging.Test, Version=1.0.0.0, Culture=neutral, PublicKeyToken=b7c578f7c47ef72c" name="Kill_agent" />
    </UnitTest>
    <UnitTest name="Startup_a_single_agent" storage="c:\users\chris.mankin\documents\visual studio 2010\projects\development\mercury framework v2\src\mercury.messaging.test\bin\release\mercury.messaging.test.dll" id="c7697583-428e-eb99-b91b-aca547fa3134">
      <Execution id="140f8015-a411-4be0-a1c9-a602d4e4bfd7" />
      <TestMethod codeBase="C:/Users/chris.mankin/Documents/Visual Studio 2010/Projects/Development/Mercury Framework v2/Src/Mercury.Messaging.Test/bin/Release/Mercury.Messaging.Test.DLL" adapterTypeName="Microsoft.VisualStudio.TestTools.TestTypes.Unit.UnitTestAdapter, Microsoft.VisualStudio.QualityTools.Tips.UnitTest.Adapter, Version=10.0.0.0, Culture=neutral, PublicKeyToken=b03f5f7f11d50a3a" className="Mercury.Messaging.Test.Agent_specs, Mercury.Messaging.Test, Version=1.0.0.0, Culture=neutral, PublicKeyToken=b7c578f7c47ef72c" name="Startup_a_single_agent" />
    </UnitTest>
    <UnitTest name="Create_supervisor_with_static_children" storage="c:\users\chris.mankin\documents\visual studio 2010\projects\development\mercury framework v2\src\mercury.messaging.test\bin\release\mercury.messaging.test.dll" id="9a826ded-91e6-6c88-ea16-1cdcc918f3c2">
      <Execution id="3ce69b94-7e34-4d51-8575-891c81fa6c4d" />
      <TestMethod codeBase="C:/Users/chris.mankin/Documents/Visual Studio 2010/Projects/Development/Mercury Framework v2/Src/Mercury.Messaging.Test/bin/Release/Mercury.Messaging.Test.DLL" adapterTypeName="Microsoft.VisualStudio.TestTools.TestTypes.Unit.UnitTestAdapter, Microsoft.VisualStudio.QualityTools.Tips.UnitTest.Adapter, Version=10.0.0.0, Culture=neutral, PublicKeyToken=b03f5f7f11d50a3a" className="Mercury.Messaging.Test.Behaviors.IPC2_Behaviors_specs, Mercury.Messaging.Test, Version=1.0.0.0, Culture=neutral, PublicKeyToken=b7c578f7c47ef72c" name="Create_supervisor_with_static_children" />
    </UnitTest>
    <UnitTest name="Add_to_resource_pool_and_get" storage="c:\users\chris.mankin\documents\visual studio 2010\projects\development\mercury framework v2\src\mercury.messaging.test\bin\release\mercury.messaging.test.dll" id="8c920792-1168-cefd-ff3e-fa6af75217a7">
      <Execution id="fbd5739c-f368-48ab-8e75-93548cd05ebf" />
      <TestMethod codeBase="C:/Users/chris.mankin/Documents/Visual Studio 2010/Projects/Development/Mercury Framework v2/Src/Mercury.Messaging.Test/bin/Release/Mercury.Messaging.Test.DLL" adapterTypeName="Microsoft.VisualStudio.TestTools.TestTypes.Unit.UnitTestAdapter, Microsoft.VisualStudio.QualityTools.Tips.UnitTest.Adapter, Version=10.0.0.0, Culture=neutral, PublicKeyToken=b03f5f7f11d50a3a" className="Mercury.Messaging.Test.ResourcePool_Specs, Mercury.Messaging.Test, Version=1.0.0.0, Culture=neutral, PublicKeyToken=b7c578f7c47ef72c" name="Add_to_resource_pool_and_get" />
    </UnitTest>
    <UnitTest name="Register_unregister_remote_node" storage="c:\users\chris.mankin\documents\visual studio 2010\projects\development\mercury framework v2\src\mercury.messaging.test\bin\release\mercury.messaging.test.dll" id="85920440-a20c-384e-9aff-95bf6a07bc09">
      <Execution id="bee5aed4-540a-411d-8db3-19e89de0f902" />
      <TestMethod codeBase="C:/Users/chris.mankin/Documents/Visual Studio 2010/Projects/Development/Mercury Framework v2/Src/Mercury.Messaging.Test/bin/Release/Mercury.Messaging.Test.DLL" adapterTypeName="Microsoft.VisualStudio.TestTools.TestTypes.Unit.UnitTestAdapter, Microsoft.VisualStudio.QualityTools.Tips.UnitTest.Adapter, Version=10.0.0.0, Culture=neutral, PublicKeyToken=b03f5f7f11d50a3a" className="Mercury.Messaging.Test.Routing.RoutingEngine_Specs, Mercury.Messaging.Test, Version=1.0.0.0, Culture=neutral, PublicKeyToken=b7c578f7c47ef72c" name="Register_unregister_remote_node" />
    </UnitTest>
    <UnitTest name="Dynamic_add_child_to_supervisor" storage="c:\users\chris.mankin\documents\visual studio 2010\projects\development\mercury framework v2\src\mercury.messaging.test\bin\release\mercury.messaging.test.dll" id="aadf6f3b-dfca-829f-ad7d-c8274fa9f43c">
      <Execution id="e3854ee0-cbb4-4b71-a6bd-243c06523936" />
      <TestMethod codeBase="C:/Users/chris.mankin/Documents/Visual Studio 2010/Projects/Development/Mercury Framework v2/Src/Mercury.Messaging.Test/bin/Release/Mercury.Messaging.Test.DLL" adapterTypeName="Microsoft.VisualStudio.TestTools.TestTypes.Unit.UnitTestAdapter, Microsoft.VisualStudio.QualityTools.Tips.UnitTest.Adapter, Version=10.0.0.0, Culture=neutral, PublicKeyToken=b03f5f7f11d50a3a" className="Mercury.Messaging.Test.Behaviors.IPC2_Behaviors_specs, Mercury.Messaging.Test, Version=1.0.0.0, Culture=neutral, PublicKeyToken=b7c578f7c47ef72c" name="Dynamic_add_child_to_supervisor" />
    </UnitTest>
    <UnitTest name="Future_can_be_called_twice_without_consequences" storage="c:\users\chris.mankin\documents\visual studio 2010\projects\development\mercury framework v2\src\mercury.messaging.test\bin\release\mercury.messaging.test.dll" id="c9a7b42c-6ec9-069d-8c66-1db5d51e2f51">
      <Execution id="c20712d9-9608-463d-8dec-6e5426f228ba" />
      <TestMethod codeBase="C:/Users/chris.mankin/Documents/Visual Studio 2010/Projects/Development/Mercury Framework v2/Src/Mercury.Messaging.Test/bin/Release/Mercury.Messaging.Test.DLL" adapterTypeName="Microsoft.VisualStudio.TestTools.TestTypes.Unit.UnitTestAdapter, Microsoft.VisualStudio.QualityTools.Tips.UnitTest.Adapter, Version=10.0.0.0, Culture=neutral, PublicKeyToken=b03f5f7f11d50a3a" className="Mercury.Messaging.Test.Agent_specs, Mercury.Messaging.Test, Version=1.0.0.0, Culture=neutral, PublicKeyToken=b7c578f7c47ef72c" name="Future_can_be_called_twice_without_consequences" />
    </UnitTest>
    <UnitTest name="Agent_ordered_message_processing" storage="c:\users\chris.mankin\documents\visual studio 2010\projects\development\mercury framework v2\src\mercury.messaging.test\bin\release\mercury.messaging.test.dll" id="7de326f8-604a-2cdb-a0ba-49bd2a4fb803">
      <Execution id="852aaf9b-6ea2-48d6-8331-543dd364379c" />
      <TestMethod codeBase="C:/Users/chris.mankin/Documents/Visual Studio 2010/Projects/Development/Mercury Framework v2/Src/Mercury.Messaging.Test/bin/Release/Mercury.Messaging.Test.DLL" adapterTypeName="Microsoft.VisualStudio.TestTools.TestTypes.Unit.UnitTestAdapter, Microsoft.VisualStudio.QualityTools.Tips.UnitTest.Adapter, Version=10.0.0.0, Culture=neutral, PublicKeyToken=b03f5f7f11d50a3a" className="Mercury.Messaging.Test.Agent_specs, Mercury.Messaging.Test, Version=1.0.0.0, Culture=neutral, PublicKeyToken=b7c578f7c47ef72c" name="Agent_ordered_message_processing" />
    </UnitTest>
    <UnitTest name="Schedule_multiple_periodic_actions_with_timer" storage="c:\users\chris.mankin\documents\visual studio 2010\projects\development\mercury framework v2\src\mercury.messaging.test\bin\release\mercury.messaging.test.dll" id="db84d05c-ceef-752f-fc41-fcd28ba121e4">
      <Execution id="33256c93-5eb6-4904-9634-4bdafebd9b85" />
      <TestMethod codeBase="C:/Users/chris.mankin/Documents/Visual Studio 2010/Projects/Development/Mercury Framework v2/Src/Mercury.Messaging.Test/bin/Release/Mercury.Messaging.Test.DLL" adapterTypeName="Microsoft.VisualStudio.TestTools.TestTypes.Unit.UnitTestAdapter, Microsoft.VisualStudio.QualityTools.Tips.UnitTest.Adapter, Version=10.0.0.0, Culture=neutral, PublicKeyToken=b03f5f7f11d50a3a" className="Mercury.Messaging.Test.Runtime.Scheduler_specs, Mercury.Messaging.Test, Version=1.0.0.0, Culture=neutral, PublicKeyToken=b7c578f7c47ef72c" name="Schedule_multiple_periodic_actions_with_timer" />
    </UnitTest>
    <UnitTest name="Worker_restart_strategy_specs" storage="c:\users\chris.mankin\documents\visual studio 2010\projects\development\mercury framework v2\src\mercury.messaging.test\bin\release\mercury.messaging.test.dll" id="6c7d3701-bd1b-f377-360d-c15edf59f69a">
      <Execution id="9447cf2b-bc3d-4dde-8166-ac166d4c1a68" />
      <TestMethod codeBase="C:/Users/chris.mankin/Documents/Visual Studio 2010/Projects/Development/Mercury Framework v2/Src/Mercury.Messaging.Test/bin/Release/Mercury.Messaging.Test.DLL" adapterTypeName="Microsoft.VisualStudio.TestTools.TestTypes.Unit.UnitTestAdapter, Microsoft.VisualStudio.QualityTools.Tips.UnitTest.Adapter, Version=10.0.0.0, Culture=neutral, PublicKeyToken=b03f5f7f11d50a3a" className="Mercury.Messaging.Test.Behaviors.IPC2_Behaviors_specs, Mercury.Messaging.Test, Version=1.0.0.0, Culture=neutral, PublicKeyToken=b7c578f7c47ef72c" name="Worker_restart_strategy_specs" />
    </UnitTest>
    <UnitTest name="Create_supervisor_with_static_and_dynamic_children" storage="c:\users\chris.mankin\documents\visual studio 2010\projects\development\mercury framework v2\src\mercury.messaging.test\bin\release\mercury.messaging.test.dll" id="91ace8bf-68d2-52b5-8710-87fbedc1d498">
      <Execution id="b439564f-e200-4d10-a142-5c67270032a8" />
      <TestMethod codeBase="C:/Users/chris.mankin/Documents/Visual Studio 2010/Projects/Development/Mercury Framework v2/Src/Mercury.Messaging.Test/bin/Release/Mercury.Messaging.Test.DLL" adapterTypeName="Microsoft.VisualStudio.TestTools.TestTypes.Unit.UnitTestAdapter, Microsoft.VisualStudio.QualityTools.Tips.UnitTest.Adapter, Version=10.0.0.0, Culture=neutral, PublicKeyToken=b03f5f7f11d50a3a" className="Mercury.Messaging.Test.Behaviors.IPC2_Behaviors_specs, Mercury.Messaging.Test, Version=1.0.0.0, Culture=neutral, PublicKeyToken=b7c578f7c47ef72c" name="Create_supervisor_with_static_and_dynamic_children" />
    </UnitTest>
    <UnitTest name="Get_untyped_agent_channel" storage="c:\users\chris.mankin\documents\visual studio 2010\projects\development\mercury framework v2\src\mercury.messaging.test\bin\release\mercury.messaging.test.dll" id="31b4181d-ec7b-2ff6-24da-c465245fe315">
      <Execution id="e58ab15c-15c8-469a-9583-50a34a1ae0fa" />
      <TestMethod codeBase="C:/Users/chris.mankin/Documents/Visual Studio 2010/Projects/Development/Mercury Framework v2/Src/Mercury.Messaging.Test/bin/Release/Mercury.Messaging.Test.DLL" adapterTypeName="Microsoft.VisualStudio.TestTools.TestTypes.Unit.UnitTestAdapter, Microsoft.VisualStudio.QualityTools.Tips.UnitTest.Adapter, Version=10.0.0.0, Culture=neutral, PublicKeyToken=b03f5f7f11d50a3a" className="Mercury.Messaging.Test.Routing.RoutingEngine_Specs, Mercury.Messaging.Test, Version=1.0.0.0, Culture=neutral, PublicKeyToken=b7c578f7c47ef72c" name="Get_untyped_agent_channel" />
    </UnitTest>
    <UnitTest name="Interrupt_message_interleaves_current_messages" storage="c:\users\chris.mankin\documents\visual studio 2010\projects\development\mercury framework v2\src\mercury.messaging.test\bin\release\mercury.messaging.test.dll" id="1645d958-cc20-e5c9-2b5d-2cc410c694f5">
      <Execution id="9c87e011-1bc5-415b-a5e6-0d609d71ed81" />
      <TestMethod codeBase="C:/Users/chris.mankin/Documents/Visual Studio 2010/Projects/Development/Mercury Framework v2/Src/Mercury.Messaging.Test/bin/Release/Mercury.Messaging.Test.DLL" adapterTypeName="Microsoft.VisualStudio.TestTools.TestTypes.Unit.UnitTestAdapter, Microsoft.VisualStudio.QualityTools.Tips.UnitTest.Adapter, Version=10.0.0.0, Culture=neutral, PublicKeyToken=b03f5f7f11d50a3a" className="Mercury.Messaging.Test.Agent_specs, Mercury.Messaging.Test, Version=1.0.0.0, Culture=neutral, PublicKeyToken=b7c578f7c47ef72c" name="Interrupt_message_interleaves_current_messages" />
    </UnitTest>
    <UnitTest name="Serialize_serial_message_for_packet" storage="c:\users\chris.mankin\documents\visual studio 2010\projects\development\mercury framework v2\src\mercury.messaging.test\bin\release\mercury.messaging.test.dll" id="347a5637-8c65-f977-2901-0dfc2014e5a8">
      <Execution id="725a7970-59c5-4fc6-a42e-0a927bd52d8d" />
      <TestMethod codeBase="C:/Users/chris.mankin/Documents/Visual Studio 2010/Projects/Development/Mercury Framework v2/Src/Mercury.Messaging.Test/bin/Release/Mercury.Messaging.Test.DLL" adapterTypeName="Microsoft.VisualStudio.TestTools.TestTypes.Unit.UnitTestAdapter, Microsoft.VisualStudio.QualityTools.Tips.UnitTest.Adapter, Version=10.0.0.0, Culture=neutral, PublicKeyToken=b03f5f7f11d50a3a" className="Mercury.Messaging.Test.Serialization_specs, Mercury.Messaging.Test, Version=1.0.0.0, Culture=neutral, PublicKeyToken=b7c578f7c47ef72c" name="Serialize_serial_message_for_packet" />
    </UnitTest>
    <UnitTest name="Server_hosting_startup_and_shutdown_specs" storage="c:\users\chris.mankin\documents\visual studio 2010\projects\development\mercury framework v2\src\mercury.messaging.test\bin\release\mercury.messaging.test.dll" id="26409843-b364-aa89-90ff-0161257bef80">
      <Execution id="85861882-459d-4309-83b4-3f39a0bf78af" />
      <TestMethod codeBase="C:/Users/chris.mankin/Documents/Visual Studio 2010/Projects/Development/Mercury Framework v2/Src/Mercury.Messaging.Test/bin/Release/Mercury.Messaging.Test.DLL" adapterTypeName="Microsoft.VisualStudio.TestTools.TestTypes.Unit.UnitTestAdapter, Microsoft.VisualStudio.QualityTools.Tips.UnitTest.Adapter, Version=10.0.0.0, Culture=neutral, PublicKeyToken=b03f5f7f11d50a3a" className="Mercury.Messaging.Test.ServiceModel.ServiceModel_specs, Mercury.Messaging.Test, Version=1.0.0.0, Culture=neutral, PublicKeyToken=b7c578f7c47ef72c" name="Server_hosting_startup_and_shutdown_specs" />
    </UnitTest>
    <UnitTest name="Schedule_action_with_timer" storage="c:\users\chris.mankin\documents\visual studio 2010\projects\development\mercury framework v2\src\mercury.messaging.test\bin\release\mercury.messaging.test.dll" id="b79d2efb-1850-adbf-e8e5-b4aff9f2d0d8">
      <Execution id="dd9fb0ab-b417-449e-b7c1-4d5ae53458af" />
      <TestMethod codeBase="C:/Users/chris.mankin/Documents/Visual Studio 2010/Projects/Development/Mercury Framework v2/Src/Mercury.Messaging.Test/bin/Release/Mercury.Messaging.Test.DLL" adapterTypeName="Microsoft.VisualStudio.TestTools.TestTypes.Unit.UnitTestAdapter, Microsoft.VisualStudio.QualityTools.Tips.UnitTest.Adapter, Version=10.0.0.0, Culture=neutral, PublicKeyToken=b03f5f7f11d50a3a" className="Mercury.Messaging.Test.Runtime.Scheduler_specs, Mercury.Messaging.Test, Version=1.0.0.0, Culture=neutral, PublicKeyToken=b7c578f7c47ef72c" name="Schedule_action_with_timer" />
    </UnitTest>
    <UnitTest name="Dispose_resources" storage="c:\users\chris.mankin\documents\visual studio 2010\projects\development\mercury framework v2\src\mercury.messaging.test\bin\release\mercury.messaging.test.dll" id="a5b09d0c-1248-df41-4aa5-858a99dbe688">
      <Execution id="39ca31ef-9ef2-4782-a216-fea6ac7cea50" />
      <TestMethod codeBase="C:/Users/chris.mankin/Documents/Visual Studio 2010/Projects/Development/Mercury Framework v2/Src/Mercury.Messaging.Test/bin/Release/Mercury.Messaging.Test.DLL" adapterTypeName="Microsoft.VisualStudio.TestTools.TestTypes.Unit.UnitTestAdapter, Microsoft.VisualStudio.QualityTools.Tips.UnitTest.Adapter, Version=10.0.0.0, Culture=neutral, PublicKeyToken=b03f5f7f11d50a3a" className="Mercury.Messaging.Test.ResourcePool_Specs, Mercury.Messaging.Test, Version=1.0.0.0, Culture=neutral, PublicKeyToken=b7c578f7c47ef72c" name="Dispose_resources" />
    </UnitTest>
    <UnitTest name="Create_generic_server_and_ping" storage="c:\users\chris.mankin\documents\visual studio 2010\projects\development\mercury framework v2\src\mercury.messaging.test\bin\release\mercury.messaging.test.dll" id="60142f42-a44a-6dc1-83cd-62d152f78edc">
      <Execution id="d93f2af5-6019-4909-a748-08067df5c7ea" />
      <TestMethod codeBase="C:/Users/chris.mankin/Documents/Visual Studio 2010/Projects/Development/Mercury Framework v2/Src/Mercury.Messaging.Test/bin/Release/Mercury.Messaging.Test.DLL" adapterTypeName="Microsoft.VisualStudio.TestTools.TestTypes.Unit.UnitTestAdapter, Microsoft.VisualStudio.QualityTools.Tips.UnitTest.Adapter, Version=10.0.0.0, Culture=neutral, PublicKeyToken=b03f5f7f11d50a3a" className="Mercury.Messaging.Test.Behaviors.IPC2_Behaviors_specs, Mercury.Messaging.Test, Version=1.0.0.0, Culture=neutral, PublicKeyToken=b7c578f7c47ef72c" name="Create_generic_server_and_ping" />
    </UnitTest>
    <UnitTest name="Custom_supervisor_agent_tests" storage="c:\users\chris.mankin\documents\visual studio 2010\projects\development\mercury framework v2\src\mercury.messaging.test\bin\release\mercury.messaging.test.dll" id="91c062f8-343b-a991-c293-c1e685a68b9a">
      <Execution id="abf17549-055c-4d63-ae58-0a6e49258e2c" />
      <TestMethod codeBase="C:/Users/chris.mankin/Documents/Visual Studio 2010/Projects/Development/Mercury Framework v2/Src/Mercury.Messaging.Test/bin/Release/Mercury.Messaging.Test.DLL" adapterTypeName="Microsoft.VisualStudio.TestTools.TestTypes.Unit.UnitTestAdapter, Microsoft.VisualStudio.QualityTools.Tips.UnitTest.Adapter, Version=10.0.0.0, Culture=neutral, PublicKeyToken=b03f5f7f11d50a3a" className="Mercury.Messaging.Test.Agent_specs, Mercury.Messaging.Test, Version=1.0.0.0, Culture=neutral, PublicKeyToken=b7c578f7c47ef72c" name="Custom_supervisor_agent_tests" />
    </UnitTest>
    <UnitTest name="Serialize_deserialize_request_and_response" storage="c:\users\chris.mankin\documents\visual studio 2010\projects\development\mercury framework v2\src\mercury.messaging.test\bin\release\mercury.messaging.test.dll" id="304e451a-ea36-277d-5e7d-fc0bff0cd3f6">
      <Execution id="2d819f81-8bea-421c-a11a-6ac4ae04d6a5" />
      <TestMethod codeBase="C:/Users/chris.mankin/Documents/Visual Studio 2010/Projects/Development/Mercury Framework v2/Src/Mercury.Messaging.Test/bin/Release/Mercury.Messaging.Test.DLL" adapterTypeName="Microsoft.VisualStudio.TestTools.TestTypes.Unit.UnitTestAdapter, Microsoft.VisualStudio.QualityTools.Tips.UnitTest.Adapter, Version=10.0.0.0, Culture=neutral, PublicKeyToken=b03f5f7f11d50a3a" className="Mercury.Messaging.Test.Serialization_specs, Mercury.Messaging.Test, Version=1.0.0.0, Culture=neutral, PublicKeyToken=b7c578f7c47ef72c" name="Serialize_deserialize_request_and_response" />
    </UnitTest>
    <UnitTest name="Agent_futures" storage="c:\users\chris.mankin\documents\visual studio 2010\projects\development\mercury framework v2\src\mercury.messaging.test\bin\release\mercury.messaging.test.dll" id="867e3c33-e403-1cd7-16a2-17336a191186">
      <Execution id="a9abda50-a661-4794-a527-73a78ba90a1e" />
      <TestMethod codeBase="C:/Users/chris.mankin/Documents/Visual Studio 2010/Projects/Development/Mercury Framework v2/Src/Mercury.Messaging.Test/bin/Release/Mercury.Messaging.Test.DLL" adapterTypeName="Microsoft.VisualStudio.TestTools.TestTypes.Unit.UnitTestAdapter, Microsoft.VisualStudio.QualityTools.Tips.UnitTest.Adapter, Version=10.0.0.0, Culture=neutral, PublicKeyToken=b03f5f7f11d50a3a" className="Mercury.Messaging.Test.Agent_specs, Mercury.Messaging.Test, Version=1.0.0.0, Culture=neutral, PublicKeyToken=b7c578f7c47ef72c" name="Agent_futures" />
    </UnitTest>
    <UnitTest name="Get_agent_by_type" storage="c:\users\chris.mankin\documents\visual studio 2010\projects\development\mercury framework v2\src\mercury.messaging.test\bin\release\mercury.messaging.test.dll" id="00bc8ce0-5bad-658a-8e6a-37d2519ca164">
      <Execution id="a6b1ee01-a9b5-4a1c-9e48-a5f442df703e" />
      <TestMethod codeBase="C:/Users/chris.mankin/Documents/Visual Studio 2010/Projects/Development/Mercury Framework v2/Src/Mercury.Messaging.Test/bin/Release/Mercury.Messaging.Test.DLL" adapterTypeName="Microsoft.VisualStudio.TestTools.TestTypes.Unit.UnitTestAdapter, Microsoft.VisualStudio.QualityTools.Tips.UnitTest.Adapter, Version=10.0.0.0, Culture=neutral, PublicKeyToken=b03f5f7f11d50a3a" className="Mercury.Messaging.Test.Routing.RoutingEngine_Specs, Mercury.Messaging.Test, Version=1.0.0.0, Culture=neutral, PublicKeyToken=b7c578f7c47ef72c" name="Get_agent_by_type" />
    </UnitTest>
    <UnitTest name="Agent_request_response" storage="c:\users\chris.mankin\documents\visual studio 2010\projects\development\mercury framework v2\src\mercury.messaging.test\bin\release\mercury.messaging.test.dll" id="ffb28761-b29a-8cc4-3039-e3c502756163">
      <Execution id="f30ff261-52b0-428b-b09f-27064996bb5c" />
      <TestMethod codeBase="C:/Users/chris.mankin/Documents/Visual Studio 2010/Projects/Development/Mercury Framework v2/Src/Mercury.Messaging.Test/bin/Release/Mercury.Messaging.Test.DLL" adapterTypeName="Microsoft.VisualStudio.TestTools.TestTypes.Unit.UnitTestAdapter, Microsoft.VisualStudio.QualityTools.Tips.UnitTest.Adapter, Version=10.0.0.0, Culture=neutral, PublicKeyToken=b03f5f7f11d50a3a" className="Mercury.Messaging.Test.Agent_specs, Mercury.Messaging.Test, Version=1.0.0.0, Culture=neutral, PublicKeyToken=b7c578f7c47ef72c" name="Agent_request_response" />
    </UnitTest>
    <UnitTest name="Cancel_scheduled_job" storage="c:\users\chris.mankin\documents\visual studio 2010\projects\development\mercury framework v2\src\mercury.messaging.test\bin\release\mercury.messaging.test.dll" id="db69da61-df53-cbd5-c428-1cbe1fdb5535">
      <Execution id="43b50848-09e1-4d94-83c7-0229e3f1d16b" />
      <TestMethod codeBase="C:/Users/chris.mankin/Documents/Visual Studio 2010/Projects/Development/Mercury Framework v2/Src/Mercury.Messaging.Test/bin/Release/Mercury.Messaging.Test.DLL" adapterTypeName="Microsoft.VisualStudio.TestTools.TestTypes.Unit.UnitTestAdapter, Microsoft.VisualStudio.QualityTools.Tips.UnitTest.Adapter, Version=10.0.0.0, Culture=neutral, PublicKeyToken=b03f5f7f11d50a3a" className="Mercury.Messaging.Test.Runtime.Scheduler_specs, Mercury.Messaging.Test, Version=1.0.0.0, Culture=neutral, PublicKeyToken=b7c578f7c47ef72c" name="Cancel_scheduled_job" />
    </UnitTest>
    <UnitTest name="Stop_and_restart_child_on_supervisor" storage="c:\users\chris.mankin\documents\visual studio 2010\projects\development\mercury framework v2\src\mercury.messaging.test\bin\release\mercury.messaging.test.dll" id="30611ae3-90da-5892-737e-283036df56d2">
      <Execution id="c0dcd52c-9ff4-42db-a585-f274dbb46a00" />
      <TestMethod codeBase="C:/Users/chris.mankin/Documents/Visual Studio 2010/Projects/Development/Mercury Framework v2/Src/Mercury.Messaging.Test/bin/Release/Mercury.Messaging.Test.DLL" adapterTypeName="Microsoft.VisualStudio.TestTools.TestTypes.Unit.UnitTestAdapter, Microsoft.VisualStudio.QualityTools.Tips.UnitTest.Adapter, Version=10.0.0.0, Culture=neutral, PublicKeyToken=b03f5f7f11d50a3a" className="Mercury.Messaging.Test.Behaviors.IPC2_Behaviors_specs, Mercury.Messaging.Test, Version=1.0.0.0, Culture=neutral, PublicKeyToken=b7c578f7c47ef72c" name="Stop_and_restart_child_on_supervisor" />
    </UnitTest>
    <UnitTest name="Agent_ping_pong" storage="c:\users\chris.mankin\documents\visual studio 2010\projects\development\mercury framework v2\src\mercury.messaging.test\bin\release\mercury.messaging.test.dll" id="356d90d3-1349-08cc-10e5-9950436906ac">
      <Execution id="e359a512-085b-4aa3-b5ee-7a2efd627fc0" />
      <TestMethod codeBase="C:/Users/chris.mankin/Documents/Visual Studio 2010/Projects/Development/Mercury Framework v2/Src/Mercury.Messaging.Test/bin/Release/Mercury.Messaging.Test.DLL" adapterTypeName="Microsoft.VisualStudio.TestTools.TestTypes.Unit.UnitTestAdapter, Microsoft.VisualStudio.QualityTools.Tips.UnitTest.Adapter, Version=10.0.0.0, Culture=neutral, PublicKeyToken=b03f5f7f11d50a3a" className="Mercury.Messaging.Test.Agent_specs, Mercury.Messaging.Test, Version=1.0.0.0, Culture=neutral, PublicKeyToken=b7c578f7c47ef72c" name="Agent_ping_pong" />
    </UnitTest>
    <UnitTest name="Delete_from_resource_pool" storage="c:\users\chris.mankin\documents\visual studio 2010\projects\development\mercury framework v2\src\mercury.messaging.test\bin\release\mercury.messaging.test.dll" id="26e53e01-20bc-7de3-aec4-525817ed286c">
      <Execution id="c95257a0-7d42-46db-bb94-d6a648996922" />
      <TestMethod codeBase="C:/Users/chris.mankin/Documents/Visual Studio 2010/Projects/Development/Mercury Framework v2/Src/Mercury.Messaging.Test/bin/Release/Mercury.Messaging.Test.DLL" adapterTypeName="Microsoft.VisualStudio.TestTools.TestTypes.Unit.UnitTestAdapter, Microsoft.VisualStudio.QualityTools.Tips.UnitTest.Adapter, Version=10.0.0.0, Culture=neutral, PublicKeyToken=b03f5f7f11d50a3a" className="Mercury.Messaging.Test.ResourcePool_Specs, Mercury.Messaging.Test, Version=1.0.0.0, Culture=neutral, PublicKeyToken=b7c578f7c47ef72c" name="Delete_from_resource_pool" />
    </UnitTest>
    <UnitTest name="Get_all_children_on_supervisor" storage="c:\users\chris.mankin\documents\visual studio 2010\projects\development\mercury framework v2\src\mercury.messaging.test\bin\release\mercury.messaging.test.dll" id="1b20e729-e5c5-ecb0-513d-a569a255ac22">
      <Execution id="c6eb5a81-8bef-4560-b601-eddfd3e1def9" />
      <TestMethod codeBase="C:/Users/chris.mankin/Documents/Visual Studio 2010/Projects/Development/Mercury Framework v2/Src/Mercury.Messaging.Test/bin/Release/Mercury.Messaging.Test.DLL" adapterTypeName="Microsoft.VisualStudio.TestTools.TestTypes.Unit.UnitTestAdapter, Microsoft.VisualStudio.QualityTools.Tips.UnitTest.Adapter, Version=10.0.0.0, Culture=neutral, PublicKeyToken=b03f5f7f11d50a3a" className="Mercury.Messaging.Test.Behaviors.IPC2_Behaviors_specs, Mercury.Messaging.Test, Version=1.0.0.0, Culture=neutral, PublicKeyToken=b7c578f7c47ef72c" name="Get_all_children_on_supervisor" />
    </UnitTest>
    <UnitTest name="Send_message" storage="c:\users\chris.mankin\documents\visual studio 2010\projects\development\mercury framework v2\src\mercury.messaging.test\bin\release\mercury.messaging.test.dll" id="7d19b0d8-26c7-e13a-0918-b79afe07f6cb">
      <Execution id="29d2402c-af40-43fe-be61-dbb1f1f1ca26" />
      <TestMethod codeBase="C:/Users/chris.mankin/Documents/Visual Studio 2010/Projects/Development/Mercury Framework v2/Src/Mercury.Messaging.Test/bin/Release/Mercury.Messaging.Test.DLL" adapterTypeName="Microsoft.VisualStudio.TestTools.TestTypes.Unit.UnitTestAdapter, Microsoft.VisualStudio.QualityTools.Tips.UnitTest.Adapter, Version=10.0.0.0, Culture=neutral, PublicKeyToken=b03f5f7f11d50a3a" className="Mercury.Messaging.Test.Routing.RoutingEngine_Specs, Mercury.Messaging.Test, Version=1.0.0.0, Culture=neutral, PublicKeyToken=b7c578f7c47ef72c" name="Send_message" />
    </UnitTest>
    <UnitTest name="Resolve_remote_node" storage="c:\users\chris.mankin\documents\visual studio 2010\projects\development\mercury framework v2\src\mercury.messaging.test\bin\release\mercury.messaging.test.dll" id="bd673b3c-90ca-2748-44de-c6e4c3eca644">
      <Execution id="ad0558b2-0be6-4b9f-9658-60b29e971c84" />
      <TestMethod codeBase="C:/Users/chris.mankin/Documents/Visual Studio 2010/Projects/Development/Mercury Framework v2/Src/Mercury.Messaging.Test/bin/Release/Mercury.Messaging.Test.DLL" adapterTypeName="Microsoft.VisualStudio.TestTools.TestTypes.Unit.UnitTestAdapter, Microsoft.VisualStudio.QualityTools.Tips.UnitTest.Adapter, Version=10.0.0.0, Culture=neutral, PublicKeyToken=b03f5f7f11d50a3a" className="Mercury.Messaging.Test.Routing.RoutingEngine_Specs, Mercury.Messaging.Test, Version=1.0.0.0, Culture=neutral, PublicKeyToken=b7c578f7c47ef72c" name="Resolve_remote_node" />
    </UnitTest>
    <UnitTest name="Run_simple_packet_protocol" storage="c:\users\chris.mankin\documents\visual studio 2010\projects\development\mercury framework v2\src\mercury.messaging.test\bin\release\mercury.messaging.test.dll" id="c0255a92-5f31-fe3c-9b4d-1b6503948ef8">
      <Execution id="3c0d4d97-5121-4a81-a29e-fbde5523f0b4" />
      <TestMethod codeBase="C:/Users/chris.mankin/Documents/Visual Studio 2010/Projects/Development/Mercury Framework v2/Src/Mercury.Messaging.Test/bin/Release/Mercury.Messaging.Test.DLL" adapterTypeName="Microsoft.VisualStudio.TestTools.TestTypes.Unit.UnitTestAdapter, Microsoft.VisualStudio.QualityTools.Tips.UnitTest.Adapter, Version=10.0.0.0, Culture=neutral, PublicKeyToken=b03f5f7f11d50a3a" className="Mercury.Messaging.Test.ServiceModel.ServiceModel_specs, Mercury.Messaging.Test, Version=1.0.0.0, Culture=neutral, PublicKeyToken=b7c578f7c47ef72c" name="Run_simple_packet_protocol" />
    </UnitTest>
    <UnitTest name="Future_accumulates_messages_while_waiting_for_result" storage="c:\users\chris.mankin\documents\visual studio 2010\projects\development\mercury framework v2\src\mercury.messaging.test\bin\release\mercury.messaging.test.dll" id="dee139b8-437d-98e4-8e02-68ce168542d2">
      <Execution id="ca43aa15-23c5-41b8-82d1-30cdbb38e352" />
      <TestMethod codeBase="C:/Users/chris.mankin/Documents/Visual Studio 2010/Projects/Development/Mercury Framework v2/Src/Mercury.Messaging.Test/bin/Release/Mercury.Messaging.Test.DLL" adapterTypeName="Microsoft.VisualStudio.TestTools.TestTypes.Unit.UnitTestAdapter, Microsoft.VisualStudio.QualityTools.Tips.UnitTest.Adapter, Version=10.0.0.0, Culture=neutral, PublicKeyToken=b03f5f7f11d50a3a" className="Mercury.Messaging.Test.Agent_specs, Mercury.Messaging.Test, Version=1.0.0.0, Culture=neutral, PublicKeyToken=b7c578f7c47ef72c" name="Future_accumulates_messages_while_waiting_for_result" />
    </UnitTest>
    <UnitTest name="Synchronous_message_blocks_until_complete" storage="c:\users\chris.mankin\documents\visual studio 2010\projects\development\mercury framework v2\src\mercury.messaging.test\bin\release\mercury.messaging.test.dll" id="fbf19baf-adef-42c8-f964-b6feea0d5ea2">
      <Execution id="a8c71b67-f6bf-44ff-854f-295b7a4e9da9" />
      <TestMethod codeBase="C:/Users/chris.mankin/Documents/Visual Studio 2010/Projects/Development/Mercury Framework v2/Src/Mercury.Messaging.Test/bin/Release/Mercury.Messaging.Test.DLL" adapterTypeName="Microsoft.VisualStudio.TestTools.TestTypes.Unit.UnitTestAdapter, Microsoft.VisualStudio.QualityTools.Tips.UnitTest.Adapter, Version=10.0.0.0, Culture=neutral, PublicKeyToken=b03f5f7f11d50a3a" className="Mercury.Messaging.Test.Agent_specs, Mercury.Messaging.Test, Version=1.0.0.0, Culture=neutral, PublicKeyToken=b7c578f7c47ef72c" name="Synchronous_message_blocks_until_complete" />
    </UnitTest>
    <UnitTest name="Implicit_get_registered_node_remote_channel" storage="c:\users\chris.mankin\documents\visual studio 2010\projects\development\mercury framework v2\src\mercury.messaging.test\bin\release\mercury.messaging.test.dll" id="266230a6-f9a8-fe8d-7a6c-bc635d651aff">
      <Execution id="1cbbcad8-1608-4045-a8f3-c67b9c9fe1fd" />
      <TestMethod codeBase="C:/Users/chris.mankin/Documents/Visual Studio 2010/Projects/Development/Mercury Framework v2/Src/Mercury.Messaging.Test/bin/Release/Mercury.Messaging.Test.DLL" adapterTypeName="Microsoft.VisualStudio.TestTools.TestTypes.Unit.UnitTestAdapter, Microsoft.VisualStudio.QualityTools.Tips.UnitTest.Adapter, Version=10.0.0.0, Culture=neutral, PublicKeyToken=b03f5f7f11d50a3a" className="Mercury.Messaging.Test.Routing.RoutingEngine_Specs, Mercury.Messaging.Test, Version=1.0.0.0, Culture=neutral, PublicKeyToken=b7c578f7c47ef72c" name="Implicit_get_registered_node_remote_channel" />
    </UnitTest>
  </TestDefinitions>
  <TestLists>
    <TestList name="Results Not in a List" id="8c84fa94-04c1-424b-9868-57a2d4851a1d" />
    <TestList name="All Loaded Results" id="19431567-8539-422a-85d7-44ee4e166bda" />
  </TestLists>
  <TestEntries>
    <TestEntry testId="8c920792-1168-cefd-ff3e-fa6af75217a7" executionId="fbd5739c-f368-48ab-8e75-93548cd05ebf" testListId="8c84fa94-04c1-424b-9868-57a2d4851a1d" />
    <TestEntry testId="26e53e01-20bc-7de3-aec4-525817ed286c" executionId="c95257a0-7d42-46db-bb94-d6a648996922" testListId="8c84fa94-04c1-424b-9868-57a2d4851a1d" />
    <TestEntry testId="4511653a-5877-cac3-986d-27e4088bfb8c" executionId="ca326ec7-b2f7-4ca9-b553-7ca588bda5cd" testListId="8c84fa94-04c1-424b-9868-57a2d4851a1d" />
    <TestEntry testId="3c15e855-5975-1e7a-9dc9-5cfcdae9e933" executionId="5a1bd83c-228b-4111-9ac5-9fe1f72bbcb6" testListId="8c84fa94-04c1-424b-9868-57a2d4851a1d" />
    <TestEntry testId="a5b09d0c-1248-df41-4aa5-858a99dbe688" executionId="39ca31ef-9ef2-4782-a216-fea6ac7cea50" testListId="8c84fa94-04c1-424b-9868-57a2d4851a1d" />
    <TestEntry testId="31b4181d-ec7b-2ff6-24da-c465245fe315" executionId="e58ab15c-15c8-469a-9583-50a34a1ae0fa" testListId="8c84fa94-04c1-424b-9868-57a2d4851a1d" />
    <TestEntry testId="7d19b0d8-26c7-e13a-0918-b79afe07f6cb" executionId="29d2402c-af40-43fe-be61-dbb1f1f1ca26" testListId="8c84fa94-04c1-424b-9868-57a2d4851a1d" />
    <TestEntry testId="85920440-a20c-384e-9aff-95bf6a07bc09" executionId="bee5aed4-540a-411d-8db3-19e89de0f902" testListId="8c84fa94-04c1-424b-9868-57a2d4851a1d" />
    <TestEntry testId="bd673b3c-90ca-2748-44de-c6e4c3eca644" executionId="ad0558b2-0be6-4b9f-9658-60b29e971c84" testListId="8c84fa94-04c1-424b-9868-57a2d4851a1d" />
    <TestEntry testId="b483b428-b579-fd84-c8ac-7ed4a2b296b3" executionId="41472ca0-92b9-44a6-9ccb-76ca65b4b9d6" testListId="8c84fa94-04c1-424b-9868-57a2d4851a1d" />
    <TestEntry testId="266230a6-f9a8-fe8d-7a6c-bc635d651aff" executionId="1cbbcad8-1608-4045-a8f3-c67b9c9fe1fd" testListId="8c84fa94-04c1-424b-9868-57a2d4851a1d" />
    <TestEntry testId="00bc8ce0-5bad-658a-8e6a-37d2519ca164" executionId="a6b1ee01-a9b5-4a1c-9e48-a5f442df703e" testListId="8c84fa94-04c1-424b-9868-57a2d4851a1d" />
    <TestEntry testId="34a77162-7efa-6097-63fd-c23fe1962e36" executionId="1bc24ca5-180c-4817-b1da-9d5557a32313" testListId="8c84fa94-04c1-424b-9868-57a2d4851a1d" />
    <TestEntry testId="304e451a-ea36-277d-5e7d-fc0bff0cd3f6" executionId="2d819f81-8bea-421c-a11a-6ac4ae04d6a5" testListId="8c84fa94-04c1-424b-9868-57a2d4851a1d" />
    <TestEntry testId="347a5637-8c65-f977-2901-0dfc2014e5a8" executionId="725a7970-59c5-4fc6-a42e-0a927bd52d8d" testListId="8c84fa94-04c1-424b-9868-57a2d4851a1d" />
    <TestEntry testId="c0255a92-5f31-fe3c-9b4d-1b6503948ef8" executionId="3c0d4d97-5121-4a81-a29e-fbde5523f0b4" testListId="8c84fa94-04c1-424b-9868-57a2d4851a1d" />
    <TestEntry testId="26409843-b364-aa89-90ff-0161257bef80" executionId="85861882-459d-4309-83b4-3f39a0bf78af" testListId="8c84fa94-04c1-424b-9868-57a2d4851a1d" />
    <TestEntry testId="d6a426cd-e03b-cb18-2c1b-241a23fec56b" executionId="8fda0603-4f70-4a59-82f7-38fc26b5d5bb" testListId="8c84fa94-04c1-424b-9868-57a2d4851a1d" />
    <TestEntry testId="b79d2efb-1850-adbf-e8e5-b4aff9f2d0d8" executionId="dd9fb0ab-b417-449e-b7c1-4d5ae53458af" testListId="8c84fa94-04c1-424b-9868-57a2d4851a1d" />
    <TestEntry testId="db84d05c-ceef-752f-fc41-fcd28ba121e4" executionId="33256c93-5eb6-4904-9634-4bdafebd9b85" testListId="8c84fa94-04c1-424b-9868-57a2d4851a1d" />
    <TestEntry testId="0852a28b-c48a-d69d-2818-eac8253f6042" executionId="d34a7a44-ec2c-4132-958a-de8e1b619154" testListId="8c84fa94-04c1-424b-9868-57a2d4851a1d" />
    <TestEntry testId="db69da61-df53-cbd5-c428-1cbe1fdb5535" executionId="43b50848-09e1-4d94-83c7-0229e3f1d16b" testListId="8c84fa94-04c1-424b-9868-57a2d4851a1d" />
    <TestEntry testId="eca5a763-4adc-0657-74e3-0cad7d863649" executionId="615ac1ed-b4d3-4987-aa07-1a28629c20d0" testListId="8c84fa94-04c1-424b-9868-57a2d4851a1d" />
    <TestEntry testId="d405f29a-7074-8e96-2504-ce8ecaf6c9fc" executionId="f6371861-63b7-4a0f-9a8b-783c677b6885" testListId="8c84fa94-04c1-424b-9868-57a2d4851a1d" />
    <TestEntry testId="60142f42-a44a-6dc1-83cd-62d152f78edc" executionId="d93f2af5-6019-4909-a748-08067df5c7ea" testListId="8c84fa94-04c1-424b-9868-57a2d4851a1d" />
    <TestEntry testId="9a826ded-91e6-6c88-ea16-1cdcc918f3c2" executionId="3ce69b94-7e34-4d51-8575-891c81fa6c4d" testListId="8c84fa94-04c1-424b-9868-57a2d4851a1d" />
    <TestEntry testId="91ace8bf-68d2-52b5-8710-87fbedc1d498" executionId="b439564f-e200-4d10-a142-5c67270032a8" testListId="8c84fa94-04c1-424b-9868-57a2d4851a1d" />
    <TestEntry testId="6c7d3701-bd1b-f377-360d-c15edf59f69a" executionId="9447cf2b-bc3d-4dde-8166-ac166d4c1a68" testListId="8c84fa94-04c1-424b-9868-57a2d4851a1d" />
    <TestEntry testId="aadf6f3b-dfca-829f-ad7d-c8274fa9f43c" executionId="e3854ee0-cbb4-4b71-a6bd-243c06523936" testListId="8c84fa94-04c1-424b-9868-57a2d4851a1d" />
    <TestEntry testId="5881aa4a-28d3-5310-511a-93aab3cb48b4" executionId="a9df7d75-c32f-468d-8a21-8b8f30d10d31" testListId="8c84fa94-04c1-424b-9868-57a2d4851a1d" />
    <TestEntry testId="30611ae3-90da-5892-737e-283036df56d2" executionId="c0dcd52c-9ff4-42db-a585-f274dbb46a00" testListId="8c84fa94-04c1-424b-9868-57a2d4851a1d" />
    <TestEntry testId="1b20e729-e5c5-ecb0-513d-a569a255ac22" executionId="c6eb5a81-8bef-4560-b601-eddfd3e1def9" testListId="8c84fa94-04c1-424b-9868-57a2d4851a1d" />
    <TestEntry testId="c7697583-428e-eb99-b91b-aca547fa3134" executionId="140f8015-a411-4be0-a1c9-a602d4e4bfd7" testListId="8c84fa94-04c1-424b-9868-57a2d4851a1d" />
    <TestEntry testId="7de326f8-604a-2cdb-a0ba-49bd2a4fb803" executionId="852aaf9b-6ea2-48d6-8331-543dd364379c" testListId="8c84fa94-04c1-424b-9868-57a2d4851a1d" />
    <TestEntry testId="ffb28761-b29a-8cc4-3039-e3c502756163" executionId="f30ff261-52b0-428b-b09f-27064996bb5c" testListId="8c84fa94-04c1-424b-9868-57a2d4851a1d" />
    <TestEntry testId="356d90d3-1349-08cc-10e5-9950436906ac" executionId="e359a512-085b-4aa3-b5ee-7a2efd627fc0" testListId="8c84fa94-04c1-424b-9868-57a2d4851a1d" />
    <TestEntry testId="867e3c33-e403-1cd7-16a2-17336a191186" executionId="a9abda50-a661-4794-a527-73a78ba90a1e" testListId="8c84fa94-04c1-424b-9868-57a2d4851a1d" />
    <TestEntry testId="cef1a7d6-80b7-bb71-9d4e-6152d3266e0f" executionId="aeb3ecb8-90c2-4c47-ba67-d22f346871a8" testListId="8c84fa94-04c1-424b-9868-57a2d4851a1d" />
    <TestEntry testId="91c062f8-343b-a991-c293-c1e685a68b9a" executionId="abf17549-055c-4d63-ae58-0a6e49258e2c" testListId="8c84fa94-04c1-424b-9868-57a2d4851a1d" />
    <TestEntry testId="fbf19baf-adef-42c8-f964-b6feea0d5ea2" executionId="a8c71b67-f6bf-44ff-854f-295b7a4e9da9" testListId="8c84fa94-04c1-424b-9868-57a2d4851a1d" />
    <TestEntry testId="1645d958-cc20-e5c9-2b5d-2cc410c694f5" executionId="9c87e011-1bc5-415b-a5e6-0d609d71ed81" testListId="8c84fa94-04c1-424b-9868-57a2d4851a1d" />
    <TestEntry testId="c9a7b42c-6ec9-069d-8c66-1db5d51e2f51" executionId="c20712d9-9608-463d-8dec-6e5426f228ba" testListId="8c84fa94-04c1-424b-9868-57a2d4851a1d" />
    <TestEntry testId="dee139b8-437d-98e4-8e02-68ce168542d2" executionId="ca43aa15-23c5-41b8-82d1-30cdbb38e352" testListId="8c84fa94-04c1-424b-9868-57a2d4851a1d" />
  </TestEntries>
  <Results>
    <UnitTestResult executionId="fbd5739c-f368-48ab-8e75-93548cd05ebf" testId="8c920792-1168-cefd-ff3e-fa6af75217a7" testName="Add_to_resource_pool_and_get" computerName="TLCINIR8FR0NY" duration="00:00:00.2575615" startTime="2013-07-03T15:00:33.6010474-05:00" endTime="2013-07-03T15:00:34.5214592-05:00" testType="13cdc9d9-ddb5-4fa4-a97d-d965ccfc6d4b" outcome="Passed" testListId="8c84fa94-04c1-424b-9868-57a2d4851a1d" relativeResultsDirectory="fbd5739c-f368-48ab-8e75-93548cd05ebf">
    </UnitTestResult>
    <UnitTestResult executionId="c95257a0-7d42-46db-bb94-d6a648996922" testId="26e53e01-20bc-7de3-aec4-525817ed286c" testName="Delete_from_resource_pool" computerName="TLCINIR8FR0NY" duration="00:00:00.0010248" startTime="2013-07-03T15:00:34.5370594-05:00" endTime="2013-07-03T15:00:34.5370594-05:00" testType="13cdc9d9-ddb5-4fa4-a97d-d965ccfc6d4b" outcome="Passed" testListId="8c84fa94-04c1-424b-9868-57a2d4851a1d" relativeResultsDirectory="c95257a0-7d42-46db-bb94-d6a648996922">
    </UnitTestResult>
    <UnitTestResult executionId="ca326ec7-b2f7-4ca9-b553-7ca588bda5cd" testId="4511653a-5877-cac3-986d-27e4088bfb8c" testName="Allocate_max_resources_and_delete" computerName="TLCINIR8FR0NY" duration="00:00:05.5209914" startTime="2013-07-03T15:00:34.5526596-05:00" endTime="2013-07-03T15:00:40.0751304-05:00" testType="13cdc9d9-ddb5-4fa4-a97d-d965ccfc6d4b" outcome="Passed" testListId="8c84fa94-04c1-424b-9868-57a2d4851a1d" relativeResultsDirectory="ca326ec7-b2f7-4ca9-b553-7ca588bda5cd">
    </UnitTestResult>
    <UnitTestResult executionId="5a1bd83c-228b-4111-9ac5-9fe1f72bbcb6" testId="3c15e855-5975-1e7a-9dc9-5cfcdae9e933" testName="Exceed_max_resource_allocation" computerName="TLCINIR8FR0NY" duration="00:00:04.1214780" startTime="2013-07-03T15:00:40.0907306-05:00" endTime="2013-07-03T15:00:44.2247836-05:00" testType="13cdc9d9-ddb5-4fa4-a97d-d965ccfc6d4b" outcome="Passed" testListId="8c84fa94-04c1-424b-9868-57a2d4851a1d" relativeResultsDirectory="5a1bd83c-228b-4111-9ac5-9fe1f72bbcb6">
    </UnitTestResult>
    <UnitTestResult executionId="39ca31ef-9ef2-4782-a216-fea6ac7cea50" testId="a5b09d0c-1248-df41-4aa5-858a99dbe688" testName="Dispose_resources" computerName="TLCINIR8FR0NY" duration="00:00:00.8282050" startTime="2013-07-03T15:00:44.2403838-05:00" endTime="2013-07-03T15:00:45.0671944-05:00" testType="13cdc9d9-ddb5-4fa4-a97d-d965ccfc6d4b" outcome="Passed" testListId="8c84fa94-04c1-424b-9868-57a2d4851a1d" relativeResultsDirectory="39ca31ef-9ef2-4782-a216-fea6ac7cea50">
    </UnitTestResult>
    <UnitTestResult executionId="e58ab15c-15c8-469a-9583-50a34a1ae0fa" testId="31b4181d-ec7b-2ff6-24da-c465245fe315" testName="Get_untyped_agent_channel" computerName="TLCINIR8FR0NY" duration="00:00:00.1107660" startTime="2013-07-03T15:00:45.0827946-05:00" endTime="2013-07-03T15:00:45.1919960-05:00" testType="13cdc9d9-ddb5-4fa4-a97d-d965ccfc6d4b" outcome="Passed" testListId="8c84fa94-04c1-424b-9868-57a2d4851a1d" relativeResultsDirectory="e58ab15c-15c8-469a-9583-50a34a1ae0fa">
    </UnitTestResult>
    <UnitTestResult executionId="29d2402c-af40-43fe-be61-dbb1f1f1ca26" testId="7d19b0d8-26c7-e13a-0918-b79afe07f6cb" testName="Send_message" computerName="TLCINIR8FR0NY" duration="00:00:00.0080031" startTime="2013-07-03T15:00:45.2075962-05:00" endTime="2013-07-03T15:00:45.2231964-05:00" testType="13cdc9d9-ddb5-4fa4-a97d-d965ccfc6d4b" outcome="Passed" testListId="8c84fa94-04c1-424b-9868-57a2d4851a1d" relativeResultsDirectory="29d2402c-af40-43fe-be61-dbb1f1f1ca26">
    </UnitTestResult>
    <UnitTestResult executionId="bee5aed4-540a-411d-8db3-19e89de0f902" testId="85920440-a20c-384e-9aff-95bf6a07bc09" testName="Register_unregister_remote_node" computerName="TLCINIR8FR0NY" duration="00:00:00.0074952" startTime="2013-07-03T15:00:45.2231964-05:00" endTime="2013-07-03T15:00:45.2387966-05:00" testType="13cdc9d9-ddb5-4fa4-a97d-d965ccfc6d4b" outcome="Passed" testListId="8c84fa94-04c1-424b-9868-57a2d4851a1d" relativeResultsDirectory="bee5aed4-540a-411d-8db3-19e89de0f902">
    </UnitTestResult>
    <UnitTestResult executionId="ad0558b2-0be6-4b9f-9658-60b29e971c84" testId="bd673b3c-90ca-2748-44de-c6e4c3eca644" testName="Resolve_remote_node" computerName="TLCINIR8FR0NY" duration="00:00:00.0073136" startTime="2013-07-03T15:00:45.2543968-05:00" endTime="2013-07-03T15:00:45.2543968-05:00" testType="13cdc9d9-ddb5-4fa4-a97d-d965ccfc6d4b" outcome="Passed" testListId="8c84fa94-04c1-424b-9868-57a2d4851a1d" relativeResultsDirectory="ad0558b2-0be6-4b9f-9658-60b29e971c84">
    </UnitTestResult>
    <UnitTestResult executionId="41472ca0-92b9-44a6-9ccb-76ca65b4b9d6" testId="b483b428-b579-fd84-c8ac-7ed4a2b296b3" testName="Get_remote_channel" computerName="TLCINIR8FR0NY" duration="00:00:00.0087046" startTime="2013-07-03T15:00:45.2699970-05:00" endTime="2013-07-03T15:00:45.2855972-05:00" testType="13cdc9d9-ddb5-4fa4-a97d-d965ccfc6d4b" outcome="Passed" testListId="8c84fa94-04c1-424b-9868-57a2d4851a1d" relativeResultsDirectory="41472ca0-92b9-44a6-9ccb-76ca65b4b9d6">
    </UnitTestResult>
    <UnitTestResult executionId="1cbbcad8-1608-4045-a8f3-c67b9c9fe1fd" testId="266230a6-f9a8-fe8d-7a6c-bc635d651aff" testName="Implicit_get_registered_node_remote_channel" computerName="TLCINIR8FR0NY" duration="00:00:00.0094607" startTime="2013-07-03T15:00:45.2855972-05:00" endTime="2013-07-03T15:00:45.3011974-05:00" testType="13cdc9d9-ddb5-4fa4-a97d-d965ccfc6d4b" outcome="Passed" testListId="8c84fa94-04c1-424b-9868-57a2d4851a1d" relativeResultsDirectory="1cbbcad8-1608-4045-a8f3-c67b9c9fe1fd">
    </UnitTestResult>
    <UnitTestResult executionId="a6b1ee01-a9b5-4a1c-9e48-a5f442df703e" testId="00bc8ce0-5bad-658a-8e6a-37d2519ca164" testName="Get_agent_by_type" computerName="TLCINIR8FR0NY" duration="00:00:00.0186190" startTime="2013-07-03T15:00:45.3167976-05:00" endTime="2013-07-03T15:00:45.3323978-05:00" testType="13cdc9d9-ddb5-4fa4-a97d-d965ccfc6d4b" outcome="Passed" testListId="8c84fa94-04c1-424b-9868-57a2d4851a1d" relativeResultsDirectory="a6b1ee01-a9b5-4a1c-9e48-a5f442df703e">
    </UnitTestResult>
    <UnitTestResult executionId="1bc24ca5-180c-4817-b1da-9d5557a32313" testId="34a77162-7efa-6097-63fd-c23fe1962e36" testName="Runtime_serializer_generic_serialize" computerName="TLCINIR8FR0NY" duration="00:00:00.9328466" startTime="2013-07-03T15:00:45.3479980-05:00" endTime="2013-07-03T15:00:46.2840100-05:00" testType="13cdc9d9-ddb5-4fa4-a97d-d965ccfc6d4b" outcome="Passed" testListId="8c84fa94-04c1-424b-9868-57a2d4851a1d" relativeResultsDirectory="1bc24ca5-180c-4817-b1da-9d5557a32313">
    </UnitTestResult>
    <UnitTestResult executionId="2d819f81-8bea-421c-a11a-6ac4ae04d6a5" testId="304e451a-ea36-277d-5e7d-fc0bff0cd3f6" testName="Serialize_deserialize_request_and_response" computerName="TLCINIR8FR0NY" duration="00:00:00.4380639" startTime="2013-07-03T15:00:46.2840100-05:00" endTime="2013-07-03T15:00:46.7364158-05:00" testType="13cdc9d9-ddb5-4fa4-a97d-d965ccfc6d4b" outcome="Passed" testListId="8c84fa94-04c1-424b-9868-57a2d4851a1d" relativeResultsDirectory="2d819f81-8bea-421c-a11a-6ac4ae04d6a5">
    </UnitTestResult>
    <UnitTestResult executionId="725a7970-59c5-4fc6-a42e-0a927bd52d8d" testId="347a5637-8c65-f977-2901-0dfc2014e5a8" testName="Serialize_serial_message_for_packet" computerName="TLCINIR8FR0NY" duration="00:00:00.1436449" startTime="2013-07-03T15:00:46.7364158-05:00" endTime="2013-07-03T15:00:46.8924178-05:00" testType="13cdc9d9-ddb5-4fa4-a97d-d965ccfc6d4b" outcome="Passed" testListId="8c84fa94-04c1-424b-9868-57a2d4851a1d" relativeResultsDirectory="725a7970-59c5-4fc6-a42e-0a927bd52d8d">
    </UnitTestResult>
    <UnitTestResult executionId="3c0d4d97-5121-4a81-a29e-fbde5523f0b4" testId="c0255a92-5f31-fe3c-9b4d-1b6503948ef8" testName="Run_simple_packet_protocol" computerName="TLCINIR8FR0NY" duration="00:00:00.0009833" startTime="2013-07-03T15:00:46.8924178-05:00" endTime="2013-07-03T15:00:46.9080180-05:00" testType="13cdc9d9-ddb5-4fa4-a97d-d965ccfc6d4b" outcome="Passed" testListId="8c84fa94-04c1-424b-9868-57a2d4851a1d" relativeResultsDirectory="3c0d4d97-5121-4a81-a29e-fbde5523f0b4">
    </UnitTestResult>
    <UnitTestResult executionId="85861882-459d-4309-83b4-3f39a0bf78af" testId="26409843-b364-aa89-90ff-0161257bef80" testName="Server_hosting_startup_and_shutdown_specs" computerName="TLCINIR8FR0NY" duration="00:00:00.5366937" startTime="2013-07-03T15:00:46.9080180-05:00" endTime="2013-07-03T15:00:47.4540250-05:00" testType="13cdc9d9-ddb5-4fa4-a97d-d965ccfc6d4b" outcome="Passed" testListId="8c84fa94-04c1-424b-9868-57a2d4851a1d" relativeResultsDirectory="85861882-459d-4309-83b4-3f39a0bf78af">
    </UnitTestResult>
    <UnitTestResult executionId="8fda0603-4f70-4a59-82f7-38fc26b5d5bb" testId="d6a426cd-e03b-cb18-2c1b-241a23fec56b" testName="Server_restart_throws_objectdisposedexception" computerName="TLCINIR8FR0NY" duration="00:00:00.5361985" startTime="2013-07-03T15:00:47.4696252-05:00" endTime="2013-07-03T15:00:48.0000320-05:00" testType="13cdc9d9-ddb5-4fa4-a97d-d965ccfc6d4b" outcome="Passed" testListId="8c84fa94-04c1-424b-9868-57a2d4851a1d" relativeResultsDirectory="8fda0603-4f70-4a59-82f7-38fc26b5d5bb">
    </UnitTestResult>
    <UnitTestResult executionId="dd9fb0ab-b417-449e-b7c1-4d5ae53458af" testId="b79d2efb-1850-adbf-e8e5-b4aff9f2d0d8" testName="Schedule_action_with_timer" computerName="TLCINIR8FR0NY" duration="00:00:02.0170969" startTime="2013-07-03T15:00:48.0156322-05:00" endTime="2013-07-03T15:00:50.0160704-05:00" testType="13cdc9d9-ddb5-4fa4-a97d-d965ccfc6d4b" outcome="Passed" testListId="8c84fa94-04c1-424b-9868-57a2d4851a1d" relativeResultsDirectory="dd9fb0ab-b417-449e-b7c1-4d5ae53458af">
    </UnitTestResult>
    <UnitTestResult executionId="33256c93-5eb6-4904-9634-4bdafebd9b85" testId="db84d05c-ceef-752f-fc41-fcd28ba121e4" testName="Schedule_multiple_periodic_actions_with_timer" computerName="TLCINIR8FR0NY" duration="00:00:03.0304618" startTime="2013-07-03T15:00:50.0360724-05:00" endTime="2013-07-03T15:00:53.1021818-05:00" testType="13cdc9d9-ddb5-4fa4-a97d-d965ccfc6d4b" outcome="Passed" testListId="8c84fa94-04c1-424b-9868-57a2d4851a1d" relativeResultsDirectory="33256c93-5eb6-4904-9634-4bdafebd9b85">
    </UnitTestResult>
    <UnitTestResult executionId="d34a7a44-ec2c-4132-958a-de8e1b619154" testId="0852a28b-c48a-d69d-2818-eac8253f6042" testName="Stop_and_destroy_scheduler_before_scheduled_job_runs" computerName="TLCINIR8FR0NY" duration="00:00:02.0396752" startTime="2013-07-03T15:00:53.1177820-05:00" endTime="2013-07-03T15:00:55.1780153-05:00" testType="13cdc9d9-ddb5-4fa4-a97d-d965ccfc6d4b" outcome="Passed" testListId="8c84fa94-04c1-424b-9868-57a2d4851a1d" relativeResultsDirectory="d34a7a44-ec2c-4132-958a-de8e1b619154">
    </UnitTestResult>
    <UnitTestResult executionId="43b50848-09e1-4d94-83c7-0229e3f1d16b" testId="db69da61-df53-cbd5-c428-1cbe1fdb5535" testName="Cancel_scheduled_job" computerName="TLCINIR8FR0NY" duration="00:00:02.0074989" startTime="2013-07-03T15:00:55.1936155-05:00" endTime="2013-07-03T15:00:57.2060413-05:00" testType="13cdc9d9-ddb5-4fa4-a97d-d965ccfc6d4b" outcome="Passed" testListId="8c84fa94-04c1-424b-9868-57a2d4851a1d" relativeResultsDirectory="43b50848-09e1-4d94-83c7-0229e3f1d16b">
    </UnitTestResult>
    <UnitTestResult executionId="615ac1ed-b4d3-4987-aa07-1a28629c20d0" testId="eca5a763-4adc-0657-74e3-0cad7d863649" testName="Spawn_agent" computerName="TLCINIR8FR0NY" duration="00:00:00.0105287" startTime="2013-07-03T15:00:57.2060413-05:00" endTime="2013-07-03T15:00:57.2372417-05:00" testType="13cdc9d9-ddb5-4fa4-a97d-d965ccfc6d4b" outcome="Passed" testListId="8c84fa94-04c1-424b-9868-57a2d4851a1d" relativeResultsDirectory="615ac1ed-b4d3-4987-aa07-1a28629c20d0">
    </UnitTestResult>
    <UnitTestResult executionId="f6371861-63b7-4a0f-9a8b-783c677b6885" testId="d405f29a-7074-8e96-2504-ce8ecaf6c9fc" testName="Kill_agent" computerName="TLCINIR8FR0NY" duration="00:00:00.0100873" startTime="2013-07-03T15:00:57.2528419-05:00" endTime="2013-07-03T15:00:57.2684421-05:00" testType="13cdc9d9-ddb5-4fa4-a97d-d965ccfc6d4b" outcome="Passed" testListId="8c84fa94-04c1-424b-9868-57a2d4851a1d" relativeResultsDirectory="f6371861-63b7-4a0f-9a8b-783c677b6885">
    </UnitTestResult>
    <UnitTestResult executionId="d93f2af5-6019-4909-a748-08067df5c7ea" testId="60142f42-a44a-6dc1-83cd-62d152f78edc" testName="Create_generic_server_and_ping" computerName="TLCINIR8FR0NY" duration="00:00:07.3984384" startTime="2013-07-03T15:00:57.2684421-05:00" endTime="2013-07-03T15:01:04.6713595-05:00" testType="13cdc9d9-ddb5-4fa4-a97d-d965ccfc6d4b" outcome="Passed" testListId="8c84fa94-04c1-424b-9868-57a2d4851a1d" relativeResultsDirectory="d93f2af5-6019-4909-a748-08067df5c7ea">
    </UnitTestResult>
    <UnitTestResult executionId="3ce69b94-7e34-4d51-8575-891c81fa6c4d" testId="9a826ded-91e6-6c88-ea16-1cdcc918f3c2" testName="Create_supervisor_with_static_children" computerName="TLCINIR8FR0NY" duration="00:00:00.0232283" startTime="2013-07-03T15:01:04.7025599-05:00" endTime="2013-07-03T15:01:04.7337603-05:00" testType="13cdc9d9-ddb5-4fa4-a97d-d965ccfc6d4b" outcome="Passed" testListId="8c84fa94-04c1-424b-9868-57a2d4851a1d" relativeResultsDirectory="3ce69b94-7e34-4d51-8575-891c81fa6c4d">
    </UnitTestResult>
    <UnitTestResult executionId="b439564f-e200-4d10-a142-5c67270032a8" testId="91ace8bf-68d2-52b5-8710-87fbedc1d498" testName="Create_supervisor_with_static_and_dynamic_children" computerName="TLCINIR8FR0NY" duration="00:00:00.0183547" startTime="2013-07-03T15:01:04.7493605-05:00" endTime="2013-07-03T15:01:04.7805609-05:00" testType="13cdc9d9-ddb5-4fa4-a97d-d965ccfc6d4b" outcome="Passed" testListId="8c84fa94-04c1-424b-9868-57a2d4851a1d" relativeResultsDirectory="b439564f-e200-4d10-a142-5c67270032a8">
    </UnitTestResult>
    <UnitTestResult executionId="9447cf2b-bc3d-4dde-8166-ac166d4c1a68" testId="6c7d3701-bd1b-f377-360d-c15edf59f69a" testName="Worker_restart_strategy_specs" computerName="TLCINIR8FR0NY" duration="00:00:15.5509055" startTime="2013-07-03T15:01:04.7805609-05:00" endTime="2013-07-03T15:01:20.3505606-05:00" testType="13cdc9d9-ddb5-4fa4-a97d-d965ccfc6d4b" outcome="Passed" testListId="8c84fa94-04c1-424b-9868-57a2d4851a1d" relativeResultsDirectory="9447cf2b-bc3d-4dde-8166-ac166d4c1a68">
    </UnitTestResult>
    <UnitTestResult executionId="e3854ee0-cbb4-4b71-a6bd-243c06523936" testId="aadf6f3b-dfca-829f-ad7d-c8274fa9f43c" testName="Dynamic_add_child_to_supervisor" computerName="TLCINIR8FR0NY" duration="00:00:00.0149350" startTime="2013-07-03T15:01:20.3661608-05:00" endTime="2013-07-03T15:01:20.3817610-05:00" testType="13cdc9d9-ddb5-4fa4-a97d-d965ccfc6d4b" outcome="Passed" testListId="8c84fa94-04c1-424b-9868-57a2d4851a1d" relativeResultsDirectory="e3854ee0-cbb4-4b71-a6bd-243c06523936">
    </UnitTestResult>
    <UnitTestResult executionId="a9df7d75-c32f-468d-8a21-8b8f30d10d31" testId="5881aa4a-28d3-5310-511a-93aab3cb48b4" testName="Delete_child_on_supervisor" computerName="TLCINIR8FR0NY" duration="00:00:00.0145064" startTime="2013-07-03T15:01:20.3973612-05:00" endTime="2013-07-03T15:01:20.4129614-05:00" testType="13cdc9d9-ddb5-4fa4-a97d-d965ccfc6d4b" outcome="Passed" testListId="8c84fa94-04c1-424b-9868-57a2d4851a1d" relativeResultsDirectory="a9df7d75-c32f-468d-8a21-8b8f30d10d31">
    </UnitTestResult>
    <UnitTestResult executionId="c0dcd52c-9ff4-42db-a585-f274dbb46a00" testId="30611ae3-90da-5892-737e-283036df56d2" testName="Stop_and_restart_child_on_supervisor" computerName="TLCINIR8FR0NY" duration="00:00:00.0137532" startTime="2013-07-03T15:01:20.4285616-05:00" endTime="2013-07-03T15:01:20.4441618-05:00" testType="13cdc9d9-ddb5-4fa4-a97d-d965ccfc6d4b" outcome="Passed" testListId="8c84fa94-04c1-424b-9868-57a2d4851a1d" relativeResultsDirectory="c0dcd52c-9ff4-42db-a585-f274dbb46a00">
    </UnitTestResult>
    <UnitTestResult executionId="c6eb5a81-8bef-4560-b601-eddfd3e1def9" testId="1b20e729-e5c5-ecb0-513d-a569a255ac22" testName="Get_all_children_on_supervisor" computerName="TLCINIR8FR0NY" duration="00:00:00.3153794" startTime="2013-07-03T15:01:20.4597620-05:00" endTime="2013-07-03T15:01:20.7873662-05:00" testType="13cdc9d9-ddb5-4fa4-a97d-d965ccfc6d4b" outcome="Passed" testListId="8c84fa94-04c1-424b-9868-57a2d4851a1d" relativeResultsDirectory="c6eb5a81-8bef-4560-b601-eddfd3e1def9">
    </UnitTestResult>
    <UnitTestResult executionId="140f8015-a411-4be0-a1c9-a602d4e4bfd7" testId="c7697583-428e-eb99-b91b-aca547fa3134" testName="Startup_a_single_agent" computerName="TLCINIR8FR0NY" duration="00:00:05.0093436" startTime="2013-07-03T15:01:20.7873662-05:00" endTime="2013-07-03T15:01:25.8106306-05:00" testType="13cdc9d9-ddb5-4fa4-a97d-d965ccfc6d4b" outcome="Passed" testListId="8c84fa94-04c1-424b-9868-57a2d4851a1d" relativeResultsDirectory="140f8015-a411-4be0-a1c9-a602d4e4bfd7">
    </UnitTestResult>
    <UnitTestResult executionId="852aaf9b-6ea2-48d6-8331-543dd364379c" testId="7de326f8-604a-2cdb-a0ba-49bd2a4fb803" testName="Agent_ordered_message_processing" computerName="TLCINIR8FR0NY" duration="00:00:02.0204131" startTime="2013-07-03T15:01:25.8262308-05:00" endTime="2013-07-03T15:01:27.8542568-05:00" testType="13cdc9d9-ddb5-4fa4-a97d-d965ccfc6d4b" outcome="Passed" testListId="8c84fa94-04c1-424b-9868-57a2d4851a1d" relativeResultsDirectory="852aaf9b-6ea2-48d6-8331-543dd364379c">
    </UnitTestResult>
    <UnitTestResult executionId="f30ff261-52b0-428b-b09f-27064996bb5c" testId="ffb28761-b29a-8cc4-3039-e3c502756163" testName="Agent_request_response" computerName="TLCINIR8FR0NY" duration="00:00:04.6402365" startTime="2013-07-03T15:01:27.8542568-05:00" endTime="2013-07-03T15:01:32.5031164-05:00" testType="13cdc9d9-ddb5-4fa4-a97d-d965ccfc6d4b" outcome="Failed" testListId="8c84fa94-04c1-424b-9868-57a2d4851a1d" relativeResultsDirectory="f30ff261-52b0-428b-b09f-27064996bb5c">
      <Output>
        <ErrorInfo>
          <Message>Test method Mercury.Messaging.Test.Agent_specs.Agent_request_response threw exception: 
System.InvalidOperationException: There was an error generating the XML document. ---&gt; System.InvalidOperationException: Mercury.Messaging.Test.Agents.Mock.AddMessage cannot be serialized because it does not have a parameterless constructor.</Message>
          <StackTrace>    at System.Xml.Serialization.TypeDesc.CheckSupported()
   at System.Xml.Serialization.TypeScope.GetTypeDesc(Type type, MemberInfo source, Boolean directReference, Boolean throwOnError)
   at System.Xml.Serialization.ModelScope.GetTypeModel(Type type, Boolean directReference)
   at System.Xml.Serialization.XmlReflectionImporter.ImportTypeMapping(Type type, XmlRootAttribute root, String defaultNamespace)
   at System.Xml.Serialization.XmlSerializer..ctor(Type type, String defaultNamespace)
   at System.Xml.Serialization.XmlSerializer..ctor(Type type)
   at Mercury.Messaging.Serialization.RuntimeSerializer.Serialize(Object data, XmlWriter writer) in C:\Users\chris.mankin\Documents\Visual Studio 2010\Projects\Development\Mercury Framework v2\Src\Mercury.Messaging.Core\Serialization\RuntimeSerializer.cs:line 98
   at Mercury.Messaging.Messages.MessageBase`1.WriteXml(XmlWriter writer) in C:\Users\chris.mankin\Documents\Visual Studio 2010\Projects\Development\Mercury Framework v2\Src\Mercury.Messaging.Core\Messages\MessageBase.cs:line 190
   at Mercury.Messaging.Messages.RequestBase`1.WriteXml(XmlWriter writer) in C:\Users\chris.mankin\Documents\Visual Studio 2010\Projects\Development\Mercury Framework v2\Src\Mercury.Messaging.Core\Messages\Stereotypes\RequestBase.cs:line 201
   at System.Xml.Serialization.XmlSerializationWriter.WriteSerializable(IXmlSerializable serializable, String name, String ns, Boolean isNullable, Boolean wrapped)
   at Microsoft.Xml.Serialization.GeneratedAssembly.XmlSerializationWriterRequestBase1.Write1_RequestBaseOfAddMessage(Object o)
 --- End of inner exception stack trace ---
    at System.Xml.Serialization.XmlSerializer.Serialize(XmlWriter xmlWriter, Object o, XmlSerializerNamespaces namespaces, String encodingStyle, String id)
   at System.Xml.Serialization.XmlSerializer.Serialize(TextWriter textWriter, Object o, XmlSerializerNamespaces namespaces)
   at System.Xml.Serialization.XmlSerializer.Serialize(TextWriter textWriter, Object o)
   at Mercury.Messaging.Serialization.RuntimeSerializer.Serialize(Object data, Encoding encoding) in C:\Users\chris.mankin\Documents\Visual Studio 2010\Projects\Development\Mercury Framework v2\Src\Mercury.Messaging.Core\Serialization\RuntimeSerializer.cs:line 84
   at Mercury.Messaging.Serialization.RuntimeSerializer.Serialize(Object data) in C:\Users\chris.mankin\Documents\Visual Studio 2010\Projects\Development\Mercury Framework v2\Src\Mercury.Messaging.Core\Serialization\RuntimeSerializer.cs:line 63
   at Mercury.Messaging.Instrumentation.ContextInfo.NewInfo(IRoutingContext context, IResource resource, RuntimeEnvironment environment, Boolean captureAllResources, MethodBase methodContext, String message) in C:\Users\chris.mankin\Documents\Visual Studio 2010\Projects\Development\Mercury Framework v2\Src\Mercury.Messaging.Core\Instrumentation\ContextInfo.cs:line 153
   at Mercury.Messaging.Channels.ChannelBase.TraceContext(MethodBase methodContext, IRoutingContext routeContext, IResource resource, RuntimeEnvironment environment, IPEndPoint receiverEP, String receiverId, String message) in C:\Users\chris.mankin\Documents\Visual Studio 2010\Projects\Development\Mercury Framework v2\Src\Mercury.Messaging.Core\Channels\ChannelBase.cs:line 89
   at Mercury.Messaging.Channels.ChannelBase.Send[T](T message) in C:\Users\chris.mankin\Documents\Visual Studio 2010\Projects\Development\Mercury Framework v2\Src\Mercury.Messaging.Core\Channels\ChannelBase.cs:line 44
   at Mercury.Messaging.Messages.RequestExtensions.Request[TRequest](IUntypedChannel channel, TRequest req, IUntypedChannel responseChannel) in C:\Users\chris.mankin\Documents\Visual Studio 2010\Projects\Development\Mercury Framework v2\Src\Mercury.Messaging.Core\Messages\Stereotypes\RequestExtensions.cs:line 27
   at Mercury.Messaging.Test.Agent_specs.Agent_request_response() in C:\Users\chris.mankin\Documents\Visual Studio 2010\Projects\Development\Mercury Framework v2\Src\Mercury.Messaging.Test\Agents\Agent_specs.cs:line 167
</StackTrace>
        </ErrorInfo>
      </Output>
    </UnitTestResult>
    <UnitTestResult executionId="e359a512-085b-4aa3-b5ee-7a2efd627fc0" testId="356d90d3-1349-08cc-10e5-9950436906ac" testName="Agent_ping_pong" computerName="TLCINIR8FR0NY" duration="00:00:05.0181074" startTime="2013-07-03T15:01:32.5187166-05:00" endTime="2013-07-03T15:01:37.5575812-05:00" testType="13cdc9d9-ddb5-4fa4-a97d-d965ccfc6d4b" outcome="Passed" testListId="8c84fa94-04c1-424b-9868-57a2d4851a1d" relativeResultsDirectory="e359a512-085b-4aa3-b5ee-7a2efd627fc0">
    </UnitTestResult>
    <UnitTestResult executionId="a9abda50-a661-4794-a527-73a78ba90a1e" testId="867e3c33-e403-1cd7-16a2-17336a191186" testName="Agent_futures" computerName="TLCINIR8FR0NY" duration="00:02:38.5105365" startTime="2013-07-03T15:01:37.5731814-05:00" endTime="2013-07-03T15:04:16.0837179-05:00" testType="13cdc9d9-ddb5-4fa4-a97d-d965ccfc6d4b" outcome="Aborted" testListId="8c84fa94-04c1-424b-9868-57a2d4851a1d" relativeResultsDirectory="a9abda50-a661-4794-a527-73a78ba90a1e">
    </UnitTestResult>
    <UnitTestResult executionId="aeb3ecb8-90c2-4c47-ba67-d22f346871a8" testId="cef1a7d6-80b7-bb71-9d4e-6152d3266e0f" testName="Link_two_agents_and_fail_two_way" computerName="TLCINIR8FR0NY" testType="13cdc9d9-ddb5-4fa4-a97d-d965ccfc6d4b" outcome="NotExecuted" testListId="8c84fa94-04c1-424b-9868-57a2d4851a1d" relativeResultsDirectory="aeb3ecb8-90c2-4c47-ba67-d22f346871a8">
    </UnitTestResult>
    <UnitTestResult executionId="abf17549-055c-4d63-ae58-0a6e49258e2c" testId="91c062f8-343b-a991-c293-c1e685a68b9a" testName="Custom_supervisor_agent_tests" computerName="TLCINIR8FR0NY" testType="13cdc9d9-ddb5-4fa4-a97d-d965ccfc6d4b" outcome="NotExecuted" testListId="8c84fa94-04c1-424b-9868-57a2d4851a1d" relativeResultsDirectory="abf17549-055c-4d63-ae58-0a6e49258e2c">
    </UnitTestResult>
    <UnitTestResult executionId="a8c71b67-f6bf-44ff-854f-295b7a4e9da9" testId="fbf19baf-adef-42c8-f964-b6feea0d5ea2" testName="Synchronous_message_blocks_until_complete" computerName="TLCINIR8FR0NY" testType="13cdc9d9-ddb5-4fa4-a97d-d965ccfc6d4b" outcome="NotExecuted" testListId="8c84fa94-04c1-424b-9868-57a2d4851a1d" relativeResultsDirectory="a8c71b67-f6bf-44ff-854f-295b7a4e9da9">
    </UnitTestResult>
    <UnitTestResult executionId="9c87e011-1bc5-415b-a5e6-0d609d71ed81" testId="1645d958-cc20-e5c9-2b5d-2cc410c694f5" testName="Interrupt_message_interleaves_current_messages" computerName="TLCINIR8FR0NY" testType="13cdc9d9-ddb5-4fa4-a97d-d965ccfc6d4b" outcome="NotExecuted" testListId="8c84fa94-04c1-424b-9868-57a2d4851a1d" relativeResultsDirectory="9c87e011-1bc5-415b-a5e6-0d609d71ed81">
    </UnitTestResult>
    <UnitTestResult executionId="c20712d9-9608-463d-8dec-6e5426f228ba" testId="c9a7b42c-6ec9-069d-8c66-1db5d51e2f51" testName="Future_can_be_called_twice_without_consequences" computerName="TLCINIR8FR0NY" testType="13cdc9d9-ddb5-4fa4-a97d-d965ccfc6d4b" outcome="NotExecuted" testListId="8c84fa94-04c1-424b-9868-57a2d4851a1d" relativeResultsDirectory="c20712d9-9608-463d-8dec-6e5426f228ba">
    </UnitTestResult>
    <UnitTestResult executionId="ca43aa15-23c5-41b8-82d1-30cdbb38e352" testId="dee139b8-437d-98e4-8e02-68ce168542d2" testName="Future_accumulates_messages_while_waiting_for_result" computerName="TLCINIR8FR0NY" testType="13cdc9d9-ddb5-4fa4-a97d-d965ccfc6d4b" outcome="NotExecuted" testListId="8c84fa94-04c1-424b-9868-57a2d4851a1d" relativeResultsDirectory="ca43aa15-23c5-41b8-82d1-30cdbb38e352">
    </UnitTestResult>
  </Results>
</TestRun>