<?xml version="1.0" encoding="UTF-8"?>
<TestRun id="6629fdfc-40ab-44b8-b898-e11347a325e8" name="chris.mankin@TLCITS2796ZQ1 2015-05-15 14:51:13" runUser="HQDOMAIN\chris.mankin" xmlns="http://microsoft.com/schemas/VisualStudio/TeamTest/2010">
  <TestSettings name="Local" id="70bce9e9-d360-4dd6-8af7-dd0eb2add29d">
    <Description>These are default test settings for a local test run.</Description>
    <Deployment enabled="false" runDeploymentRoot="chris.mankin_TLCITS2796ZQ1 2015-05-15 14_51_13">
      <DeploymentItem filename="E:\Documents\Projects\Personal\Mercury Framework\Main\Src\Mercury.Logging.Core\bin\Release\Mercury.Logging.Core.dll" />
      <DeploymentItem filename="E:\Documents\Projects\Personal\Mercury Framework\Main\Src\Mercury.Logging.Configuration\bin\Release\Mercury.Logging.Configuration.dll" />
    </Deployment>
    <Execution>
      <TestTypeSpecific />
      <AgentRule name="Execution Agents">
      </AgentRule>
    </Execution>
  </TestSettings>
  <Times creation="2015-05-15T14:51:13.9486342-05:00" queuing="2015-05-15T14:51:14.6038384-05:00" start="2015-05-15T14:51:14.6350386-05:00" finish="2015-05-15T14:51:19.6426707-05:00" />
  <ResultSummary outcome="Completed">
    <Counters total="16" executed="16" passed="16" error="0" failed="0" timeout="0" aborted="0" inconclusive="0" passedButRunAborted="0" notRunnable="0" notExecuted="0" disconnected="0" warning="0" completed="0" inProgress="0" pending="0" />
  </ResultSummary>
  <TestDefinitions>
    <UnitTest name="Can_flush_and_continue_writing" storage="e:\documents\projects\personal\mercury framework\main\src\mercury.logging.test\bin\release\mercury.logging.test.dll" id="722c1803-4186-5fff-de48-bec50afbb12a">
      <Execution id="6a19a9a0-ddb8-4257-87c1-d5d86ab385b0" />
      <TestMethod codeBase="E:/Documents/Projects/Personal/Mercury Framework/Main/Src/Mercury.Logging.Test/bin/Release/Mercury.Logging.Test.DLL" adapterTypeName="Microsoft.VisualStudio.TestTools.TestTypes.Unit.UnitTestAdapter, Microsoft.VisualStudio.QualityTools.Tips.UnitTest.Adapter, Version=10.0.0.0, Culture=neutral, PublicKeyToken=b03f5f7f11d50a3a" className="Mercury.Logging.Test.FileLogger_specs, Mercury.Logging.Test, Version=1.0.0.0, Culture=neutral, PublicKeyToken=null" name="Can_flush_and_continue_writing" />
    </UnitTest>
    <UnitTest name="Durable_logger_supports_delayed_write_to_primary" storage="e:\documents\projects\personal\mercury framework\main\src\mercury.logging.test\bin\release\mercury.logging.test.dll" id="7268b6d0-0354-48b9-c3cc-9bcc977ee7d6">
      <Execution id="11f0fb3e-28ea-475f-824f-fb93aa0cf81c" />
      <TestMethod codeBase="E:/Documents/Projects/Personal/Mercury Framework/Main/Src/Mercury.Logging.Test/bin/Release/Mercury.Logging.Test.DLL" adapterTypeName="Microsoft.VisualStudio.TestTools.TestTypes.Unit.UnitTestAdapter, Microsoft.VisualStudio.QualityTools.Tips.UnitTest.Adapter, Version=10.0.0.0, Culture=neutral, PublicKeyToken=b03f5f7f11d50a3a" className="Mercury.Logging.Test.DurableLogger_specs, Mercury.Logging.Test, Version=1.0.0.0, Culture=neutral, PublicKeyToken=null" name="Durable_logger_supports_delayed_write_to_primary" />
    </UnitTest>
    <UnitTest name="Can_write_to_memory_log" storage="e:\documents\projects\personal\mercury framework\main\src\mercury.logging.test\bin\release\mercury.logging.test.dll" id="25a197ab-36bd-51df-1b66-bd8a5cd5234f">
      <Execution id="5de1a1a2-dbc8-4932-8657-b0db6dcea135" />
      <TestMethod codeBase="E:/Documents/Projects/Personal/Mercury Framework/Main/Src/Mercury.Logging.Test/bin/Release/Mercury.Logging.Test.DLL" adapterTypeName="Microsoft.VisualStudio.TestTools.TestTypes.Unit.UnitTestAdapter, Microsoft.VisualStudio.QualityTools.Tips.UnitTest.Adapter, Version=10.0.0.0, Culture=neutral, PublicKeyToken=b03f5f7f11d50a3a" className="Mercury.Logging.Test.MemoryLogger_specs, Mercury.Logging.Test, Version=1.0.0.0, Culture=neutral, PublicKeyToken=null" name="Can_write_to_memory_log" />
    </UnitTest>
    <UnitTest name="Can_write_to_durable_log_and_primary" storage="e:\documents\projects\personal\mercury framework\main\src\mercury.logging.test\bin\release\mercury.logging.test.dll" id="74242b03-abdd-8896-0d59-54239b9d70eb">
      <Execution id="0f226a65-a79c-4c82-bbd2-56e23153d63c" />
      <TestMethod codeBase="E:/Documents/Projects/Personal/Mercury Framework/Main/Src/Mercury.Logging.Test/bin/Release/Mercury.Logging.Test.DLL" adapterTypeName="Microsoft.VisualStudio.TestTools.TestTypes.Unit.UnitTestAdapter, Microsoft.VisualStudio.QualityTools.Tips.UnitTest.Adapter, Version=10.0.0.0, Culture=neutral, PublicKeyToken=b03f5f7f11d50a3a" className="Mercury.Logging.Test.DurableLogger_specs, Mercury.Logging.Test, Version=1.0.0.0, Culture=neutral, PublicKeyToken=null" name="Can_write_to_durable_log_and_primary" />
    </UnitTest>
    <UnitTest name="Can_flush_cancel_pending_retry" storage="e:\documents\projects\personal\mercury framework\main\src\mercury.logging.test\bin\release\mercury.logging.test.dll" id="717ef22f-6007-32e5-26a6-5f19a3ec4019">
      <Execution id="b3793302-5bc7-4999-aa6a-3a9a13fcdea6" />
      <TestMethod codeBase="E:/Documents/Projects/Personal/Mercury Framework/Main/Src/Mercury.Logging.Test/bin/Release/Mercury.Logging.Test.DLL" adapterTypeName="Microsoft.VisualStudio.TestTools.TestTypes.Unit.UnitTestAdapter, Microsoft.VisualStudio.QualityTools.Tips.UnitTest.Adapter, Version=10.0.0.0, Culture=neutral, PublicKeyToken=b03f5f7f11d50a3a" className="Mercury.Logging.Test.PersistentLogger_specs, Mercury.Logging.Test, Version=1.0.0.0, Culture=neutral, PublicKeyToken=null" name="Can_flush_cancel_pending_retry" />
    </UnitTest>
    <UnitTest name="CompositeLogger_can_log_to_multiple_loggers" storage="e:\documents\projects\personal\mercury framework\main\src\mercury.logging.test\bin\release\mercury.logging.test.dll" id="702bf928-4946-58d8-cd41-655a3e64a588">
      <Execution id="db00fdc7-4f18-4fa1-88ec-1bff82b27703" />
      <TestMethod codeBase="E:/Documents/Projects/Personal/Mercury Framework/Main/Src/Mercury.Logging.Test/bin/Release/Mercury.Logging.Test.DLL" adapterTypeName="Microsoft.VisualStudio.TestTools.TestTypes.Unit.UnitTestAdapter, Microsoft.VisualStudio.QualityTools.Tips.UnitTest.Adapter, Version=10.0.0.0, Culture=neutral, PublicKeyToken=b03f5f7f11d50a3a" className="Mercury.Logging.Test.CompositeLogger_specs, Mercury.Logging.Test, Version=1.0.0.0, Culture=neutral, PublicKeyToken=null" name="CompositeLogger_can_log_to_multiple_loggers" />
    </UnitTest>
    <UnitTest name="Can_persist_across_time_interval" storage="e:\documents\projects\personal\mercury framework\main\src\mercury.logging.test\bin\release\mercury.logging.test.dll" id="12d44479-d13a-c02b-91a5-fed1aec60438">
      <Execution id="935a683c-c362-465f-9f1b-e75312e89497" />
      <TestMethod codeBase="E:/Documents/Projects/Personal/Mercury Framework/Main/Src/Mercury.Logging.Test/bin/Release/Mercury.Logging.Test.DLL" adapterTypeName="Microsoft.VisualStudio.TestTools.TestTypes.Unit.UnitTestAdapter, Microsoft.VisualStudio.QualityTools.Tips.UnitTest.Adapter, Version=10.0.0.0, Culture=neutral, PublicKeyToken=b03f5f7f11d50a3a" className="Mercury.Logging.Test.PersistentLogger_specs, Mercury.Logging.Test, Version=1.0.0.0, Culture=neutral, PublicKeyToken=null" name="Can_persist_across_time_interval" />
    </UnitTest>
    <UnitTest name="Can_remove_and_compact_with_consuming_enumerable" storage="e:\documents\projects\personal\mercury framework\main\src\mercury.logging.test\bin\release\mercury.logging.test.dll" id="4c6edd2e-cecb-a5ca-c112-06916ad6e43e">
      <Execution id="f6403246-3721-4f98-ab42-5e224c7b52ab" />
      <TestMethod codeBase="E:/Documents/Projects/Personal/Mercury Framework/Main/Src/Mercury.Logging.Test/bin/Release/Mercury.Logging.Test.DLL" adapterTypeName="Microsoft.VisualStudio.TestTools.TestTypes.Unit.UnitTestAdapter, Microsoft.VisualStudio.QualityTools.Tips.UnitTest.Adapter, Version=10.0.0.0, Culture=neutral, PublicKeyToken=b03f5f7f11d50a3a" className="Mercury.Logging.Test.MemoryLogger_specs, Mercury.Logging.Test, Version=1.0.0.0, Culture=neutral, PublicKeyToken=null" name="Can_remove_and_compact_with_consuming_enumerable" />
    </UnitTest>
    <UnitTest name="Can_create_log_file" storage="e:\documents\projects\personal\mercury framework\main\src\mercury.logging.test\bin\release\mercury.logging.test.dll" id="b23ffc2c-aab0-f8c9-54a9-05cf5cbee55e">
      <Execution id="d6fddb83-a1e1-4345-9496-7b270467562e" />
      <TestMethod codeBase="E:/Documents/Projects/Personal/Mercury Framework/Main/Src/Mercury.Logging.Test/bin/Release/Mercury.Logging.Test.DLL" adapterTypeName="Microsoft.VisualStudio.TestTools.TestTypes.Unit.UnitTestAdapter, Microsoft.VisualStudio.QualityTools.Tips.UnitTest.Adapter, Version=10.0.0.0, Culture=neutral, PublicKeyToken=b03f5f7f11d50a3a" className="Mercury.Logging.Test.FileLogger_specs, Mercury.Logging.Test, Version=1.0.0.0, Culture=neutral, PublicKeyToken=null" name="Can_create_log_file" />
    </UnitTest>
    <UnitTest name="Can_remove_and_compact_values" storage="e:\documents\projects\personal\mercury framework\main\src\mercury.logging.test\bin\release\mercury.logging.test.dll" id="20535119-ff01-66c9-a8cc-ad4127eb9f9d">
      <Execution id="cd8717f9-1a79-4f35-a007-77cd9a45aebe" />
      <TestMethod codeBase="E:/Documents/Projects/Personal/Mercury Framework/Main/Src/Mercury.Logging.Test/bin/Release/Mercury.Logging.Test.DLL" adapterTypeName="Microsoft.VisualStudio.TestTools.TestTypes.Unit.UnitTestAdapter, Microsoft.VisualStudio.QualityTools.Tips.UnitTest.Adapter, Version=10.0.0.0, Culture=neutral, PublicKeyToken=b03f5f7f11d50a3a" className="Mercury.Logging.Test.MemoryLogger_specs, Mercury.Logging.Test, Version=1.0.0.0, Culture=neutral, PublicKeyToken=null" name="Can_remove_and_compact_values" />
    </UnitTest>
    <UnitTest name="Can_create_an_in_memory_logger" storage="e:\documents\projects\personal\mercury framework\main\src\mercury.logging.test\bin\release\mercury.logging.test.dll" id="ea59004c-d228-f381-3464-acde69579057">
      <Execution id="78f6d355-5caf-43cf-a481-95071425e08b" />
      <TestMethod codeBase="E:/Documents/Projects/Personal/Mercury Framework/Main/Src/Mercury.Logging.Test/bin/Release/Mercury.Logging.Test.DLL" adapterTypeName="Microsoft.VisualStudio.TestTools.TestTypes.Unit.UnitTestAdapter, Microsoft.VisualStudio.QualityTools.Tips.UnitTest.Adapter, Version=10.0.0.0, Culture=neutral, PublicKeyToken=b03f5f7f11d50a3a" className="Mercury.Logging.Test.Logger_basic_specs, Mercury.Logging.Test, Version=1.0.0.0, Culture=neutral, PublicKeyToken=null" name="Can_create_an_in_memory_logger" />
    </UnitTest>
    <UnitTest name="Can_use_severity_and_category_filters" storage="e:\documents\projects\personal\mercury framework\main\src\mercury.logging.test\bin\release\mercury.logging.test.dll" id="51b7e5f9-11a7-218e-9aab-bf811c1c67ac">
      <Execution id="63952150-767d-44ae-a266-0cd72024634a" />
      <TestMethod codeBase="E:/Documents/Projects/Personal/Mercury Framework/Main/Src/Mercury.Logging.Test/bin/Release/Mercury.Logging.Test.DLL" adapterTypeName="Microsoft.VisualStudio.TestTools.TestTypes.Unit.UnitTestAdapter, Microsoft.VisualStudio.QualityTools.Tips.UnitTest.Adapter, Version=10.0.0.0, Culture=neutral, PublicKeyToken=b03f5f7f11d50a3a" className="Mercury.Logging.Test.Logger_basic_specs, Mercury.Logging.Test, Version=1.0.0.0, Culture=neutral, PublicKeyToken=null" name="Can_use_severity_and_category_filters" />
    </UnitTest>
    <UnitTest name="Durable_logger_supports_batched_writing_to_primary" storage="e:\documents\projects\personal\mercury framework\main\src\mercury.logging.test\bin\release\mercury.logging.test.dll" id="c93a1f0b-9b5c-8c39-f330-2bccfaa4d87e">
      <Execution id="737347f5-885c-40a8-9802-38dd0bf0acb9" />
      <TestMethod codeBase="E:/Documents/Projects/Personal/Mercury Framework/Main/Src/Mercury.Logging.Test/bin/Release/Mercury.Logging.Test.DLL" adapterTypeName="Microsoft.VisualStudio.TestTools.TestTypes.Unit.UnitTestAdapter, Microsoft.VisualStudio.QualityTools.Tips.UnitTest.Adapter, Version=10.0.0.0, Culture=neutral, PublicKeyToken=b03f5f7f11d50a3a" className="Mercury.Logging.Test.DurableLogger_specs, Mercury.Logging.Test, Version=1.0.0.0, Culture=neutral, PublicKeyToken=null" name="Durable_logger_supports_batched_writing_to_primary" />
    </UnitTest>
    <UnitTest name="Can_clear_and_compact_values" storage="e:\documents\projects\personal\mercury framework\main\src\mercury.logging.test\bin\release\mercury.logging.test.dll" id="79bd92d3-5dc2-dd22-b919-6f58b3e9b0ab">
      <Execution id="cdc4a4d3-c6c2-4bc7-8513-d57960d02a81" />
      <TestMethod codeBase="E:/Documents/Projects/Personal/Mercury Framework/Main/Src/Mercury.Logging.Test/bin/Release/Mercury.Logging.Test.DLL" adapterTypeName="Microsoft.VisualStudio.TestTools.TestTypes.Unit.UnitTestAdapter, Microsoft.VisualStudio.QualityTools.Tips.UnitTest.Adapter, Version=10.0.0.0, Culture=neutral, PublicKeyToken=b03f5f7f11d50a3a" className="Mercury.Logging.Test.MemoryLogger_specs, Mercury.Logging.Test, Version=1.0.0.0, Culture=neutral, PublicKeyToken=null" name="Can_clear_and_compact_values" />
    </UnitTest>
    <UnitTest name="Can_load_loggers_from_configuration" storage="e:\documents\projects\personal\mercury framework\main\src\mercury.logging.test\bin\release\mercury.logging.test.dll" id="fb599e3d-0c56-c782-414f-fc5f0b0a38dc">
      <Execution id="e7b19732-9ba7-47ef-ac29-a774e5840766" />
      <TestMethod codeBase="E:/Documents/Projects/Personal/Mercury Framework/Main/Src/Mercury.Logging.Test/bin/Release/Mercury.Logging.Test.DLL" adapterTypeName="Microsoft.VisualStudio.TestTools.TestTypes.Unit.UnitTestAdapter, Microsoft.VisualStudio.QualityTools.Tips.UnitTest.Adapter, Version=10.0.0.0, Culture=neutral, PublicKeyToken=b03f5f7f11d50a3a" className="Mercury.Logging.Test.Configuration_specs, Mercury.Logging.Test, Version=1.0.0.0, Culture=neutral, PublicKeyToken=null" name="Can_load_loggers_from_configuration" />
    </UnitTest>
    <UnitTest name="Can_log_with_options" storage="e:\documents\projects\personal\mercury framework\main\src\mercury.logging.test\bin\release\mercury.logging.test.dll" id="382ccc8f-314a-ceec-4fe9-9ab7a9c48569">
      <Execution id="2807f801-5bbf-44a2-93f9-9fb296943a21" />
      <TestMethod codeBase="E:/Documents/Projects/Personal/Mercury Framework/Main/Src/Mercury.Logging.Test/bin/Release/Mercury.Logging.Test.DLL" adapterTypeName="Microsoft.VisualStudio.TestTools.TestTypes.Unit.UnitTestAdapter, Microsoft.VisualStudio.QualityTools.Tips.UnitTest.Adapter, Version=10.0.0.0, Culture=neutral, PublicKeyToken=b03f5f7f11d50a3a" className="Mercury.Logging.Test.Logger_basic_specs, Mercury.Logging.Test, Version=1.0.0.0, Culture=neutral, PublicKeyToken=null" name="Can_log_with_options" />
    </UnitTest>
  </TestDefinitions>
  <TestLists>
    <TestList name="Results Not in a List" id="8c84fa94-04c1-424b-9868-57a2d4851a1d" />
    <TestList name="All Loaded Results" id="19431567-8539-422a-85d7-44ee4e166bda" />
  </TestLists>
  <TestEntries>
    <TestEntry testId="fb599e3d-0c56-c782-414f-fc5f0b0a38dc" executionId="e7b19732-9ba7-47ef-ac29-a774e5840766" testListId="8c84fa94-04c1-424b-9868-57a2d4851a1d" />
    <TestEntry testId="ea59004c-d228-f381-3464-acde69579057" executionId="78f6d355-5caf-43cf-a481-95071425e08b" testListId="8c84fa94-04c1-424b-9868-57a2d4851a1d" />
    <TestEntry testId="382ccc8f-314a-ceec-4fe9-9ab7a9c48569" executionId="2807f801-5bbf-44a2-93f9-9fb296943a21" testListId="8c84fa94-04c1-424b-9868-57a2d4851a1d" />
    <TestEntry testId="51b7e5f9-11a7-218e-9aab-bf811c1c67ac" executionId="63952150-767d-44ae-a266-0cd72024634a" testListId="8c84fa94-04c1-424b-9868-57a2d4851a1d" />
    <TestEntry testId="12d44479-d13a-c02b-91a5-fed1aec60438" executionId="935a683c-c362-465f-9f1b-e75312e89497" testListId="8c84fa94-04c1-424b-9868-57a2d4851a1d" />
    <TestEntry testId="717ef22f-6007-32e5-26a6-5f19a3ec4019" executionId="b3793302-5bc7-4999-aa6a-3a9a13fcdea6" testListId="8c84fa94-04c1-424b-9868-57a2d4851a1d" />
    <TestEntry testId="25a197ab-36bd-51df-1b66-bd8a5cd5234f" executionId="5de1a1a2-dbc8-4932-8657-b0db6dcea135" testListId="8c84fa94-04c1-424b-9868-57a2d4851a1d" />
    <TestEntry testId="20535119-ff01-66c9-a8cc-ad4127eb9f9d" executionId="cd8717f9-1a79-4f35-a007-77cd9a45aebe" testListId="8c84fa94-04c1-424b-9868-57a2d4851a1d" />
    <TestEntry testId="79bd92d3-5dc2-dd22-b919-6f58b3e9b0ab" executionId="cdc4a4d3-c6c2-4bc7-8513-d57960d02a81" testListId="8c84fa94-04c1-424b-9868-57a2d4851a1d" />
    <TestEntry testId="4c6edd2e-cecb-a5ca-c112-06916ad6e43e" executionId="f6403246-3721-4f98-ab42-5e224c7b52ab" testListId="8c84fa94-04c1-424b-9868-57a2d4851a1d" />
    <TestEntry testId="b23ffc2c-aab0-f8c9-54a9-05cf5cbee55e" executionId="d6fddb83-a1e1-4345-9496-7b270467562e" testListId="8c84fa94-04c1-424b-9868-57a2d4851a1d" />
    <TestEntry testId="722c1803-4186-5fff-de48-bec50afbb12a" executionId="6a19a9a0-ddb8-4257-87c1-d5d86ab385b0" testListId="8c84fa94-04c1-424b-9868-57a2d4851a1d" />
    <TestEntry testId="74242b03-abdd-8896-0d59-54239b9d70eb" executionId="0f226a65-a79c-4c82-bbd2-56e23153d63c" testListId="8c84fa94-04c1-424b-9868-57a2d4851a1d" />
    <TestEntry testId="7268b6d0-0354-48b9-c3cc-9bcc977ee7d6" executionId="11f0fb3e-28ea-475f-824f-fb93aa0cf81c" testListId="8c84fa94-04c1-424b-9868-57a2d4851a1d" />
    <TestEntry testId="c93a1f0b-9b5c-8c39-f330-2bccfaa4d87e" executionId="737347f5-885c-40a8-9802-38dd0bf0acb9" testListId="8c84fa94-04c1-424b-9868-57a2d4851a1d" />
    <TestEntry testId="702bf928-4946-58d8-cd41-655a3e64a588" executionId="db00fdc7-4f18-4fa1-88ec-1bff82b27703" testListId="8c84fa94-04c1-424b-9868-57a2d4851a1d" />
  </TestEntries>
  <Results>
    <UnitTestResult executionId="e7b19732-9ba7-47ef-ac29-a774e5840766" testId="fb599e3d-0c56-c782-414f-fc5f0b0a38dc" testName="Can_load_loggers_from_configuration" computerName="TLCITS2796ZQ1" duration="00:00:00.3058747" startTime="2015-05-15T14:51:14.6506387-05:00" endTime="2015-05-15T14:51:16.0390476-05:00" testType="13cdc9d9-ddb5-4fa4-a97d-d965ccfc6d4b" outcome="Passed" testListId="8c84fa94-04c1-424b-9868-57a2d4851a1d" relativeResultsDirectory="e7b19732-9ba7-47ef-ac29-a774e5840766">
    </UnitTestResult>
    <UnitTestResult executionId="78f6d355-5caf-43cf-a481-95071425e08b" testId="ea59004c-d228-f381-3464-acde69579057" testName="Can_create_an_in_memory_logger" computerName="TLCITS2796ZQ1" duration="00:00:00.0049192" startTime="2015-05-15T14:51:16.0390476-05:00" endTime="2015-05-15T14:51:16.0546477-05:00" testType="13cdc9d9-ddb5-4fa4-a97d-d965ccfc6d4b" outcome="Passed" testListId="8c84fa94-04c1-424b-9868-57a2d4851a1d" relativeResultsDirectory="78f6d355-5caf-43cf-a481-95071425e08b">
    </UnitTestResult>
    <UnitTestResult executionId="2807f801-5bbf-44a2-93f9-9fb296943a21" testId="382ccc8f-314a-ceec-4fe9-9ab7a9c48569" testName="Can_log_with_options" computerName="TLCITS2796ZQ1" duration="00:00:00.0553879" startTime="2015-05-15T14:51:16.0546477-05:00" endTime="2015-05-15T14:51:16.1170481-05:00" testType="13cdc9d9-ddb5-4fa4-a97d-d965ccfc6d4b" outcome="Passed" testListId="8c84fa94-04c1-424b-9868-57a2d4851a1d" relativeResultsDirectory="2807f801-5bbf-44a2-93f9-9fb296943a21">
    </UnitTestResult>
    <UnitTestResult executionId="63952150-767d-44ae-a266-0cd72024634a" testId="51b7e5f9-11a7-218e-9aab-bf811c1c67ac" testName="Can_use_severity_and_category_filters" computerName="TLCITS2796ZQ1" duration="00:00:00.0021664" startTime="2015-05-15T14:51:16.1170481-05:00" endTime="2015-05-15T14:51:16.1170481-05:00" testType="13cdc9d9-ddb5-4fa4-a97d-d965ccfc6d4b" outcome="Passed" testListId="8c84fa94-04c1-424b-9868-57a2d4851a1d" relativeResultsDirectory="63952150-767d-44ae-a266-0cd72024634a">
    </UnitTestResult>
    <UnitTestResult executionId="935a683c-c362-465f-9f1b-e75312e89497" testId="12d44479-d13a-c02b-91a5-fed1aec60438" testName="Can_persist_across_time_interval" computerName="TLCITS2796ZQ1" duration="00:00:02.0080716" startTime="2015-05-15T14:51:16.1638484-05:00" endTime="2015-05-15T14:51:18.1762613-05:00" testType="13cdc9d9-ddb5-4fa4-a97d-d965ccfc6d4b" outcome="Passed" testListId="8c84fa94-04c1-424b-9868-57a2d4851a1d" relativeResultsDirectory="935a683c-c362-465f-9f1b-e75312e89497">
    </UnitTestResult>
    <UnitTestResult executionId="b3793302-5bc7-4999-aa6a-3a9a13fcdea6" testId="717ef22f-6007-32e5-26a6-5f19a3ec4019" testName="Can_flush_cancel_pending_retry" computerName="TLCITS2796ZQ1" duration="00:00:01.1949674" startTime="2015-05-15T14:51:18.1762613-05:00" endTime="2015-05-15T14:51:19.3774690-05:00" testType="13cdc9d9-ddb5-4fa4-a97d-d965ccfc6d4b" outcome="Passed" testListId="8c84fa94-04c1-424b-9868-57a2d4851a1d" relativeResultsDirectory="b3793302-5bc7-4999-aa6a-3a9a13fcdea6">
    </UnitTestResult>
    <UnitTestResult executionId="5de1a1a2-dbc8-4932-8657-b0db6dcea135" testId="25a197ab-36bd-51df-1b66-bd8a5cd5234f" testName="Can_write_to_memory_log" computerName="TLCITS2796ZQ1" duration="00:00:00.0006068" startTime="2015-05-15T14:51:19.3774690-05:00" endTime="2015-05-15T14:51:19.3774690-05:00" testType="13cdc9d9-ddb5-4fa4-a97d-d965ccfc6d4b" outcome="Passed" testListId="8c84fa94-04c1-424b-9868-57a2d4851a1d" relativeResultsDirectory="5de1a1a2-dbc8-4932-8657-b0db6dcea135">
    </UnitTestResult>
    <UnitTestResult executionId="cd8717f9-1a79-4f35-a007-77cd9a45aebe" testId="20535119-ff01-66c9-a8cc-ad4127eb9f9d" testName="Can_remove_and_compact_values" computerName="TLCITS2796ZQ1" duration="00:00:00.0010839" startTime="2015-05-15T14:51:19.3774690-05:00" endTime="2015-05-15T14:51:19.3930691-05:00" testType="13cdc9d9-ddb5-4fa4-a97d-d965ccfc6d4b" outcome="Passed" testListId="8c84fa94-04c1-424b-9868-57a2d4851a1d" relativeResultsDirectory="cd8717f9-1a79-4f35-a007-77cd9a45aebe">
    </UnitTestResult>
    <UnitTestResult executionId="cdc4a4d3-c6c2-4bc7-8513-d57960d02a81" testId="79bd92d3-5dc2-dd22-b919-6f58b3e9b0ab" testName="Can_clear_and_compact_values" computerName="TLCITS2796ZQ1" duration="00:00:00.0004360" startTime="2015-05-15T14:51:19.3930691-05:00" endTime="2015-05-15T14:51:19.3930691-05:00" testType="13cdc9d9-ddb5-4fa4-a97d-d965ccfc6d4b" outcome="Passed" testListId="8c84fa94-04c1-424b-9868-57a2d4851a1d" relativeResultsDirectory="cdc4a4d3-c6c2-4bc7-8513-d57960d02a81">
    </UnitTestResult>
    <UnitTestResult executionId="f6403246-3721-4f98-ab42-5e224c7b52ab" testId="4c6edd2e-cecb-a5ca-c112-06916ad6e43e" testName="Can_remove_and_compact_with_consuming_enumerable" computerName="TLCITS2796ZQ1" duration="00:00:00.0004088" startTime="2015-05-15T14:51:19.3930691-05:00" endTime="2015-05-15T14:51:19.3930691-05:00" testType="13cdc9d9-ddb5-4fa4-a97d-d965ccfc6d4b" outcome="Passed" testListId="8c84fa94-04c1-424b-9868-57a2d4851a1d" relativeResultsDirectory="f6403246-3721-4f98-ab42-5e224c7b52ab">
    </UnitTestResult>
    <UnitTestResult executionId="d6fddb83-a1e1-4345-9496-7b270467562e" testId="b23ffc2c-aab0-f8c9-54a9-05cf5cbee55e" testName="Can_create_log_file" computerName="TLCITS2796ZQ1" duration="00:00:00.0031484" startTime="2015-05-15T14:51:19.3930691-05:00" endTime="2015-05-15T14:51:19.4086692-05:00" testType="13cdc9d9-ddb5-4fa4-a97d-d965ccfc6d4b" outcome="Passed" testListId="8c84fa94-04c1-424b-9868-57a2d4851a1d" relativeResultsDirectory="d6fddb83-a1e1-4345-9496-7b270467562e">
    </UnitTestResult>
    <UnitTestResult executionId="6a19a9a0-ddb8-4257-87c1-d5d86ab385b0" testId="722c1803-4186-5fff-de48-bec50afbb12a" testName="Can_flush_and_continue_writing" computerName="TLCITS2796ZQ1" duration="00:00:00.1295300" startTime="2015-05-15T14:51:19.4086692-05:00" endTime="2015-05-15T14:51:19.5490701-05:00" testType="13cdc9d9-ddb5-4fa4-a97d-d965ccfc6d4b" outcome="Passed" testListId="8c84fa94-04c1-424b-9868-57a2d4851a1d" relativeResultsDirectory="6a19a9a0-ddb8-4257-87c1-d5d86ab385b0">
    </UnitTestResult>
    <UnitTestResult executionId="0f226a65-a79c-4c82-bbd2-56e23153d63c" testId="74242b03-abdd-8896-0d59-54239b9d70eb" testName="Can_write_to_durable_log_and_primary" computerName="TLCITS2796ZQ1" duration="00:00:00.0030712" startTime="2015-05-15T14:51:19.5490701-05:00" endTime="2015-05-15T14:51:19.5490701-05:00" testType="13cdc9d9-ddb5-4fa4-a97d-d965ccfc6d4b" outcome="Passed" testListId="8c84fa94-04c1-424b-9868-57a2d4851a1d" relativeResultsDirectory="0f226a65-a79c-4c82-bbd2-56e23153d63c">
    </UnitTestResult>
    <UnitTestResult executionId="11f0fb3e-28ea-475f-824f-fb93aa0cf81c" testId="7268b6d0-0354-48b9-c3cc-9bcc977ee7d6" testName="Durable_logger_supports_delayed_write_to_primary" computerName="TLCITS2796ZQ1" duration="00:00:00.0141499" startTime="2015-05-15T14:51:19.5490701-05:00" endTime="2015-05-15T14:51:19.5646702-05:00" testType="13cdc9d9-ddb5-4fa4-a97d-d965ccfc6d4b" outcome="Passed" testListId="8c84fa94-04c1-424b-9868-57a2d4851a1d" relativeResultsDirectory="11f0fb3e-28ea-475f-824f-fb93aa0cf81c">
    </UnitTestResult>
    <UnitTestResult executionId="737347f5-885c-40a8-9802-38dd0bf0acb9" testId="c93a1f0b-9b5c-8c39-f330-2bccfaa4d87e" testName="Durable_logger_supports_batched_writing_to_primary" computerName="TLCITS2796ZQ1" duration="00:00:00.0090536" startTime="2015-05-15T14:51:19.5802703-05:00" endTime="2015-05-15T14:51:19.5802703-05:00" testType="13cdc9d9-ddb5-4fa4-a97d-d965ccfc6d4b" outcome="Passed" testListId="8c84fa94-04c1-424b-9868-57a2d4851a1d" relativeResultsDirectory="737347f5-885c-40a8-9802-38dd0bf0acb9">
    </UnitTestResult>
    <UnitTestResult executionId="db00fdc7-4f18-4fa1-88ec-1bff82b27703" testId="702bf928-4946-58d8-cd41-655a3e64a588" testName="CompositeLogger_can_log_to_multiple_loggers" computerName="TLCITS2796ZQ1" duration="00:00:00.0030110" startTime="2015-05-15T14:51:19.5958704-05:00" endTime="2015-05-15T14:51:19.5958704-05:00" testType="13cdc9d9-ddb5-4fa4-a97d-d965ccfc6d4b" outcome="Passed" testListId="8c84fa94-04c1-424b-9868-57a2d4851a1d" relativeResultsDirectory="db00fdc7-4f18-4fa1-88ec-1bff82b27703">
      <Output>
        <StdOut>Info [0] : Composite logger start.  Send message only to console and memory logs...
 Debug [0] : Log entry 1
 Debug [0] : Log entry 2
 Debug [0] : Log entry 3
 Error [0] : Error occurred!!!
 Error [0] : Last error entry.
 Critical [0] : Critical failure!
 Warning [0] : Warning not received on file logger.
 Info [0] : Test complete.</StdOut>
      </Output>
    </UnitTestResult>
  </Results>
</TestRun>