<?xml version="1.0" encoding="UTF-8"?>
<TestRun id="10bd67a2-2429-4860-9382-ba156df24156" name="chris.mankin@TLCITS2796ZQ1 2015-05-15 14:51:07" runUser="HQDOMAIN\chris.mankin" xmlns="http://microsoft.com/schemas/VisualStudio/TeamTest/2010">
  <TestSettings name="Local" id="70bce9e9-d360-4dd6-8af7-dd0eb2add29d">
    <Description>These are default test settings for a local test run.</Description>
    <Deployment enabled="false" runDeploymentRoot="chris.mankin_TLCITS2796ZQ1 2015-05-15 14_51_07">
      <DeploymentItem filename="E:\Documents\Projects\Personal\Mercury Framework\Main\Src\Mercury.Core\bin\Release\Mercury.Core.dll" />
    </Deployment>
    <Execution>
      <TestTypeSpecific />
      <AgentRule name="Execution Agents">
      </AgentRule>
    </Execution>
  </TestSettings>
  <Times creation="2015-05-15T14:51:07.3753419-05:00" queuing="2015-05-15T14:51:08.0829966-05:00" start="2015-05-15T14:51:08.1141968-05:00" finish="2015-05-15T14:51:09.2842043-05:00" />
  <ResultSummary outcome="Completed">
    <Counters total="17" executed="17" passed="17" error="0" failed="0" timeout="0" aborted="0" inconclusive="0" passedButRunAborted="0" notRunnable="0" notExecuted="0" disconnected="0" warning="0" completed="0" inProgress="0" pending="0" />
  </ResultSummary>
  <TestDefinitions>
    <UnitTest name="Explicit_enter_and_exit_block" storage="e:\documents\projects\personal\mercury framework\main\src\mercury.core.test\bin\release\mercury.core.test.dll" id="e2563f84-83fa-94c1-6f73-c608e461078d">
      <Execution id="272ef18a-a521-461d-94b7-2a378248fd46" />
      <TestMethod codeBase="E:/Documents/Projects/Personal/Mercury Framework/Main/Src/Mercury.Core.Test/bin/Release/Mercury.Core.Test.DLL" adapterTypeName="Microsoft.VisualStudio.TestTools.TestTypes.Unit.UnitTestAdapter, Microsoft.VisualStudio.QualityTools.Tips.UnitTest.Adapter, Version=10.0.0.0, Culture=neutral, PublicKeyToken=b03f5f7f11d50a3a" className="Mercury.Core.Test.Instrumentation.Observer_specs, Mercury.Core.Test, Version=1.0.0.0, Culture=neutral, PublicKeyToken=null" name="Explicit_enter_and_exit_block" />
    </UnitTest>
    <UnitTest name="Observe_on_block" storage="e:\documents\projects\personal\mercury framework\main\src\mercury.core.test\bin\release\mercury.core.test.dll" id="0835ab16-d6a1-9869-579f-b20ebb7df19b">
      <Execution id="1b8a4d62-ea9f-48de-ad3f-5742a297a6da" />
      <TestMethod codeBase="E:/Documents/Projects/Personal/Mercury Framework/Main/Src/Mercury.Core.Test/bin/Release/Mercury.Core.Test.DLL" adapterTypeName="Microsoft.VisualStudio.TestTools.TestTypes.Unit.UnitTestAdapter, Microsoft.VisualStudio.QualityTools.Tips.UnitTest.Adapter, Version=10.0.0.0, Culture=neutral, PublicKeyToken=b03f5f7f11d50a3a" className="Mercury.Core.Test.Instrumentation.Observer_specs, Mercury.Core.Test, Version=1.0.0.0, Culture=neutral, PublicKeyToken=null" name="Observe_on_block" />
    </UnitTest>
    <UnitTest name="Create_packet_protocol" storage="e:\documents\projects\personal\mercury framework\main\src\mercury.core.test\bin\release\mercury.core.test.dll" id="a9b24993-a3c3-c43f-c5bc-8bd983702166">
      <Execution id="ac09e8bf-3d3c-4c97-a6a1-7dbdfa196cc5" />
      <TestMethod codeBase="E:/Documents/Projects/Personal/Mercury Framework/Main/Src/Mercury.Core.Test/bin/Release/Mercury.Core.Test.DLL" adapterTypeName="Microsoft.VisualStudio.TestTools.TestTypes.Unit.UnitTestAdapter, Microsoft.VisualStudio.QualityTools.Tips.UnitTest.Adapter, Version=10.0.0.0, Culture=neutral, PublicKeyToken=b03f5f7f11d50a3a" className="Mercury.Common.Test.Net.Net_specs, Mercury.Core.Test, Version=1.0.0.0, Culture=neutral, PublicKeyToken=null" name="Create_packet_protocol" />
    </UnitTest>
    <UnitTest name="ReplaceText_extension_spec" storage="e:\documents\projects\personal\mercury framework\main\src\mercury.core.test\bin\release\mercury.core.test.dll" id="d5a502bb-1515-2cf3-499b-ee79ba643643">
      <Execution id="e2e6e72c-9fbe-46b0-9693-84ab2a942914" />
      <TestMethod codeBase="E:/Documents/Projects/Personal/Mercury Framework/Main/Src/Mercury.Core.Test/bin/Release/Mercury.Core.Test.DLL" adapterTypeName="Microsoft.VisualStudio.TestTools.TestTypes.Unit.UnitTestAdapter, Microsoft.VisualStudio.QualityTools.Tips.UnitTest.Adapter, Version=10.0.0.0, Culture=neutral, PublicKeyToken=b03f5f7f11d50a3a" className="Mercury.Common.Test.StringExtensions_Specs, Mercury.Core.Test, Version=1.0.0.0, Culture=neutral, PublicKeyToken=null" name="ReplaceText_extension_spec" />
    </UnitTest>
    <UnitTest name="Can_clear_items_from_cache" storage="e:\documents\projects\personal\mercury framework\main\src\mercury.core.test\bin\release\mercury.core.test.dll" id="2a499416-f30a-8b33-94da-a14f22d090a1">
      <Execution id="8d49195d-dfa9-40aa-9f94-0425084120c2" />
      <TestMethod codeBase="E:/Documents/Projects/Personal/Mercury Framework/Main/Src/Mercury.Core.Test/bin/Release/Mercury.Core.Test.DLL" adapterTypeName="Microsoft.VisualStudio.TestTools.TestTypes.Unit.UnitTestAdapter, Microsoft.VisualStudio.QualityTools.Tips.UnitTest.Adapter, Version=10.0.0.0, Culture=neutral, PublicKeyToken=b03f5f7f11d50a3a" className="Mercury.Core.Test.Core.Core_specs, Mercury.Core.Test, Version=1.0.0.0, Culture=neutral, PublicKeyToken=null" name="Can_clear_items_from_cache" />
    </UnitTest>
    <UnitTest name="Left_extension_spec" storage="e:\documents\projects\personal\mercury framework\main\src\mercury.core.test\bin\release\mercury.core.test.dll" id="ae684861-51b2-f36d-3210-c06bed219713">
      <Execution id="7af645ee-f29a-4a60-a54d-af6c3b26d96f" />
      <TestMethod codeBase="E:/Documents/Projects/Personal/Mercury Framework/Main/Src/Mercury.Core.Test/bin/Release/Mercury.Core.Test.DLL" adapterTypeName="Microsoft.VisualStudio.TestTools.TestTypes.Unit.UnitTestAdapter, Microsoft.VisualStudio.QualityTools.Tips.UnitTest.Adapter, Version=10.0.0.0, Culture=neutral, PublicKeyToken=b03f5f7f11d50a3a" className="Mercury.Common.Test.StringExtensions_Specs, Mercury.Core.Test, Version=1.0.0.0, Culture=neutral, PublicKeyToken=null" name="Left_extension_spec" />
    </UnitTest>
    <UnitTest name="Exception_exits_observer_block" storage="e:\documents\projects\personal\mercury framework\main\src\mercury.core.test\bin\release\mercury.core.test.dll" id="de7f2f59-6d7d-8630-f72f-e3cfb1788868">
      <Execution id="a22c042d-a40e-4811-9ca2-24090b01fff3" />
      <TestMethod codeBase="E:/Documents/Projects/Personal/Mercury Framework/Main/Src/Mercury.Core.Test/bin/Release/Mercury.Core.Test.DLL" adapterTypeName="Microsoft.VisualStudio.TestTools.TestTypes.Unit.UnitTestAdapter, Microsoft.VisualStudio.QualityTools.Tips.UnitTest.Adapter, Version=10.0.0.0, Culture=neutral, PublicKeyToken=b03f5f7f11d50a3a" className="Mercury.Core.Test.Instrumentation.Observer_specs, Mercury.Core.Test, Version=1.0.0.0, Culture=neutral, PublicKeyToken=null" name="Exception_exits_observer_block" />
    </UnitTest>
    <UnitTest name="Ring_cache_can_remove_and_compact" storage="e:\documents\projects\personal\mercury framework\main\src\mercury.core.test\bin\release\mercury.core.test.dll" id="91e2f339-b251-8c5a-8358-7732dd2bb4af">
      <Execution id="162a6bc5-a594-44f3-a39b-21e1d2ce2044" />
      <TestMethod codeBase="E:/Documents/Projects/Personal/Mercury Framework/Main/Src/Mercury.Core.Test/bin/Release/Mercury.Core.Test.DLL" adapterTypeName="Microsoft.VisualStudio.TestTools.TestTypes.Unit.UnitTestAdapter, Microsoft.VisualStudio.QualityTools.Tips.UnitTest.Adapter, Version=10.0.0.0, Culture=neutral, PublicKeyToken=b03f5f7f11d50a3a" className="Mercury.Core.Test.Core.Core_specs, Mercury.Core.Test, Version=1.0.0.0, Culture=neutral, PublicKeyToken=null" name="Ring_cache_can_remove_and_compact" />
    </UnitTest>
    <UnitTest name="Ring_cache_can_buffer" storage="e:\documents\projects\personal\mercury framework\main\src\mercury.core.test\bin\release\mercury.core.test.dll" id="33bd2ffb-4f96-0db3-f09e-a6118c40537c">
      <Execution id="0bb1c7e9-6daa-4b15-9a5f-f82f31aa363b" />
      <TestMethod codeBase="E:/Documents/Projects/Personal/Mercury Framework/Main/Src/Mercury.Core.Test/bin/Release/Mercury.Core.Test.DLL" adapterTypeName="Microsoft.VisualStudio.TestTools.TestTypes.Unit.UnitTestAdapter, Microsoft.VisualStudio.QualityTools.Tips.UnitTest.Adapter, Version=10.0.0.0, Culture=neutral, PublicKeyToken=b03f5f7f11d50a3a" className="Mercury.Core.Test.Core.Core_specs, Mercury.Core.Test, Version=1.0.0.0, Culture=neutral, PublicKeyToken=null" name="Ring_cache_can_buffer" />
    </UnitTest>
    <UnitTest name="Ring_cache_dispose_handler_occurs_on_overwrite" storage="e:\documents\projects\personal\mercury framework\main\src\mercury.core.test\bin\release\mercury.core.test.dll" id="fffeb1fa-1d90-a423-c638-a3f9688e34bc">
      <Execution id="35103f16-0923-4574-bf40-5f48fc87c4bd" />
      <TestMethod codeBase="E:/Documents/Projects/Personal/Mercury Framework/Main/Src/Mercury.Core.Test/bin/Release/Mercury.Core.Test.DLL" adapterTypeName="Microsoft.VisualStudio.TestTools.TestTypes.Unit.UnitTestAdapter, Microsoft.VisualStudio.QualityTools.Tips.UnitTest.Adapter, Version=10.0.0.0, Culture=neutral, PublicKeyToken=b03f5f7f11d50a3a" className="Mercury.Core.Test.Core.Core_specs, Mercury.Core.Test, Version=1.0.0.0, Culture=neutral, PublicKeyToken=null" name="Ring_cache_dispose_handler_occurs_on_overwrite" />
    </UnitTest>
    <UnitTest name="In_order_entries" storage="e:\documents\projects\personal\mercury framework\main\src\mercury.core.test\bin\release\mercury.core.test.dll" id="ed6807ba-00d8-6725-82e5-80d250236188">
      <Execution id="a5e00833-d8ed-4313-a6cf-e5c80a48b6e0" />
      <TestMethod codeBase="E:/Documents/Projects/Personal/Mercury Framework/Main/Src/Mercury.Core.Test/bin/Release/Mercury.Core.Test.DLL" adapterTypeName="Microsoft.VisualStudio.TestTools.TestTypes.Unit.UnitTestAdapter, Microsoft.VisualStudio.QualityTools.Tips.UnitTest.Adapter, Version=10.0.0.0, Culture=neutral, PublicKeyToken=b03f5f7f11d50a3a" className="Mercury.Core.Test.Collections.OrderedDictionary_specs, Mercury.Core.Test, Version=1.0.0.0, Culture=neutral, PublicKeyToken=null" name="In_order_entries" />
    </UnitTest>
    <UnitTest name="IsNumeric_extension_spec" storage="e:\documents\projects\personal\mercury framework\main\src\mercury.core.test\bin\release\mercury.core.test.dll" id="3911ae1c-9f32-9142-3631-9790e9f87fda">
      <Execution id="df880c2e-6798-42dc-a796-4afe64a60428" />
      <TestMethod codeBase="E:/Documents/Projects/Personal/Mercury Framework/Main/Src/Mercury.Core.Test/bin/Release/Mercury.Core.Test.DLL" adapterTypeName="Microsoft.VisualStudio.TestTools.TestTypes.Unit.UnitTestAdapter, Microsoft.VisualStudio.QualityTools.Tips.UnitTest.Adapter, Version=10.0.0.0, Culture=neutral, PublicKeyToken=b03f5f7f11d50a3a" className="Mercury.Common.Test.StringExtensions_Specs, Mercury.Core.Test, Version=1.0.0.0, Culture=neutral, PublicKeyToken=null" name="IsNumeric_extension_spec" />
    </UnitTest>
    <UnitTest name="Provide_custom_state_to_observer_block" storage="e:\documents\projects\personal\mercury framework\main\src\mercury.core.test\bin\release\mercury.core.test.dll" id="87b57f5b-221f-936e-5116-f073783b8d8c">
      <Execution id="050ebb5a-4adb-49ee-9f88-5637148eee1e" />
      <TestMethod codeBase="E:/Documents/Projects/Personal/Mercury Framework/Main/Src/Mercury.Core.Test/bin/Release/Mercury.Core.Test.DLL" adapterTypeName="Microsoft.VisualStudio.TestTools.TestTypes.Unit.UnitTestAdapter, Microsoft.VisualStudio.QualityTools.Tips.UnitTest.Adapter, Version=10.0.0.0, Culture=neutral, PublicKeyToken=b03f5f7f11d50a3a" className="Mercury.Core.Test.Instrumentation.Observer_specs, Mercury.Core.Test, Version=1.0.0.0, Culture=neutral, PublicKeyToken=null" name="Provide_custom_state_to_observer_block" />
    </UnitTest>
    <UnitTest name="Mid_extension_spec" storage="e:\documents\projects\personal\mercury framework\main\src\mercury.core.test\bin\release\mercury.core.test.dll" id="dda50e74-fa1e-a32a-a23f-4db305902f7b">
      <Execution id="2a951e54-003b-43b9-8d86-2d055f936716" />
      <TestMethod codeBase="E:/Documents/Projects/Personal/Mercury Framework/Main/Src/Mercury.Core.Test/bin/Release/Mercury.Core.Test.DLL" adapterTypeName="Microsoft.VisualStudio.TestTools.TestTypes.Unit.UnitTestAdapter, Microsoft.VisualStudio.QualityTools.Tips.UnitTest.Adapter, Version=10.0.0.0, Culture=neutral, PublicKeyToken=b03f5f7f11d50a3a" className="Mercury.Common.Test.StringExtensions_Specs, Mercury.Core.Test, Version=1.0.0.0, Culture=neutral, PublicKeyToken=null" name="Mid_extension_spec" />
    </UnitTest>
    <UnitTest name="Delay_observe_on_block" storage="e:\documents\projects\personal\mercury framework\main\src\mercury.core.test\bin\release\mercury.core.test.dll" id="e670636a-9d43-9786-48bd-b3dd451e6e5a">
      <Execution id="76265bd1-f452-48fe-afbf-8daeae605141" />
      <TestMethod codeBase="E:/Documents/Projects/Personal/Mercury Framework/Main/Src/Mercury.Core.Test/bin/Release/Mercury.Core.Test.DLL" adapterTypeName="Microsoft.VisualStudio.TestTools.TestTypes.Unit.UnitTestAdapter, Microsoft.VisualStudio.QualityTools.Tips.UnitTest.Adapter, Version=10.0.0.0, Culture=neutral, PublicKeyToken=b03f5f7f11d50a3a" className="Mercury.Core.Test.Instrumentation.Observer_specs, Mercury.Core.Test, Version=1.0.0.0, Culture=neutral, PublicKeyToken=null" name="Delay_observe_on_block" />
    </UnitTest>
    <UnitTest name="Ring_cache_can_buffer_continuously" storage="e:\documents\projects\personal\mercury framework\main\src\mercury.core.test\bin\release\mercury.core.test.dll" id="36285dd0-77ec-359f-db95-4ea764fdcf2a">
      <Execution id="29063296-b253-4765-a48d-72cd7ee840e6" />
      <TestMethod codeBase="E:/Documents/Projects/Personal/Mercury Framework/Main/Src/Mercury.Core.Test/bin/Release/Mercury.Core.Test.DLL" adapterTypeName="Microsoft.VisualStudio.TestTools.TestTypes.Unit.UnitTestAdapter, Microsoft.VisualStudio.QualityTools.Tips.UnitTest.Adapter, Version=10.0.0.0, Culture=neutral, PublicKeyToken=b03f5f7f11d50a3a" className="Mercury.Core.Test.Core.Core_specs, Mercury.Core.Test, Version=1.0.0.0, Culture=neutral, PublicKeyToken=null" name="Ring_cache_can_buffer_continuously" />
    </UnitTest>
    <UnitTest name="Right_extension_spec" storage="e:\documents\projects\personal\mercury framework\main\src\mercury.core.test\bin\release\mercury.core.test.dll" id="9f17a6c5-5d4d-3f5b-5636-306323b6f057">
      <Execution id="44bae57f-d65d-4895-ad25-8d26bb3f4ebc" />
      <TestMethod codeBase="E:/Documents/Projects/Personal/Mercury Framework/Main/Src/Mercury.Core.Test/bin/Release/Mercury.Core.Test.DLL" adapterTypeName="Microsoft.VisualStudio.TestTools.TestTypes.Unit.UnitTestAdapter, Microsoft.VisualStudio.QualityTools.Tips.UnitTest.Adapter, Version=10.0.0.0, Culture=neutral, PublicKeyToken=b03f5f7f11d50a3a" className="Mercury.Common.Test.StringExtensions_Specs, Mercury.Core.Test, Version=1.0.0.0, Culture=neutral, PublicKeyToken=null" name="Right_extension_spec" />
    </UnitTest>
  </TestDefinitions>
  <TestLists>
    <TestList name="Results Not in a List" id="8c84fa94-04c1-424b-9868-57a2d4851a1d" />
    <TestList name="All Loaded Results" id="19431567-8539-422a-85d7-44ee4e166bda" />
  </TestLists>
  <TestEntries>
    <TestEntry testId="ed6807ba-00d8-6725-82e5-80d250236188" executionId="a5e00833-d8ed-4313-a6cf-e5c80a48b6e0" testListId="8c84fa94-04c1-424b-9868-57a2d4851a1d" />
    <TestEntry testId="a9b24993-a3c3-c43f-c5bc-8bd983702166" executionId="ac09e8bf-3d3c-4c97-a6a1-7dbdfa196cc5" testListId="8c84fa94-04c1-424b-9868-57a2d4851a1d" />
    <TestEntry testId="ae684861-51b2-f36d-3210-c06bed219713" executionId="7af645ee-f29a-4a60-a54d-af6c3b26d96f" testListId="8c84fa94-04c1-424b-9868-57a2d4851a1d" />
    <TestEntry testId="9f17a6c5-5d4d-3f5b-5636-306323b6f057" executionId="44bae57f-d65d-4895-ad25-8d26bb3f4ebc" testListId="8c84fa94-04c1-424b-9868-57a2d4851a1d" />
    <TestEntry testId="dda50e74-fa1e-a32a-a23f-4db305902f7b" executionId="2a951e54-003b-43b9-8d86-2d055f936716" testListId="8c84fa94-04c1-424b-9868-57a2d4851a1d" />
    <TestEntry testId="d5a502bb-1515-2cf3-499b-ee79ba643643" executionId="e2e6e72c-9fbe-46b0-9693-84ab2a942914" testListId="8c84fa94-04c1-424b-9868-57a2d4851a1d" />
    <TestEntry testId="3911ae1c-9f32-9142-3631-9790e9f87fda" executionId="df880c2e-6798-42dc-a796-4afe64a60428" testListId="8c84fa94-04c1-424b-9868-57a2d4851a1d" />
    <TestEntry testId="33bd2ffb-4f96-0db3-f09e-a6118c40537c" executionId="0bb1c7e9-6daa-4b15-9a5f-f82f31aa363b" testListId="8c84fa94-04c1-424b-9868-57a2d4851a1d" />
    <TestEntry testId="36285dd0-77ec-359f-db95-4ea764fdcf2a" executionId="29063296-b253-4765-a48d-72cd7ee840e6" testListId="8c84fa94-04c1-424b-9868-57a2d4851a1d" />
    <TestEntry testId="91e2f339-b251-8c5a-8358-7732dd2bb4af" executionId="162a6bc5-a594-44f3-a39b-21e1d2ce2044" testListId="8c84fa94-04c1-424b-9868-57a2d4851a1d" />
    <TestEntry testId="fffeb1fa-1d90-a423-c638-a3f9688e34bc" executionId="35103f16-0923-4574-bf40-5f48fc87c4bd" testListId="8c84fa94-04c1-424b-9868-57a2d4851a1d" />
    <TestEntry testId="2a499416-f30a-8b33-94da-a14f22d090a1" executionId="8d49195d-dfa9-40aa-9f94-0425084120c2" testListId="8c84fa94-04c1-424b-9868-57a2d4851a1d" />
    <TestEntry testId="0835ab16-d6a1-9869-579f-b20ebb7df19b" executionId="1b8a4d62-ea9f-48de-ad3f-5742a297a6da" testListId="8c84fa94-04c1-424b-9868-57a2d4851a1d" />
    <TestEntry testId="e670636a-9d43-9786-48bd-b3dd451e6e5a" executionId="76265bd1-f452-48fe-afbf-8daeae605141" testListId="8c84fa94-04c1-424b-9868-57a2d4851a1d" />
    <TestEntry testId="e2563f84-83fa-94c1-6f73-c608e461078d" executionId="272ef18a-a521-461d-94b7-2a378248fd46" testListId="8c84fa94-04c1-424b-9868-57a2d4851a1d" />
    <TestEntry testId="de7f2f59-6d7d-8630-f72f-e3cfb1788868" executionId="a22c042d-a40e-4811-9ca2-24090b01fff3" testListId="8c84fa94-04c1-424b-9868-57a2d4851a1d" />
    <TestEntry testId="87b57f5b-221f-936e-5116-f073783b8d8c" executionId="050ebb5a-4adb-49ee-9f88-5637148eee1e" testListId="8c84fa94-04c1-424b-9868-57a2d4851a1d" />
  </TestEntries>
  <Results>
    <UnitTestResult executionId="a5e00833-d8ed-4313-a6cf-e5c80a48b6e0" testId="ed6807ba-00d8-6725-82e5-80d250236188" testName="In_order_entries" computerName="TLCITS2796ZQ1" duration="00:00:00.0167554" startTime="2015-05-15T14:51:08.1453970-05:00" endTime="2015-05-15T14:51:08.9878024-05:00" testType="13cdc9d9-ddb5-4fa4-a97d-d965ccfc6d4b" outcome="Passed" testListId="8c84fa94-04c1-424b-9868-57a2d4851a1d" relativeResultsDirectory="a5e00833-d8ed-4313-a6cf-e5c80a48b6e0">
    </UnitTestResult>
    <UnitTestResult executionId="ac09e8bf-3d3c-4c97-a6a1-7dbdfa196cc5" testId="a9b24993-a3c3-c43f-c5bc-8bd983702166" testName="Create_packet_protocol" computerName="TLCITS2796ZQ1" duration="00:00:00.0043372" startTime="2015-05-15T14:51:08.9878024-05:00" endTime="2015-05-15T14:51:09.0034025-05:00" testType="13cdc9d9-ddb5-4fa4-a97d-d965ccfc6d4b" outcome="Passed" testListId="8c84fa94-04c1-424b-9868-57a2d4851a1d" relativeResultsDirectory="ac09e8bf-3d3c-4c97-a6a1-7dbdfa196cc5">
    </UnitTestResult>
    <UnitTestResult executionId="7af645ee-f29a-4a60-a54d-af6c3b26d96f" testId="ae684861-51b2-f36d-3210-c06bed219713" testName="Left_extension_spec" computerName="TLCITS2796ZQ1" duration="00:00:00.0165588" startTime="2015-05-15T14:51:09.0034025-05:00" endTime="2015-05-15T14:51:09.0190026-05:00" testType="13cdc9d9-ddb5-4fa4-a97d-d965ccfc6d4b" outcome="Passed" testListId="8c84fa94-04c1-424b-9868-57a2d4851a1d" relativeResultsDirectory="7af645ee-f29a-4a60-a54d-af6c3b26d96f">
    </UnitTestResult>
    <UnitTestResult executionId="44bae57f-d65d-4895-ad25-8d26bb3f4ebc" testId="9f17a6c5-5d4d-3f5b-5636-306323b6f057" testName="Right_extension_spec" computerName="TLCITS2796ZQ1" duration="00:00:00.0083404" startTime="2015-05-15T14:51:09.0346027-05:00" endTime="2015-05-15T14:51:09.0346027-05:00" testType="13cdc9d9-ddb5-4fa4-a97d-d965ccfc6d4b" outcome="Passed" testListId="8c84fa94-04c1-424b-9868-57a2d4851a1d" relativeResultsDirectory="44bae57f-d65d-4895-ad25-8d26bb3f4ebc">
    </UnitTestResult>
    <UnitTestResult executionId="2a951e54-003b-43b9-8d86-2d055f936716" testId="dda50e74-fa1e-a32a-a23f-4db305902f7b" testName="Mid_extension_spec" computerName="TLCITS2796ZQ1" duration="00:00:00.0152441" startTime="2015-05-15T14:51:09.0346027-05:00" endTime="2015-05-15T14:51:09.0658029-05:00" testType="13cdc9d9-ddb5-4fa4-a97d-d965ccfc6d4b" outcome="Passed" testListId="8c84fa94-04c1-424b-9868-57a2d4851a1d" relativeResultsDirectory="2a951e54-003b-43b9-8d86-2d055f936716">
    </UnitTestResult>
    <UnitTestResult executionId="e2e6e72c-9fbe-46b0-9693-84ab2a942914" testId="d5a502bb-1515-2cf3-499b-ee79ba643643" testName="ReplaceText_extension_spec" computerName="TLCITS2796ZQ1" duration="00:00:00.0159112" startTime="2015-05-15T14:51:09.0658029-05:00" endTime="2015-05-15T14:51:09.0814030-05:00" testType="13cdc9d9-ddb5-4fa4-a97d-d965ccfc6d4b" outcome="Passed" testListId="8c84fa94-04c1-424b-9868-57a2d4851a1d" relativeResultsDirectory="e2e6e72c-9fbe-46b0-9693-84ab2a942914">
    </UnitTestResult>
    <UnitTestResult executionId="df880c2e-6798-42dc-a796-4afe64a60428" testId="3911ae1c-9f32-9142-3631-9790e9f87fda" testName="IsNumeric_extension_spec" computerName="TLCITS2796ZQ1" duration="00:00:00.0003102" startTime="2015-05-15T14:51:09.1126032-05:00" endTime="2015-05-15T14:51:09.1126032-05:00" testType="13cdc9d9-ddb5-4fa4-a97d-d965ccfc6d4b" outcome="Passed" testListId="8c84fa94-04c1-424b-9868-57a2d4851a1d" relativeResultsDirectory="df880c2e-6798-42dc-a796-4afe64a60428">
    </UnitTestResult>
    <UnitTestResult executionId="0bb1c7e9-6daa-4b15-9a5f-f82f31aa363b" testId="33bd2ffb-4f96-0db3-f09e-a6118c40537c" testName="Ring_cache_can_buffer" computerName="TLCITS2796ZQ1" duration="00:00:00.0094478" startTime="2015-05-15T14:51:09.1126032-05:00" endTime="2015-05-15T14:51:09.1282033-05:00" testType="13cdc9d9-ddb5-4fa4-a97d-d965ccfc6d4b" outcome="Passed" testListId="8c84fa94-04c1-424b-9868-57a2d4851a1d" relativeResultsDirectory="0bb1c7e9-6daa-4b15-9a5f-f82f31aa363b">
    </UnitTestResult>
    <UnitTestResult executionId="29063296-b253-4765-a48d-72cd7ee840e6" testId="36285dd0-77ec-359f-db95-4ea764fdcf2a" testName="Ring_cache_can_buffer_continuously" computerName="TLCITS2796ZQ1" duration="00:00:00.0091598" startTime="2015-05-15T14:51:09.1282033-05:00" endTime="2015-05-15T14:51:09.1438034-05:00" testType="13cdc9d9-ddb5-4fa4-a97d-d965ccfc6d4b" outcome="Passed" testListId="8c84fa94-04c1-424b-9868-57a2d4851a1d" relativeResultsDirectory="29063296-b253-4765-a48d-72cd7ee840e6">
    </UnitTestResult>
    <UnitTestResult executionId="162a6bc5-a594-44f3-a39b-21e1d2ce2044" testId="91e2f339-b251-8c5a-8358-7732dd2bb4af" testName="Ring_cache_can_remove_and_compact" computerName="TLCITS2796ZQ1" duration="00:00:00.0389658" startTime="2015-05-15T14:51:09.1438034-05:00" endTime="2015-05-15T14:51:09.1906037-05:00" testType="13cdc9d9-ddb5-4fa4-a97d-d965ccfc6d4b" outcome="Passed" testListId="8c84fa94-04c1-424b-9868-57a2d4851a1d" relativeResultsDirectory="162a6bc5-a594-44f3-a39b-21e1d2ce2044">
    </UnitTestResult>
    <UnitTestResult executionId="35103f16-0923-4574-bf40-5f48fc87c4bd" testId="fffeb1fa-1d90-a423-c638-a3f9688e34bc" testName="Ring_cache_dispose_handler_occurs_on_overwrite" computerName="TLCITS2796ZQ1" duration="00:00:00.0010557" startTime="2015-05-15T14:51:09.1906037-05:00" endTime="2015-05-15T14:51:09.1906037-05:00" testType="13cdc9d9-ddb5-4fa4-a97d-d965ccfc6d4b" outcome="Passed" testListId="8c84fa94-04c1-424b-9868-57a2d4851a1d" relativeResultsDirectory="35103f16-0923-4574-bf40-5f48fc87c4bd">
    </UnitTestResult>
    <UnitTestResult executionId="8d49195d-dfa9-40aa-9f94-0425084120c2" testId="2a499416-f30a-8b33-94da-a14f22d090a1" testName="Can_clear_items_from_cache" computerName="TLCITS2796ZQ1" duration="00:00:00.0011372" startTime="2015-05-15T14:51:09.2062038-05:00" endTime="2015-05-15T14:51:09.2062038-05:00" testType="13cdc9d9-ddb5-4fa4-a97d-d965ccfc6d4b" outcome="Passed" testListId="8c84fa94-04c1-424b-9868-57a2d4851a1d" relativeResultsDirectory="8d49195d-dfa9-40aa-9f94-0425084120c2">
    </UnitTestResult>
    <UnitTestResult executionId="1b8a4d62-ea9f-48de-ad3f-5742a297a6da" testId="0835ab16-d6a1-9869-579f-b20ebb7df19b" testName="Observe_on_block" computerName="TLCITS2796ZQ1" duration="00:00:00.0034367" startTime="2015-05-15T14:51:09.2062038-05:00" endTime="2015-05-15T14:51:09.2062038-05:00" testType="13cdc9d9-ddb5-4fa4-a97d-d965ccfc6d4b" outcome="Passed" testListId="8c84fa94-04c1-424b-9868-57a2d4851a1d" relativeResultsDirectory="1b8a4d62-ea9f-48de-ad3f-5742a297a6da">
    </UnitTestResult>
    <UnitTestResult executionId="76265bd1-f452-48fe-afbf-8daeae605141" testId="e670636a-9d43-9786-48bd-b3dd451e6e5a" testName="Delay_observe_on_block" computerName="TLCITS2796ZQ1" duration="00:00:00.0004816" startTime="2015-05-15T14:51:09.2218039-05:00" endTime="2015-05-15T14:51:09.2218039-05:00" testType="13cdc9d9-ddb5-4fa4-a97d-d965ccfc6d4b" outcome="Passed" testListId="8c84fa94-04c1-424b-9868-57a2d4851a1d" relativeResultsDirectory="76265bd1-f452-48fe-afbf-8daeae605141">
    </UnitTestResult>
    <UnitTestResult executionId="272ef18a-a521-461d-94b7-2a378248fd46" testId="e2563f84-83fa-94c1-6f73-c608e461078d" testName="Explicit_enter_and_exit_block" computerName="TLCITS2796ZQ1" duration="00:00:00.0003946" startTime="2015-05-15T14:51:09.2218039-05:00" endTime="2015-05-15T14:51:09.2218039-05:00" testType="13cdc9d9-ddb5-4fa4-a97d-d965ccfc6d4b" outcome="Passed" testListId="8c84fa94-04c1-424b-9868-57a2d4851a1d" relativeResultsDirectory="272ef18a-a521-461d-94b7-2a378248fd46">
    </UnitTestResult>
    <UnitTestResult executionId="a22c042d-a40e-4811-9ca2-24090b01fff3" testId="de7f2f59-6d7d-8630-f72f-e3cfb1788868" testName="Exception_exits_observer_block" computerName="TLCITS2796ZQ1" duration="00:00:00.0077637" startTime="2015-05-15T14:51:09.2218039-05:00" endTime="2015-05-15T14:51:09.2374040-05:00" testType="13cdc9d9-ddb5-4fa4-a97d-d965ccfc6d4b" outcome="Passed" testListId="8c84fa94-04c1-424b-9868-57a2d4851a1d" relativeResultsDirectory="a22c042d-a40e-4811-9ca2-24090b01fff3">
    </UnitTestResult>
    <UnitTestResult executionId="050ebb5a-4adb-49ee-9f88-5637148eee1e" testId="87b57f5b-221f-936e-5116-f073783b8d8c" testName="Provide_custom_state_to_observer_block" computerName="TLCITS2796ZQ1" duration="00:00:00.0014878" startTime="2015-05-15T14:51:09.2374040-05:00" endTime="2015-05-15T14:51:09.2374040-05:00" testType="13cdc9d9-ddb5-4fa4-a97d-d965ccfc6d4b" outcome="Passed" testListId="8c84fa94-04c1-424b-9868-57a2d4851a1d" relativeResultsDirectory="050ebb5a-4adb-49ee-9f88-5637148eee1e">
    </UnitTestResult>
  </Results>
</TestRun>