<?xml version="1.0" encoding="UTF-8"?>
<TestRun id="0652b2f2-e0e3-49bf-8114-bf836de52120" name="chris.mankin@TLCINIR8FR0NY 2013-07-15 10:39:31" runUser="HQDOMAIN\chris.mankin" xmlns="http://microsoft.com/schemas/VisualStudio/TeamTest/2010">
  <TestSettings name="Local" id="70bce9e9-d360-4dd6-8af7-dd0eb2add29d">
    <Description>These are default test settings for a local test run.</Description>
    <Deployment enabled="false" runDeploymentRoot="chris.mankin_TLCINIR8FR0NY 2013-07-15 10_39_31">
      <DeploymentItem filename="C:\Users\chris.mankin\Documents\Visual Studio 2010\Projects\Development\Mercury Framework v2\Src\Mercury.Messaging.Core\bin\Release\Mercury.Messaging.Core.dll" />
      <DeploymentItem filename="C:\Users\chris.mankin\Documents\Visual Studio 2010\Projects\Development\Mercury Framework v2\Src\Mercury.Messaging.Behaviors\bin\Release\Mercury.Messaging.Behaviors.dll" />
      <DeploymentItem filename="C:\Users\chris.mankin\Documents\Visual Studio 2010\Projects\Development\Mercury Framework v2\Src\Mercury.Core\bin\Release\Mercury.Core.dll" />
    </Deployment>
    <Execution>
      <TestTypeSpecific />
      <AgentRule name="Execution Agents">
      </AgentRule>
    </Execution>
  </TestSettings>
  <Times creation="2013-07-15T10:39:31.9130866-05:00" queuing="2013-07-15T10:39:33.9431272-05:00" start="2013-07-15T10:39:34.0331290-05:00" finish="2013-07-15T10:40:51.4424535-05:00" />
  <ResultSummary outcome="Completed">
    <Counters total="43" executed="43" passed="43" error="0" failed="0" timeout="0" aborted="0" inconclusive="0" passedButRunAborted="0" notRunnable="0" notExecuted="0" disconnected="0" warning="0" completed="0" inProgress="0" pending="0" />
  </ResultSummary>
  <TestDefinitions>
    <UnitTest name="Exceed_max_resource_allocation" storage="c:\users\chris.mankin\documents\visual studio 2010\projects\development\mercury framework v2\src\mercury.messaging.test\bin\release\mercury.messaging.test.dll" id="3c15e855-5975-1e7a-9dc9-5cfcdae9e933">
      <Execution id="efe077de-4777-4cda-94a4-f08a063b7701" />
      <TestMethod codeBase="C:/Users/chris.mankin/Documents/Visual Studio 2010/Projects/Development/Mercury Framework v2/Src/Mercury.Messaging.Test/bin/Release/Mercury.Messaging.Test.DLL" adapterTypeName="Microsoft.VisualStudio.TestTools.TestTypes.Unit.UnitTestAdapter, Microsoft.VisualStudio.QualityTools.Tips.UnitTest.Adapter, Version=10.0.0.0, Culture=neutral, PublicKeyToken=b03f5f7f11d50a3a" className="Mercury.Messaging.Test.ResourcePool_Specs, Mercury.Messaging.Test, Version=1.0.0.0, Culture=neutral, PublicKeyToken=b7c578f7c47ef72c" name="Exceed_max_resource_allocation" />
    </UnitTest>
    <UnitTest name="Stop_and_destroy_scheduler_before_scheduled_job_runs" storage="c:\users\chris.mankin\documents\visual studio 2010\projects\development\mercury framework v2\src\mercury.messaging.test\bin\release\mercury.messaging.test.dll" id="0852a28b-c48a-d69d-2818-eac8253f6042">
      <Execution id="f4099678-4299-4d4f-9c25-5a0f9b2294c8" />
      <TestMethod codeBase="C:/Users/chris.mankin/Documents/Visual Studio 2010/Projects/Development/Mercury Framework v2/Src/Mercury.Messaging.Test/bin/Release/Mercury.Messaging.Test.DLL" adapterTypeName="Microsoft.VisualStudio.TestTools.TestTypes.Unit.UnitTestAdapter, Microsoft.VisualStudio.QualityTools.Tips.UnitTest.Adapter, Version=10.0.0.0, Culture=neutral, PublicKeyToken=b03f5f7f11d50a3a" className="Mercury.Messaging.Test.Runtime.Scheduler_specs, Mercury.Messaging.Test, Version=1.0.0.0, Culture=neutral, PublicKeyToken=b7c578f7c47ef72c" name="Stop_and_destroy_scheduler_before_scheduled_job_runs" />
    </UnitTest>
    <UnitTest name="Allocate_max_resources_and_delete" storage="c:\users\chris.mankin\documents\visual studio 2010\projects\development\mercury framework v2\src\mercury.messaging.test\bin\release\mercury.messaging.test.dll" id="4511653a-5877-cac3-986d-27e4088bfb8c">
      <Execution id="dea3e57a-b18a-4e52-a6b6-abb58ca367b1" />
      <TestMethod codeBase="C:/Users/chris.mankin/Documents/Visual Studio 2010/Projects/Development/Mercury Framework v2/Src/Mercury.Messaging.Test/bin/Release/Mercury.Messaging.Test.DLL" adapterTypeName="Microsoft.VisualStudio.TestTools.TestTypes.Unit.UnitTestAdapter, Microsoft.VisualStudio.QualityTools.Tips.UnitTest.Adapter, Version=10.0.0.0, Culture=neutral, PublicKeyToken=b03f5f7f11d50a3a" className="Mercury.Messaging.Test.ResourcePool_Specs, Mercury.Messaging.Test, Version=1.0.0.0, Culture=neutral, PublicKeyToken=b7c578f7c47ef72c" name="Allocate_max_resources_and_delete" />
    </UnitTest>
    <UnitTest name="Get_remote_channel" storage="c:\users\chris.mankin\documents\visual studio 2010\projects\development\mercury framework v2\src\mercury.messaging.test\bin\release\mercury.messaging.test.dll" id="b483b428-b579-fd84-c8ac-7ed4a2b296b3">
      <Execution id="ffec08d8-288d-45d7-96b1-49c519274175" />
      <TestMethod codeBase="C:/Users/chris.mankin/Documents/Visual Studio 2010/Projects/Development/Mercury Framework v2/Src/Mercury.Messaging.Test/bin/Release/Mercury.Messaging.Test.DLL" adapterTypeName="Microsoft.VisualStudio.TestTools.TestTypes.Unit.UnitTestAdapter, Microsoft.VisualStudio.QualityTools.Tips.UnitTest.Adapter, Version=10.0.0.0, Culture=neutral, PublicKeyToken=b03f5f7f11d50a3a" className="Mercury.Messaging.Test.Routing.RoutingEngine_Specs, Mercury.Messaging.Test, Version=1.0.0.0, Culture=neutral, PublicKeyToken=b7c578f7c47ef72c" name="Get_remote_channel" />
    </UnitTest>
    <UnitTest name="Spawn_agent" storage="c:\users\chris.mankin\documents\visual studio 2010\projects\development\mercury framework v2\src\mercury.messaging.test\bin\release\mercury.messaging.test.dll" id="eca5a763-4adc-0657-74e3-0cad7d863649">
      <Execution id="3c35f98b-29da-4bf3-8c78-d00baeebda32" />
      <TestMethod codeBase="C:/Users/chris.mankin/Documents/Visual Studio 2010/Projects/Development/Mercury Framework v2/Src/Mercury.Messaging.Test/bin/Release/Mercury.Messaging.Test.DLL" adapterTypeName="Microsoft.VisualStudio.TestTools.TestTypes.Unit.UnitTestAdapter, Microsoft.VisualStudio.QualityTools.Tips.UnitTest.Adapter, Version=10.0.0.0, Culture=neutral, PublicKeyToken=b03f5f7f11d50a3a" className="Mercury.Messaging.Test.Runtime.RuntimeEnvironment_Specs, Mercury.Messaging.Test, Version=1.0.0.0, Culture=neutral, PublicKeyToken=b7c578f7c47ef72c" name="Spawn_agent" />
    </UnitTest>
    <UnitTest name="Runtime_serializer_generic_serialize" storage="c:\users\chris.mankin\documents\visual studio 2010\projects\development\mercury framework v2\src\mercury.messaging.test\bin\release\mercury.messaging.test.dll" id="34a77162-7efa-6097-63fd-c23fe1962e36">
      <Execution id="df52b35e-b146-4a44-b939-b80a9b147a37" />
      <TestMethod codeBase="C:/Users/chris.mankin/Documents/Visual Studio 2010/Projects/Development/Mercury Framework v2/Src/Mercury.Messaging.Test/bin/Release/Mercury.Messaging.Test.DLL" adapterTypeName="Microsoft.VisualStudio.TestTools.TestTypes.Unit.UnitTestAdapter, Microsoft.VisualStudio.QualityTools.Tips.UnitTest.Adapter, Version=10.0.0.0, Culture=neutral, PublicKeyToken=b03f5f7f11d50a3a" className="Mercury.Messaging.Test.Serialization_specs, Mercury.Messaging.Test, Version=1.0.0.0, Culture=neutral, PublicKeyToken=b7c578f7c47ef72c" name="Runtime_serializer_generic_serialize" />
    </UnitTest>
    <UnitTest name="Link_two_agents_and_fail_two_way" storage="c:\users\chris.mankin\documents\visual studio 2010\projects\development\mercury framework v2\src\mercury.messaging.test\bin\release\mercury.messaging.test.dll" id="cef1a7d6-80b7-bb71-9d4e-6152d3266e0f">
      <Execution id="d0bbcec6-9e16-418f-bb1c-90de9f315969" />
      <TestMethod codeBase="C:/Users/chris.mankin/Documents/Visual Studio 2010/Projects/Development/Mercury Framework v2/Src/Mercury.Messaging.Test/bin/Release/Mercury.Messaging.Test.DLL" adapterTypeName="Microsoft.VisualStudio.TestTools.TestTypes.Unit.UnitTestAdapter, Microsoft.VisualStudio.QualityTools.Tips.UnitTest.Adapter, Version=10.0.0.0, Culture=neutral, PublicKeyToken=b03f5f7f11d50a3a" className="Mercury.Messaging.Test.Agent_specs, Mercury.Messaging.Test, Version=1.0.0.0, Culture=neutral, PublicKeyToken=b7c578f7c47ef72c" name="Link_two_agents_and_fail_two_way" />
    </UnitTest>
    <UnitTest name="Delete_child_on_supervisor" storage="c:\users\chris.mankin\documents\visual studio 2010\projects\development\mercury framework v2\src\mercury.messaging.test\bin\release\mercury.messaging.test.dll" id="5881aa4a-28d3-5310-511a-93aab3cb48b4">
      <Execution id="7b4ff927-5de3-4fc1-a85b-16101389db6f" />
      <TestMethod codeBase="C:/Users/chris.mankin/Documents/Visual Studio 2010/Projects/Development/Mercury Framework v2/Src/Mercury.Messaging.Test/bin/Release/Mercury.Messaging.Test.DLL" adapterTypeName="Microsoft.VisualStudio.TestTools.TestTypes.Unit.UnitTestAdapter, Microsoft.VisualStudio.QualityTools.Tips.UnitTest.Adapter, Version=10.0.0.0, Culture=neutral, PublicKeyToken=b03f5f7f11d50a3a" className="Mercury.Messaging.Test.Behaviors.IPC2_Behaviors_specs, Mercury.Messaging.Test, Version=1.0.0.0, Culture=neutral, PublicKeyToken=b7c578f7c47ef72c" name="Delete_child_on_supervisor" />
    </UnitTest>
    <UnitTest name="Server_restart_throws_objectdisposedexception" storage="c:\users\chris.mankin\documents\visual studio 2010\projects\development\mercury framework v2\src\mercury.messaging.test\bin\release\mercury.messaging.test.dll" id="d6a426cd-e03b-cb18-2c1b-241a23fec56b">
      <Execution id="471aea8d-d37b-4ff6-b251-146956703d13" />
      <TestMethod codeBase="C:/Users/chris.mankin/Documents/Visual Studio 2010/Projects/Development/Mercury Framework v2/Src/Mercury.Messaging.Test/bin/Release/Mercury.Messaging.Test.DLL" adapterTypeName="Microsoft.VisualStudio.TestTools.TestTypes.Unit.UnitTestAdapter, Microsoft.VisualStudio.QualityTools.Tips.UnitTest.Adapter, Version=10.0.0.0, Culture=neutral, PublicKeyToken=b03f5f7f11d50a3a" className="Mercury.Messaging.Test.ServiceModel.ServiceModel_specs, Mercury.Messaging.Test, Version=1.0.0.0, Culture=neutral, PublicKeyToken=b7c578f7c47ef72c" name="Server_restart_throws_objectdisposedexception" />
    </UnitTest>
    <UnitTest name="Kill_agent" storage="c:\users\chris.mankin\documents\visual studio 2010\projects\development\mercury framework v2\src\mercury.messaging.test\bin\release\mercury.messaging.test.dll" id="d405f29a-7074-8e96-2504-ce8ecaf6c9fc">
      <Execution id="28fbd725-2d3d-4188-b0f9-c448dd6186c9" />
      <TestMethod codeBase="C:/Users/chris.mankin/Documents/Visual Studio 2010/Projects/Development/Mercury Framework v2/Src/Mercury.Messaging.Test/bin/Release/Mercury.Messaging.Test.DLL" adapterTypeName="Microsoft.VisualStudio.TestTools.TestTypes.Unit.UnitTestAdapter, Microsoft.VisualStudio.QualityTools.Tips.UnitTest.Adapter, Version=10.0.0.0, Culture=neutral, PublicKeyToken=b03f5f7f11d50a3a" className="Mercury.Messaging.Test.Runtime.RuntimeEnvironment_Specs, Mercury.Messaging.Test, Version=1.0.0.0, Culture=neutral, PublicKeyToken=b7c578f7c47ef72c" name="Kill_agent" />
    </UnitTest>
    <UnitTest name="Startup_a_single_agent" storage="c:\users\chris.mankin\documents\visual studio 2010\projects\development\mercury framework v2\src\mercury.messaging.test\bin\release\mercury.messaging.test.dll" id="c7697583-428e-eb99-b91b-aca547fa3134">
      <Execution id="358b23d0-ec63-4a36-b88a-4b0514c972e3" />
      <TestMethod codeBase="C:/Users/chris.mankin/Documents/Visual Studio 2010/Projects/Development/Mercury Framework v2/Src/Mercury.Messaging.Test/bin/Release/Mercury.Messaging.Test.DLL" adapterTypeName="Microsoft.VisualStudio.TestTools.TestTypes.Unit.UnitTestAdapter, Microsoft.VisualStudio.QualityTools.Tips.UnitTest.Adapter, Version=10.0.0.0, Culture=neutral, PublicKeyToken=b03f5f7f11d50a3a" className="Mercury.Messaging.Test.Agent_specs, Mercury.Messaging.Test, Version=1.0.0.0, Culture=neutral, PublicKeyToken=b7c578f7c47ef72c" name="Startup_a_single_agent" />
    </UnitTest>
    <UnitTest name="Create_supervisor_with_static_children" storage="c:\users\chris.mankin\documents\visual studio 2010\projects\development\mercury framework v2\src\mercury.messaging.test\bin\release\mercury.messaging.test.dll" id="9a826ded-91e6-6c88-ea16-1cdcc918f3c2">
      <Execution id="a7e6e484-b3fa-4733-93e9-8d54eeaa303e" />
      <TestMethod codeBase="C:/Users/chris.mankin/Documents/Visual Studio 2010/Projects/Development/Mercury Framework v2/Src/Mercury.Messaging.Test/bin/Release/Mercury.Messaging.Test.DLL" adapterTypeName="Microsoft.VisualStudio.TestTools.TestTypes.Unit.UnitTestAdapter, Microsoft.VisualStudio.QualityTools.Tips.UnitTest.Adapter, Version=10.0.0.0, Culture=neutral, PublicKeyToken=b03f5f7f11d50a3a" className="Mercury.Messaging.Test.Behaviors.IPC2_Behaviors_specs, Mercury.Messaging.Test, Version=1.0.0.0, Culture=neutral, PublicKeyToken=b7c578f7c47ef72c" name="Create_supervisor_with_static_children" />
    </UnitTest>
    <UnitTest name="Add_to_resource_pool_and_get" storage="c:\users\chris.mankin\documents\visual studio 2010\projects\development\mercury framework v2\src\mercury.messaging.test\bin\release\mercury.messaging.test.dll" id="8c920792-1168-cefd-ff3e-fa6af75217a7">
      <Execution id="8137b983-867b-4cf7-b376-ec0da760344f" />
      <TestMethod codeBase="C:/Users/chris.mankin/Documents/Visual Studio 2010/Projects/Development/Mercury Framework v2/Src/Mercury.Messaging.Test/bin/Release/Mercury.Messaging.Test.DLL" adapterTypeName="Microsoft.VisualStudio.TestTools.TestTypes.Unit.UnitTestAdapter, Microsoft.VisualStudio.QualityTools.Tips.UnitTest.Adapter, Version=10.0.0.0, Culture=neutral, PublicKeyToken=b03f5f7f11d50a3a" className="Mercury.Messaging.Test.ResourcePool_Specs, Mercury.Messaging.Test, Version=1.0.0.0, Culture=neutral, PublicKeyToken=b7c578f7c47ef72c" name="Add_to_resource_pool_and_get" />
    </UnitTest>
    <UnitTest name="Register_unregister_remote_node" storage="c:\users\chris.mankin\documents\visual studio 2010\projects\development\mercury framework v2\src\mercury.messaging.test\bin\release\mercury.messaging.test.dll" id="85920440-a20c-384e-9aff-95bf6a07bc09">
      <Execution id="f20d7e32-acbd-478b-9ab4-90ddab713fdf" />
      <TestMethod codeBase="C:/Users/chris.mankin/Documents/Visual Studio 2010/Projects/Development/Mercury Framework v2/Src/Mercury.Messaging.Test/bin/Release/Mercury.Messaging.Test.DLL" adapterTypeName="Microsoft.VisualStudio.TestTools.TestTypes.Unit.UnitTestAdapter, Microsoft.VisualStudio.QualityTools.Tips.UnitTest.Adapter, Version=10.0.0.0, Culture=neutral, PublicKeyToken=b03f5f7f11d50a3a" className="Mercury.Messaging.Test.Routing.RoutingEngine_Specs, Mercury.Messaging.Test, Version=1.0.0.0, Culture=neutral, PublicKeyToken=b7c578f7c47ef72c" name="Register_unregister_remote_node" />
    </UnitTest>
    <UnitTest name="Dynamic_add_child_to_supervisor" storage="c:\users\chris.mankin\documents\visual studio 2010\projects\development\mercury framework v2\src\mercury.messaging.test\bin\release\mercury.messaging.test.dll" id="aadf6f3b-dfca-829f-ad7d-c8274fa9f43c">
      <Execution id="fcd957ec-b1b6-450e-8bb0-909b0a81ec8d" />
      <TestMethod codeBase="C:/Users/chris.mankin/Documents/Visual Studio 2010/Projects/Development/Mercury Framework v2/Src/Mercury.Messaging.Test/bin/Release/Mercury.Messaging.Test.DLL" adapterTypeName="Microsoft.VisualStudio.TestTools.TestTypes.Unit.UnitTestAdapter, Microsoft.VisualStudio.QualityTools.Tips.UnitTest.Adapter, Version=10.0.0.0, Culture=neutral, PublicKeyToken=b03f5f7f11d50a3a" className="Mercury.Messaging.Test.Behaviors.IPC2_Behaviors_specs, Mercury.Messaging.Test, Version=1.0.0.0, Culture=neutral, PublicKeyToken=b7c578f7c47ef72c" name="Dynamic_add_child_to_supervisor" />
    </UnitTest>
    <UnitTest name="Future_can_be_called_twice_without_consequences" storage="c:\users\chris.mankin\documents\visual studio 2010\projects\development\mercury framework v2\src\mercury.messaging.test\bin\release\mercury.messaging.test.dll" id="c9a7b42c-6ec9-069d-8c66-1db5d51e2f51">
      <Execution id="30baa229-7b64-4a60-9dee-07453db6a27a" />
      <TestMethod codeBase="C:/Users/chris.mankin/Documents/Visual Studio 2010/Projects/Development/Mercury Framework v2/Src/Mercury.Messaging.Test/bin/Release/Mercury.Messaging.Test.DLL" adapterTypeName="Microsoft.VisualStudio.TestTools.TestTypes.Unit.UnitTestAdapter, Microsoft.VisualStudio.QualityTools.Tips.UnitTest.Adapter, Version=10.0.0.0, Culture=neutral, PublicKeyToken=b03f5f7f11d50a3a" className="Mercury.Messaging.Test.Agent_specs, Mercury.Messaging.Test, Version=1.0.0.0, Culture=neutral, PublicKeyToken=b7c578f7c47ef72c" name="Future_can_be_called_twice_without_consequences" />
    </UnitTest>
    <UnitTest name="Agent_ordered_message_processing" storage="c:\users\chris.mankin\documents\visual studio 2010\projects\development\mercury framework v2\src\mercury.messaging.test\bin\release\mercury.messaging.test.dll" id="7de326f8-604a-2cdb-a0ba-49bd2a4fb803">
      <Execution id="1bb0418f-9d10-463b-8a9e-6aa5a20f923e" />
      <TestMethod codeBase="C:/Users/chris.mankin/Documents/Visual Studio 2010/Projects/Development/Mercury Framework v2/Src/Mercury.Messaging.Test/bin/Release/Mercury.Messaging.Test.DLL" adapterTypeName="Microsoft.VisualStudio.TestTools.TestTypes.Unit.UnitTestAdapter, Microsoft.VisualStudio.QualityTools.Tips.UnitTest.Adapter, Version=10.0.0.0, Culture=neutral, PublicKeyToken=b03f5f7f11d50a3a" className="Mercury.Messaging.Test.Agent_specs, Mercury.Messaging.Test, Version=1.0.0.0, Culture=neutral, PublicKeyToken=b7c578f7c47ef72c" name="Agent_ordered_message_processing" />
    </UnitTest>
    <UnitTest name="Schedule_multiple_periodic_actions_with_timer" storage="c:\users\chris.mankin\documents\visual studio 2010\projects\development\mercury framework v2\src\mercury.messaging.test\bin\release\mercury.messaging.test.dll" id="db84d05c-ceef-752f-fc41-fcd28ba121e4">
      <Execution id="6be95f64-cdfa-4f9c-94cd-217f338dc260" />
      <TestMethod codeBase="C:/Users/chris.mankin/Documents/Visual Studio 2010/Projects/Development/Mercury Framework v2/Src/Mercury.Messaging.Test/bin/Release/Mercury.Messaging.Test.DLL" adapterTypeName="Microsoft.VisualStudio.TestTools.TestTypes.Unit.UnitTestAdapter, Microsoft.VisualStudio.QualityTools.Tips.UnitTest.Adapter, Version=10.0.0.0, Culture=neutral, PublicKeyToken=b03f5f7f11d50a3a" className="Mercury.Messaging.Test.Runtime.Scheduler_specs, Mercury.Messaging.Test, Version=1.0.0.0, Culture=neutral, PublicKeyToken=b7c578f7c47ef72c" name="Schedule_multiple_periodic_actions_with_timer" />
    </UnitTest>
    <UnitTest name="Worker_restart_strategy_specs" storage="c:\users\chris.mankin\documents\visual studio 2010\projects\development\mercury framework v2\src\mercury.messaging.test\bin\release\mercury.messaging.test.dll" id="6c7d3701-bd1b-f377-360d-c15edf59f69a">
      <Execution id="b9fc3e9b-bc8d-43b2-ae96-7c7eef838ded" />
      <TestMethod codeBase="C:/Users/chris.mankin/Documents/Visual Studio 2010/Projects/Development/Mercury Framework v2/Src/Mercury.Messaging.Test/bin/Release/Mercury.Messaging.Test.DLL" adapterTypeName="Microsoft.VisualStudio.TestTools.TestTypes.Unit.UnitTestAdapter, Microsoft.VisualStudio.QualityTools.Tips.UnitTest.Adapter, Version=10.0.0.0, Culture=neutral, PublicKeyToken=b03f5f7f11d50a3a" className="Mercury.Messaging.Test.Behaviors.IPC2_Behaviors_specs, Mercury.Messaging.Test, Version=1.0.0.0, Culture=neutral, PublicKeyToken=b7c578f7c47ef72c" name="Worker_restart_strategy_specs" />
    </UnitTest>
    <UnitTest name="Create_supervisor_with_static_and_dynamic_children" storage="c:\users\chris.mankin\documents\visual studio 2010\projects\development\mercury framework v2\src\mercury.messaging.test\bin\release\mercury.messaging.test.dll" id="91ace8bf-68d2-52b5-8710-87fbedc1d498">
      <Execution id="7df8c067-c9d7-4dc1-a94c-ace6840c5be5" />
      <TestMethod codeBase="C:/Users/chris.mankin/Documents/Visual Studio 2010/Projects/Development/Mercury Framework v2/Src/Mercury.Messaging.Test/bin/Release/Mercury.Messaging.Test.DLL" adapterTypeName="Microsoft.VisualStudio.TestTools.TestTypes.Unit.UnitTestAdapter, Microsoft.VisualStudio.QualityTools.Tips.UnitTest.Adapter, Version=10.0.0.0, Culture=neutral, PublicKeyToken=b03f5f7f11d50a3a" className="Mercury.Messaging.Test.Behaviors.IPC2_Behaviors_specs, Mercury.Messaging.Test, Version=1.0.0.0, Culture=neutral, PublicKeyToken=b7c578f7c47ef72c" name="Create_supervisor_with_static_and_dynamic_children" />
    </UnitTest>
    <UnitTest name="Get_untyped_agent_channel" storage="c:\users\chris.mankin\documents\visual studio 2010\projects\development\mercury framework v2\src\mercury.messaging.test\bin\release\mercury.messaging.test.dll" id="31b4181d-ec7b-2ff6-24da-c465245fe315">
      <Execution id="90cb2e92-83cc-4536-945a-59feb0f7850f" />
      <TestMethod codeBase="C:/Users/chris.mankin/Documents/Visual Studio 2010/Projects/Development/Mercury Framework v2/Src/Mercury.Messaging.Test/bin/Release/Mercury.Messaging.Test.DLL" adapterTypeName="Microsoft.VisualStudio.TestTools.TestTypes.Unit.UnitTestAdapter, Microsoft.VisualStudio.QualityTools.Tips.UnitTest.Adapter, Version=10.0.0.0, Culture=neutral, PublicKeyToken=b03f5f7f11d50a3a" className="Mercury.Messaging.Test.Routing.RoutingEngine_Specs, Mercury.Messaging.Test, Version=1.0.0.0, Culture=neutral, PublicKeyToken=b7c578f7c47ef72c" name="Get_untyped_agent_channel" />
    </UnitTest>
    <UnitTest name="Interrupt_message_interleaves_current_messages" storage="c:\users\chris.mankin\documents\visual studio 2010\projects\development\mercury framework v2\src\mercury.messaging.test\bin\release\mercury.messaging.test.dll" id="1645d958-cc20-e5c9-2b5d-2cc410c694f5">
      <Execution id="7fc04ecb-c7d9-49c7-aaf0-5a254c230083" />
      <TestMethod codeBase="C:/Users/chris.mankin/Documents/Visual Studio 2010/Projects/Development/Mercury Framework v2/Src/Mercury.Messaging.Test/bin/Release/Mercury.Messaging.Test.DLL" adapterTypeName="Microsoft.VisualStudio.TestTools.TestTypes.Unit.UnitTestAdapter, Microsoft.VisualStudio.QualityTools.Tips.UnitTest.Adapter, Version=10.0.0.0, Culture=neutral, PublicKeyToken=b03f5f7f11d50a3a" className="Mercury.Messaging.Test.Agent_specs, Mercury.Messaging.Test, Version=1.0.0.0, Culture=neutral, PublicKeyToken=b7c578f7c47ef72c" name="Interrupt_message_interleaves_current_messages" />
    </UnitTest>
    <UnitTest name="Serialize_serial_message_for_packet" storage="c:\users\chris.mankin\documents\visual studio 2010\projects\development\mercury framework v2\src\mercury.messaging.test\bin\release\mercury.messaging.test.dll" id="347a5637-8c65-f977-2901-0dfc2014e5a8">
      <Execution id="0edbbeae-ebe4-4aac-a56d-056062c1d7f0" />
      <TestMethod codeBase="C:/Users/chris.mankin/Documents/Visual Studio 2010/Projects/Development/Mercury Framework v2/Src/Mercury.Messaging.Test/bin/Release/Mercury.Messaging.Test.DLL" adapterTypeName="Microsoft.VisualStudio.TestTools.TestTypes.Unit.UnitTestAdapter, Microsoft.VisualStudio.QualityTools.Tips.UnitTest.Adapter, Version=10.0.0.0, Culture=neutral, PublicKeyToken=b03f5f7f11d50a3a" className="Mercury.Messaging.Test.Serialization_specs, Mercury.Messaging.Test, Version=1.0.0.0, Culture=neutral, PublicKeyToken=b7c578f7c47ef72c" name="Serialize_serial_message_for_packet" />
    </UnitTest>
    <UnitTest name="Server_hosting_startup_and_shutdown_specs" storage="c:\users\chris.mankin\documents\visual studio 2010\projects\development\mercury framework v2\src\mercury.messaging.test\bin\release\mercury.messaging.test.dll" id="26409843-b364-aa89-90ff-0161257bef80">
      <Execution id="4f926870-bc60-47d4-aa12-e5eb8284b36b" />
      <TestMethod codeBase="C:/Users/chris.mankin/Documents/Visual Studio 2010/Projects/Development/Mercury Framework v2/Src/Mercury.Messaging.Test/bin/Release/Mercury.Messaging.Test.DLL" adapterTypeName="Microsoft.VisualStudio.TestTools.TestTypes.Unit.UnitTestAdapter, Microsoft.VisualStudio.QualityTools.Tips.UnitTest.Adapter, Version=10.0.0.0, Culture=neutral, PublicKeyToken=b03f5f7f11d50a3a" className="Mercury.Messaging.Test.ServiceModel.ServiceModel_specs, Mercury.Messaging.Test, Version=1.0.0.0, Culture=neutral, PublicKeyToken=b7c578f7c47ef72c" name="Server_hosting_startup_and_shutdown_specs" />
    </UnitTest>
    <UnitTest name="Schedule_action_with_timer" storage="c:\users\chris.mankin\documents\visual studio 2010\projects\development\mercury framework v2\src\mercury.messaging.test\bin\release\mercury.messaging.test.dll" id="b79d2efb-1850-adbf-e8e5-b4aff9f2d0d8">
      <Execution id="01e7b9a9-8091-4a30-99e5-d3cd0e79d984" />
      <TestMethod codeBase="C:/Users/chris.mankin/Documents/Visual Studio 2010/Projects/Development/Mercury Framework v2/Src/Mercury.Messaging.Test/bin/Release/Mercury.Messaging.Test.DLL" adapterTypeName="Microsoft.VisualStudio.TestTools.TestTypes.Unit.UnitTestAdapter, Microsoft.VisualStudio.QualityTools.Tips.UnitTest.Adapter, Version=10.0.0.0, Culture=neutral, PublicKeyToken=b03f5f7f11d50a3a" className="Mercury.Messaging.Test.Runtime.Scheduler_specs, Mercury.Messaging.Test, Version=1.0.0.0, Culture=neutral, PublicKeyToken=b7c578f7c47ef72c" name="Schedule_action_with_timer" />
    </UnitTest>
    <UnitTest name="Dispose_resources" storage="c:\users\chris.mankin\documents\visual studio 2010\projects\development\mercury framework v2\src\mercury.messaging.test\bin\release\mercury.messaging.test.dll" id="a5b09d0c-1248-df41-4aa5-858a99dbe688">
      <Execution id="58be314f-d5d2-4601-b877-a88c39aaf47c" />
      <TestMethod codeBase="C:/Users/chris.mankin/Documents/Visual Studio 2010/Projects/Development/Mercury Framework v2/Src/Mercury.Messaging.Test/bin/Release/Mercury.Messaging.Test.DLL" adapterTypeName="Microsoft.VisualStudio.TestTools.TestTypes.Unit.UnitTestAdapter, Microsoft.VisualStudio.QualityTools.Tips.UnitTest.Adapter, Version=10.0.0.0, Culture=neutral, PublicKeyToken=b03f5f7f11d50a3a" className="Mercury.Messaging.Test.ResourcePool_Specs, Mercury.Messaging.Test, Version=1.0.0.0, Culture=neutral, PublicKeyToken=b7c578f7c47ef72c" name="Dispose_resources" />
    </UnitTest>
    <UnitTest name="Create_generic_server_and_ping" storage="c:\users\chris.mankin\documents\visual studio 2010\projects\development\mercury framework v2\src\mercury.messaging.test\bin\release\mercury.messaging.test.dll" id="60142f42-a44a-6dc1-83cd-62d152f78edc">
      <Execution id="bf6bd16f-1888-45ae-aa9a-1159b16866ed" />
      <TestMethod codeBase="C:/Users/chris.mankin/Documents/Visual Studio 2010/Projects/Development/Mercury Framework v2/Src/Mercury.Messaging.Test/bin/Release/Mercury.Messaging.Test.DLL" adapterTypeName="Microsoft.VisualStudio.TestTools.TestTypes.Unit.UnitTestAdapter, Microsoft.VisualStudio.QualityTools.Tips.UnitTest.Adapter, Version=10.0.0.0, Culture=neutral, PublicKeyToken=b03f5f7f11d50a3a" className="Mercury.Messaging.Test.Behaviors.IPC2_Behaviors_specs, Mercury.Messaging.Test, Version=1.0.0.0, Culture=neutral, PublicKeyToken=b7c578f7c47ef72c" name="Create_generic_server_and_ping" />
    </UnitTest>
    <UnitTest name="Custom_supervisor_agent_tests" storage="c:\users\chris.mankin\documents\visual studio 2010\projects\development\mercury framework v2\src\mercury.messaging.test\bin\release\mercury.messaging.test.dll" id="91c062f8-343b-a991-c293-c1e685a68b9a">
      <Execution id="51a5f46e-7e17-43e3-9e0c-d1862f2f710e" />
      <TestMethod codeBase="C:/Users/chris.mankin/Documents/Visual Studio 2010/Projects/Development/Mercury Framework v2/Src/Mercury.Messaging.Test/bin/Release/Mercury.Messaging.Test.DLL" adapterTypeName="Microsoft.VisualStudio.TestTools.TestTypes.Unit.UnitTestAdapter, Microsoft.VisualStudio.QualityTools.Tips.UnitTest.Adapter, Version=10.0.0.0, Culture=neutral, PublicKeyToken=b03f5f7f11d50a3a" className="Mercury.Messaging.Test.Agent_specs, Mercury.Messaging.Test, Version=1.0.0.0, Culture=neutral, PublicKeyToken=b7c578f7c47ef72c" name="Custom_supervisor_agent_tests" />
    </UnitTest>
    <UnitTest name="Serialize_deserialize_request_and_response" storage="c:\users\chris.mankin\documents\visual studio 2010\projects\development\mercury framework v2\src\mercury.messaging.test\bin\release\mercury.messaging.test.dll" id="304e451a-ea36-277d-5e7d-fc0bff0cd3f6">
      <Execution id="83e0fe22-de30-47a1-b5c9-798493425288" />
      <TestMethod codeBase="C:/Users/chris.mankin/Documents/Visual Studio 2010/Projects/Development/Mercury Framework v2/Src/Mercury.Messaging.Test/bin/Release/Mercury.Messaging.Test.DLL" adapterTypeName="Microsoft.VisualStudio.TestTools.TestTypes.Unit.UnitTestAdapter, Microsoft.VisualStudio.QualityTools.Tips.UnitTest.Adapter, Version=10.0.0.0, Culture=neutral, PublicKeyToken=b03f5f7f11d50a3a" className="Mercury.Messaging.Test.Serialization_specs, Mercury.Messaging.Test, Version=1.0.0.0, Culture=neutral, PublicKeyToken=b7c578f7c47ef72c" name="Serialize_deserialize_request_and_response" />
    </UnitTest>
    <UnitTest name="Agent_futures" storage="c:\users\chris.mankin\documents\visual studio 2010\projects\development\mercury framework v2\src\mercury.messaging.test\bin\release\mercury.messaging.test.dll" id="867e3c33-e403-1cd7-16a2-17336a191186">
      <Execution id="4941db99-b167-4b03-a476-e41e60bfa22a" />
      <TestMethod codeBase="C:/Users/chris.mankin/Documents/Visual Studio 2010/Projects/Development/Mercury Framework v2/Src/Mercury.Messaging.Test/bin/Release/Mercury.Messaging.Test.DLL" adapterTypeName="Microsoft.VisualStudio.TestTools.TestTypes.Unit.UnitTestAdapter, Microsoft.VisualStudio.QualityTools.Tips.UnitTest.Adapter, Version=10.0.0.0, Culture=neutral, PublicKeyToken=b03f5f7f11d50a3a" className="Mercury.Messaging.Test.Agent_specs, Mercury.Messaging.Test, Version=1.0.0.0, Culture=neutral, PublicKeyToken=b7c578f7c47ef72c" name="Agent_futures" />
    </UnitTest>
    <UnitTest name="Get_agent_by_type" storage="c:\users\chris.mankin\documents\visual studio 2010\projects\development\mercury framework v2\src\mercury.messaging.test\bin\release\mercury.messaging.test.dll" id="00bc8ce0-5bad-658a-8e6a-37d2519ca164">
      <Execution id="84c3f0cf-bf16-4938-a453-fbb78152010c" />
      <TestMethod codeBase="C:/Users/chris.mankin/Documents/Visual Studio 2010/Projects/Development/Mercury Framework v2/Src/Mercury.Messaging.Test/bin/Release/Mercury.Messaging.Test.DLL" adapterTypeName="Microsoft.VisualStudio.TestTools.TestTypes.Unit.UnitTestAdapter, Microsoft.VisualStudio.QualityTools.Tips.UnitTest.Adapter, Version=10.0.0.0, Culture=neutral, PublicKeyToken=b03f5f7f11d50a3a" className="Mercury.Messaging.Test.Routing.RoutingEngine_Specs, Mercury.Messaging.Test, Version=1.0.0.0, Culture=neutral, PublicKeyToken=b7c578f7c47ef72c" name="Get_agent_by_type" />
    </UnitTest>
    <UnitTest name="Agent_request_response" storage="c:\users\chris.mankin\documents\visual studio 2010\projects\development\mercury framework v2\src\mercury.messaging.test\bin\release\mercury.messaging.test.dll" id="ffb28761-b29a-8cc4-3039-e3c502756163">
      <Execution id="ed191f3e-1ffa-453e-894e-cd24c0dd1094" />
      <TestMethod codeBase="C:/Users/chris.mankin/Documents/Visual Studio 2010/Projects/Development/Mercury Framework v2/Src/Mercury.Messaging.Test/bin/Release/Mercury.Messaging.Test.DLL" adapterTypeName="Microsoft.VisualStudio.TestTools.TestTypes.Unit.UnitTestAdapter, Microsoft.VisualStudio.QualityTools.Tips.UnitTest.Adapter, Version=10.0.0.0, Culture=neutral, PublicKeyToken=b03f5f7f11d50a3a" className="Mercury.Messaging.Test.Agent_specs, Mercury.Messaging.Test, Version=1.0.0.0, Culture=neutral, PublicKeyToken=b7c578f7c47ef72c" name="Agent_request_response" />
    </UnitTest>
    <UnitTest name="Cancel_scheduled_job" storage="c:\users\chris.mankin\documents\visual studio 2010\projects\development\mercury framework v2\src\mercury.messaging.test\bin\release\mercury.messaging.test.dll" id="db69da61-df53-cbd5-c428-1cbe1fdb5535">
      <Execution id="8cf59e76-d76d-4f53-9661-66b703e480b7" />
      <TestMethod codeBase="C:/Users/chris.mankin/Documents/Visual Studio 2010/Projects/Development/Mercury Framework v2/Src/Mercury.Messaging.Test/bin/Release/Mercury.Messaging.Test.DLL" adapterTypeName="Microsoft.VisualStudio.TestTools.TestTypes.Unit.UnitTestAdapter, Microsoft.VisualStudio.QualityTools.Tips.UnitTest.Adapter, Version=10.0.0.0, Culture=neutral, PublicKeyToken=b03f5f7f11d50a3a" className="Mercury.Messaging.Test.Runtime.Scheduler_specs, Mercury.Messaging.Test, Version=1.0.0.0, Culture=neutral, PublicKeyToken=b7c578f7c47ef72c" name="Cancel_scheduled_job" />
    </UnitTest>
    <UnitTest name="Stop_and_restart_child_on_supervisor" storage="c:\users\chris.mankin\documents\visual studio 2010\projects\development\mercury framework v2\src\mercury.messaging.test\bin\release\mercury.messaging.test.dll" id="30611ae3-90da-5892-737e-283036df56d2">
      <Execution id="fe46534e-9767-4dee-a596-9ebb230a803f" />
      <TestMethod codeBase="C:/Users/chris.mankin/Documents/Visual Studio 2010/Projects/Development/Mercury Framework v2/Src/Mercury.Messaging.Test/bin/Release/Mercury.Messaging.Test.DLL" adapterTypeName="Microsoft.VisualStudio.TestTools.TestTypes.Unit.UnitTestAdapter, Microsoft.VisualStudio.QualityTools.Tips.UnitTest.Adapter, Version=10.0.0.0, Culture=neutral, PublicKeyToken=b03f5f7f11d50a3a" className="Mercury.Messaging.Test.Behaviors.IPC2_Behaviors_specs, Mercury.Messaging.Test, Version=1.0.0.0, Culture=neutral, PublicKeyToken=b7c578f7c47ef72c" name="Stop_and_restart_child_on_supervisor" />
    </UnitTest>
    <UnitTest name="Agent_ping_pong" storage="c:\users\chris.mankin\documents\visual studio 2010\projects\development\mercury framework v2\src\mercury.messaging.test\bin\release\mercury.messaging.test.dll" id="356d90d3-1349-08cc-10e5-9950436906ac">
      <Execution id="7e8d215b-880d-4c79-9ed3-d64409fd622a" />
      <TestMethod codeBase="C:/Users/chris.mankin/Documents/Visual Studio 2010/Projects/Development/Mercury Framework v2/Src/Mercury.Messaging.Test/bin/Release/Mercury.Messaging.Test.DLL" adapterTypeName="Microsoft.VisualStudio.TestTools.TestTypes.Unit.UnitTestAdapter, Microsoft.VisualStudio.QualityTools.Tips.UnitTest.Adapter, Version=10.0.0.0, Culture=neutral, PublicKeyToken=b03f5f7f11d50a3a" className="Mercury.Messaging.Test.Agent_specs, Mercury.Messaging.Test, Version=1.0.0.0, Culture=neutral, PublicKeyToken=b7c578f7c47ef72c" name="Agent_ping_pong" />
    </UnitTest>
    <UnitTest name="Delete_from_resource_pool" storage="c:\users\chris.mankin\documents\visual studio 2010\projects\development\mercury framework v2\src\mercury.messaging.test\bin\release\mercury.messaging.test.dll" id="26e53e01-20bc-7de3-aec4-525817ed286c">
      <Execution id="18533efa-e80e-44f9-8bb8-5c3fd9668f6f" />
      <TestMethod codeBase="C:/Users/chris.mankin/Documents/Visual Studio 2010/Projects/Development/Mercury Framework v2/Src/Mercury.Messaging.Test/bin/Release/Mercury.Messaging.Test.DLL" adapterTypeName="Microsoft.VisualStudio.TestTools.TestTypes.Unit.UnitTestAdapter, Microsoft.VisualStudio.QualityTools.Tips.UnitTest.Adapter, Version=10.0.0.0, Culture=neutral, PublicKeyToken=b03f5f7f11d50a3a" className="Mercury.Messaging.Test.ResourcePool_Specs, Mercury.Messaging.Test, Version=1.0.0.0, Culture=neutral, PublicKeyToken=b7c578f7c47ef72c" name="Delete_from_resource_pool" />
    </UnitTest>
    <UnitTest name="Get_all_children_on_supervisor" storage="c:\users\chris.mankin\documents\visual studio 2010\projects\development\mercury framework v2\src\mercury.messaging.test\bin\release\mercury.messaging.test.dll" id="1b20e729-e5c5-ecb0-513d-a569a255ac22">
      <Execution id="cb43b0a3-609e-425b-8bf7-681c8ce5c172" />
      <TestMethod codeBase="C:/Users/chris.mankin/Documents/Visual Studio 2010/Projects/Development/Mercury Framework v2/Src/Mercury.Messaging.Test/bin/Release/Mercury.Messaging.Test.DLL" adapterTypeName="Microsoft.VisualStudio.TestTools.TestTypes.Unit.UnitTestAdapter, Microsoft.VisualStudio.QualityTools.Tips.UnitTest.Adapter, Version=10.0.0.0, Culture=neutral, PublicKeyToken=b03f5f7f11d50a3a" className="Mercury.Messaging.Test.Behaviors.IPC2_Behaviors_specs, Mercury.Messaging.Test, Version=1.0.0.0, Culture=neutral, PublicKeyToken=b7c578f7c47ef72c" name="Get_all_children_on_supervisor" />
    </UnitTest>
    <UnitTest name="Send_message" storage="c:\users\chris.mankin\documents\visual studio 2010\projects\development\mercury framework v2\src\mercury.messaging.test\bin\release\mercury.messaging.test.dll" id="7d19b0d8-26c7-e13a-0918-b79afe07f6cb">
      <Execution id="bff35133-620b-41eb-8ab0-d84f5bc1de2b" />
      <TestMethod codeBase="C:/Users/chris.mankin/Documents/Visual Studio 2010/Projects/Development/Mercury Framework v2/Src/Mercury.Messaging.Test/bin/Release/Mercury.Messaging.Test.DLL" adapterTypeName="Microsoft.VisualStudio.TestTools.TestTypes.Unit.UnitTestAdapter, Microsoft.VisualStudio.QualityTools.Tips.UnitTest.Adapter, Version=10.0.0.0, Culture=neutral, PublicKeyToken=b03f5f7f11d50a3a" className="Mercury.Messaging.Test.Routing.RoutingEngine_Specs, Mercury.Messaging.Test, Version=1.0.0.0, Culture=neutral, PublicKeyToken=b7c578f7c47ef72c" name="Send_message" />
    </UnitTest>
    <UnitTest name="Resolve_remote_node" storage="c:\users\chris.mankin\documents\visual studio 2010\projects\development\mercury framework v2\src\mercury.messaging.test\bin\release\mercury.messaging.test.dll" id="bd673b3c-90ca-2748-44de-c6e4c3eca644">
      <Execution id="a5b3b600-8642-45cf-80df-99d64196a3a7" />
      <TestMethod codeBase="C:/Users/chris.mankin/Documents/Visual Studio 2010/Projects/Development/Mercury Framework v2/Src/Mercury.Messaging.Test/bin/Release/Mercury.Messaging.Test.DLL" adapterTypeName="Microsoft.VisualStudio.TestTools.TestTypes.Unit.UnitTestAdapter, Microsoft.VisualStudio.QualityTools.Tips.UnitTest.Adapter, Version=10.0.0.0, Culture=neutral, PublicKeyToken=b03f5f7f11d50a3a" className="Mercury.Messaging.Test.Routing.RoutingEngine_Specs, Mercury.Messaging.Test, Version=1.0.0.0, Culture=neutral, PublicKeyToken=b7c578f7c47ef72c" name="Resolve_remote_node" />
    </UnitTest>
    <UnitTest name="Run_simple_packet_protocol" storage="c:\users\chris.mankin\documents\visual studio 2010\projects\development\mercury framework v2\src\mercury.messaging.test\bin\release\mercury.messaging.test.dll" id="c0255a92-5f31-fe3c-9b4d-1b6503948ef8">
      <Execution id="40281896-e06e-47d0-a8ab-b2c39ced2dda" />
      <TestMethod codeBase="C:/Users/chris.mankin/Documents/Visual Studio 2010/Projects/Development/Mercury Framework v2/Src/Mercury.Messaging.Test/bin/Release/Mercury.Messaging.Test.DLL" adapterTypeName="Microsoft.VisualStudio.TestTools.TestTypes.Unit.UnitTestAdapter, Microsoft.VisualStudio.QualityTools.Tips.UnitTest.Adapter, Version=10.0.0.0, Culture=neutral, PublicKeyToken=b03f5f7f11d50a3a" className="Mercury.Messaging.Test.ServiceModel.ServiceModel_specs, Mercury.Messaging.Test, Version=1.0.0.0, Culture=neutral, PublicKeyToken=b7c578f7c47ef72c" name="Run_simple_packet_protocol" />
    </UnitTest>
    <UnitTest name="Future_accumulates_messages_while_waiting_for_result" storage="c:\users\chris.mankin\documents\visual studio 2010\projects\development\mercury framework v2\src\mercury.messaging.test\bin\release\mercury.messaging.test.dll" id="dee139b8-437d-98e4-8e02-68ce168542d2">
      <Execution id="c0601366-e9ab-4a81-a5d7-bf4e433f6624" />
      <TestMethod codeBase="C:/Users/chris.mankin/Documents/Visual Studio 2010/Projects/Development/Mercury Framework v2/Src/Mercury.Messaging.Test/bin/Release/Mercury.Messaging.Test.DLL" adapterTypeName="Microsoft.VisualStudio.TestTools.TestTypes.Unit.UnitTestAdapter, Microsoft.VisualStudio.QualityTools.Tips.UnitTest.Adapter, Version=10.0.0.0, Culture=neutral, PublicKeyToken=b03f5f7f11d50a3a" className="Mercury.Messaging.Test.Agent_specs, Mercury.Messaging.Test, Version=1.0.0.0, Culture=neutral, PublicKeyToken=b7c578f7c47ef72c" name="Future_accumulates_messages_while_waiting_for_result" />
    </UnitTest>
    <UnitTest name="Synchronous_message_blocks_until_complete" storage="c:\users\chris.mankin\documents\visual studio 2010\projects\development\mercury framework v2\src\mercury.messaging.test\bin\release\mercury.messaging.test.dll" id="fbf19baf-adef-42c8-f964-b6feea0d5ea2">
      <Execution id="57ce810a-1e50-4f8c-a6ae-ba3b0c4b1520" />
      <TestMethod codeBase="C:/Users/chris.mankin/Documents/Visual Studio 2010/Projects/Development/Mercury Framework v2/Src/Mercury.Messaging.Test/bin/Release/Mercury.Messaging.Test.DLL" adapterTypeName="Microsoft.VisualStudio.TestTools.TestTypes.Unit.UnitTestAdapter, Microsoft.VisualStudio.QualityTools.Tips.UnitTest.Adapter, Version=10.0.0.0, Culture=neutral, PublicKeyToken=b03f5f7f11d50a3a" className="Mercury.Messaging.Test.Agent_specs, Mercury.Messaging.Test, Version=1.0.0.0, Culture=neutral, PublicKeyToken=b7c578f7c47ef72c" name="Synchronous_message_blocks_until_complete" />
    </UnitTest>
    <UnitTest name="Implicit_get_registered_node_remote_channel" storage="c:\users\chris.mankin\documents\visual studio 2010\projects\development\mercury framework v2\src\mercury.messaging.test\bin\release\mercury.messaging.test.dll" id="266230a6-f9a8-fe8d-7a6c-bc635d651aff">
      <Execution id="5799353d-f743-489c-9c9f-3dc463b96abd" />
      <TestMethod codeBase="C:/Users/chris.mankin/Documents/Visual Studio 2010/Projects/Development/Mercury Framework v2/Src/Mercury.Messaging.Test/bin/Release/Mercury.Messaging.Test.DLL" adapterTypeName="Microsoft.VisualStudio.TestTools.TestTypes.Unit.UnitTestAdapter, Microsoft.VisualStudio.QualityTools.Tips.UnitTest.Adapter, Version=10.0.0.0, Culture=neutral, PublicKeyToken=b03f5f7f11d50a3a" className="Mercury.Messaging.Test.Routing.RoutingEngine_Specs, Mercury.Messaging.Test, Version=1.0.0.0, Culture=neutral, PublicKeyToken=b7c578f7c47ef72c" name="Implicit_get_registered_node_remote_channel" />
    </UnitTest>
  </TestDefinitions>
  <TestLists>
    <TestList name="Results Not in a List" id="8c84fa94-04c1-424b-9868-57a2d4851a1d" />
    <TestList name="All Loaded Results" id="19431567-8539-422a-85d7-44ee4e166bda" />
  </TestLists>
  <TestEntries>
    <TestEntry testId="8c920792-1168-cefd-ff3e-fa6af75217a7" executionId="8137b983-867b-4cf7-b376-ec0da760344f" testListId="8c84fa94-04c1-424b-9868-57a2d4851a1d" />
    <TestEntry testId="26e53e01-20bc-7de3-aec4-525817ed286c" executionId="18533efa-e80e-44f9-8bb8-5c3fd9668f6f" testListId="8c84fa94-04c1-424b-9868-57a2d4851a1d" />
    <TestEntry testId="4511653a-5877-cac3-986d-27e4088bfb8c" executionId="dea3e57a-b18a-4e52-a6b6-abb58ca367b1" testListId="8c84fa94-04c1-424b-9868-57a2d4851a1d" />
    <TestEntry testId="3c15e855-5975-1e7a-9dc9-5cfcdae9e933" executionId="efe077de-4777-4cda-94a4-f08a063b7701" testListId="8c84fa94-04c1-424b-9868-57a2d4851a1d" />
    <TestEntry testId="a5b09d0c-1248-df41-4aa5-858a99dbe688" executionId="58be314f-d5d2-4601-b877-a88c39aaf47c" testListId="8c84fa94-04c1-424b-9868-57a2d4851a1d" />
    <TestEntry testId="31b4181d-ec7b-2ff6-24da-c465245fe315" executionId="90cb2e92-83cc-4536-945a-59feb0f7850f" testListId="8c84fa94-04c1-424b-9868-57a2d4851a1d" />
    <TestEntry testId="7d19b0d8-26c7-e13a-0918-b79afe07f6cb" executionId="bff35133-620b-41eb-8ab0-d84f5bc1de2b" testListId="8c84fa94-04c1-424b-9868-57a2d4851a1d" />
    <TestEntry testId="85920440-a20c-384e-9aff-95bf6a07bc09" executionId="f20d7e32-acbd-478b-9ab4-90ddab713fdf" testListId="8c84fa94-04c1-424b-9868-57a2d4851a1d" />
    <TestEntry testId="bd673b3c-90ca-2748-44de-c6e4c3eca644" executionId="a5b3b600-8642-45cf-80df-99d64196a3a7" testListId="8c84fa94-04c1-424b-9868-57a2d4851a1d" />
    <TestEntry testId="b483b428-b579-fd84-c8ac-7ed4a2b296b3" executionId="ffec08d8-288d-45d7-96b1-49c519274175" testListId="8c84fa94-04c1-424b-9868-57a2d4851a1d" />
    <TestEntry testId="266230a6-f9a8-fe8d-7a6c-bc635d651aff" executionId="5799353d-f743-489c-9c9f-3dc463b96abd" testListId="8c84fa94-04c1-424b-9868-57a2d4851a1d" />
    <TestEntry testId="00bc8ce0-5bad-658a-8e6a-37d2519ca164" executionId="84c3f0cf-bf16-4938-a453-fbb78152010c" testListId="8c84fa94-04c1-424b-9868-57a2d4851a1d" />
    <TestEntry testId="34a77162-7efa-6097-63fd-c23fe1962e36" executionId="df52b35e-b146-4a44-b939-b80a9b147a37" testListId="8c84fa94-04c1-424b-9868-57a2d4851a1d" />
    <TestEntry testId="304e451a-ea36-277d-5e7d-fc0bff0cd3f6" executionId="83e0fe22-de30-47a1-b5c9-798493425288" testListId="8c84fa94-04c1-424b-9868-57a2d4851a1d" />
    <TestEntry testId="347a5637-8c65-f977-2901-0dfc2014e5a8" executionId="0edbbeae-ebe4-4aac-a56d-056062c1d7f0" testListId="8c84fa94-04c1-424b-9868-57a2d4851a1d" />
    <TestEntry testId="c0255a92-5f31-fe3c-9b4d-1b6503948ef8" executionId="40281896-e06e-47d0-a8ab-b2c39ced2dda" testListId="8c84fa94-04c1-424b-9868-57a2d4851a1d" />
    <TestEntry testId="26409843-b364-aa89-90ff-0161257bef80" executionId="4f926870-bc60-47d4-aa12-e5eb8284b36b" testListId="8c84fa94-04c1-424b-9868-57a2d4851a1d" />
    <TestEntry testId="d6a426cd-e03b-cb18-2c1b-241a23fec56b" executionId="471aea8d-d37b-4ff6-b251-146956703d13" testListId="8c84fa94-04c1-424b-9868-57a2d4851a1d" />
    <TestEntry testId="b79d2efb-1850-adbf-e8e5-b4aff9f2d0d8" executionId="01e7b9a9-8091-4a30-99e5-d3cd0e79d984" testListId="8c84fa94-04c1-424b-9868-57a2d4851a1d" />
    <TestEntry testId="db84d05c-ceef-752f-fc41-fcd28ba121e4" executionId="6be95f64-cdfa-4f9c-94cd-217f338dc260" testListId="8c84fa94-04c1-424b-9868-57a2d4851a1d" />
    <TestEntry testId="0852a28b-c48a-d69d-2818-eac8253f6042" executionId="f4099678-4299-4d4f-9c25-5a0f9b2294c8" testListId="8c84fa94-04c1-424b-9868-57a2d4851a1d" />
    <TestEntry testId="db69da61-df53-cbd5-c428-1cbe1fdb5535" executionId="8cf59e76-d76d-4f53-9661-66b703e480b7" testListId="8c84fa94-04c1-424b-9868-57a2d4851a1d" />
    <TestEntry testId="eca5a763-4adc-0657-74e3-0cad7d863649" executionId="3c35f98b-29da-4bf3-8c78-d00baeebda32" testListId="8c84fa94-04c1-424b-9868-57a2d4851a1d" />
    <TestEntry testId="d405f29a-7074-8e96-2504-ce8ecaf6c9fc" executionId="28fbd725-2d3d-4188-b0f9-c448dd6186c9" testListId="8c84fa94-04c1-424b-9868-57a2d4851a1d" />
    <TestEntry testId="60142f42-a44a-6dc1-83cd-62d152f78edc" executionId="bf6bd16f-1888-45ae-aa9a-1159b16866ed" testListId="8c84fa94-04c1-424b-9868-57a2d4851a1d" />
    <TestEntry testId="9a826ded-91e6-6c88-ea16-1cdcc918f3c2" executionId="a7e6e484-b3fa-4733-93e9-8d54eeaa303e" testListId="8c84fa94-04c1-424b-9868-57a2d4851a1d" />
    <TestEntry testId="91ace8bf-68d2-52b5-8710-87fbedc1d498" executionId="7df8c067-c9d7-4dc1-a94c-ace6840c5be5" testListId="8c84fa94-04c1-424b-9868-57a2d4851a1d" />
    <TestEntry testId="6c7d3701-bd1b-f377-360d-c15edf59f69a" executionId="b9fc3e9b-bc8d-43b2-ae96-7c7eef838ded" testListId="8c84fa94-04c1-424b-9868-57a2d4851a1d" />
    <TestEntry testId="aadf6f3b-dfca-829f-ad7d-c8274fa9f43c" executionId="fcd957ec-b1b6-450e-8bb0-909b0a81ec8d" testListId="8c84fa94-04c1-424b-9868-57a2d4851a1d" />
    <TestEntry testId="5881aa4a-28d3-5310-511a-93aab3cb48b4" executionId="7b4ff927-5de3-4fc1-a85b-16101389db6f" testListId="8c84fa94-04c1-424b-9868-57a2d4851a1d" />
    <TestEntry testId="30611ae3-90da-5892-737e-283036df56d2" executionId="fe46534e-9767-4dee-a596-9ebb230a803f" testListId="8c84fa94-04c1-424b-9868-57a2d4851a1d" />
    <TestEntry testId="1b20e729-e5c5-ecb0-513d-a569a255ac22" executionId="cb43b0a3-609e-425b-8bf7-681c8ce5c172" testListId="8c84fa94-04c1-424b-9868-57a2d4851a1d" />
    <TestEntry testId="c7697583-428e-eb99-b91b-aca547fa3134" executionId="358b23d0-ec63-4a36-b88a-4b0514c972e3" testListId="8c84fa94-04c1-424b-9868-57a2d4851a1d" />
    <TestEntry testId="7de326f8-604a-2cdb-a0ba-49bd2a4fb803" executionId="1bb0418f-9d10-463b-8a9e-6aa5a20f923e" testListId="8c84fa94-04c1-424b-9868-57a2d4851a1d" />
    <TestEntry testId="ffb28761-b29a-8cc4-3039-e3c502756163" executionId="ed191f3e-1ffa-453e-894e-cd24c0dd1094" testListId="8c84fa94-04c1-424b-9868-57a2d4851a1d" />
    <TestEntry testId="356d90d3-1349-08cc-10e5-9950436906ac" executionId="7e8d215b-880d-4c79-9ed3-d64409fd622a" testListId="8c84fa94-04c1-424b-9868-57a2d4851a1d" />
    <TestEntry testId="867e3c33-e403-1cd7-16a2-17336a191186" executionId="4941db99-b167-4b03-a476-e41e60bfa22a" testListId="8c84fa94-04c1-424b-9868-57a2d4851a1d" />
    <TestEntry testId="cef1a7d6-80b7-bb71-9d4e-6152d3266e0f" executionId="d0bbcec6-9e16-418f-bb1c-90de9f315969" testListId="8c84fa94-04c1-424b-9868-57a2d4851a1d" />
    <TestEntry testId="91c062f8-343b-a991-c293-c1e685a68b9a" executionId="51a5f46e-7e17-43e3-9e0c-d1862f2f710e" testListId="8c84fa94-04c1-424b-9868-57a2d4851a1d" />
    <TestEntry testId="fbf19baf-adef-42c8-f964-b6feea0d5ea2" executionId="57ce810a-1e50-4f8c-a6ae-ba3b0c4b1520" testListId="8c84fa94-04c1-424b-9868-57a2d4851a1d" />
    <TestEntry testId="1645d958-cc20-e5c9-2b5d-2cc410c694f5" executionId="7fc04ecb-c7d9-49c7-aaf0-5a254c230083" testListId="8c84fa94-04c1-424b-9868-57a2d4851a1d" />
    <TestEntry testId="c9a7b42c-6ec9-069d-8c66-1db5d51e2f51" executionId="30baa229-7b64-4a60-9dee-07453db6a27a" testListId="8c84fa94-04c1-424b-9868-57a2d4851a1d" />
    <TestEntry testId="dee139b8-437d-98e4-8e02-68ce168542d2" executionId="c0601366-e9ab-4a81-a5d7-bf4e433f6624" testListId="8c84fa94-04c1-424b-9868-57a2d4851a1d" />
  </TestEntries>
  <Results>
    <UnitTestResult executionId="8137b983-867b-4cf7-b376-ec0da760344f" testId="8c920792-1168-cefd-ff3e-fa6af75217a7" testName="Add_to_resource_pool_and_get" computerName="TLCINIR8FR0NY" duration="00:00:00.0233769" startTime="2013-07-15T10:39:34.1231308-05:00" endTime="2013-07-15T10:39:34.9331470-05:00" testType="13cdc9d9-ddb5-4fa4-a97d-d965ccfc6d4b" outcome="Passed" testListId="8c84fa94-04c1-424b-9868-57a2d4851a1d" relativeResultsDirectory="8137b983-867b-4cf7-b376-ec0da760344f">
    </UnitTestResult>
    <UnitTestResult executionId="18533efa-e80e-44f9-8bb8-5c3fd9668f6f" testId="26e53e01-20bc-7de3-aec4-525817ed286c" testName="Delete_from_resource_pool" computerName="TLCINIR8FR0NY" duration="00:00:00.0015845" startTime="2013-07-15T10:39:34.9431472-05:00" endTime="2013-07-15T10:39:34.9531474-05:00" testType="13cdc9d9-ddb5-4fa4-a97d-d965ccfc6d4b" outcome="Passed" testListId="8c84fa94-04c1-424b-9868-57a2d4851a1d" relativeResultsDirectory="18533efa-e80e-44f9-8bb8-5c3fd9668f6f">
    </UnitTestResult>
    <UnitTestResult executionId="dea3e57a-b18a-4e52-a6b6-abb58ca367b1" testId="4511653a-5877-cac3-986d-27e4088bfb8c" testName="Allocate_max_resources_and_delete" computerName="TLCINIR8FR0NY" duration="00:00:05.9742035" startTime="2013-07-15T10:39:34.9631476-05:00" endTime="2013-07-15T10:39:40.9512936-05:00" testType="13cdc9d9-ddb5-4fa4-a97d-d965ccfc6d4b" outcome="Passed" testListId="8c84fa94-04c1-424b-9868-57a2d4851a1d" relativeResultsDirectory="dea3e57a-b18a-4e52-a6b6-abb58ca367b1">
    </UnitTestResult>
    <UnitTestResult executionId="efe077de-4777-4cda-94a4-f08a063b7701" testId="3c15e855-5975-1e7a-9dc9-5cfcdae9e933" testName="Exceed_max_resource_allocation" computerName="TLCINIR8FR0NY" duration="00:00:04.2944989" startTime="2013-07-15T10:39:40.9612938-05:00" endTime="2013-07-15T10:39:45.2554016-05:00" testType="13cdc9d9-ddb5-4fa4-a97d-d965ccfc6d4b" outcome="Passed" testListId="8c84fa94-04c1-424b-9868-57a2d4851a1d" relativeResultsDirectory="efe077de-4777-4cda-94a4-f08a063b7701">
    </UnitTestResult>
    <UnitTestResult executionId="58be314f-d5d2-4601-b877-a88c39aaf47c" testId="a5b09d0c-1248-df41-4aa5-858a99dbe688" testName="Dispose_resources" computerName="TLCINIR8FR0NY" duration="00:00:00.7059144" startTime="2013-07-15T10:39:45.2754020-05:00" endTime="2013-07-15T10:39:45.9874180-05:00" testType="13cdc9d9-ddb5-4fa4-a97d-d965ccfc6d4b" outcome="Passed" testListId="8c84fa94-04c1-424b-9868-57a2d4851a1d" relativeResultsDirectory="58be314f-d5d2-4601-b877-a88c39aaf47c">
    </UnitTestResult>
    <UnitTestResult executionId="90cb2e92-83cc-4536-945a-59feb0f7850f" testId="31b4181d-ec7b-2ff6-24da-c465245fe315" testName="Get_untyped_agent_channel" computerName="TLCINIR8FR0NY" duration="00:00:00.0863362" startTime="2013-07-15T10:39:45.9974182-05:00" endTime="2013-07-15T10:39:46.0974202-05:00" testType="13cdc9d9-ddb5-4fa4-a97d-d965ccfc6d4b" outcome="Passed" testListId="8c84fa94-04c1-424b-9868-57a2d4851a1d" relativeResultsDirectory="90cb2e92-83cc-4536-945a-59feb0f7850f">
    </UnitTestResult>
    <UnitTestResult executionId="bff35133-620b-41eb-8ab0-d84f5bc1de2b" testId="7d19b0d8-26c7-e13a-0918-b79afe07f6cb" testName="Send_message" computerName="TLCINIR8FR0NY" duration="00:00:00.0068369" startTime="2013-07-15T10:39:46.1074204-05:00" endTime="2013-07-15T10:39:46.1174206-05:00" testType="13cdc9d9-ddb5-4fa4-a97d-d965ccfc6d4b" outcome="Passed" testListId="8c84fa94-04c1-424b-9868-57a2d4851a1d" relativeResultsDirectory="bff35133-620b-41eb-8ab0-d84f5bc1de2b">
    </UnitTestResult>
    <UnitTestResult executionId="f20d7e32-acbd-478b-9ab4-90ddab713fdf" testId="85920440-a20c-384e-9aff-95bf6a07bc09" testName="Register_unregister_remote_node" computerName="TLCINIR8FR0NY" duration="00:00:00.0073509" startTime="2013-07-15T10:39:46.1174206-05:00" endTime="2013-07-15T10:39:46.1274208-05:00" testType="13cdc9d9-ddb5-4fa4-a97d-d965ccfc6d4b" outcome="Passed" testListId="8c84fa94-04c1-424b-9868-57a2d4851a1d" relativeResultsDirectory="f20d7e32-acbd-478b-9ab4-90ddab713fdf">
    </UnitTestResult>
    <UnitTestResult executionId="a5b3b600-8642-45cf-80df-99d64196a3a7" testId="bd673b3c-90ca-2748-44de-c6e4c3eca644" testName="Resolve_remote_node" computerName="TLCINIR8FR0NY" duration="00:00:00.0077812" startTime="2013-07-15T10:39:46.1374210-05:00" endTime="2013-07-15T10:39:46.1474212-05:00" testType="13cdc9d9-ddb5-4fa4-a97d-d965ccfc6d4b" outcome="Passed" testListId="8c84fa94-04c1-424b-9868-57a2d4851a1d" relativeResultsDirectory="a5b3b600-8642-45cf-80df-99d64196a3a7">
    </UnitTestResult>
    <UnitTestResult executionId="ffec08d8-288d-45d7-96b1-49c519274175" testId="b483b428-b579-fd84-c8ac-7ed4a2b296b3" testName="Get_remote_channel" computerName="TLCINIR8FR0NY" duration="00:00:00.0086503" startTime="2013-07-15T10:39:46.1574214-05:00" endTime="2013-07-15T10:39:46.1674216-05:00" testType="13cdc9d9-ddb5-4fa4-a97d-d965ccfc6d4b" outcome="Passed" testListId="8c84fa94-04c1-424b-9868-57a2d4851a1d" relativeResultsDirectory="ffec08d8-288d-45d7-96b1-49c519274175">
    </UnitTestResult>
    <UnitTestResult executionId="5799353d-f743-489c-9c9f-3dc463b96abd" testId="266230a6-f9a8-fe8d-7a6c-bc635d651aff" testName="Implicit_get_registered_node_remote_channel" computerName="TLCINIR8FR0NY" duration="00:00:00.0077902" startTime="2013-07-15T10:39:46.1674216-05:00" endTime="2013-07-15T10:39:46.1874220-05:00" testType="13cdc9d9-ddb5-4fa4-a97d-d965ccfc6d4b" outcome="Passed" testListId="8c84fa94-04c1-424b-9868-57a2d4851a1d" relativeResultsDirectory="5799353d-f743-489c-9c9f-3dc463b96abd">
    </UnitTestResult>
    <UnitTestResult executionId="84c3f0cf-bf16-4938-a453-fbb78152010c" testId="00bc8ce0-5bad-658a-8e6a-37d2519ca164" testName="Get_agent_by_type" computerName="TLCINIR8FR0NY" duration="00:00:00.0189134" startTime="2013-07-15T10:39:46.1874220-05:00" endTime="2013-07-15T10:39:46.2074224-05:00" testType="13cdc9d9-ddb5-4fa4-a97d-d965ccfc6d4b" outcome="Passed" testListId="8c84fa94-04c1-424b-9868-57a2d4851a1d" relativeResultsDirectory="84c3f0cf-bf16-4938-a453-fbb78152010c">
    </UnitTestResult>
    <UnitTestResult executionId="df52b35e-b146-4a44-b939-b80a9b147a37" testId="34a77162-7efa-6097-63fd-c23fe1962e36" testName="Runtime_serializer_generic_serialize" computerName="TLCINIR8FR0NY" duration="00:00:00.7535226" startTime="2013-07-15T10:39:46.2174226-05:00" endTime="2013-07-15T10:39:46.9774378-05:00" testType="13cdc9d9-ddb5-4fa4-a97d-d965ccfc6d4b" outcome="Passed" testListId="8c84fa94-04c1-424b-9868-57a2d4851a1d" relativeResultsDirectory="df52b35e-b146-4a44-b939-b80a9b147a37">
    </UnitTestResult>
    <UnitTestResult executionId="83e0fe22-de30-47a1-b5c9-798493425288" testId="304e451a-ea36-277d-5e7d-fc0bff0cd3f6" testName="Serialize_deserialize_request_and_response" computerName="TLCINIR8FR0NY" duration="00:00:00.6066341" startTime="2013-07-15T10:39:46.9874380-05:00" endTime="2013-07-15T10:39:47.5974502-05:00" testType="13cdc9d9-ddb5-4fa4-a97d-d965ccfc6d4b" outcome="Passed" testListId="8c84fa94-04c1-424b-9868-57a2d4851a1d" relativeResultsDirectory="83e0fe22-de30-47a1-b5c9-798493425288">
    </UnitTestResult>
    <UnitTestResult executionId="0edbbeae-ebe4-4aac-a56d-056062c1d7f0" testId="347a5637-8c65-f977-2901-0dfc2014e5a8" testName="Serialize_serial_message_for_packet" computerName="TLCINIR8FR0NY" duration="00:00:00.1526614" startTime="2013-07-15T10:39:47.6174506-05:00" endTime="2013-07-15T10:39:47.7774538-05:00" testType="13cdc9d9-ddb5-4fa4-a97d-d965ccfc6d4b" outcome="Passed" testListId="8c84fa94-04c1-424b-9868-57a2d4851a1d" relativeResultsDirectory="0edbbeae-ebe4-4aac-a56d-056062c1d7f0">
    </UnitTestResult>
    <UnitTestResult executionId="40281896-e06e-47d0-a8ab-b2c39ced2dda" testId="c0255a92-5f31-fe3c-9b4d-1b6503948ef8" testName="Run_simple_packet_protocol" computerName="TLCINIR8FR0NY" duration="00:00:00.0010116" startTime="2013-07-15T10:39:47.7774538-05:00" endTime="2013-07-15T10:39:47.7874540-05:00" testType="13cdc9d9-ddb5-4fa4-a97d-d965ccfc6d4b" outcome="Passed" testListId="8c84fa94-04c1-424b-9868-57a2d4851a1d" relativeResultsDirectory="40281896-e06e-47d0-a8ab-b2c39ced2dda">
    </UnitTestResult>
    <UnitTestResult executionId="4f926870-bc60-47d4-aa12-e5eb8284b36b" testId="26409843-b364-aa89-90ff-0161257bef80" testName="Server_hosting_startup_and_shutdown_specs" computerName="TLCINIR8FR0NY" duration="00:00:00.5266885" startTime="2013-07-15T10:39:47.7974542-05:00" endTime="2013-07-15T10:39:48.3274648-05:00" testType="13cdc9d9-ddb5-4fa4-a97d-d965ccfc6d4b" outcome="Passed" testListId="8c84fa94-04c1-424b-9868-57a2d4851a1d" relativeResultsDirectory="4f926870-bc60-47d4-aa12-e5eb8284b36b">
    </UnitTestResult>
    <UnitTestResult executionId="471aea8d-d37b-4ff6-b251-146956703d13" testId="d6a426cd-e03b-cb18-2c1b-241a23fec56b" testName="Server_restart_throws_objectdisposedexception" computerName="TLCINIR8FR0NY" duration="00:00:00.5399173" startTime="2013-07-15T10:39:48.3374650-05:00" endTime="2013-07-15T10:39:48.8874760-05:00" testType="13cdc9d9-ddb5-4fa4-a97d-d965ccfc6d4b" outcome="Passed" testListId="8c84fa94-04c1-424b-9868-57a2d4851a1d" relativeResultsDirectory="471aea8d-d37b-4ff6-b251-146956703d13">
    </UnitTestResult>
    <UnitTestResult executionId="01e7b9a9-8091-4a30-99e5-d3cd0e79d984" testId="b79d2efb-1850-adbf-e8e5-b4aff9f2d0d8" testName="Schedule_action_with_timer" computerName="TLCINIR8FR0NY" duration="00:00:02.0123144" startTime="2013-07-15T10:39:48.8974762-05:00" endTime="2013-07-15T10:39:50.9175166-05:00" testType="13cdc9d9-ddb5-4fa4-a97d-d965ccfc6d4b" outcome="Passed" testListId="8c84fa94-04c1-424b-9868-57a2d4851a1d" relativeResultsDirectory="01e7b9a9-8091-4a30-99e5-d3cd0e79d984">
    </UnitTestResult>
    <UnitTestResult executionId="6be95f64-cdfa-4f9c-94cd-217f338dc260" testId="db84d05c-ceef-752f-fc41-fcd28ba121e4" testName="Schedule_multiple_periodic_actions_with_timer" computerName="TLCINIR8FR0NY" duration="00:00:03.0023484" startTime="2013-07-15T10:39:50.9275168-05:00" endTime="2013-07-15T10:39:53.9375770-05:00" testType="13cdc9d9-ddb5-4fa4-a97d-d965ccfc6d4b" outcome="Passed" testListId="8c84fa94-04c1-424b-9868-57a2d4851a1d" relativeResultsDirectory="6be95f64-cdfa-4f9c-94cd-217f338dc260">
    </UnitTestResult>
    <UnitTestResult executionId="f4099678-4299-4d4f-9c25-5a0f9b2294c8" testId="0852a28b-c48a-d69d-2818-eac8253f6042" testName="Stop_and_destroy_scheduler_before_scheduled_job_runs" computerName="TLCINIR8FR0NY" duration="00:00:02.0215035" startTime="2013-07-15T10:39:53.9475772-05:00" endTime="2013-07-15T10:39:55.9726397-05:00" testType="13cdc9d9-ddb5-4fa4-a97d-d965ccfc6d4b" outcome="Passed" testListId="8c84fa94-04c1-424b-9868-57a2d4851a1d" relativeResultsDirectory="f4099678-4299-4d4f-9c25-5a0f9b2294c8">
    </UnitTestResult>
    <UnitTestResult executionId="8cf59e76-d76d-4f53-9661-66b703e480b7" testId="db69da61-df53-cbd5-c428-1cbe1fdb5535" testName="Cancel_scheduled_job" computerName="TLCINIR8FR0NY" duration="00:00:02.0204269" startTime="2013-07-15T10:39:55.9926401-05:00" endTime="2013-07-15T10:39:58.0226807-05:00" testType="13cdc9d9-ddb5-4fa4-a97d-d965ccfc6d4b" outcome="Passed" testListId="8c84fa94-04c1-424b-9868-57a2d4851a1d" relativeResultsDirectory="8cf59e76-d76d-4f53-9661-66b703e480b7">
    </UnitTestResult>
    <UnitTestResult executionId="3c35f98b-29da-4bf3-8c78-d00baeebda32" testId="eca5a763-4adc-0657-74e3-0cad7d863649" testName="Spawn_agent" computerName="TLCINIR8FR0NY" duration="00:00:00.0106404" startTime="2013-07-15T10:39:58.0326809-05:00" endTime="2013-07-15T10:39:58.0426811-05:00" testType="13cdc9d9-ddb5-4fa4-a97d-d965ccfc6d4b" outcome="Passed" testListId="8c84fa94-04c1-424b-9868-57a2d4851a1d" relativeResultsDirectory="3c35f98b-29da-4bf3-8c78-d00baeebda32">
    </UnitTestResult>
    <UnitTestResult executionId="28fbd725-2d3d-4188-b0f9-c448dd6186c9" testId="d405f29a-7074-8e96-2504-ce8ecaf6c9fc" testName="Kill_agent" computerName="TLCINIR8FR0NY" duration="00:00:00.0112415" startTime="2013-07-15T10:39:58.0526813-05:00" endTime="2013-07-15T10:39:58.0726817-05:00" testType="13cdc9d9-ddb5-4fa4-a97d-d965ccfc6d4b" outcome="Passed" testListId="8c84fa94-04c1-424b-9868-57a2d4851a1d" relativeResultsDirectory="28fbd725-2d3d-4188-b0f9-c448dd6186c9">
    </UnitTestResult>
    <UnitTestResult executionId="bf6bd16f-1888-45ae-aa9a-1159b16866ed" testId="60142f42-a44a-6dc1-83cd-62d152f78edc" testName="Create_generic_server_and_ping" computerName="TLCINIR8FR0NY" duration="00:00:00.0320416" startTime="2013-07-15T10:39:58.0826819-05:00" endTime="2013-07-15T10:39:58.1226827-05:00" testType="13cdc9d9-ddb5-4fa4-a97d-d965ccfc6d4b" outcome="Passed" testListId="8c84fa94-04c1-424b-9868-57a2d4851a1d" relativeResultsDirectory="bf6bd16f-1888-45ae-aa9a-1159b16866ed">
    </UnitTestResult>
    <UnitTestResult executionId="a7e6e484-b3fa-4733-93e9-8d54eeaa303e" testId="9a826ded-91e6-6c88-ea16-1cdcc918f3c2" testName="Create_supervisor_with_static_children" computerName="TLCINIR8FR0NY" duration="00:00:00.0202937" startTime="2013-07-15T10:39:58.1326829-05:00" endTime="2013-07-15T10:39:58.1626835-05:00" testType="13cdc9d9-ddb5-4fa4-a97d-d965ccfc6d4b" outcome="Passed" testListId="8c84fa94-04c1-424b-9868-57a2d4851a1d" relativeResultsDirectory="a7e6e484-b3fa-4733-93e9-8d54eeaa303e">
    </UnitTestResult>
    <UnitTestResult executionId="7df8c067-c9d7-4dc1-a94c-ace6840c5be5" testId="91ace8bf-68d2-52b5-8710-87fbedc1d498" testName="Create_supervisor_with_static_and_dynamic_children" computerName="TLCINIR8FR0NY" duration="00:00:00.0196671" startTime="2013-07-15T10:39:58.1726837-05:00" endTime="2013-07-15T10:39:58.1926841-05:00" testType="13cdc9d9-ddb5-4fa4-a97d-d965ccfc6d4b" outcome="Passed" testListId="8c84fa94-04c1-424b-9868-57a2d4851a1d" relativeResultsDirectory="7df8c067-c9d7-4dc1-a94c-ace6840c5be5">
    </UnitTestResult>
    <UnitTestResult executionId="b9fc3e9b-bc8d-43b2-ae96-7c7eef838ded" testId="6c7d3701-bd1b-f377-360d-c15edf59f69a" testName="Worker_restart_strategy_specs" computerName="TLCINIR8FR0NY" duration="00:00:10.0064917" startTime="2013-07-15T10:39:58.2026843-05:00" endTime="2013-07-15T10:40:08.2228847-05:00" testType="13cdc9d9-ddb5-4fa4-a97d-d965ccfc6d4b" outcome="Passed" testListId="8c84fa94-04c1-424b-9868-57a2d4851a1d" relativeResultsDirectory="b9fc3e9b-bc8d-43b2-ae96-7c7eef838ded">
    </UnitTestResult>
    <UnitTestResult executionId="fcd957ec-b1b6-450e-8bb0-909b0a81ec8d" testId="aadf6f3b-dfca-829f-ad7d-c8274fa9f43c" testName="Dynamic_add_child_to_supervisor" computerName="TLCINIR8FR0NY" duration="00:00:00.0116130" startTime="2013-07-15T10:40:08.2328849-05:00" endTime="2013-07-15T10:40:08.2528853-05:00" testType="13cdc9d9-ddb5-4fa4-a97d-d965ccfc6d4b" outcome="Passed" testListId="8c84fa94-04c1-424b-9868-57a2d4851a1d" relativeResultsDirectory="fcd957ec-b1b6-450e-8bb0-909b0a81ec8d">
    </UnitTestResult>
    <UnitTestResult executionId="7b4ff927-5de3-4fc1-a85b-16101389db6f" testId="5881aa4a-28d3-5310-511a-93aab3cb48b4" testName="Delete_child_on_supervisor" computerName="TLCINIR8FR0NY" duration="00:00:00.0131823" startTime="2013-07-15T10:40:08.2628855-05:00" endTime="2013-07-15T10:40:08.2828859-05:00" testType="13cdc9d9-ddb5-4fa4-a97d-d965ccfc6d4b" outcome="Passed" testListId="8c84fa94-04c1-424b-9868-57a2d4851a1d" relativeResultsDirectory="7b4ff927-5de3-4fc1-a85b-16101389db6f">
    </UnitTestResult>
    <UnitTestResult executionId="fe46534e-9767-4dee-a596-9ebb230a803f" testId="30611ae3-90da-5892-737e-283036df56d2" testName="Stop_and_restart_child_on_supervisor" computerName="TLCINIR8FR0NY" duration="00:00:00.0123625" startTime="2013-07-15T10:40:08.2928861-05:00" endTime="2013-07-15T10:40:08.3128865-05:00" testType="13cdc9d9-ddb5-4fa4-a97d-d965ccfc6d4b" outcome="Passed" testListId="8c84fa94-04c1-424b-9868-57a2d4851a1d" relativeResultsDirectory="fe46534e-9767-4dee-a596-9ebb230a803f">
    </UnitTestResult>
    <UnitTestResult executionId="cb43b0a3-609e-425b-8bf7-681c8ce5c172" testId="1b20e729-e5c5-ecb0-513d-a569a255ac22" testName="Get_all_children_on_supervisor" computerName="TLCINIR8FR0NY" duration="00:00:00.0139068" startTime="2013-07-15T10:40:08.3228867-05:00" endTime="2013-07-15T10:40:08.3428871-05:00" testType="13cdc9d9-ddb5-4fa4-a97d-d965ccfc6d4b" outcome="Passed" testListId="8c84fa94-04c1-424b-9868-57a2d4851a1d" relativeResultsDirectory="cb43b0a3-609e-425b-8bf7-681c8ce5c172">
    </UnitTestResult>
    <UnitTestResult executionId="358b23d0-ec63-4a36-b88a-4b0514c972e3" testId="c7697583-428e-eb99-b91b-aca547fa3134" testName="Startup_a_single_agent" computerName="TLCINIR8FR0NY" duration="00:00:05.0073772" startTime="2013-07-15T10:40:08.3528873-05:00" endTime="2013-07-15T10:40:13.3739878-05:00" testType="13cdc9d9-ddb5-4fa4-a97d-d965ccfc6d4b" outcome="Passed" testListId="8c84fa94-04c1-424b-9868-57a2d4851a1d" relativeResultsDirectory="358b23d0-ec63-4a36-b88a-4b0514c972e3">
    </UnitTestResult>
    <UnitTestResult executionId="1bb0418f-9d10-463b-8a9e-6aa5a20f923e" testId="7de326f8-604a-2cdb-a0ba-49bd2a4fb803" testName="Agent_ordered_message_processing" computerName="TLCINIR8FR0NY" duration="00:00:02.0070275" startTime="2013-07-15T10:40:13.3839880-05:00" endTime="2013-07-15T10:40:15.4040284-05:00" testType="13cdc9d9-ddb5-4fa4-a97d-d965ccfc6d4b" outcome="Passed" testListId="8c84fa94-04c1-424b-9868-57a2d4851a1d" relativeResultsDirectory="1bb0418f-9d10-463b-8a9e-6aa5a20f923e">
    </UnitTestResult>
    <UnitTestResult executionId="ed191f3e-1ffa-453e-894e-cd24c0dd1094" testId="ffb28761-b29a-8cc4-3039-e3c502756163" testName="Agent_request_response" computerName="TLCINIR8FR0NY" duration="00:00:10.0068097" startTime="2013-07-15T10:40:15.4140286-05:00" endTime="2013-07-15T10:40:25.4341684-05:00" testType="13cdc9d9-ddb5-4fa4-a97d-d965ccfc6d4b" outcome="Passed" testListId="8c84fa94-04c1-424b-9868-57a2d4851a1d" relativeResultsDirectory="ed191f3e-1ffa-453e-894e-cd24c0dd1094">
    </UnitTestResult>
    <UnitTestResult executionId="7e8d215b-880d-4c79-9ed3-d64409fd622a" testId="356d90d3-1349-08cc-10e5-9950436906ac" testName="Agent_ping_pong" computerName="TLCINIR8FR0NY" duration="00:00:05.0089494" startTime="2013-07-15T10:40:25.4441685-05:00" endTime="2013-07-15T10:40:30.4642187-05:00" testType="13cdc9d9-ddb5-4fa4-a97d-d965ccfc6d4b" outcome="Passed" testListId="8c84fa94-04c1-424b-9868-57a2d4851a1d" relativeResultsDirectory="7e8d215b-880d-4c79-9ed3-d64409fd622a">
    </UnitTestResult>
    <UnitTestResult executionId="4941db99-b167-4b03-a476-e41e60bfa22a" testId="867e3c33-e403-1cd7-16a2-17336a191186" testName="Agent_futures" computerName="TLCINIR8FR0NY" duration="00:00:00.0196436" startTime="2013-07-15T10:40:30.4742188-05:00" endTime="2013-07-15T10:40:30.5042191-05:00" testType="13cdc9d9-ddb5-4fa4-a97d-d965ccfc6d4b" outcome="Passed" testListId="8c84fa94-04c1-424b-9868-57a2d4851a1d" relativeResultsDirectory="4941db99-b167-4b03-a476-e41e60bfa22a">
    </UnitTestResult>
    <UnitTestResult executionId="d0bbcec6-9e16-418f-bb1c-90de9f315969" testId="cef1a7d6-80b7-bb71-9d4e-6152d3266e0f" testName="Link_two_agents_and_fail_two_way" computerName="TLCINIR8FR0NY" duration="00:00:04.0115505" startTime="2013-07-15T10:40:30.5142192-05:00" endTime="2013-07-15T10:40:34.5342594-05:00" testType="13cdc9d9-ddb5-4fa4-a97d-d965ccfc6d4b" outcome="Passed" testListId="8c84fa94-04c1-424b-9868-57a2d4851a1d" relativeResultsDirectory="d0bbcec6-9e16-418f-bb1c-90de9f315969">
    </UnitTestResult>
    <UnitTestResult executionId="51a5f46e-7e17-43e3-9e0c-d1862f2f710e" testId="91c062f8-343b-a991-c293-c1e685a68b9a" testName="Custom_supervisor_agent_tests" computerName="TLCINIR8FR0NY" duration="00:00:04.0184417" startTime="2013-07-15T10:40:34.5442595-05:00" endTime="2013-07-15T10:40:38.5742998-05:00" testType="13cdc9d9-ddb5-4fa4-a97d-d965ccfc6d4b" outcome="Passed" testListId="8c84fa94-04c1-424b-9868-57a2d4851a1d" relativeResultsDirectory="51a5f46e-7e17-43e3-9e0c-d1862f2f710e">
    </UnitTestResult>
    <UnitTestResult executionId="57ce810a-1e50-4f8c-a6ae-ba3b0c4b1520" testId="fbf19baf-adef-42c8-f964-b6feea0d5ea2" testName="Synchronous_message_blocks_until_complete" computerName="TLCINIR8FR0NY" duration="00:00:02.2705651" startTime="2013-07-15T10:40:38.5842999-05:00" endTime="2013-07-15T10:40:40.8643227-05:00" testType="13cdc9d9-ddb5-4fa4-a97d-d965ccfc6d4b" outcome="Passed" testListId="8c84fa94-04c1-424b-9868-57a2d4851a1d" relativeResultsDirectory="57ce810a-1e50-4f8c-a6ae-ba3b0c4b1520">
    </UnitTestResult>
    <UnitTestResult executionId="7fc04ecb-c7d9-49c7-aaf0-5a254c230083" testId="1645d958-cc20-e5c9-2b5d-2cc410c694f5" testName="Interrupt_message_interleaves_current_messages" computerName="TLCINIR8FR0NY" duration="00:00:02.2612257" startTime="2013-07-15T10:40:40.8843229-05:00" endTime="2013-07-15T10:40:43.1543456-05:00" testType="13cdc9d9-ddb5-4fa4-a97d-d965ccfc6d4b" outcome="Passed" testListId="8c84fa94-04c1-424b-9868-57a2d4851a1d" relativeResultsDirectory="7fc04ecb-c7d9-49c7-aaf0-5a254c230083">
    </UnitTestResult>
    <UnitTestResult executionId="30baa229-7b64-4a60-9dee-07453db6a27a" testId="c9a7b42c-6ec9-069d-8c66-1db5d51e2f51" testName="Future_can_be_called_twice_without_consequences" computerName="TLCINIR8FR0NY" duration="00:00:02.2573343" startTime="2013-07-15T10:40:43.1643457-05:00" endTime="2013-07-15T10:40:45.4343684-05:00" testType="13cdc9d9-ddb5-4fa4-a97d-d965ccfc6d4b" outcome="Passed" testListId="8c84fa94-04c1-424b-9868-57a2d4851a1d" relativeResultsDirectory="30baa229-7b64-4a60-9dee-07453db6a27a">
    </UnitTestResult>
    <UnitTestResult executionId="c0601366-e9ab-4a81-a5d7-bf4e433f6624" testId="dee139b8-437d-98e4-8e02-68ce168542d2" testName="Future_accumulates_messages_while_waiting_for_result" computerName="TLCINIR8FR0NY" duration="00:00:04.0076020" startTime="2013-07-15T10:40:45.4443685-05:00" endTime="2013-07-15T10:40:49.4644087-05:00" testType="13cdc9d9-ddb5-4fa4-a97d-d965ccfc6d4b" outcome="Passed" testListId="8c84fa94-04c1-424b-9868-57a2d4851a1d" relativeResultsDirectory="c0601366-e9ab-4a81-a5d7-bf4e433f6624">
    </UnitTestResult>
  </Results>
</TestRun>